[2017-10-20 20:14:35] [INFO] itemcode_7581
[2017-10-20 20:14:35] [INFO] token_rUGcaOdXS6qIRVY94RpIPRrxsU45zw21
[2017-10-20 20:14:35] [INFO] ===XUNMA RESTURN:False:Session 过期
[2017-10-20 20:14:39] [INFO] itemcode_7581
[2017-10-20 20:14:39] [INFO] token_7NXpO3schMowBdal7NFlrh6xnoLYzM70
[2017-10-20 20:14:39] [INFO] ===XUNMA RESTURN:17031012150;
[2017-10-20 20:14:52] [INFO] 开始获取验证码：17031012150, qq_contact_bind
[2017-10-20 20:14:55] [INFO] 收到消息：NOTION&单笔充值满 50元送 5%单笔充值满100元送10%自动赠送！上不封顶！-------------------------运营商选择  移动、联通或电信，不会出17号段-------------------------平台号码收到短信扣费,收不到短信不会扣费。[End]
[2017-10-20 20:14:55] [INFO] 切分消息：NOTION&单笔充值满 50元送 5%单笔充值满100元送10%自动赠送！上不封顶！-------------------------运营商选择  移动、联通或电信，不会出17号段-------------------------平台号码收到短信扣费,收不到短信不会扣费。
[2017-10-20 20:14:58] [INFO] 收到消息：Null
[2017-10-20 20:14:58] [INFO] 切分消息：Null
[2017-10-20 20:15:01] [INFO] 收到消息：Null
[2017-10-20 20:15:01] [INFO] 切分消息：Null
[2017-10-20 20:15:04] [INFO] 收到消息：Null
[2017-10-20 20:15:04] [INFO] 切分消息：Null
[2017-10-20 20:15:07] [INFO] 收到消息：Null
[2017-10-20 20:15:07] [INFO] 切分消息：Null
[2017-10-20 20:15:11] [INFO] 收到消息：Null
[2017-10-20 20:15:11] [INFO] 切分消息：Null
[2017-10-20 20:15:14] [INFO] 收到消息：Null
[2017-10-20 20:15:14] [INFO] 切分消息：Null
[2017-10-20 20:15:17] [INFO] 收到消息：Null
[2017-10-20 20:15:17] [INFO] 切分消息：Null
[2017-10-20 20:15:20] [INFO] 收到消息：Null
[2017-10-20 20:15:20] [INFO] 切分消息：Null
[2017-10-20 20:15:23] [INFO] 收到消息：Null
[2017-10-20 20:15:23] [INFO] 切分消息：Null
[2017-10-20 20:15:26] [INFO] 收到消息：Null
[2017-10-20 20:15:26] [INFO] 切分消息：Null
[2017-10-20 20:15:29] [INFO] 收到消息：MSG&7581&17031012150&【腾讯科技】3376 (手机QQ短信验证码，正在启用通讯录功能。为了保证帐号安全，请勿向他人泄漏。如非本人操作，请忽略。）[End]
[2017-10-20 20:15:29] [INFO] 切分消息：MSG&7581&17031012150&【腾讯科技】3376 (手机QQ短信验证码，正在启用通讯录功能。为了保证帐号安全，请勿向他人泄漏。如非本人操作，请忽略。）
[2017-10-20 20:15:29] [INFO] KEY: verify_code_7581_17031012150, Code: 3376
[2018-04-19 19:08:44] [INFO] itemcode_7581
[2018-04-19 19:08:44] [INFO] token_EvHbcoHGYzMdr592XuzmaYrFGRhmkl55
[2018-04-19 19:08:44] [INFO] ===XUNMA RESTURN:False:Session 过期
[2018-04-19 19:08:48] [INFO] itemcode_7581
[2018-04-19 19:08:48] [INFO] token_fNVx5jwzqXZlESZw41B8D0J6PdnXpx25
[2018-04-19 19:08:49] [INFO] ===XUNMA RESTURN:15708467893;
[2018-04-19 19:09:00] [INFO] 开始获取验证码：15708467893, qq_contact_bind
[2018-04-19 19:09:03] [INFO] 收到消息：NOTION&单笔充值满 50元送 5%单笔充值满100元送10%自动赠送！上不封顶！-------------------------运营商选择 移动、联通或电信，不会出17号段-------------------------QQ群：662853542　-------------------------[End]
[2018-04-19 19:09:03] [INFO] 切分消息：NOTION&单笔充值满 50元送 5%单笔充值满100元送10%自动赠送！上不封顶！-------------------------运营商选择 移动、联通或电信，不会出17号段-------------------------QQ群：662853542　-------------------------
[2018-04-19 19:09:06] [INFO] 收到消息：MSG&7581&15708467893&【腾讯科技】6034 (手机QQ短信验证码，正在启用通讯录功能。为了保证帐号安全，请勿向他人泄漏。如非本人操作，请忽略。）[End]
[2018-04-19 19:09:06] [INFO] 切分消息：MSG&7581&15708467893&【腾讯科技】6034 (手机QQ短信验证码，正在启用通讯录功能。为了保证帐号安全，请勿向他人泄漏。如非本人操作，请忽略。）
[2018-04-19 19:09:06] [INFO] KEY: verify_code_7581_15708467893, Code: 6034
[2018-04-19 19:30:24] [INFO] itemcode_7581
[2018-04-19 19:30:24] [INFO] token_fNVx5jwzqXZlESZw41B8D0J6PdnXpx25
[2018-04-19 19:30:25] [INFO] ===XUNMA RESTURN:False:Session 过期
[2018-04-19 19:30:29] [INFO] itemcode_7581
[2018-04-19 19:30:29] [INFO] token_LiUy3NaJv6178zOq6eY9CFvzRTnM8x37
[2018-04-19 19:30:29] [INFO] ===XUNMA RESTURN:15708415324;
[2018-04-19 19:30:40] [INFO] 开始获取验证码：15708415324, qq_contact_bind
[2018-04-19 19:30:43] [INFO] 收到消息：NOTION&单笔充值满 50元送 5%单笔充值满100元送10%自动赠送！上不封顶！-------------------------运营商选择 移动、联通或电信，不会出17号段-------------------------QQ群：662853542　-------------------------[End]
[2018-04-19 19:30:43] [INFO] 切分消息：NOTION&单笔充值满 50元送 5%单笔充值满100元送10%自动赠送！上不封顶！-------------------------运营商选择 移动、联通或电信，不会出17号段-------------------------QQ群：662853542　-------------------------
[2018-04-19 19:30:46] [INFO] 收到消息：Null
[2018-04-19 19:30:46] [INFO] 切分消息：Null
[2018-04-19 19:30:49] [INFO] 收到消息：Null
[2018-04-19 19:30:49] [INFO] 切分消息：Null
[2018-04-19 19:30:53] [INFO] 收到消息：Null
[2018-04-19 19:30:53] [INFO] 切分消息：Null
[2018-04-19 19:30:56] [INFO] 收到消息：Null
[2018-04-19 19:30:56] [INFO] 切分消息：Null
[2018-04-19 19:30:59] [INFO] 收到消息：Null
[2018-04-19 19:30:59] [INFO] 切分消息：Null
[2018-04-19 19:31:02] [INFO] 收到消息：Null
[2018-04-19 19:31:02] [INFO] 切分消息：Null
[2018-04-19 19:31:05] [INFO] 收到消息：Null
[2018-04-19 19:31:05] [INFO] 切分消息：Null
[2018-04-19 19:31:08] [INFO] 收到消息：Null
[2018-04-19 19:31:08] [INFO] 切分消息：Null
[2018-04-19 19:31:11] [INFO] 收到消息：Null
[2018-04-19 19:31:11] [INFO] 切分消息：Null
[2018-04-19 19:31:15] [INFO] 收到消息：Null
[2018-04-19 19:31:15] [INFO] 切分消息：Null
[2018-04-19 19:31:18] [INFO] 收到消息：Null
[2018-04-19 19:31:18] [INFO] 切分消息：Null
[2018-04-19 19:31:21] [INFO] 收到消息：Null
[2018-04-19 19:31:21] [INFO] 切分消息：Null
[2018-04-19 19:31:24] [INFO] 收到消息：Null
[2018-04-19 19:31:24] [INFO] 切分消息：Null
[2018-04-19 19:31:27] [INFO] 收到消息：Null
[2018-04-19 19:31:27] [INFO] 切分消息：Null
[2018-04-19 19:31:30] [INFO] 收到消息：Null
[2018-04-19 19:31:30] [INFO] 切分消息：Null
[2018-04-19 19:31:34] [INFO] 收到消息：Null
[2018-04-19 19:31:34] [INFO] 切分消息：Null
[2018-04-19 19:31:37] [INFO] 收到消息：Null
[2018-04-19 19:31:37] [INFO] 切分消息：Null
[2018-04-19 19:31:40] [INFO] 收到消息：Null
[2018-04-19 19:31:40] [INFO] 切分消息：Null
[2018-04-19 19:34:12] [INFO] itemcode_7581
[2018-04-19 19:34:12] [INFO] token_LiUy3NaJv6178zOq6eY9CFvzRTnM8x37
[2018-04-19 19:34:12] [INFO] ===XUNMA RESTURN:15774109546;
[2018-04-19 19:34:23] [INFO] 开始获取验证码：15774109546, qq_contact_bind
[2018-04-19 19:34:27] [INFO] 收到消息：Null
[2018-04-19 19:34:27] [INFO] 切分消息：Null
[2018-04-19 19:34:30] [INFO] 收到消息：Null
[2018-04-19 19:34:30] [INFO] 切分消息：Null
[2018-04-19 19:34:33] [INFO] 收到消息：MSG&7581&15774109546&【腾讯科技】6114 (手机QQ短信验证码，正在启用通讯录功能。为了保证帐号安全，请勿向他人泄漏。如非本人操作，请忽略。）[End]
[2018-04-19 19:34:33] [INFO] 切分消息：MSG&7581&15774109546&【腾讯科技】6114 (手机QQ短信验证码，正在启用通讯录功能。为了保证帐号安全，请勿向他人泄漏。如非本人操作，请忽略。）
[2018-04-19 19:34:33] [INFO] KEY: verify_code_7581_15774109546, Code: 6114
[2018-04-19 19:49:02] [INFO] itemcode_7581
[2018-04-19 19:49:02] [INFO] token_LiUy3NaJv6178zOq6eY9CFvzRTnM8x37
[2018-04-19 19:49:02] [INFO] ===XUNMA RESTURN:False:Session 过期
[2018-04-19 19:49:06] [INFO] itemcode_7581
[2018-04-19 19:49:06] [INFO] token_zcfU48J3fiu7unxO3VQ84uYvfjVTDp38
[2018-04-19 19:49:06] [INFO] ===XUNMA RESTURN:15719457967;
[2018-04-19 19:49:16] [INFO] 开始获取验证码：15719457967, qq_contact_bind
[2018-04-19 19:49:19] [INFO] 收到消息：NOTION&单笔充值满 50元送 5%单笔充值满100元送10%自动赠送！上不封顶！-------------------------运营商选择 移动、联通或电信，不会出17号段-------------------------QQ群：662853542　-------------------------[End]
[2018-04-19 19:49:19] [INFO] 切分消息：NOTION&单笔充值满 50元送 5%单笔充值满100元送10%自动赠送！上不封顶！-------------------------运营商选择 移动、联通或电信，不会出17号段-------------------------QQ群：662853542　-------------------------
[2018-04-19 19:49:22] [INFO] 收到消息：Null
[2018-04-19 19:49:22] [INFO] 切分消息：Null
[2018-04-19 19:49:25] [INFO] 收到消息：MSG&7581&15719457967&【腾讯科技】2186 (手机QQ短信验证码，正在启用通讯录功能。为了保证帐号安全，请勿向他人泄漏。如非本人操作，请忽略。）[End]
[2018-04-19 19:49:25] [INFO] 切分消息：MSG&7581&15719457967&【腾讯科技】2186 (手机QQ短信验证码，正在启用通讯录功能。为了保证帐号安全，请勿向他人泄漏。如非本人操作，请忽略。）
[2018-04-19 19:49:25] [INFO] KEY: verify_code_7581_15719457967, Code: 2186
[2018-04-19 20:18:24] [INFO] itemcode_7581
[2018-04-19 20:18:24] [INFO] token_zcfU48J3fiu7unxO3VQ84uYvfjVTDp38
[2018-04-19 20:18:24] [INFO] ===XUNMA RESTURN:False:Session 过期
[2018-04-19 20:18:28] [INFO] itemcode_7581
[2018-04-19 20:18:28] [INFO] token_4sZeZUd4BGR1yDNdOkCAwIVHCQdZnE32
[2018-04-19 20:18:29] [INFO] ===XUNMA RESTURN:13704244874;
[2018-04-19 20:18:40] [INFO] 开始获取验证码：13704244874, qq_contact_bind
[2018-04-19 20:18:43] [INFO] 收到消息：NOTION&单笔充值满 50元送 5%单笔充值满100元送10%自动赠送！上不封顶！-------------------------运营商选择 移动、联通或电信，不会出17号段-------------------------QQ群：662853542　-------------------------[End]
[2018-04-19 20:18:43] [INFO] 切分消息：NOTION&单笔充值满 50元送 5%单笔充值满100元送10%自动赠送！上不封顶！-------------------------运营商选择 移动、联通或电信，不会出17号段-------------------------QQ群：662853542　-------------------------
[2018-04-19 20:18:46] [INFO] 收到消息：Null
[2018-04-19 20:18:46] [INFO] 切分消息：Null
[2018-04-19 20:18:49] [INFO] 收到消息：MSG&7581&13704244874&【腾讯科技】6346 (手机QQ短信验证码，正在启用通讯录功能。为了保证帐号安全，请勿向他人泄漏。如非本人操作，请忽略。）[End]
[2018-04-19 20:18:49] [INFO] 切分消息：MSG&7581&13704244874&【腾讯科技】6346 (手机QQ短信验证码，正在启用通讯录功能。为了保证帐号安全，请勿向他人泄漏。如非本人操作，请忽略。）
[2018-04-19 20:18:49] [INFO] KEY: verify_code_7581_13704244874, Code: 6346
