[2017-09-26 17:32:03] [INFO] itemcode_7581
[2017-09-26 17:32:03] [INFO] token_v25SjNhWtJfoPA5uyJRQaDVcPXICtT8
[2017-09-26 17:32:03] [INFO] ===XUNMA RESTURN:False:Session 过期
[2017-09-26 17:32:07] [INFO] itemcode_7581
[2017-09-26 17:32:07] [INFO] token_a7hd56mKu1bJkz3ctMovYlMs9ZXHTB27
[2017-09-26 17:32:07] [INFO] ===XUNMA RESTURN:17086857254;
[2017-09-26 17:32:20] [INFO] 开始获取验证码：17086857254, qq_contact_bind
[2017-09-26 17:32:23] [INFO] 收到消息：NOTION&单笔充值满 50元送 5%单笔充值满100元送10%自动赠送！上不封顶！-------------------------运营商选择  移动、联通或电信，不会出17号段-------------------------平台号码收到短信扣费,收不到短信不会扣费。[End]
[2017-09-26 17:32:23] [INFO] 切分消息：NOTION&单笔充值满 50元送 5%单笔充值满100元送10%自动赠送！上不封顶！-------------------------运营商选择  移动、联通或电信，不会出17号段-------------------------平台号码收到短信扣费,收不到短信不会扣费。
[2017-09-26 17:32:26] [INFO] 收到消息：Null
[2017-09-26 17:32:26] [INFO] 切分消息：Null
[2017-09-26 17:32:29] [INFO] 收到消息：MSG&7581&17086857254&【腾讯科技】3692 (手机QQ短信验证码，正在启用通讯录功能。为了保证帐号安全，请勿向他人泄漏。如非本人操作，请忽略。）[End]
[2017-09-26 17:32:29] [INFO] 切分消息：MSG&7581&17086857254&【腾讯科技】3692 (手机QQ短信验证码，正在启用通讯录功能。为了保证帐号安全，请勿向他人泄漏。如非本人操作，请忽略。）
[2017-09-26 17:32:29] [INFO] KEY: verify_code_7581_17086857254, Code: 3692
[2017-09-26 18:14:08] [INFO] itemcode_7581
[2017-09-26 18:14:08] [INFO] token_a7hd56mKu1bJkz3ctMovYlMs9ZXHTB27
[2017-09-26 18:14:08] [INFO] ===XUNMA RESTURN:False:Session 过期
[2017-09-26 18:14:12] [INFO] itemcode_7581
[2017-09-26 18:14:12] [INFO] token_S512TBZmXlJAZ1xA3n3r9SPbSLe1Zh17
[2017-09-26 18:14:12] [INFO] ===XUNMA RESTURN:17085002564;
[2017-09-26 18:14:25] [INFO] 开始获取验证码：17085002564, qq_contact_bind
[2017-09-26 18:14:28] [INFO] 收到消息：NOTION&单笔充值满 50元送 5%单笔充值满100元送10%自动赠送！上不封顶！-------------------------运营商选择  移动、联通或电信，不会出17号段-------------------------平台号码收到短信扣费,收不到短信不会扣费。[End]
[2017-09-26 18:14:28] [INFO] 切分消息：NOTION&单笔充值满 50元送 5%单笔充值满100元送10%自动赠送！上不封顶！-------------------------运营商选择  移动、联通或电信，不会出17号段-------------------------平台号码收到短信扣费,收不到短信不会扣费。
[2017-09-26 18:14:31] [INFO] 收到消息：Null
[2017-09-26 18:14:31] [INFO] 切分消息：Null
[2017-09-26 18:14:34] [INFO] 收到消息：Null
[2017-09-26 18:14:34] [INFO] 切分消息：Null
[2017-09-26 18:14:37] [INFO] 收到消息：MSG&7581&17085002564&【腾讯科技】7685 (手机QQ短信验证码，正在启用通讯录功能。为了保证帐号安全，请勿向他人泄漏。如非本人操作，请忽略。）[End]
[2017-09-26 18:14:37] [INFO] 切分消息：MSG&7581&17085002564&【腾讯科技】7685 (手机QQ短信验证码，正在启用通讯录功能。为了保证帐号安全，请勿向他人泄漏。如非本人操作，请忽略。）
[2017-09-26 18:14:37] [INFO] KEY: verify_code_7581_17085002564, Code: 7685
