[2017-02-16 17:16:15] [INFO] ===XUNMA RESTURN:13094715962;13094715931;13094715983;13094713579;13094713616;13094713735;13094713752;13094713805;13094713819;13094713839;
[2017-02-16 17:34:46] [INFO] ===XUNMA RESTURN:15917678259;15917698089;15916737267;15917674705;15916761920;15916790468;15917693509;15916737432;15916779561;15916785852;
[2017-02-19 13:05:55] [INFO] ===XUNMA RESTURN:13091947981;13091948019;13094723192;13091949712;13094722912;13094722823;13094722526;13094722269;13094722175;13094722253;
[2017-02-19 13:08:19] [INFO] ===XUNMA RESTURN:13135491037;13156643020;13135498232;13135492983;13135498339;13156647443;13156640490;13135492413;13156647745;13135491246;
[2017-02-19 13:12:02] [INFO] ===XUNMA RESTURN:15916911785;15992780921;15992766624;15916907503;15916977434;15992704970;13642925606;15916968714;13642897525;15992730894;
[2017-02-19 13:14:59] [INFO] ===XUNMA RESTURN:17165437686;17165438491;17165434507;17165437464;17131287641;17165438042;17131288814;17131287794;17165437740;17131289437;
[2017-02-19 13:20:21] [INFO] ===XUNMA RESTURN:13094709061;13094702265;13094701861;13094702006;13094735816;13094736157;13094737957;13094733180;13094736782;13094736952;
[2017-02-19 13:57:10] [INFO] ===XUNMA RESTURN:13532392072;13532402511;13713319843;
[2017-02-19 14:04:39] [INFO] ===XUNMA RESTURN:13236417625;13245280547;13222014482;
[2017-02-19 14:05:31] [INFO] ===XUNMA RESTURN:17092123174;17092123203;17092123206;
[2017-02-19 14:19:23] [INFO] ===XUNMA RESTURN:13538564711;13538566728;13538572549;
[2017-02-19 14:25:37] [INFO] ===XUNMA RESTURN:13106127426;13106127429;13106127436;
[2017-02-19 15:49:11] [INFO] ===XUNMA RESTURN:13537296196;13642913821;13538523074;
[2018-08-28 10:13:01] [INFO] itemcode_7581
[2018-08-28 10:13:01] [INFO] token_qEb4ft2xaRU3naLS85Rhnqvk5R10Jq44
[2018-08-28 10:13:01] [INFO] ===XUNMA RESTURN:17081740647;17071358264;17086004126;17071304379;17169024730;17173503465;17172240348;17190500468;17169025740;17071350174;17098141564;17086035114;17071303487;17071350104;17169025640;17163534238;17169023459;17086004783;17081744650;17071304470;17071350646;17173502478;17081741854;17169024046;17169023409;17169024591;17169025064;17081744462;17173502814;17095122457;17086035134;17095122403;17169024094;17169024146;17172240204;17169024274;17169025634;17071354652;17071356140;17081744498;17071304640;17081744276;17169021994;17095123408;17086008405;17086004519;17196246415;17071356542;17071357147;17095120486;17095498445;17071355247;17169022194;17169020814;17096434220;17071351274;17169021648;17071304474;17169025447;17162060493;17173501834;17086031464;17081742574;17169022104;17183524225;17095498443;17173501841;17169024635;17162060479;17078854825;17081742745;17169021546;17071357043;17071350450;17169025094;17173501840;17169024013;17173502647;17071302645;17078858704;17081740461;17081741647;17095498452;17095120584;17169023476;17169022354;17071301412;17071356465;17169024692;17086004367;17086001043;17071350149;17169023471;17071304486;17169024384;17169024032;17078854768;17169025745;17096434156;17078854106;
[2018-08-28 10:19:30] [INFO] itemcode_7581
[2018-08-28 10:19:30] [INFO] token_qEb4ft2xaRU3naLS85Rhnqvk5R10Jq44
[2018-08-28 10:19:30] [INFO] ===XUNMA RESTURN:18482305126;
[2018-08-28 10:36:05] [INFO] itemcode_7581
[2018-08-28 10:36:05] [INFO] token_qEb4ft2xaRU3naLS85Rhnqvk5R10Jq44
[2018-08-28 10:36:05] [INFO] ===XUNMA RESTURN:False:Session 过期
[2018-08-28 10:41:12] [INFO] itemcode_7581
[2018-08-28 10:41:12] [INFO] token_opPgWn64PmTWe7uBl0Jsr59iCBgCUg36
[2018-08-28 10:41:45] [INFO] ===XUNMA RESTURN:18482342160;
[2018-08-28 10:44:02] [INFO] itemcode_7581
[2018-08-28 10:44:02] [INFO] token_opPgWn64PmTWe7uBl0Jsr59iCBgCUg36
[2018-08-28 10:44:28] [INFO] ===XUNMA RESTURN:18227134573;
[2018-08-28 10:59:54] [INFO] itemcode_7581
[2018-08-28 10:59:54] [INFO] token_opPgWn64PmTWe7uBl0Jsr59iCBgCUg36
[2018-08-28 10:59:58] [INFO] ===XUNMA RESTURN:False:Session 过期
[2018-08-28 11:19:50] [INFO] itemcode_7581
[2018-08-28 11:19:50] [INFO] token_irCehI9dbEba0JzrLUZmqdMfWT0JpO28
[2018-08-28 11:19:58] [INFO] ===XUNMA RESTURN:False:Session 过期
[2018-08-28 11:23:02] [INFO] itemcode_7581
[2018-08-28 11:23:02] [INFO] token_QTdSbYkagMWIdupluT6LVn5S4UY5ay10
[2018-08-28 11:23:06] [INFO] ===XUNMA RESTURN:18782019491;
[2018-08-28 19:37:57] [INFO] itemcode_7581
[2018-08-28 19:37:57] [INFO] token_QTdSbYkagMWIdupluT6LVn5S4UY5ay10
[2018-08-28 19:38:00] [INFO] ===XUNMA RESTURN:False:Session 过期
[2018-08-28 19:38:19] [INFO] itemcode_7581
[2018-08-28 19:38:19] [INFO] token_bMGED9Qm7G4AVJfZVc86o87WgwjhHX63
[2018-08-28 19:38:28] [INFO] ===XUNMA RESTURN:18200476101;
[2018-08-28 19:39:08] [INFO] 开始获取验证码：18200476101, qq_contact_bind
[2018-08-28 19:39:12] [INFO] 收到消息：NOTION&单笔充值满 50元送 5%单笔充值满100元送10%自动赠送！上不封顶！-------------------------运营商选择 移动、联通或电信，不会出17号段-------------------------QQ：1219665767　-------------------------[End]
[2018-08-28 19:39:12] [INFO] 切分消息：NOTION&单笔充值满 50元送 5%单笔充值满100元送10%自动赠送！上不封顶！-------------------------运营商选择 移动、联通或电信，不会出17号段-------------------------QQ：1219665767　-------------------------
[2018-08-28 19:39:15] [INFO] 收到消息：MSG&7581&18200476101&【腾讯科技】6220 (手机QQ短信验证码，正在启用通讯录功能。为了保证帐号安全，请勿向他人泄漏。如非本人操作，请忽略。）[End]
[2018-08-28 19:39:15] [INFO] 切分消息：MSG&7581&18200476101&【腾讯科技】6220 (手机QQ短信验证码，正在启用通讯录功能。为了保证帐号安全，请勿向他人泄漏。如非本人操作，请忽略。）
[2018-08-28 19:39:15] [INFO] KEY: verify_code_7581_18200476101, Code: 6220
[2018-08-29 19:17:04] [INFO] itemcode_7581
[2018-08-29 19:17:04] [INFO] token_5WRMguNLZb9p812oa0JsrMV1fti4cn38
[2018-08-29 19:17:12] [INFO] ===XUNMA RESTURN:17018994123;
[2018-08-29 19:17:54] [INFO] 开始获取验证码：17018994123, qq_contact_bind
[2018-08-29 19:17:57] [INFO] 收到消息：NOTION&单笔充值满 50元送 5%单笔充值满100元送10%自动赠送！上不封顶！-------------------------运营商选择 移动、联通或电信，不会出17号段-------------------------QQ：1219665767　-------------------------[End]
[2018-08-29 19:17:57] [INFO] 切分消息：NOTION&单笔充值满 50元送 5%单笔充值满100元送10%自动赠送！上不封顶！-------------------------运营商选择 移动、联通或电信，不会出17号段-------------------------QQ：1219665767　-------------------------
[2018-08-29 19:18:00] [INFO] 收到消息：Null
[2018-08-29 19:18:00] [INFO] 切分消息：Null
[2018-08-29 19:18:03] [INFO] 收到消息：Null
[2018-08-29 19:18:03] [INFO] 切分消息：Null
[2018-08-29 19:18:07] [INFO] 收到消息：Null
[2018-08-29 19:18:07] [INFO] 切分消息：Null
[2018-08-29 19:18:10] [INFO] 收到消息：Null
[2018-08-29 19:18:10] [INFO] 切分消息：Null
[2018-08-29 19:18:13] [INFO] 收到消息：Null
[2018-08-29 19:18:13] [INFO] 切分消息：Null
[2018-08-29 19:18:16] [INFO] 收到消息：Null
[2018-08-29 19:18:16] [INFO] 切分消息：Null
[2018-08-29 19:18:19] [INFO] 收到消息：Null
[2018-08-29 19:18:19] [INFO] 切分消息：Null
[2018-08-29 19:18:22] [INFO] 收到消息：Null
[2018-08-29 19:18:22] [INFO] 切分消息：Null
[2018-08-29 19:18:25] [INFO] 收到消息：Null
[2018-08-29 19:18:25] [INFO] 切分消息：Null
[2018-08-29 19:18:28] [INFO] 收到消息：Null
[2018-08-29 19:18:28] [INFO] 切分消息：Null
[2018-08-29 19:18:32] [INFO] 收到消息：Null
[2018-08-29 19:18:32] [INFO] 切分消息：Null
[2018-08-29 19:18:35] [INFO] 收到消息：Null
[2018-08-29 19:18:35] [INFO] 切分消息：Null
[2018-08-29 19:18:38] [INFO] 收到消息：Null
[2018-08-29 19:18:38] [INFO] 切分消息：Null
[2018-08-29 19:18:41] [INFO] 收到消息：Null
[2018-08-29 19:18:41] [INFO] 切分消息：Null
[2018-08-29 19:18:44] [INFO] 收到消息：Null
[2018-08-29 19:18:44] [INFO] 切分消息：Null
[2018-08-29 19:18:47] [INFO] 收到消息：Null
[2018-08-29 19:18:47] [INFO] 切分消息：Null
[2018-08-29 19:18:50] [INFO] 收到消息：Null
[2018-08-29 19:18:50] [INFO] 切分消息：Null
[2018-08-29 19:18:53] [INFO] 收到消息：Null
[2018-08-29 19:18:53] [INFO] 切分消息：Null
[2018-08-29 19:22:00] [INFO] itemcode_7581
[2018-08-29 19:22:00] [INFO] token_5WRMguNLZb9p812oa0JsrMV1fti4cn38
[2018-08-29 19:22:00] [INFO] ===XUNMA RESTURN:15883420864;
[2018-08-29 19:22:11] [INFO] 开始获取验证码：15883420864, qq_contact_bind
[2018-08-29 19:22:14] [INFO] 收到消息：Null
[2018-08-29 19:22:14] [INFO] 切分消息：Null
[2018-08-29 19:22:17] [INFO] 收到消息：Null
[2018-08-29 19:22:17] [INFO] 切分消息：Null
[2018-08-29 19:22:20] [INFO] 收到消息：MSG&7581&15883420864&【腾讯科技】7113 (手机QQ短信验证码，正在启用通讯录功能。为了保证帐号安全，请勿向他人泄漏。如非本人操作，请忽略。）[End]
[2018-08-29 19:22:20] [INFO] 切分消息：MSG&7581&15883420864&【腾讯科技】7113 (手机QQ短信验证码，正在启用通讯录功能。为了保证帐号安全，请勿向他人泄漏。如非本人操作，请忽略。）
[2018-08-29 19:22:20] [INFO] KEY: verify_code_7581_15883420864, Code: 7113
