[INFO  - 2017-12-11T14:10:53.312Z] GhostDriver - Main - running on port 59665
[INFO  - 2017-12-11T14:10:54.259Z] Session [19c2e210-de7d-11e7-bf5b-f17591c40ed4] - page.settings - {"XSSAuditingEnabled":false,"javascriptCanCloseWindows":true,"javascriptCanOpenWindows":true,"javascriptEnabled":true,"loadImages":true,"localToRemoteUrlAccessEnabled":false,"userAgent":"Mozilla/5.0 (Windows NT 6.3; Win64; x64; rv:50.0) Gecko/20100101 Firefox/50.0","webSecurityEnabled":true}
[INFO  - 2017-12-11T14:10:54.259Z] Session [19c2e210-de7d-11e7-bf5b-f17591c40ed4] - page.customHeaders:  - {"User-Agent":"Mozilla/5.0 (Windows NT 6.3; Win64; x64; rv:50.0) Gecko/20100101 Firefox/50.0"}
[INFO  - 2017-12-11T14:10:54.259Z] Session [19c2e210-de7d-11e7-bf5b-f17591c40ed4] - Session.negotiatedCapabilities - {"browserName":"phantomjs","version":"2.1.1","driverName":"ghostdriver","driverVersion":"1.2.0","platform":"linux-unknown-64bit","javascriptEnabled":true,"takesScreenshot":true,"handlesAlerts":false,"databaseEnabled":false,"locationContextEnabled":false,"applicationCacheEnabled":false,"browserConnectionEnabled":false,"cssSelectorsEnabled":true,"webStorageEnabled":false,"rotatable":false,"acceptSslCerts":false,"nativeEvents":true,"proxy":{"proxyType":"direct"},"phantomjs.page.settings.disk-cache":true,"phantomjs.page.customHeaders.User-Agent":"Mozilla/5.0 (Windows NT 6.3; Win64; x64; rv:50.0) Gecko/20100101 Firefox/50.0","phantomjs.page.settings.resourceTimeout":1000,"phantomjs.page.settings.loadImages":true,"phantomjs.page.settings.userAgent":"Mozilla/5.0 (Windows NT 6.3; Win64; x64; rv:50.0) Gecko/20100101 Firefox/50.0"}
[INFO  - 2017-12-11T14:10:54.259Z] SessionManagerReqHand - _postNewSessionCommand - New Session Created: 19c2e210-de7d-11e7-bf5b-f17591c40ed4
[ERROR - 2017-12-11T14:11:03.981Z] WebElementLocator - _handleLocateCommand - Element(s) NOT Found: GAVE UP. Search Stop Time: 1513001463957

  phantomjs://platform/console++.js:263 in error
[INFO  - 2017-12-11T14:15:53.519Z] SessionManagerReqHand - _cleanupWindowlessSessions - Asynchronous Sessions clean-up phase starting NOW
[INFO  - 2017-12-11T14:20:53.525Z] SessionManagerReqHand - _cleanupWindowlessSessions - Asynchronous Sessions clean-up phase starting NOW
[INFO  - 2017-12-11T14:25:53.525Z] SessionManagerReqHand - _cleanupWindowlessSessions - Asynchronous Sessions clean-up phase starting NOW
[INFO  - 2017-12-11T14:30:53.525Z] SessionManagerReqHand - _cleanupWindowlessSessions - Asynchronous Sessions clean-up phase starting NOW
[INFO  - 2017-12-11T14:35:53.525Z] SessionManagerReqHand - _cleanupWindowlessSessions - Asynchronous Sessions clean-up phase starting NOW
[INFO  - 2017-12-11T14:40:53.525Z] SessionManagerReqHand - _cleanupWindowlessSessions - Asynchronous Sessions clean-up phase starting NOW
[INFO  - 2017-12-11T14:45:53.525Z] SessionManagerReqHand - _cleanupWindowlessSessions - Asynchronous Sessions clean-up phase starting NOW
[INFO  - 2017-12-11T14:50:53.525Z] SessionManagerReqHand - _cleanupWindowlessSessions - Asynchronous Sessions clean-up phase starting NOW
[INFO  - 2017-12-11T14:55:53.525Z] SessionManagerReqHand - _cleanupWindowlessSessions - Asynchronous Sessions clean-up phase starting NOW
[INFO  - 2017-12-11T15:00:53.525Z] SessionManagerReqHand - _cleanupWindowlessSessions - Asynchronous Sessions clean-up phase starting NOW
[INFO  - 2017-12-11T15:05:53.525Z] SessionManagerReqHand - _cleanupWindowlessSessions - Asynchronous Sessions clean-up phase starting NOW
[INFO  - 2017-12-11T15:10:53.525Z] SessionManagerReqHand - _cleanupWindowlessSessions - Asynchronous Sessions clean-up phase starting NOW
[INFO  - 2017-12-11T15:15:53.528Z] SessionManagerReqHand - _cleanupWindowlessSessions - Asynchronous Sessions clean-up phase starting NOW
[INFO  - 2017-12-11T15:20:53.528Z] SessionManagerReqHand - _cleanupWindowlessSessions - Asynchronous Sessions clean-up phase starting NOW
[INFO  - 2017-12-11T14:52:56.528Z] SessionManagerReqHand - _cleanupWindowlessSessions - Asynchronous Sessions clean-up phase starting NOW
[INFO  - 2017-12-11T14:57:56.529Z] SessionManagerReqHand - _cleanupWindowlessSessions - Asynchronous Sessions clean-up phase starting NOW
[INFO  - 2017-12-11T15:02:56.529Z] SessionManagerReqHand - _cleanupWindowlessSessions - Asynchronous Sessions clean-up phase starting NOW
[INFO  - 2017-12-11T15:07:56.529Z] SessionManagerReqHand - _cleanupWindowlessSessions - Asynchronous Sessions clean-up phase starting NOW
[INFO  - 2017-12-11T15:12:56.529Z] SessionManagerReqHand - _cleanupWindowlessSessions - Asynchronous Sessions clean-up phase starting NOW
[INFO  - 2017-12-11T15:17:56.529Z] SessionManagerReqHand - _cleanupWindowlessSessions - Asynchronous Sessions clean-up phase starting NOW
