[2017-11-14 17:35:52] [INFO] itemcode_2760
[2017-11-14 17:35:52] [INFO] token_tE1UbpVXjp3V4e6E8PQ9UTqr5AOo4p36
[2017-11-14 17:35:52] [INFO] ===XUNMA RESTURN:13186785448;
[2017-11-14 17:36:20] [INFO] 开始获取验证码：13186785448, wechat_register
[2017-11-14 17:36:23] [INFO] 收到消息：NOTION&单笔充值满 50元送 5%单笔充值满100元送10%自动赠送！上不封顶！-------------------------运营商选择  移动、联通或电信，不会出17号段-------------------------平台号码收到短信扣费,收不到短信不会扣费。[End]MSG&2760&13186785448&【发自易信】易信验证码为：3316，请勿将验证码提供给他人。[End]
[2017-11-14 17:36:23] [INFO] 切分消息：NOTION&单笔充值满 50元送 5%单笔充值满100元送10%自动赠送！上不封顶！-------------------------运营商选择  移动、联通或电信，不会出17号段-------------------------平台号码收到短信扣费,收不到短信不会扣费。
[2017-11-14 17:36:23] [INFO] 切分消息：MSG&2760&13186785448&【发自易信】易信验证码为：3316，请勿将验证码提供给他人。
[2017-11-14 17:36:26] [INFO] 收到消息：USER&78.651&500&3000&1500&0.8&18.929[End]RES&2760&13186785448[End]
[2017-11-14 17:36:26] [INFO] 切分消息：USER&78.651&500&3000&1500&0.8&18.929
[2017-11-14 17:36:26] [INFO] 切分消息：RES&2760&13186785448
[2017-11-14 17:36:29] [INFO] 收到消息：Null
[2017-11-14 17:36:29] [INFO] 切分消息：Null
[2017-11-14 17:36:33] [INFO] 收到消息：Null
[2017-11-14 17:36:33] [INFO] 切分消息：Null
[2017-11-14 17:36:36] [INFO] 收到消息：Null
[2017-11-14 17:36:36] [INFO] 切分消息：Null
[2017-11-14 17:36:39] [INFO] 收到消息：Null
[2017-11-14 17:36:39] [INFO] 切分消息：Null
[2017-11-14 17:36:42] [INFO] 收到消息：Null
[2017-11-14 17:36:42] [INFO] 切分消息：Null
[2017-11-14 17:36:45] [INFO] 收到消息：Null
[2017-11-14 17:36:45] [INFO] 切分消息：Null
[2017-11-14 17:36:48] [INFO] 收到消息：Null
[2017-11-14 17:36:48] [INFO] 切分消息：Null
[2017-11-14 17:36:52] [INFO] 收到消息：Null
[2017-11-14 17:36:52] [INFO] 切分消息：Null
[2017-11-14 17:36:55] [INFO] 收到消息：Null
[2017-11-14 17:36:55] [INFO] 切分消息：Null
[2017-11-14 17:36:58] [INFO] 收到消息：Null
[2017-11-14 17:36:58] [INFO] 切分消息：Null
[2017-11-14 17:37:01] [INFO] 收到消息：Null
[2017-11-14 17:37:01] [INFO] 切分消息：Null
[2017-11-14 17:37:04] [INFO] 收到消息：Null
[2017-11-14 17:37:04] [INFO] 切分消息：Null
[2017-11-14 17:37:07] [INFO] 收到消息：Null
[2017-11-14 17:37:07] [INFO] 切分消息：Null
[2017-11-14 17:37:10] [INFO] 收到消息：Null
[2017-11-14 17:37:10] [INFO] 切分消息：Null
[2017-11-14 17:37:14] [INFO] 收到消息：Null
[2017-11-14 17:37:14] [INFO] 切分消息：Null
[2017-11-14 17:37:17] [INFO] 收到消息：Null
[2017-11-14 17:37:17] [INFO] 切分消息：Null
[2017-11-14 17:37:20] [INFO] 收到消息：Null
[2017-11-14 17:37:20] [INFO] 切分消息：Null
[2017-11-14 17:39:45] [INFO] itemcode_2760
[2017-11-14 17:39:45] [INFO] token_tE1UbpVXjp3V4e6E8PQ9UTqr5AOo4p36
[2017-11-14 17:39:45] [INFO] ===XUNMA RESTURN:17182560094;
[2017-11-14 17:41:36] [INFO] itemcode_2760
[2017-11-14 17:41:36] [INFO] token_tE1UbpVXjp3V4e6E8PQ9UTqr5AOo4p36
[2017-11-14 17:41:36] [INFO] ===XUNMA RESTURN:18280411892;
[2017-11-14 17:43:35] [INFO] 开始获取验证码：18280411892, wechat_register
[2017-11-14 17:43:38] [INFO] 收到消息：MSG&2760&18280411892&【发自易信】易信验证码为：8881，请勿将验证码提供给他人。[End]
[2017-11-14 17:43:38] [INFO] 切分消息：MSG&2760&18280411892&【发自易信】易信验证码为：8881，请勿将验证码提供给他人。
[2017-11-14 17:43:41] [INFO] 收到消息：USER&78.571&500&3000&1500&0.8&18.929[End]RES&2760&18280411892[End]
[2017-11-14 17:43:41] [INFO] 切分消息：USER&78.571&500&3000&1500&0.8&18.929
[2017-11-14 17:43:41] [INFO] 切分消息：RES&2760&18280411892
[2017-11-14 17:43:45] [INFO] 收到消息：Null
[2017-11-14 17:43:45] [INFO] 切分消息：Null
[2017-11-14 17:43:48] [INFO] 收到消息：Null
[2017-11-14 17:43:48] [INFO] 切分消息：Null
[2017-11-14 17:43:51] [INFO] 收到消息：Null
[2017-11-14 17:43:51] [INFO] 切分消息：Null
[2017-11-14 17:43:54] [INFO] 收到消息：Null
[2017-11-14 17:43:54] [INFO] 切分消息：Null
[2017-11-14 17:43:57] [INFO] 收到消息：Null
[2017-11-14 17:43:57] [INFO] 切分消息：Null
[2017-11-14 17:44:00] [INFO] 收到消息：Null
[2017-11-14 17:44:00] [INFO] 切分消息：Null
[2017-11-14 17:44:04] [INFO] 收到消息：Null
[2017-11-14 17:44:04] [INFO] 切分消息：Null
[2017-11-14 17:44:07] [INFO] 收到消息：Null
[2017-11-14 17:44:07] [INFO] 切分消息：Null
[2017-11-14 17:44:10] [INFO] 收到消息：Null
[2017-11-14 17:44:10] [INFO] 切分消息：Null
[2017-11-14 17:44:13] [INFO] 收到消息：Null
[2017-11-14 17:44:13] [INFO] 切分消息：Null
[2017-11-14 17:44:16] [INFO] 收到消息：Null
[2017-11-14 17:44:16] [INFO] 切分消息：Null
[2017-11-14 17:44:19] [INFO] 收到消息：Null
[2017-11-14 17:44:19] [INFO] 切分消息：Null
[2017-11-14 17:44:22] [INFO] 收到消息：Null
[2017-11-14 17:44:22] [INFO] 切分消息：Null
[2017-11-14 17:44:26] [INFO] 收到消息：Null
[2017-11-14 17:44:26] [INFO] 切分消息：Null
[2017-11-14 17:44:29] [INFO] 收到消息：Null
[2017-11-14 17:44:29] [INFO] 切分消息：Null
[2017-11-14 17:45:24] [INFO] itemcode_2760
[2017-11-14 17:45:24] [INFO] token_tE1UbpVXjp3V4e6E8PQ9UTqr5AOo4p36
[2017-11-14 17:45:24] [INFO] ===XUNMA RESTURN:15882106864;
[2017-11-14 17:45:43] [INFO] 开始获取验证码：15882106864, wechat_register
[2017-11-14 17:45:46] [INFO] 收到消息：MSG&2760&15882106864&【发自易信】易信验证码为：8053，请勿将验证码提供给他人。[End]
[2017-11-14 17:45:46] [INFO] 切分消息：MSG&2760&15882106864&【发自易信】易信验证码为：8053，请勿将验证码提供给他人。
[2017-11-14 17:45:49] [INFO] 收到消息：USER&78.491&500&3000&1500&0.8&18.929[End]RES&2760&15882106864[End]
[2017-11-14 17:45:49] [INFO] 切分消息：USER&78.491&500&3000&1500&0.8&18.929
[2017-11-14 17:45:49] [INFO] 切分消息：RES&2760&15882106864
[2017-11-14 17:45:53] [INFO] 收到消息：Null
[2017-11-14 17:45:53] [INFO] 切分消息：Null
[2017-11-14 17:45:56] [INFO] 收到消息：Null
[2017-11-14 17:45:56] [INFO] 切分消息：Null
[2017-11-14 17:45:59] [INFO] 收到消息：Null
[2017-11-14 17:45:59] [INFO] 切分消息：Null
[2017-11-14 17:46:02] [INFO] 收到消息：Null
[2017-11-14 17:46:02] [INFO] 切分消息：Null
[2017-11-14 17:46:05] [INFO] 收到消息：Null
[2017-11-14 17:46:05] [INFO] 切分消息：Null
[2017-11-14 17:46:08] [INFO] 收到消息：Null
[2017-11-14 17:46:08] [INFO] 切分消息：Null
[2017-11-14 17:46:11] [INFO] 收到消息：Null
[2017-11-14 17:46:11] [INFO] 切分消息：Null
[2017-11-14 17:46:15] [INFO] 收到消息：Null
[2017-11-14 17:46:15] [INFO] 切分消息：Null
[2017-11-14 17:46:18] [INFO] 收到消息：Null
[2017-11-14 17:46:18] [INFO] 切分消息：Null
[2017-11-14 17:46:21] [INFO] 收到消息：Null
[2017-11-14 17:46:21] [INFO] 切分消息：Null
[2017-11-14 17:46:24] [INFO] 收到消息：Null
[2017-11-14 17:46:24] [INFO] 切分消息：Null
[2017-11-14 17:46:27] [INFO] 收到消息：Null
[2017-11-14 17:46:27] [INFO] 切分消息：Null
[2017-11-14 17:46:30] [INFO] 收到消息：Null
[2017-11-14 17:46:30] [INFO] 切分消息：Null
[2017-11-14 17:46:34] [INFO] 收到消息：Null
[2017-11-14 17:46:34] [INFO] 切分消息：Null
[2017-11-14 17:46:37] [INFO] 收到消息：Null
[2017-11-14 17:46:37] [INFO] 切分消息：Null
[2017-11-14 17:46:40] [INFO] 收到消息：Null
[2017-11-14 17:46:40] [INFO] 切分消息：Null
[2017-11-14 17:46:43] [INFO] 收到消息：Null
[2017-11-14 17:46:43] [INFO] 切分消息：Null
[2017-11-14 17:47:51] [INFO] itemcode_2760
[2017-11-14 17:47:51] [INFO] token_tE1UbpVXjp3V4e6E8PQ9UTqr5AOo4p36
[2017-11-14 17:47:51] [INFO] ===XUNMA RESTURN:17081892884;
[2017-11-14 17:48:42] [INFO] itemcode_2760
[2017-11-14 17:48:42] [INFO] token_tE1UbpVXjp3V4e6E8PQ9UTqr5AOo4p36
[2017-11-14 17:48:42] [INFO] ===XUNMA RESTURN:17093366406;
[2017-11-14 17:49:32] [INFO] itemcode_2760
[2017-11-14 17:49:32] [INFO] token_tE1UbpVXjp3V4e6E8PQ9UTqr5AOo4p36
[2017-11-14 17:49:32] [INFO] ===XUNMA RESTURN:17168076564;
[2017-11-14 17:50:22] [INFO] itemcode_2760
[2017-11-14 17:50:22] [INFO] token_tE1UbpVXjp3V4e6E8PQ9UTqr5AOo4p36
[2017-11-14 17:50:22] [INFO] ===XUNMA RESTURN:18227193124;
[2017-11-14 17:50:47] [INFO] 开始获取验证码：18227193124, wechat_register
[2017-11-14 17:50:50] [INFO] 收到消息：MSG&2760&18227193124&【发自易信】易信验证码为：8488，请勿将验证码提供给他人。[End]
[2017-11-14 17:50:50] [INFO] 切分消息：MSG&2760&18227193124&【发自易信】易信验证码为：8488，请勿将验证码提供给他人。
[2017-11-14 17:50:53] [INFO] 收到消息：USER&78.411&500&3000&1500&0.8&18.929[End]RES&2760&18227193124[End]
[2017-11-14 17:50:53] [INFO] 切分消息：USER&78.411&500&3000&1500&0.8&18.929
[2017-11-14 17:50:53] [INFO] 切分消息：RES&2760&18227193124
[2017-11-14 17:50:56] [INFO] 收到消息：Null
[2017-11-14 17:50:56] [INFO] 切分消息：Null
[2017-11-14 17:51:00] [INFO] 收到消息：Null
[2017-11-14 17:51:00] [INFO] 切分消息：Null
[2017-11-14 17:51:03] [INFO] 收到消息：Null
[2017-11-14 17:51:03] [INFO] 切分消息：Null
[2017-11-14 17:51:06] [INFO] 收到消息：Null
[2017-11-14 17:51:06] [INFO] 切分消息：Null
[2017-11-14 17:51:09] [INFO] 收到消息：Null
[2017-11-14 17:51:09] [INFO] 切分消息：Null
[2017-11-14 17:51:12] [INFO] 收到消息：Null
[2017-11-14 17:51:12] [INFO] 切分消息：Null
[2017-11-14 17:51:15] [INFO] 收到消息：Null
[2017-11-14 17:51:15] [INFO] 切分消息：Null
[2017-11-14 17:51:18] [INFO] 收到消息：Null
[2017-11-14 17:51:18] [INFO] 切分消息：Null
[2017-11-14 17:51:22] [INFO] 收到消息：Null
[2017-11-14 17:51:22] [INFO] 切分消息：Null
[2017-11-14 17:51:30] [INFO] 收到消息：Null
[2017-11-14 17:51:30] [INFO] 切分消息：Null
[2017-11-14 17:51:33] [INFO] 收到消息：Null
[2017-11-14 17:51:33] [INFO] 切分消息：Null
[2017-11-14 17:51:36] [INFO] 收到消息：Null
[2017-11-14 17:51:36] [INFO] 切分消息：Null
[2017-11-14 17:51:39] [INFO] 收到消息：Null
[2017-11-14 17:51:39] [INFO] 切分消息：Null
[2017-11-14 17:51:42] [INFO] 收到消息：Null
[2017-11-14 17:51:42] [INFO] 切分消息：Null
[2017-11-14 17:51:46] [INFO] 收到消息：Null
[2017-11-14 17:51:46] [INFO] 切分消息：Null
[2017-11-14 17:51:49] [INFO] 收到消息：Null
[2017-11-14 17:51:49] [INFO] 切分消息：Null
[2017-11-14 17:51:52] [INFO] 收到消息：Null
[2017-11-14 17:51:52] [INFO] 切分消息：Null
[2017-11-14 17:52:41] [INFO] itemcode_2760
[2017-11-14 17:52:41] [INFO] token_tE1UbpVXjp3V4e6E8PQ9UTqr5AOo4p36
[2017-11-14 17:52:41] [INFO] ===XUNMA RESTURN:17155949317;
[2017-11-14 17:53:31] [INFO] itemcode_2760
[2017-11-14 17:53:31] [INFO] token_tE1UbpVXjp3V4e6E8PQ9UTqr5AOo4p36
[2017-11-14 17:53:31] [INFO] ===XUNMA RESTURN:17134429976;
[2017-11-14 17:54:21] [INFO] itemcode_2760
[2017-11-14 17:54:21] [INFO] token_tE1UbpVXjp3V4e6E8PQ9UTqr5AOo4p36
[2017-11-14 17:54:21] [INFO] ===XUNMA RESTURN:17093134342;
[2017-11-14 17:55:11] [INFO] itemcode_2760
[2017-11-14 17:55:11] [INFO] token_tE1UbpVXjp3V4e6E8PQ9UTqr5AOo4p36
[2017-11-14 17:55:11] [INFO] ===XUNMA RESTURN:17155943302;
[2017-11-14 17:56:02] [INFO] itemcode_2760
[2017-11-14 17:56:02] [INFO] token_tE1UbpVXjp3V4e6E8PQ9UTqr5AOo4p36
[2017-11-14 17:56:02] [INFO] ===XUNMA RESTURN:13002627440;
[2017-11-14 17:56:20] [INFO] 开始获取验证码：13002627440, wechat_register
[2017-11-14 17:56:23] [INFO] 收到消息：Null
[2017-11-14 17:56:23] [INFO] 切分消息：Null
[2017-11-14 17:56:26] [INFO] 收到消息：Null
[2017-11-14 17:56:26] [INFO] 切分消息：Null
[2017-11-14 17:56:29] [INFO] 收到消息：Null
[2017-11-14 17:56:29] [INFO] 切分消息：Null
[2017-11-14 17:56:33] [INFO] 收到消息：Null
[2017-11-14 17:56:33] [INFO] 切分消息：Null
[2017-11-14 17:56:36] [INFO] 收到消息：Null
[2017-11-14 17:56:36] [INFO] 切分消息：Null
[2017-11-14 17:56:39] [INFO] 收到消息：Null
[2017-11-14 17:56:39] [INFO] 切分消息：Null
[2017-11-14 17:56:42] [INFO] 收到消息：Null
[2017-11-14 17:56:42] [INFO] 切分消息：Null
[2017-11-14 17:56:45] [INFO] 收到消息：Null
[2017-11-14 17:56:45] [INFO] 切分消息：Null
[2017-11-14 17:56:48] [INFO] 收到消息：Null
[2017-11-14 17:56:48] [INFO] 切分消息：Null
[2017-11-14 17:56:52] [INFO] 收到消息：Null
[2017-11-14 17:56:52] [INFO] 切分消息：Null
[2017-11-14 17:56:55] [INFO] 收到消息：Null
[2017-11-14 17:56:55] [INFO] 切分消息：Null
[2017-11-14 17:56:58] [INFO] 收到消息：Null
[2017-11-14 17:56:58] [INFO] 切分消息：Null
[2017-11-14 17:57:01] [INFO] 收到消息：Null
[2017-11-14 17:57:01] [INFO] 切分消息：Null
[2017-11-14 17:57:04] [INFO] 收到消息：Null
[2017-11-14 17:57:04] [INFO] 切分消息：Null
[2017-11-14 17:57:07] [INFO] 收到消息：Null
[2017-11-14 17:57:07] [INFO] 切分消息：Null
[2017-11-14 17:57:11] [INFO] 收到消息：Null
[2017-11-14 17:57:11] [INFO] 切分消息：Null
[2017-11-14 17:57:14] [INFO] 收到消息：Null
[2017-11-14 17:57:14] [INFO] 切分消息：Null
[2017-11-14 17:57:17] [INFO] 收到消息：Null
[2017-11-14 17:57:17] [INFO] 切分消息：Null
[2017-11-14 17:57:20] [INFO] 收到消息：Null
[2017-11-14 17:57:20] [INFO] 切分消息：Null
[2017-11-14 17:58:37] [INFO] itemcode_2760
[2017-11-14 17:58:37] [INFO] token_tE1UbpVXjp3V4e6E8PQ9UTqr5AOo4p36
[2017-11-14 17:58:37] [INFO] ===XUNMA RESTURN:18380149811;
[2017-11-14 17:59:24] [INFO] 开始获取验证码：18380149811, wechat_register
[2017-11-14 17:59:27] [INFO] 收到消息：MSG&2760&18380149811&【发自易信】易信验证码为：1101，请勿将验证码提供给他人。[End]
[2017-11-14 17:59:27] [INFO] 切分消息：MSG&2760&18380149811&【发自易信】易信验证码为：1101，请勿将验证码提供给他人。
[2017-11-14 17:59:30] [INFO] 收到消息：USER&78.331&500&3000&1500&0.8&18.929[End]RES&2760&18380149811[End]
[2017-11-14 17:59:30] [INFO] 切分消息：USER&78.331&500&3000&1500&0.8&18.929
[2017-11-14 17:59:30] [INFO] 切分消息：RES&2760&18380149811
[2017-11-14 17:59:33] [INFO] 收到消息：Null
[2017-11-14 17:59:33] [INFO] 切分消息：Null
[2017-11-14 17:59:36] [INFO] 收到消息：Null
[2017-11-14 17:59:36] [INFO] 切分消息：Null
[2017-11-14 17:59:39] [INFO] 收到消息：Null
[2017-11-14 17:59:39] [INFO] 切分消息：Null
[2017-11-14 17:59:43] [INFO] 收到消息：Null
[2017-11-14 17:59:43] [INFO] 切分消息：Null
[2017-11-14 17:59:46] [INFO] 收到消息：Null
[2017-11-14 17:59:46] [INFO] 切分消息：Null
[2017-11-14 17:59:49] [INFO] 收到消息：Null
[2017-11-14 17:59:49] [INFO] 切分消息：Null
[2017-11-14 17:59:52] [INFO] 收到消息：Null
[2017-11-14 17:59:52] [INFO] 切分消息：Null
[2017-11-14 17:59:55] [INFO] 收到消息：Null
[2017-11-14 17:59:55] [INFO] 切分消息：Null
[2017-11-14 17:59:58] [INFO] 收到消息：Null
[2017-11-14 17:59:58] [INFO] 切分消息：Null
[2017-11-14 18:00:01] [INFO] 收到消息：Null
[2017-11-14 18:00:01] [INFO] 切分消息：Null
[2017-11-14 18:00:05] [INFO] 收到消息：Null
[2017-11-14 18:00:05] [INFO] 切分消息：Null
[2017-11-14 18:00:08] [INFO] 收到消息：Null
[2017-11-14 18:00:08] [INFO] 切分消息：Null
[2017-11-14 18:00:11] [INFO] 收到消息：Null
[2017-11-14 18:00:11] [INFO] 切分消息：Null
[2017-11-14 18:00:14] [INFO] 收到消息：Null
[2017-11-14 18:00:14] [INFO] 切分消息：Null
[2017-11-14 18:00:17] [INFO] 收到消息：Null
[2017-11-14 18:00:17] [INFO] 切分消息：Null
[2017-11-14 18:00:20] [INFO] 收到消息：Null
[2017-11-14 18:00:20] [INFO] 切分消息：Null
[2017-11-14 18:00:24] [INFO] 收到消息：Null
[2017-11-14 18:00:24] [INFO] 切分消息：Null
[2017-11-14 18:07:26] [INFO] itemcode_2760
[2017-11-14 18:07:26] [INFO] token_tE1UbpVXjp3V4e6E8PQ9UTqr5AOo4p36
[2017-11-14 18:07:26] [INFO] ===XUNMA RESTURN:15928545023;
[2017-11-14 18:07:43] [INFO] 开始获取验证码：15928545023, wechat_register
[2017-11-14 18:07:46] [INFO] 收到消息：MSG&2760&15928545023&【发自易信】易信验证码为：9436，请勿将验证码提供给他人。[End]
[2017-11-14 18:07:46] [INFO] 切分消息：MSG&2760&15928545023&【发自易信】易信验证码为：9436，请勿将验证码提供给他人。
[2017-11-14 18:07:49] [INFO] 收到消息：USER&78.251&500&3000&1500&0.8&18.929[End]RES&2760&15928545023[End]
[2017-11-14 18:07:49] [INFO] 切分消息：USER&78.251&500&3000&1500&0.8&18.929
[2017-11-14 18:07:49] [INFO] 切分消息：RES&2760&15928545023
[2017-11-14 18:07:53] [INFO] 收到消息：Null
[2017-11-14 18:07:53] [INFO] 切分消息：Null
[2017-11-14 18:07:56] [INFO] 收到消息：Null
[2017-11-14 18:07:56] [INFO] 切分消息：Null
[2017-11-14 18:07:59] [INFO] 收到消息：Null
[2017-11-14 18:07:59] [INFO] 切分消息：Null
[2017-11-14 18:08:02] [INFO] 收到消息：Null
[2017-11-14 18:08:02] [INFO] 切分消息：Null
[2017-11-14 18:08:05] [INFO] 收到消息：Null
[2017-11-14 18:08:05] [INFO] 切分消息：Null
[2017-11-14 18:08:08] [INFO] 收到消息：Null
[2017-11-14 18:08:08] [INFO] 切分消息：Null
[2017-11-14 18:08:11] [INFO] 收到消息：Null
[2017-11-14 18:08:11] [INFO] 切分消息：Null
[2017-11-14 18:08:15] [INFO] 收到消息：Null
[2017-11-14 18:08:15] [INFO] 切分消息：Null
[2017-11-14 18:08:18] [INFO] 收到消息：Null
[2017-11-14 18:08:18] [INFO] 切分消息：Null
[2017-11-14 18:08:21] [INFO] 收到消息：Null
[2017-11-14 18:08:21] [INFO] 切分消息：Null
[2017-11-14 18:08:24] [INFO] 收到消息：Null
[2017-11-14 18:08:24] [INFO] 切分消息：Null
[2017-11-14 18:08:27] [INFO] 收到消息：Null
[2017-11-14 18:08:27] [INFO] 切分消息：Null
[2017-11-14 18:08:31] [INFO] 收到消息：Null
[2017-11-14 18:08:31] [INFO] 切分消息：Null
[2017-11-14 18:08:34] [INFO] 收到消息：Null
[2017-11-14 18:08:34] [INFO] 切分消息：Null
[2017-11-14 18:08:37] [INFO] 收到消息：Null
[2017-11-14 18:08:37] [INFO] 切分消息：Null
[2017-11-14 18:08:40] [INFO] 收到消息：Null
[2017-11-14 18:08:40] [INFO] 切分消息：Null
[2017-11-14 18:08:43] [INFO] 收到消息：Null
[2017-11-14 18:08:43] [INFO] 切分消息：Null
[2017-11-14 18:09:35] [INFO] itemcode_2760
[2017-11-14 18:09:35] [INFO] token_tE1UbpVXjp3V4e6E8PQ9UTqr5AOo4p36
[2017-11-14 18:09:35] [INFO] ===XUNMA RESTURN:13277794190;
[2017-11-14 18:09:49] [INFO] 开始获取验证码：13277794190, wechat_register
[2017-11-14 18:09:52] [INFO] 收到消息：MSG&2760&13277794190&【发自易信】易信验证码为：7395，请勿将验证码提供给他人。[End]
[2017-11-14 18:09:52] [INFO] 切分消息：MSG&2760&13277794190&【发自易信】易信验证码为：7395，请勿将验证码提供给他人。
[2017-11-14 18:09:56] [INFO] 收到消息：USER&78.171&500&3000&1500&0.8&18.929[End]RES&2760&13277794190[End]
[2017-11-14 18:09:56] [INFO] 切分消息：USER&78.171&500&3000&1500&0.8&18.929
[2017-11-14 18:09:56] [INFO] 切分消息：RES&2760&13277794190
[2017-11-14 18:09:59] [INFO] 收到消息：Null
[2017-11-14 18:09:59] [INFO] 切分消息：Null
[2017-11-14 18:10:02] [INFO] 收到消息：Null
[2017-11-14 18:10:02] [INFO] 切分消息：Null
[2017-11-14 18:10:05] [INFO] 收到消息：Null
[2017-11-14 18:10:05] [INFO] 切分消息：Null
[2017-11-14 18:10:08] [INFO] 收到消息：Null
[2017-11-14 18:10:08] [INFO] 切分消息：Null
[2017-11-14 18:10:11] [INFO] 收到消息：Null
[2017-11-14 18:10:11] [INFO] 切分消息：Null
[2017-11-14 18:10:15] [INFO] 收到消息：Null
[2017-11-14 18:10:15] [INFO] 切分消息：Null
[2017-11-14 18:10:18] [INFO] 收到消息：Null
[2017-11-14 18:10:18] [INFO] 切分消息：Null
[2017-11-14 18:10:21] [INFO] 收到消息：Null
[2017-11-14 18:10:21] [INFO] 切分消息：Null
[2017-11-14 18:10:24] [INFO] 收到消息：Null
[2017-11-14 18:10:24] [INFO] 切分消息：Null
[2017-11-14 18:10:27] [INFO] 收到消息：Null
[2017-11-14 18:10:27] [INFO] 切分消息：Null
[2017-11-14 18:10:30] [INFO] 收到消息：Null
[2017-11-14 18:10:30] [INFO] 切分消息：Null
[2017-11-14 18:10:33] [INFO] 收到消息：Null
[2017-11-14 18:10:33] [INFO] 切分消息：Null
[2017-11-14 18:10:37] [INFO] 收到消息：Null
[2017-11-14 18:10:37] [INFO] 切分消息：Null
[2017-11-14 18:10:40] [INFO] 收到消息：Null
[2017-11-14 18:10:40] [INFO] 切分消息：Null
[2017-11-14 18:10:43] [INFO] 收到消息：Null
[2017-11-14 18:10:43] [INFO] 切分消息：Null
[2017-11-14 18:10:46] [INFO] 收到消息：Null
[2017-11-14 18:10:46] [INFO] 切分消息：Null
[2017-11-14 18:10:49] [INFO] 收到消息：Null
[2017-11-14 18:10:49] [INFO] 切分消息：Null
[2017-11-14 18:11:41] [INFO] itemcode_2760
[2017-11-14 18:11:41] [INFO] token_tE1UbpVXjp3V4e6E8PQ9UTqr5AOo4p36
[2017-11-14 18:11:41] [INFO] ===XUNMA RESTURN:15828469304;
[2017-11-14 18:12:31] [INFO] itemcode_2760
[2017-11-14 18:12:31] [INFO] token_tE1UbpVXjp3V4e6E8PQ9UTqr5AOo4p36
[2017-11-14 18:12:31] [INFO] ===XUNMA RESTURN:17151214135;
[2017-11-14 18:15:24] [INFO] itemcode_2760
[2017-11-14 18:15:24] [INFO] token_tE1UbpVXjp3V4e6E8PQ9UTqr5AOo4p36
[2017-11-14 18:15:24] [INFO] ===XUNMA RESTURN:18200436295;
[2017-11-14 18:15:39] [INFO] 开始获取验证码：18200436295, wechat_register
[2017-11-14 18:15:47] [INFO] 收到消息：MSG&2760&18200436295&【发自易信】易信验证码为：2844，请勿将验证码提供给他人。[End]
[2017-11-14 18:15:47] [INFO] 切分消息：MSG&2760&18200436295&【发自易信】易信验证码为：2844，请勿将验证码提供给他人。
[2017-11-14 18:15:47] [INFO] KEY: verify_code_2760_18200436295, Code: 2844
[2017-11-14 18:45:24] [INFO] itemcode_2760
[2017-11-14 18:45:24] [INFO] token_tE1UbpVXjp3V4e6E8PQ9UTqr5AOo4p36
[2017-11-14 18:45:24] [INFO] ===XUNMA RESTURN:False:Session 过期
[2017-11-14 18:45:28] [INFO] itemcode_2760
[2017-11-14 18:45:28] [INFO] token_gthJD87oeZmyxe6Greg1pZ7bOtdAOH29
[2017-11-14 18:45:28] [INFO] ===XUNMA RESTURN:18202841217;
[2017-11-14 18:46:18] [INFO] itemcode_2760
[2017-11-14 18:46:18] [INFO] token_gthJD87oeZmyxe6Greg1pZ7bOtdAOH29
[2017-11-14 18:46:18] [INFO] ===XUNMA RESTURN:13022621042;
[2017-11-14 18:47:08] [INFO] itemcode_2760
[2017-11-14 18:47:08] [INFO] token_gthJD87oeZmyxe6Greg1pZ7bOtdAOH29
[2017-11-14 18:47:08] [INFO] ===XUNMA RESTURN:17099072825;
[2017-11-14 18:47:58] [INFO] itemcode_2760
[2017-11-14 18:47:58] [INFO] token_gthJD87oeZmyxe6Greg1pZ7bOtdAOH29
[2017-11-14 18:47:59] [INFO] ===XUNMA RESTURN:17053448701;
[2017-11-14 18:48:13] [INFO] 开始获取验证码：17053448701, wechat_register
[2017-11-14 18:48:16] [INFO] 收到消息：NOTION&单笔充值满 50元送 5%单笔充值满100元送10%自动赠送！上不封顶！-------------------------运营商选择  移动、联通或电信，不会出17号段-------------------------平台号码收到短信扣费,收不到短信不会扣费。[End]MSG&2760&17053448701&【发自易信】易信验证码为：3407，请勿将验证码提供给他人。[End]
[2017-11-14 18:48:16] [INFO] 切分消息：NOTION&单笔充值满 50元送 5%单笔充值满100元送10%自动赠送！上不封顶！-------------------------运营商选择  移动、联通或电信，不会出17号段-------------------------平台号码收到短信扣费,收不到短信不会扣费。
[2017-11-14 18:48:16] [INFO] 切分消息：MSG&2760&17053448701&【发自易信】易信验证码为：3407，请勿将验证码提供给他人。
[2017-11-14 18:48:16] [INFO] KEY: verify_code_2760_17053448701, Code: 3407
[2017-11-14 18:49:57] [INFO] itemcode_2760
[2017-11-14 18:49:57] [INFO] token_gthJD87oeZmyxe6Greg1pZ7bOtdAOH29
[2017-11-14 18:49:57] [INFO] ===XUNMA RESTURN:13002626417;
[2017-11-14 18:50:47] [INFO] itemcode_2760
[2017-11-14 18:50:47] [INFO] token_gthJD87oeZmyxe6Greg1pZ7bOtdAOH29
[2017-11-14 18:50:47] [INFO] ===XUNMA RESTURN:18478351978;
[2017-11-14 18:51:37] [INFO] itemcode_2760
[2017-11-14 18:51:37] [INFO] token_gthJD87oeZmyxe6Greg1pZ7bOtdAOH29
[2017-11-14 18:51:37] [INFO] ===XUNMA RESTURN:13216802455;
[2017-11-14 18:52:27] [INFO] itemcode_2760
[2017-11-14 18:52:27] [INFO] token_gthJD87oeZmyxe6Greg1pZ7bOtdAOH29
[2017-11-14 18:52:27] [INFO] ===XUNMA RESTURN:18380401162;
[2017-11-14 18:52:42] [INFO] 开始获取验证码：18380401162, wechat_register
[2017-11-14 18:52:45] [INFO] 收到消息：USER&78.011&500&3000&1500&0.8&18.929[End]MSG&2760&18380401162&【发自易信】易信验证码为：7214，请勿将验证码提供给他人。[End]
[2017-11-14 18:52:45] [INFO] 切分消息：USER&78.011&500&3000&1500&0.8&18.929
[2017-11-14 18:52:45] [INFO] 切分消息：MSG&2760&18380401162&【发自易信】易信验证码为：7214，请勿将验证码提供给他人。
[2017-11-14 18:52:45] [INFO] KEY: verify_code_2760_18380401162, Code: 7214
[2017-11-14 19:24:52] [INFO] itemcode_2760
[2017-11-14 19:24:52] [INFO] token_gthJD87oeZmyxe6Greg1pZ7bOtdAOH29
[2017-11-14 19:24:52] [INFO] ===XUNMA RESTURN:False:Session 过期
[2017-11-14 19:24:56] [INFO] itemcode_2760
[2017-11-14 19:24:56] [INFO] token_7OsyuP1OFpzYD7MDuz3Z0J5qCinc1054
[2017-11-14 19:24:56] [INFO] ===XUNMA RESTURN:17151214439;
[2017-11-14 19:25:11] [INFO] 开始获取验证码：17151214439, wechat_register
[2017-11-14 19:25:14] [INFO] 收到消息：NOTION&单笔充值满 50元送 5%单笔充值满100元送10%自动赠送！上不封顶！-------------------------运营商选择  移动、联通或电信，不会出17号段-------------------------平台号码收到短信扣费,收不到短信不会扣费。[End]MSG&2760&17151214439&【发自易信】易信验证码为：2385，请勿将验证码提供给他人。[End]
[2017-11-14 19:25:14] [INFO] 切分消息：NOTION&单笔充值满 50元送 5%单笔充值满100元送10%自动赠送！上不封顶！-------------------------运营商选择  移动、联通或电信，不会出17号段-------------------------平台号码收到短信扣费,收不到短信不会扣费。
[2017-11-14 19:25:14] [INFO] 切分消息：MSG&2760&17151214439&【发自易信】易信验证码为：2385，请勿将验证码提供给他人。
[2017-11-14 19:25:14] [INFO] KEY: verify_code_2760_17151214439, Code: 2385
[2017-11-14 19:28:15] [INFO] itemcode_2760
[2017-11-14 19:28:15] [INFO] token_7OsyuP1OFpzYD7MDuz3Z0J5qCinc1054
[2017-11-14 19:28:15] [INFO] ===XUNMA RESTURN:13136439142;
[2017-11-14 19:28:27] [INFO] 开始获取验证码：13136439142, wechat_register
[2017-11-14 19:28:30] [INFO] 收到消息：USER&77.851&500&3000&1500&0.8&18.929[End]
[2017-11-14 19:28:30] [INFO] 切分消息：USER&77.851&500&3000&1500&0.8&18.929
[2017-11-14 19:30:36] [INFO] itemcode_2760
[2017-11-14 19:30:36] [INFO] token_7OsyuP1OFpzYD7MDuz3Z0J5qCinc1054
[2017-11-14 19:30:36] [INFO] ===XUNMA RESTURN:18200476895;
[2017-11-14 19:30:50] [INFO] 开始获取验证码：18200476895, wechat_register
[2017-11-14 19:30:53] [INFO] 收到消息：MSG&2760&18200476895&【发自易信】易信验证码为：5811，请勿将验证码提供给他人。[End]
[2017-11-14 19:30:53] [INFO] 切分消息：MSG&2760&18200476895&【发自易信】易信验证码为：5811，请勿将验证码提供给他人。
[2017-11-14 19:30:53] [INFO] KEY: verify_code_2760_18200476895, Code: 5811
[2017-11-14 20:03:48] [INFO] itemcode_2760
[2017-11-14 20:03:48] [INFO] token_7OsyuP1OFpzYD7MDuz3Z0J5qCinc1054
[2017-11-14 20:03:48] [INFO] ===XUNMA RESTURN:False:Session 过期
[2017-11-14 20:03:52] [INFO] itemcode_2760
[2017-11-14 20:03:52] [INFO] token_EGCoC0Jnv8Eiscwlas5miLxwH7sHgj58
[2017-11-14 20:03:52] [INFO] ===XUNMA RESTURN:18478359243;
[2017-11-14 20:05:58] [INFO] itemcode_2760
[2017-11-14 20:05:58] [INFO] token_EGCoC0Jnv8Eiscwlas5miLxwH7sHgj58
[2017-11-14 20:05:59] [INFO] ===XUNMA RESTURN:17053488931;
[2017-11-14 20:06:13] [INFO] 开始获取验证码：17053488931, wechat_register
[2017-11-14 20:06:16] [INFO] 收到消息：NOTION&单笔充值满 50元送 5%单笔充值满100元送10%自动赠送！上不封顶！-------------------------运营商选择  移动、联通或电信，不会出17号段-------------------------平台号码收到短信扣费,收不到短信不会扣费。[End]
[2017-11-14 20:06:16] [INFO] 切分消息：NOTION&单笔充值满 50元送 5%单笔充值满100元送10%自动赠送！上不封顶！-------------------------运营商选择  移动、联通或电信，不会出17号段-------------------------平台号码收到短信扣费,收不到短信不会扣费。
[2017-11-14 20:06:19] [INFO] 收到消息：Null
[2017-11-14 20:06:19] [INFO] 切分消息：Null
[2017-11-14 20:06:22] [INFO] 收到消息：Null
[2017-11-14 20:06:22] [INFO] 切分消息：Null
[2017-11-14 20:06:25] [INFO] 收到消息：Null
[2017-11-14 20:06:25] [INFO] 切分消息：Null
[2017-11-14 20:06:29] [INFO] 收到消息：Null
[2017-11-14 20:06:29] [INFO] 切分消息：Null
[2017-11-14 20:06:32] [INFO] 收到消息：Null
[2017-11-14 20:06:32] [INFO] 切分消息：Null
[2017-11-14 20:06:35] [INFO] 收到消息：Null
[2017-11-14 20:06:35] [INFO] 切分消息：Null
[2017-11-14 20:06:38] [INFO] 收到消息：Null
[2017-11-14 20:06:38] [INFO] 切分消息：Null
[2017-11-14 20:06:41] [INFO] 收到消息：Null
[2017-11-14 20:06:41] [INFO] 切分消息：Null
[2017-11-14 20:06:44] [INFO] 收到消息：Null
[2017-11-14 20:06:44] [INFO] 切分消息：Null
[2017-11-14 20:08:17] [INFO] itemcode_2760
[2017-11-14 20:08:17] [INFO] token_EGCoC0Jnv8Eiscwlas5miLxwH7sHgj58
[2017-11-14 20:08:17] [INFO] ===XUNMA RESTURN:17063173954;
[2017-11-14 20:09:16] [INFO] itemcode_2760
[2017-11-14 20:09:16] [INFO] token_EGCoC0Jnv8Eiscwlas5miLxwH7sHgj58
[2017-11-14 20:09:16] [INFO] ===XUNMA RESTURN:False:Session 过期
[2017-11-14 20:09:20] [INFO] itemcode_2760
[2017-11-14 20:09:20] [INFO] token_dzvTbQBLfED3DsQ47e5QXuoFU3M29D7
[2017-11-14 20:09:20] [INFO] ===XUNMA RESTURN:18200488835;
[2017-11-14 20:10:57] [INFO] itemcode_2760
[2017-11-14 20:10:57] [INFO] token_dzvTbQBLfED3DsQ47e5QXuoFU3M29D7
[2017-11-14 20:10:57] [INFO] ===XUNMA RESTURN:17157142824;
[2017-11-14 20:11:11] [INFO] 开始获取验证码：17157142824, wechat_register
[2017-11-14 20:11:14] [INFO] 收到消息：NOTION&单笔充值满 50元送 5%单笔充值满100元送10%自动赠送！上不封顶！-------------------------运营商选择  移动、联通或电信，不会出17号段-------------------------平台号码收到短信扣费,收不到短信不会扣费。[End]
[2017-11-14 20:11:14] [INFO] 切分消息：NOTION&单笔充值满 50元送 5%单笔充值满100元送10%自动赠送！上不封顶！-------------------------运营商选择  移动、联通或电信，不会出17号段-------------------------平台号码收到短信扣费,收不到短信不会扣费。
[2017-11-14 20:11:17] [INFO] 收到消息：Null
[2017-11-14 20:11:17] [INFO] 切分消息：Null
[2017-11-14 20:11:20] [INFO] 收到消息：Null
[2017-11-14 20:11:20] [INFO] 切分消息：Null
[2017-11-14 20:11:24] [INFO] 收到消息：Null
[2017-11-14 20:11:24] [INFO] 切分消息：Null
[2017-11-14 20:11:27] [INFO] 收到消息：Null
[2017-11-14 20:11:27] [INFO] 切分消息：Null
[2017-11-14 20:11:30] [INFO] 收到消息：Null
[2017-11-14 20:11:30] [INFO] 切分消息：Null
[2017-11-14 20:11:33] [INFO] 收到消息：Null
[2017-11-14 20:11:33] [INFO] 切分消息：Null
[2017-11-14 20:11:36] [INFO] 收到消息：Null
[2017-11-14 20:11:36] [INFO] 切分消息：Null
[2017-11-14 20:11:44] [INFO] 收到消息：Null
[2017-11-14 20:11:44] [INFO] 切分消息：Null
[2017-11-14 20:11:47] [INFO] 收到消息：Null
[2017-11-14 20:11:47] [INFO] 切分消息：Null
[2017-11-14 20:11:51] [INFO] 收到消息：Null
[2017-11-14 20:11:51] [INFO] 切分消息：Null
[2017-11-14 20:11:54] [INFO] 收到消息：Null
[2017-11-14 20:11:54] [INFO] 切分消息：Null
[2017-11-14 20:11:57] [INFO] 收到消息：Null
[2017-11-14 20:11:57] [INFO] 切分消息：Null
[2017-11-14 20:12:00] [INFO] 收到消息：Null
[2017-11-14 20:12:00] [INFO] 切分消息：Null
[2017-11-14 20:12:03] [INFO] 收到消息：Null
[2017-11-14 20:12:03] [INFO] 切分消息：Null
[2017-11-14 20:12:06] [INFO] 收到消息：Null
[2017-11-14 20:12:06] [INFO] 切分消息：Null
[2017-11-14 20:12:09] [INFO] 收到消息：Null
[2017-11-14 20:12:09] [INFO] 切分消息：Null
[2017-11-14 20:12:12] [INFO] 收到消息：Null
[2017-11-14 20:12:12] [INFO] 切分消息：Null
[2017-11-14 20:12:16] [INFO] 收到消息：Null
[2017-11-14 20:12:16] [INFO] 切分消息：Null
[2017-11-14 20:13:07] [INFO] itemcode_2760
[2017-11-14 20:13:07] [INFO] token_dzvTbQBLfED3DsQ47e5QXuoFU3M29D7
[2017-11-14 20:13:08] [INFO] ===XUNMA RESTURN:15982415331;
[2017-11-14 20:14:08] [INFO] itemcode_2760
[2017-11-14 20:14:08] [INFO] token_dzvTbQBLfED3DsQ47e5QXuoFU3M29D7
[2017-11-14 20:14:08] [INFO] ===XUNMA RESTURN:15982845853;
[2017-11-14 20:14:58] [INFO] itemcode_2760
[2017-11-14 20:14:58] [INFO] token_dzvTbQBLfED3DsQ47e5QXuoFU3M29D7
[2017-11-14 20:14:58] [INFO] ===XUNMA RESTURN:13186784183;
[2017-11-14 20:15:48] [INFO] itemcode_2760
[2017-11-14 20:15:48] [INFO] token_dzvTbQBLfED3DsQ47e5QXuoFU3M29D7
[2017-11-14 20:15:48] [INFO] ===XUNMA RESTURN:17134421849;
[2017-11-14 20:16:38] [INFO] itemcode_2760
[2017-11-14 20:16:38] [INFO] token_dzvTbQBLfED3DsQ47e5QXuoFU3M29D7
[2017-11-14 20:16:38] [INFO] ===XUNMA RESTURN:17030279270;
[2017-11-14 20:17:28] [INFO] itemcode_2760
[2017-11-14 20:17:28] [INFO] token_dzvTbQBLfED3DsQ47e5QXuoFU3M29D7
[2017-11-14 20:17:28] [INFO] ===XUNMA RESTURN:13175837841;
[2017-11-14 20:18:19] [INFO] itemcode_2760
[2017-11-14 20:18:19] [INFO] token_dzvTbQBLfED3DsQ47e5QXuoFU3M29D7
[2017-11-14 20:18:19] [INFO] ===XUNMA RESTURN:17167261634;
[2017-11-14 20:19:09] [INFO] itemcode_2760
[2017-11-14 20:19:09] [INFO] token_dzvTbQBLfED3DsQ47e5QXuoFU3M29D7
[2017-11-14 20:19:09] [INFO] ===XUNMA RESTURN:18349355140;
[2017-11-14 20:19:22] [INFO] 开始获取验证码：18349355140, wechat_register
[2017-11-14 20:19:25] [INFO] 收到消息：Null
[2017-11-14 20:19:25] [INFO] 切分消息：Null
[2017-11-14 20:19:28] [INFO] 收到消息：Null
[2017-11-14 20:19:28] [INFO] 切分消息：Null
[2017-11-14 20:19:31] [INFO] 收到消息：Null
[2017-11-14 20:19:31] [INFO] 切分消息：Null
[2017-11-14 20:19:34] [INFO] 收到消息：Null
[2017-11-14 20:19:34] [INFO] 切分消息：Null
[2017-11-14 20:19:37] [INFO] 收到消息：Null
[2017-11-14 20:19:37] [INFO] 切分消息：Null
[2017-11-14 20:19:40] [INFO] 收到消息：Null
[2017-11-14 20:19:40] [INFO] 切分消息：Null
[2017-11-14 20:19:44] [INFO] 收到消息：Null
[2017-11-14 20:19:44] [INFO] 切分消息：Null
[2017-11-14 20:19:47] [INFO] 收到消息：Null
[2017-11-14 20:19:47] [INFO] 切分消息：Null
[2017-11-14 20:19:50] [INFO] 收到消息：Null
[2017-11-14 20:19:50] [INFO] 切分消息：Null
[2017-11-14 20:19:53] [INFO] 收到消息：Null
[2017-11-14 20:19:53] [INFO] 切分消息：Null
[2017-11-14 20:19:56] [INFO] 收到消息：Null
[2017-11-14 20:19:56] [INFO] 切分消息：Null
[2017-11-14 20:19:59] [INFO] 收到消息：Null
[2017-11-14 20:19:59] [INFO] 切分消息：Null
[2017-11-14 20:20:02] [INFO] 收到消息：Null
[2017-11-14 20:20:02] [INFO] 切分消息：Null
[2017-11-14 20:20:06] [INFO] 收到消息：Null
[2017-11-14 20:20:06] [INFO] 切分消息：Null
[2017-11-14 20:20:09] [INFO] 收到消息：Null
[2017-11-14 20:20:09] [INFO] 切分消息：Null
[2017-11-14 20:20:12] [INFO] 收到消息：Null
[2017-11-14 20:20:12] [INFO] 切分消息：Null
[2017-11-14 20:20:15] [INFO] 收到消息：Null
[2017-11-14 20:20:15] [INFO] 切分消息：Null
[2017-11-14 20:20:18] [INFO] 收到消息：Null
[2017-11-14 20:20:18] [INFO] 切分消息：Null
[2017-11-14 20:20:21] [INFO] 收到消息：Null
[2017-11-14 20:20:21] [INFO] 切分消息：Null
[2017-11-14 20:21:03] [INFO] itemcode_2760
[2017-11-14 20:21:03] [INFO] token_dzvTbQBLfED3DsQ47e5QXuoFU3M29D7
[2017-11-14 20:21:03] [INFO] ===XUNMA RESTURN:17134061824;
[2017-11-14 20:21:53] [INFO] itemcode_2760
[2017-11-14 20:21:53] [INFO] token_dzvTbQBLfED3DsQ47e5QXuoFU3M29D7
[2017-11-14 20:21:53] [INFO] ===XUNMA RESTURN:13698189346;
[2017-11-14 20:22:43] [INFO] itemcode_2760
[2017-11-14 20:22:43] [INFO] token_dzvTbQBLfED3DsQ47e5QXuoFU3M29D7
[2017-11-14 20:22:44] [INFO] ===XUNMA RESTURN:18280413119;
[2017-11-14 20:22:58] [INFO] 开始获取验证码：18280413119, wechat_register
[2017-11-14 20:23:01] [INFO] 收到消息：MSG&2760&18280413119&【发自易信】易信验证码为：4137，请勿将验证码提供给他人。[End]
[2017-11-14 20:23:01] [INFO] 切分消息：MSG&2760&18280413119&【发自易信】易信验证码为：4137，请勿将验证码提供给他人。
[2017-11-14 20:23:01] [INFO] KEY: verify_code_2760_18280413119, Code: 4137
[2017-11-14 20:38:40] [INFO] itemcode_2760
[2017-11-14 20:38:40] [INFO] token_dzvTbQBLfED3DsQ47e5QXuoFU3M29D7
[2017-11-14 20:38:40] [INFO] ===XUNMA RESTURN:False:Session 过期
[2017-11-14 20:38:44] [INFO] itemcode_2760
[2017-11-14 20:38:44] [INFO] token_Nz647p6jsdDS7a1aIT0JCH8ERCxcoV2
[2017-11-14 20:38:44] [INFO] ===XUNMA RESTURN:17077427749;
[2017-11-14 20:39:44] [INFO] itemcode_2760
[2017-11-14 20:39:44] [INFO] token_Nz647p6jsdDS7a1aIT0JCH8ERCxcoV2
[2017-11-14 20:39:44] [INFO] ===XUNMA RESTURN:13175838334;
[2017-11-14 20:39:57] [INFO] 开始获取验证码：13175838334, wechat_register
[2017-11-14 20:40:00] [INFO] 收到消息：NOTION&单笔充值满 50元送 5%单笔充值满100元送10%自动赠送！上不封顶！-------------------------运营商选择  移动、联通或电信，不会出17号段-------------------------平台号码收到短信扣费,收不到短信不会扣费。[End]
[2017-11-14 20:40:00] [INFO] 切分消息：NOTION&单笔充值满 50元送 5%单笔充值满100元送10%自动赠送！上不封顶！-------------------------运营商选择  移动、联通或电信，不会出17号段-------------------------平台号码收到短信扣费,收不到短信不会扣费。
[2017-11-14 20:40:03] [INFO] 收到消息：Null
[2017-11-14 20:40:03] [INFO] 切分消息：Null
[2017-11-14 20:40:06] [INFO] 收到消息：Null
[2017-11-14 20:40:06] [INFO] 切分消息：Null
[2017-11-14 20:40:09] [INFO] 收到消息：Null
[2017-11-14 20:40:09] [INFO] 切分消息：Null
[2017-11-14 20:40:12] [INFO] 收到消息：Null
[2017-11-14 20:40:12] [INFO] 切分消息：Null
[2017-11-14 20:40:15] [INFO] 收到消息：Null
[2017-11-14 20:40:15] [INFO] 切分消息：Null
[2017-11-14 20:40:19] [INFO] 收到消息：Null
[2017-11-14 20:40:19] [INFO] 切分消息：Null
[2017-11-14 20:40:22] [INFO] 收到消息：Null
[2017-11-14 20:40:22] [INFO] 切分消息：Null
[2017-11-14 20:40:25] [INFO] 收到消息：Null
[2017-11-14 20:40:25] [INFO] 切分消息：Null
[2017-11-14 20:40:28] [INFO] 收到消息：Null
[2017-11-14 20:40:28] [INFO] 切分消息：Null
[2017-11-14 20:40:31] [INFO] 收到消息：Null
[2017-11-14 20:40:31] [INFO] 切分消息：Null
[2017-11-14 20:40:34] [INFO] 收到消息：Null
[2017-11-14 20:40:34] [INFO] 切分消息：Null
[2017-11-14 20:40:37] [INFO] 收到消息：Null
[2017-11-14 20:40:37] [INFO] 切分消息：Null
[2017-11-14 20:40:41] [INFO] 收到消息：Null
[2017-11-14 20:40:41] [INFO] 切分消息：Null
[2017-11-14 20:40:44] [INFO] 收到消息：Null
[2017-11-14 20:40:44] [INFO] 切分消息：Null
[2017-11-14 20:40:47] [INFO] 收到消息：Null
[2017-11-14 20:40:47] [INFO] 切分消息：Null
[2017-11-14 20:40:50] [INFO] 收到消息：Null
[2017-11-14 20:40:50] [INFO] 切分消息：Null
[2017-11-14 20:40:53] [INFO] 收到消息：Null
[2017-11-14 20:40:53] [INFO] 切分消息：Null
[2017-11-14 20:40:56] [INFO] 收到消息：Null
[2017-11-14 20:40:56] [INFO] 切分消息：Null
[2017-11-14 20:41:38] [INFO] itemcode_2760
[2017-11-14 20:41:38] [INFO] token_Nz647p6jsdDS7a1aIT0JCH8ERCxcoV2
[2017-11-14 20:41:38] [INFO] ===XUNMA RESTURN:13216577437;
[2017-11-14 20:42:28] [INFO] itemcode_2760
[2017-11-14 20:42:28] [INFO] token_Nz647p6jsdDS7a1aIT0JCH8ERCxcoV2
[2017-11-14 20:42:28] [INFO] ===XUNMA RESTURN:13175835947;
[2017-11-14 20:43:18] [INFO] itemcode_2760
[2017-11-14 20:43:18] [INFO] token_Nz647p6jsdDS7a1aIT0JCH8ERCxcoV2
[2017-11-14 20:43:18] [INFO] ===XUNMA RESTURN:18200496365;
[2017-11-14 20:43:33] [INFO] 开始获取验证码：18200496365, wechat_register
[2017-11-14 20:43:36] [INFO] 收到消息：MSG&2760&18200496365&【发自易信】易信验证码为：3897，请勿将验证码提供给他人。[End]
[2017-11-14 20:43:36] [INFO] 切分消息：MSG&2760&18200496365&【发自易信】易信验证码为：3897，请勿将验证码提供给他人。
[2017-11-14 20:43:36] [INFO] KEY: verify_code_2760_18200496365, Code: 3897
[2017-11-15 16:47:29] [INFO] itemcode_2760
[2017-11-15 16:47:29] [INFO] token_JkyRSeqfiQ7Sj4c4O5zFswMB3LZDPr21
[2017-11-25 16:28:55] [INFO] ===SERVER RESTURN:0|系统没有找到此号码
[2017-11-25 16:28:58] [INFO] ===SERVER RESTURN:0|超出频率|
[2017-11-25 16:29:02] [INFO] ===SERVER RESTURN:0|超出频率|
[2017-11-25 16:29:10] [INFO] ===SERVER RESTURN:0|系统没有找到此号码
[2017-11-25 16:29:13] [INFO] ===SERVER RESTURN:0|系统没有找到此号码
[2017-11-25 16:29:16] [INFO] ===SERVER RESTURN:0|系统没有找到此号码
[2017-11-25 16:29:19] [INFO] ===SERVER RESTURN:0|超出频率|
[2017-11-25 16:29:23] [INFO] ===SERVER RESTURN:0|系统没有找到此号码
[2017-11-25 16:29:26] [INFO] ===SERVER RESTURN:0|系统没有找到此号码
[2017-11-25 16:29:29] [INFO] ===SERVER RESTURN:0|系统没有找到此号码
[2017-11-25 16:29:32] [INFO] ===SERVER RESTURN:0|系统没有找到此号码
[2017-11-25 16:29:36] [INFO] ===SERVER RESTURN:0|超出频率|
[2017-11-25 16:29:39] [INFO] ===SERVER RESTURN:0|系统没有找到此号码
[2017-11-25 16:29:42] [INFO] ===SERVER RESTURN:0|系统没有找到此号码
[2017-11-25 16:29:45] [INFO] ===SERVER RESTURN:0|超出频率|
[2017-11-25 16:29:49] [INFO] ===SERVER RESTURN:0|系统没有找到此号码
[2017-11-25 16:29:52] [INFO] ===SERVER RESTURN:0|超出频率|
[2017-11-25 16:29:55] [INFO] ===SERVER RESTURN:0|超出频率|
[2017-11-25 16:29:58] [INFO] ===SERVER RESTURN:0|系统没有找到此号码
[2017-11-25 16:30:02] [INFO] ===SERVER RESTURN:0|超出频率|
[2017-11-25 16:30:05] [INFO] ===SERVER RESTURN:0|超出频率|
[2017-11-25 16:30:08] [INFO] ===SERVER RESTURN:0|系统没有找到此号码
[2017-11-25 16:30:11] [INFO] ===SERVER RESTURN:0|超出频率|
[2017-11-25 16:30:15] [INFO] ===SERVER RESTURN:0|超出频率|
[2017-11-25 16:30:18] [INFO] ===SERVER RESTURN:0|系统没有找到此号码
[2017-11-25 16:30:21] [INFO] ===SERVER RESTURN:0|超出频率|
[2017-11-25 16:30:24] [INFO] ===SERVER RESTURN:0|超出频率|
[2017-11-25 16:30:27] [INFO] ===SERVER RESTURN:0|超出频率|
[2017-11-25 16:30:31] [INFO] ===SERVER RESTURN:0|超出频率|
[2017-11-25 16:30:34] [INFO] ===SERVER RESTURN:0|超出频率|
[2017-11-25 16:30:40] [INFO] ===SERVER RESTURN:0|超出频率|
[2017-11-25 16:30:44] [INFO] ===SERVER RESTURN:0|系统没有找到此号码
[2017-11-25 16:30:47] [INFO] ===SERVER RESTURN:0|超出频率|
[2017-11-25 16:30:50] [INFO] ===SERVER RESTURN:0|超出频率|
[2017-11-25 16:30:53] [INFO] ===SERVER RESTURN:0|系统没有找到此号码
[2017-11-25 16:30:57] [INFO] ===SERVER RESTURN:0|超出频率|
[2017-11-25 16:31:00] [INFO] ===SERVER RESTURN:0|超出频率|
[2017-11-25 16:31:03] [INFO] ===SERVER RESTURN:0|超出频率|
[2017-11-25 16:31:06] [INFO] ===SERVER RESTURN:0|超出频率|
[2017-11-25 16:31:09] [INFO] ===SERVER RESTURN:0|超出频率|
[2017-11-25 16:31:13] [INFO] ===SERVER RESTURN:0|超出频率|
