[2018-04-01 15:08:50] [INFO] itemcode_7581
[2018-04-01 15:08:50] [INFO] token_6r7cpjbZ1FE7EZeWPmZW58iCqamAHO76
[2018-04-01 15:08:50] [INFO] ===XUNMA RESTURN:17132731869;
[2018-04-01 15:09:13] [INFO] 开始获取验证码：17132731869, qq_contact_bind
[2018-04-01 15:09:16] [INFO] 收到消息：NOTION&单笔充值满 50元送 5%单笔充值满100元送10%自动赠送！上不封顶！-------------------------运营商选择 移动、联通或电信，不会出17号段-------------------------QQ群：153808516　-------------------------[End]
[2018-04-01 15:09:16] [INFO] 切分消息：NOTION&单笔充值满 50元送 5%单笔充值满100元送10%自动赠送！上不封顶！-------------------------运营商选择 移动、联通或电信，不会出17号段-------------------------QQ群：153808516　-------------------------
[2018-04-01 15:09:19] [INFO] 收到消息：Null
[2018-04-01 15:09:19] [INFO] 切分消息：Null
[2018-04-01 15:09:22] [INFO] 收到消息：Null
[2018-04-01 15:09:22] [INFO] 切分消息：Null
[2018-04-01 15:09:26] [INFO] 收到消息：Null
[2018-04-01 15:09:26] [INFO] 切分消息：Null
[2018-04-01 15:09:29] [INFO] 收到消息：Null
[2018-04-01 15:09:29] [INFO] 切分消息：Null
[2018-04-01 15:09:32] [INFO] 收到消息：Null
[2018-04-01 15:09:32] [INFO] 切分消息：Null
[2018-04-01 15:09:41] [INFO] itemcode_7581
[2018-04-01 15:09:41] [INFO] token_6r7cpjbZ1FE7EZeWPmZW58iCqamAHO76
[2018-04-01 15:09:41] [INFO] ===XUNMA RESTURN:15708497169;
[2018-04-01 15:10:39] [INFO] itemcode_7581
[2018-04-01 15:10:39] [INFO] token_6r7cpjbZ1FE7EZeWPmZW58iCqamAHO76
[2018-04-01 15:10:39] [INFO] ===XUNMA RESTURN:15084279236;
[2018-04-01 15:11:13] [INFO] itemcode_7581
[2018-04-01 15:11:13] [INFO] token_6r7cpjbZ1FE7EZeWPmZW58iCqamAHO76
[2018-04-01 15:11:13] [INFO] ===XUNMA RESTURN:17084115864;
[2018-04-01 15:11:38] [INFO] itemcode_7581
[2018-04-01 15:11:38] [INFO] token_6r7cpjbZ1FE7EZeWPmZW58iCqamAHO76
[2018-04-01 15:11:38] [INFO] ===XUNMA RESTURN:15567040249;
[2018-04-01 15:11:51] [INFO] 开始获取验证码：15567040249, qq_contact_bind
[2018-04-01 15:13:22] [INFO] itemcode_7581
[2018-04-01 15:13:22] [INFO] token_6r7cpjbZ1FE7EZeWPmZW58iCqamAHO76
[2018-04-01 15:13:22] [INFO] ===XUNMA RESTURN:13105701604;
[2018-04-01 15:13:34] [INFO] 开始获取验证码：13105701604, qq_contact_bind
[2018-04-01 15:13:37] [INFO] 收到消息：MSG&7581&13105701604&【腾讯科技】2014 (手机QQ短信验证码，正在启用通讯录功能。为了保证帐号安全，请勿向他人泄漏。如非本人操作，请忽略。）[End]
[2018-04-01 15:13:37] [INFO] 切分消息：MSG&7581&13105701604&【腾讯科技】2014 (手机QQ短信验证码，正在启用通讯录功能。为了保证帐号安全，请勿向他人泄漏。如非本人操作，请忽略。）
[2018-04-01 15:13:37] [INFO] KEY: verify_code_7581_13105701604, Code: 2014
[2018-04-01 15:14:54] [INFO] itemcode_7581
[2018-04-01 15:14:54] [INFO] token_6r7cpjbZ1FE7EZeWPmZW58iCqamAHO76
[2018-04-01 15:14:54] [INFO] ===XUNMA RESTURN:13059874746;
[2018-04-01 15:15:06] [INFO] 开始获取验证码：13059874746, qq_contact_bind
[2018-04-01 15:15:09] [INFO] 收到消息：USER&46.091&500&3000&1500&0.8&18.929[End]
[2018-04-01 15:15:09] [INFO] 切分消息：USER&46.091&500&3000&1500&0.8&18.929
[2018-04-01 15:15:12] [INFO] 收到消息：Null
[2018-04-01 15:15:12] [INFO] 切分消息：Null
[2018-04-01 15:15:15] [INFO] 收到消息：Null
[2018-04-01 15:15:15] [INFO] 切分消息：Null
[2018-04-01 15:15:29] [INFO] itemcode_7581
[2018-04-01 15:15:29] [INFO] token_6r7cpjbZ1FE7EZeWPmZW58iCqamAHO76
[2018-04-01 15:15:29] [INFO] ===XUNMA RESTURN:17051590479;
[2018-04-01 15:15:40] [INFO] 开始获取验证码：17051590479, qq_contact_bind
[2018-04-01 15:15:43] [INFO] 收到消息：Null
[2018-04-01 15:15:43] [INFO] 切分消息：Null
[2018-04-01 15:15:46] [INFO] 收到消息：Null
[2018-04-01 15:15:46] [INFO] 切分消息：Null
[2018-04-01 15:15:49] [INFO] 收到消息：Null
[2018-04-01 15:15:49] [INFO] 切分消息：Null
[2018-04-01 15:16:00] [INFO] itemcode_7581
[2018-04-01 15:16:00] [INFO] token_6r7cpjbZ1FE7EZeWPmZW58iCqamAHO76
[2018-04-01 15:16:00] [INFO] ===XUNMA RESTURN:13022643324;
[2018-04-01 15:16:12] [INFO] 开始获取验证码：13022643324, qq_contact_bind
[2018-04-01 15:16:15] [INFO] 收到消息：Null
[2018-04-01 15:16:15] [INFO] 切分消息：Null
[2018-04-01 15:16:18] [INFO] 收到消息：Null
[2018-04-01 15:16:18] [INFO] 切分消息：Null
[2018-04-01 15:16:21] [INFO] 收到消息：Null
[2018-04-01 15:16:21] [INFO] 切分消息：Null
[2018-04-01 15:16:24] [INFO] 收到消息：Null
[2018-04-01 15:16:24] [INFO] 切分消息：Null
[2018-04-01 15:16:28] [INFO] 收到消息：Null
[2018-04-01 15:16:28] [INFO] 切分消息：Null
[2018-04-01 15:16:31] [INFO] 收到消息：Null
[2018-04-01 15:16:31] [INFO] 切分消息：Null
[2018-04-01 15:16:34] [INFO] 收到消息：Null
[2018-04-01 15:16:34] [INFO] 切分消息：Null
[2018-04-01 15:16:37] [INFO] 收到消息：Null
[2018-04-01 15:16:37] [INFO] 切分消息：Null
[2018-04-01 15:16:46] [INFO] itemcode_7581
[2018-04-01 15:16:46] [INFO] token_6r7cpjbZ1FE7EZeWPmZW58iCqamAHO76
[2018-04-01 15:16:46] [INFO] ===XUNMA RESTURN:15678543173;
[2018-04-01 15:16:59] [INFO] 开始获取验证码：15678543173, qq_contact_bind
[2018-04-01 15:17:02] [INFO] 收到消息：MSG&7581&15678543173&【腾讯科技】8834 (手机QQ短信验证码，正在启用通讯录功能。为了保证帐号安全，请勿向他人泄漏。如非本人操作，请忽略。）[End]
[2018-04-01 15:17:02] [INFO] 切分消息：MSG&7581&15678543173&【腾讯科技】8834 (手机QQ短信验证码，正在启用通讯录功能。为了保证帐号安全，请勿向他人泄漏。如非本人操作，请忽略。）
[2018-04-01 15:17:02] [INFO] KEY: verify_code_7581_15678543173, Code: 8834
[2018-04-01 15:21:02] [INFO] itemcode_7581
[2018-04-01 15:21:02] [INFO] token_6r7cpjbZ1FE7EZeWPmZW58iCqamAHO76
[2018-04-01 15:21:02] [INFO] ===XUNMA RESTURN:13105874575;
[2018-04-01 15:21:36] [INFO] itemcode_7581
[2018-04-01 15:21:36] [INFO] token_6r7cpjbZ1FE7EZeWPmZW58iCqamAHO76
[2018-04-01 15:21:37] [INFO] ===XUNMA RESTURN:13105847637;
[2018-04-01 15:21:46] [INFO] 开始获取验证码：13105847637, qq_contact_bind
[2018-04-01 15:21:49] [INFO] 收到消息：USER&46.011&500&3000&1500&0.8&18.929[End]
[2018-04-01 15:21:49] [INFO] 切分消息：USER&46.011&500&3000&1500&0.8&18.929
[2018-04-01 15:21:52] [INFO] 收到消息：Null
[2018-04-01 15:21:52] [INFO] 切分消息：Null
[2018-04-01 15:21:55] [INFO] 收到消息：Null
[2018-04-01 15:21:55] [INFO] 切分消息：Null
[2018-04-01 15:21:58] [INFO] 收到消息：Null
[2018-04-01 15:21:58] [INFO] 切分消息：Null
[2018-04-01 15:22:02] [INFO] 收到消息：Null
[2018-04-01 15:22:02] [INFO] 切分消息：Null
[2018-04-01 15:22:05] [INFO] 收到消息：Null
[2018-04-01 15:22:05] [INFO] 切分消息：Null
[2018-04-01 15:22:08] [INFO] 收到消息：Null
[2018-04-01 15:22:08] [INFO] 切分消息：Null
[2018-04-01 15:22:11] [INFO] 收到消息：Null
[2018-04-01 15:22:11] [INFO] 切分消息：Null
[2018-04-01 15:22:14] [INFO] 收到消息：Null
[2018-04-01 15:22:14] [INFO] 切分消息：Null
[2018-04-01 15:22:17] [INFO] 收到消息：Null
[2018-04-01 15:22:17] [INFO] 切分消息：Null
[2018-04-01 15:22:20] [INFO] 收到消息：Null
[2018-04-01 15:22:20] [INFO] 切分消息：Null
[2018-04-01 15:22:24] [INFO] 收到消息：Null
[2018-04-01 15:22:24] [INFO] 切分消息：Null
[2018-04-01 15:22:27] [INFO] 收到消息：Null
[2018-04-01 15:22:27] [INFO] 切分消息：Null
[2018-04-01 15:22:30] [INFO] 收到消息：Null
[2018-04-01 15:22:30] [INFO] 切分消息：Null
[2018-04-01 15:22:33] [INFO] 收到消息：MSG&7581&13105847637&2508 (手机QQ短信验证码，正在启用通讯录功能。为了保证帐号安全，请勿向他人泄漏。如非本人操作，请忽略。）【腾讯科技】[End]
[2018-04-01 15:22:33] [INFO] 切分消息：MSG&7581&13105847637&2508 (手机QQ短信验证码，正在启用通讯录功能。为了保证帐号安全，请勿向他人泄漏。如非本人操作，请忽略。）【腾讯科技】
[2018-04-01 15:22:33] [INFO] KEY: verify_code_7581_13105847637, Code: 2508
[2018-04-02 12:17:03] [INFO] itemcode_7581
[2018-04-02 12:17:03] [INFO] token_msYk6tFDMJHAJpYFNpHur1sunZ0JBi7
[2018-04-02 12:17:04] [INFO] ===XUNMA RESTURN:False:Session 过期
[2018-04-02 12:17:08] [INFO] itemcode_7581
[2018-04-02 12:17:08] [INFO] token_MSjQLBVXtL0JQAHzmis1cLVi3Hxgqe14
[2018-04-02 12:17:08] [INFO] ===XUNMA RESTURN:13704149841;
[2018-04-02 12:17:15] [INFO] 开始获取验证码：13704149841, qq_contact_bind
[2018-04-02 12:17:19] [INFO] 收到消息：NOTION&单笔充值满 50元送 5%单笔充值满100元送10%自动赠送！上不封顶！-------------------------运营商选择 移动、联通或电信，不会出17号段-------------------------QQ群：153808516　-------------------------[End]
[2018-04-02 12:17:19] [INFO] 切分消息：NOTION&单笔充值满 50元送 5%单笔充值满100元送10%自动赠送！上不封顶！-------------------------运营商选择 移动、联通或电信，不会出17号段-------------------------QQ群：153808516　-------------------------
[2018-04-02 12:17:22] [INFO] 收到消息：Null
[2018-04-02 12:17:22] [INFO] 切分消息：Null
[2018-04-02 12:17:25] [INFO] 收到消息：Null
[2018-04-02 12:17:25] [INFO] 切分消息：Null
[2018-04-02 12:17:28] [INFO] 收到消息：Null
[2018-04-02 12:17:28] [INFO] 切分消息：Null
[2018-04-02 12:17:31] [INFO] 收到消息：Null
[2018-04-02 12:17:31] [INFO] 切分消息：Null
[2018-04-02 12:17:34] [INFO] 收到消息：Null
[2018-04-02 12:17:34] [INFO] 切分消息：Null
[2018-04-02 12:17:38] [INFO] 收到消息：Null
[2018-04-02 12:17:38] [INFO] 切分消息：Null
[2018-04-02 12:17:41] [INFO] 收到消息：Null
[2018-04-02 12:17:41] [INFO] 切分消息：Null
[2018-04-02 12:19:28] [INFO] itemcode_7581
[2018-04-02 12:19:28] [INFO] token_MSjQLBVXtL0JQAHzmis1cLVi3Hxgqe14
[2018-04-02 12:19:28] [INFO] ===XUNMA RESTURN:15708404840;
[2018-04-02 12:21:08] [INFO] itemcode_7581
[2018-04-02 12:21:08] [INFO] token_MSjQLBVXtL0JQAHzmis1cLVi3Hxgqe14
[2018-04-02 12:21:08] [INFO] ===XUNMA RESTURN:13458582170;
[2018-04-02 12:21:18] [INFO] 开始获取验证码：13458582170, qq_contact_bind
[2018-04-02 12:21:21] [INFO] 收到消息：Null
[2018-04-02 12:21:21] [INFO] 切分消息：Null
[2018-04-02 12:21:52] [INFO] 收到消息：MSG&7581&13458582170&【腾讯科技】5080 (手机QQ短信验证码，正在启用通讯录功能。为了保证帐号安全，请勿向他人泄漏。如非本人操作，请忽略。）[End]
[2018-04-02 12:21:52] [INFO] 切分消息：MSG&7581&13458582170&【腾讯科技】5080 (手机QQ短信验证码，正在启用通讯录功能。为了保证帐号安全，请勿向他人泄漏。如非本人操作，请忽略。）
[2018-04-02 12:21:52] [INFO] KEY: verify_code_7581_13458582170, Code: 5080
[2018-04-02 12:31:29] [INFO] itemcode_7581
[2018-04-02 12:31:29] [INFO] token_MSjQLBVXtL0JQAHzmis1cLVi3Hxgqe14
[2018-04-02 12:31:29] [INFO] ===XUNMA RESTURN:13458592088;
[2018-04-02 12:31:37] [INFO] 开始获取验证码：13458592088, qq_contact_bind
[2018-04-02 12:31:40] [INFO] 收到消息：USER&42.731&500&3000&1500&0.8&18.929[End]
[2018-04-02 12:31:40] [INFO] 切分消息：USER&42.731&500&3000&1500&0.8&18.929
[2018-04-02 12:31:43] [INFO] 收到消息：Null
[2018-04-02 12:31:43] [INFO] 切分消息：Null
[2018-04-02 12:31:46] [INFO] 收到消息：Null
[2018-04-02 12:31:46] [INFO] 切分消息：Null
[2018-04-02 12:31:50] [INFO] 收到消息：Null
[2018-04-02 12:31:50] [INFO] 切分消息：Null
[2018-04-02 12:31:53] [INFO] 收到消息：Null
[2018-04-02 12:31:53] [INFO] 切分消息：Null
[2018-04-02 12:31:56] [INFO] 收到消息：Null
[2018-04-02 12:31:56] [INFO] 切分消息：Null
[2018-04-02 12:31:59] [INFO] 收到消息：Null
[2018-04-02 12:31:59] [INFO] 切分消息：Null
[2018-04-02 12:32:02] [INFO] 收到消息：Null
[2018-04-02 12:32:02] [INFO] 切分消息：Null
[2018-04-02 12:32:05] [INFO] 收到消息：Null
[2018-04-02 12:32:05] [INFO] 切分消息：Null
[2018-04-02 12:32:08] [INFO] 收到消息：Null
[2018-04-02 12:32:08] [INFO] 切分消息：Null
[2018-04-02 12:32:12] [INFO] 收到消息：Null
[2018-04-02 12:32:12] [INFO] 切分消息：Null
[2018-04-02 12:32:15] [INFO] 收到消息：Null
[2018-04-02 12:32:15] [INFO] 切分消息：Null
[2018-04-02 12:32:18] [INFO] 收到消息：Null
[2018-04-02 12:32:18] [INFO] 切分消息：Null
[2018-04-02 12:32:21] [INFO] 收到消息：Null
[2018-04-02 12:32:21] [INFO] 切分消息：Null
[2018-04-02 12:32:24] [INFO] 收到消息：Null
[2018-04-02 12:32:24] [INFO] 切分消息：Null
[2018-04-02 12:32:27] [INFO] 收到消息：Null
[2018-04-02 12:32:27] [INFO] 切分消息：Null
[2018-04-02 12:32:30] [INFO] 收到消息：Null
[2018-04-02 12:32:30] [INFO] 切分消息：Null
[2018-04-02 12:32:34] [INFO] 收到消息：Null
[2018-04-02 12:32:34] [INFO] 切分消息：Null
[2018-04-02 12:32:37] [INFO] 收到消息：Null
[2018-04-02 12:32:37] [INFO] 切分消息：Null
[2018-04-02 12:44:30] [INFO] itemcode_7581
[2018-04-02 12:44:30] [INFO] token_MSjQLBVXtL0JQAHzmis1cLVi3Hxgqe14
[2018-04-02 12:44:30] [INFO] ===XUNMA RESTURN:False:Session 过期
[2018-04-02 12:44:34] [INFO] itemcode_7581
[2018-04-02 12:44:34] [INFO] token_HR2KfWJQVghc94TmIBPvXhOrBnszVt77
[2018-04-02 12:44:34] [INFO] ===XUNMA RESTURN:15707473924;
[2018-04-02 12:44:42] [INFO] 开始获取验证码：15707473924, qq_contact_bind
[2018-04-02 12:44:45] [INFO] 收到消息：NOTION&单笔充值满 50元送 5%单笔充值满100元送10%自动赠送！上不封顶！-------------------------运营商选择 移动、联通或电信，不会出17号段-------------------------QQ群：153808516　-------------------------[End]
[2018-04-02 12:44:45] [INFO] 切分消息：NOTION&单笔充值满 50元送 5%单笔充值满100元送10%自动赠送！上不封顶！-------------------------运营商选择 移动、联通或电信，不会出17号段-------------------------QQ群：153808516　-------------------------
[2018-04-02 12:44:48] [INFO] 收到消息：Null
[2018-04-02 12:44:48] [INFO] 切分消息：Null
[2018-04-02 12:44:51] [INFO] 收到消息：Null
[2018-04-02 12:44:51] [INFO] 切分消息：Null
[2018-04-02 12:44:54] [INFO] 收到消息：Null
[2018-04-02 12:44:54] [INFO] 切分消息：Null
[2018-04-02 12:44:57] [INFO] 收到消息：Null
[2018-04-02 12:44:57] [INFO] 切分消息：Null
[2018-04-02 12:45:01] [INFO] 收到消息：Null
[2018-04-02 12:45:01] [INFO] 切分消息：Null
[2018-04-02 12:45:04] [INFO] 收到消息：Null
[2018-04-02 12:45:04] [INFO] 切分消息：Null
[2018-04-02 12:45:07] [INFO] 收到消息：Null
[2018-04-02 12:45:07] [INFO] 切分消息：Null
[2018-04-02 12:45:10] [INFO] 收到消息：Null
[2018-04-02 12:45:10] [INFO] 切分消息：Null
[2018-04-02 12:45:13] [INFO] 收到消息：Null
[2018-04-02 12:45:13] [INFO] 切分消息：Null
[2018-04-02 12:45:16] [INFO] 收到消息：Null
[2018-04-02 12:45:16] [INFO] 切分消息：Null
[2018-04-02 12:48:15] [INFO] itemcode_7581
[2018-04-02 12:48:15] [INFO] token_HR2KfWJQVghc94TmIBPvXhOrBnszVt77
[2018-04-02 12:48:15] [INFO] ===XUNMA RESTURN:15708400556;
[2018-04-02 12:48:23] [INFO] 开始获取验证码：15708400556, qq_contact_bind
[2018-04-02 12:48:26] [INFO] 收到消息：Null
[2018-04-02 12:48:26] [INFO] 切分消息：Null
[2018-04-02 12:48:39] [INFO] 收到消息：MSG&7581&15708400556&【腾讯科技】8812 (手机QQ短信验证码，正在启用通讯录功能。为了保证帐号安全，请勿向他人泄漏。如非本人操作，请忽略。）[End]
[2018-04-02 12:48:39] [INFO] 切分消息：MSG&7581&15708400556&【腾讯科技】8812 (手机QQ短信验证码，正在启用通讯录功能。为了保证帐号安全，请勿向他人泄漏。如非本人操作，请忽略。）
[2018-04-02 12:48:39] [INFO] KEY: verify_code_7581_15708400556, Code: 8812
[2018-04-02 12:49:51] [INFO] itemcode_7581
[2018-04-02 12:49:51] [INFO] token_HR2KfWJQVghc94TmIBPvXhOrBnszVt77
[2018-04-02 12:49:51] [INFO] ===XUNMA RESTURN:15084285382;
[2018-04-02 12:50:00] [INFO] 开始获取验证码：15084285382, qq_contact_bind
[2018-04-02 12:50:03] [INFO] 收到消息：USER&42.651&500&3000&1500&0.8&18.929[End]
[2018-04-02 12:50:03] [INFO] 切分消息：USER&42.651&500&3000&1500&0.8&18.929
[2018-04-02 12:50:06] [INFO] 收到消息：Null
[2018-04-02 12:50:06] [INFO] 切分消息：Null
[2018-04-02 12:50:09] [INFO] 收到消息：Null
[2018-04-02 12:50:09] [INFO] 切分消息：Null
[2018-04-02 12:50:12] [INFO] 收到消息：MSG&7581&15084285382&【腾讯科技】8038 (手机QQ短信验证码，正在启用通讯录功能。为了保证帐号安全，请勿向他人泄漏。如非本人操作，请忽略。）[End]
[2018-04-02 12:50:12] [INFO] 切分消息：MSG&7581&15084285382&【腾讯科技】8038 (手机QQ短信验证码，正在启用通讯录功能。为了保证帐号安全，请勿向他人泄漏。如非本人操作，请忽略。）
[2018-04-02 12:50:12] [INFO] KEY: verify_code_7581_15084285382, Code: 8038
[2018-04-02 12:55:52] [INFO] itemcode_7581
[2018-04-02 12:55:52] [INFO] token_HR2KfWJQVghc94TmIBPvXhOrBnszVt77
[2018-04-02 12:55:53] [INFO] ===XUNMA RESTURN:15708463585;
[2018-04-02 12:59:03] [INFO] itemcode_7581
[2018-04-02 12:59:03] [INFO] token_HR2KfWJQVghc94TmIBPvXhOrBnszVt77
[2018-04-02 12:59:03] [INFO] ===XUNMA RESTURN:15084287057;
[2018-04-02 12:59:19] [INFO] 开始获取验证码：15084287057, qq_contact_bind
[2018-04-02 12:59:22] [INFO] 收到消息：USER&42.571&500&3000&1500&0.8&18.929[End]MSG&7581&15084287057&【腾讯科技】2870 (手机QQ短信验证码，正在启用通讯录功能。为了保证帐号安全，请勿向他人泄漏。如非本人操作，请忽略。）[End]
[2018-04-02 12:59:22] [INFO] 切分消息：USER&42.571&500&3000&1500&0.8&18.929
[2018-04-02 12:59:22] [INFO] 切分消息：MSG&7581&15084287057&【腾讯科技】2870 (手机QQ短信验证码，正在启用通讯录功能。为了保证帐号安全，请勿向他人泄漏。如非本人操作，请忽略。）
[2018-04-02 12:59:22] [INFO] KEY: verify_code_7581_15084287057, Code: 2870
