[2017-03-18 20:08:27] [INFO] ===XUNMA RESTURN:False:Session 过期
[2017-03-18 20:08:31] [INFO] ===XUNMA RESTURN:15920308323;
[2017-03-18 20:10:50] [INFO] 
[2017-03-18 20:11:10] [INFO] 
[2017-03-18 20:12:17] [INFO] ===XUNMA RESTURN:False:Session 过期
[2017-03-18 20:12:43] [INFO] ===XUNMA RESTURN:13222024493;
[2017-03-18 20:15:46] [INFO] ===XUNMA RESTURN:False:Session 过期
[2017-03-18 20:15:58] [INFO] 
[2017-03-18 20:16:01] [INFO] 
[2017-03-18 20:16:01] [INFO] 
[2017-03-18 20:16:04] [INFO] 
[2017-03-18 20:16:08] [INFO] 
[2017-03-18 20:16:13] [INFO] 
[2017-03-18 20:16:16] [INFO] 
[2017-03-18 20:16:18] [INFO] ===XUNMA RESTURN:False:Session 过期
[2017-03-18 20:16:28] [INFO] ===XUNMA RESTURN:17076181175;
[2017-03-18 20:23:44] [INFO] 
[2017-03-18 20:23:44] [INFO] 
[2017-03-18 20:23:44] [INFO] 
[2017-03-18 20:23:44] [INFO] 
[2017-03-18 20:23:44] [INFO] 
[2017-03-18 20:23:44] [INFO] 
[2017-03-18 20:23:44] [INFO] 
[2017-03-18 20:23:44] [INFO] 
[2017-03-18 20:23:44] [INFO] ===XUNMA RESTURN:False:Session 过期
[2017-03-18 20:23:49] [INFO] ===XUNMA RESTURN:13064531216;
[2017-03-18 20:26:17] [INFO] ===XUNMA RESTURN:False:Session 过期
[2017-03-18 20:26:21] [INFO] ===XUNMA RESTURN:13724548571;
[2017-03-18 20:29:02] [INFO] 
[2017-03-18 20:29:02] [INFO] 
[2017-03-18 20:29:02] [INFO] 
[2017-03-18 20:29:02] [INFO] 
[2017-03-18 20:29:03] [INFO] 
[2017-03-18 20:29:03] [INFO] 
[2017-03-18 20:29:03] [INFO] 
[2017-03-18 20:29:03] [INFO] 
[2017-03-18 20:29:03] [INFO] 
[2017-03-18 20:29:03] [INFO] 
[2017-03-18 20:29:03] [INFO] 
[2017-03-18 20:29:03] [INFO] 
[2017-03-18 20:29:03] [INFO] 
[2017-03-18 20:29:03] [INFO] 
[2017-03-18 20:29:03] [INFO] 
[2017-03-18 20:29:03] [INFO] 
[2017-03-18 20:29:03] [INFO] 
[2017-03-18 20:29:03] [INFO] 
[2017-03-18 20:29:03] [INFO] 
[2017-03-18 20:29:03] [INFO] 
[2017-03-18 20:29:03] [INFO] 
[2017-03-18 20:29:04] [INFO] 
[2017-03-18 20:29:04] [INFO] 
[2017-03-18 20:29:04] [INFO] 
[2017-03-18 20:29:04] [INFO] 
[2017-03-18 20:29:04] [INFO] 
[2017-03-18 20:29:04] [INFO] 
[2017-03-18 20:29:04] [INFO] 
[2017-03-18 20:29:04] [INFO] 
[2017-03-18 20:29:04] [INFO] 
[2017-03-18 20:31:49] [INFO] 
[2017-03-18 20:31:49] [INFO] 
[2017-03-18 20:31:49] [INFO] 
[2017-03-18 20:31:49] [INFO] 
[2017-03-18 20:31:49] [INFO] 
[2017-03-18 20:31:49] [INFO] 
[2017-03-18 20:31:50] [INFO] 
[2017-03-18 20:31:50] [INFO] 
[2017-03-18 20:31:50] [INFO] 
[2017-03-18 20:31:50] [INFO] 
[2017-03-18 20:31:50] [INFO] 
[2017-03-18 20:31:50] [INFO] 
[2017-03-18 20:31:50] [INFO] 
[2017-03-18 20:31:50] [INFO] 
[2017-03-18 20:31:50] [INFO] 
[2017-03-18 20:31:50] [INFO] 
[2017-03-18 20:31:50] [INFO] 
[2017-03-18 20:31:50] [INFO] 
[2017-03-18 20:31:50] [INFO] 
[2017-03-18 20:31:50] [INFO] 
[2017-03-18 20:31:51] [INFO] 
[2017-03-18 20:31:51] [INFO] 
[2017-03-18 20:31:51] [INFO] 
[2017-03-18 20:31:51] [INFO] 
[2017-03-18 20:31:51] [INFO] 
[2017-03-18 20:31:51] [INFO] 
[2017-03-18 20:31:51] [INFO] 
[2017-03-18 20:31:51] [INFO] 
[2017-03-18 20:31:51] [INFO] 
[2017-03-18 20:31:51] [INFO] 
[2017-03-18 20:36:08] [INFO] ===XUNMA RESTURN:False:Session 过期
[2017-03-18 20:36:13] [INFO] ===XUNMA RESTURN:17172571475;
[2017-03-18 20:41:22] [INFO] ===XUNMA RESTURN:False:Session 过期
[2017-03-18 20:41:41] [INFO] 
[2017-03-18 20:41:42] [INFO] ===XUNMA RESTURN:False:Session 过期
[2017-03-18 20:41:47] [INFO] ===XUNMA RESTURN:17089746025;
[2017-03-18 20:43:38] [INFO] ===XUNMA RESTURN:False:Session 过期
[2017-03-18 20:43:42] [INFO] ===XUNMA RESTURN:13195306774;
[2017-03-18 20:51:13] [INFO] ===XUNMA RESTURN:False:Session 过期
[2017-03-18 20:51:18] [INFO] ===XUNMA RESTURN:17081752575;
[2017-03-18 21:00:48] [INFO] ===XUNMA RESTURN:17076213783;
[2017-03-18 21:02:26] [INFO] 
[2017-03-18 21:02:26] [INFO] 
[2017-03-18 21:02:26] [INFO] 
[2017-03-18 21:02:50] [INFO] ===XUNMA RESTURN:13064520560;
[2017-03-18 21:05:07] [INFO] ===XUNMA RESTURN:15804997659;
[2017-03-18 21:06:08] [INFO] ===XUNMA RESTURN:False:Session 过期
[2017-03-18 21:06:12] [INFO] ===XUNMA RESTURN:18319493264;
[2017-03-18 21:16:57] [INFO] ===XUNMA RESTURN:False:Session 过期
[2017-03-18 21:17:02] [INFO] ===XUNMA RESTURN:17093095082;
[2017-03-18 23:45:05] [INFO] ===XUNMA RESTURN:False:Session 过期
[2017-03-18 23:45:10] [INFO] ===XUNMA RESTURN:17086567341;
[2017-03-19 10:09:26] [INFO] ===XUNMA RESTURN:False:Session 过期
[2017-03-19 10:09:31] [INFO] ===XUNMA RESTURN:17131893422;
[2017-03-19 10:11:11] [INFO] ===XUNMA RESTURN:False:Session 过期
[2017-03-19 10:11:15] [INFO] ===XUNMA RESTURN:15804978476;
[2017-03-19 10:13:23] [INFO] ===XUNMA RESTURN:False:Session 过期
[2017-03-19 10:13:28] [INFO] ===XUNMA RESTURN:17191792453;
[2017-03-19 13:25:59] [INFO] ===XUNMA RESTURN:False:Session 过期
[2017-03-19 13:26:04] [INFO] ===XUNMA RESTURN:18057754739;
[2017-03-19 13:27:27] [INFO] ===XUNMA RESTURN:15360784742;
[2017-03-21 21:59:32] [INFO] ===XUNMA RESTURN:17186741437;17186741745;17186740460;17186741460;17186741704;17186740439;17186744670;17186744302;17186740841;17186744588;
[2017-03-21 22:38:52] [INFO] ===SERVER RESTURN:1|17093414838
[2017-03-21 22:40:56] [INFO] ===SERVER RESTURN:1|15014763724
[2017-03-21 22:42:30] [INFO] ===SERVER RESTURN:1|17056952402
[2017-03-21 22:44:09] [INFO] ===SERVER RESTURN:1|18719250226
[2017-03-21 22:45:40] [INFO] ===SERVER RESTURN:1|17079230786
[2017-03-31 14:57:06] [INFO] ===XUNMA RESTURN:False:Session 过期
[2017-03-31 14:57:11] [INFO] ===XUNMA RESTURN:15651845521;
[2017-03-31 15:04:03] [INFO] ===XUNMA RESTURN:False:Session 过期
[2017-03-31 15:04:07] [INFO] ===XUNMA RESTURN:13642902425;
[2017-03-31 15:07:50] [INFO] ===XUNMA RESTURN:17089502687;
[2017-03-31 15:08:37] [INFO] ===XUNMA RESTURN:17089167844;
[2017-03-31 15:09:28] [INFO] ===XUNMA RESTURN:17184081894;
[2017-03-31 15:19:14] [INFO] ===XUNMA RESTURN:17081731033;
[2017-03-31 15:20:24] [INFO] ===XUNMA RESTURN:17132498505;
[2017-03-31 15:21:14] [INFO] ===XUNMA RESTURN:13398992494;
[2017-03-31 15:22:17] [INFO] ===XUNMA RESTURN:17089169773;
[2017-03-31 15:23:45] [INFO] ===XUNMA RESTURN:13064530786;
[2017-03-31 15:34:52] [INFO] ===XUNMA RESTURN:False:Session 过期
[2017-03-31 15:34:57] [INFO] ===XUNMA RESTURN:13020947087;
[2017-03-31 15:35:58] [INFO] ===XUNMA RESTURN:17089804551;
[2017-03-31 15:37:35] [INFO] ===XUNMA RESTURN:18066304682;
[2017-03-31 15:41:01] [INFO] ===XUNMA RESTURN:17192334276;
[2017-03-31 15:42:56] [INFO] ===XUNMA RESTURN:18820342809;
[2017-03-31 15:44:57] [INFO] ===XUNMA RESTURN:17095791443;
[2017-03-31 15:56:50] [INFO] ===XUNMA RESTURN:False:Session 过期
[2017-03-31 15:56:55] [INFO] ===XUNMA RESTURN:15817779136;
[2017-03-31 15:59:00] [INFO] ===XUNMA RESTURN:17184192770;
[2017-03-31 16:00:45] [INFO] ===XUNMA RESTURN:13020943503;
[2017-03-31 16:03:21] [INFO] ===XUNMA RESTURN:15992239417;
[2017-03-31 20:36:08] [INFO] ===XUNMA RESTURN:False:Session 过期
[2017-03-31 20:36:12] [INFO] ===XUNMA RESTURN:13064531852;
[2017-03-31 20:38:00] [INFO] ===XUNMA RESTURN:13020940293;
[2017-03-31 21:01:58] [INFO] ===XUNMA RESTURN:False:Session 过期
[2017-03-31 21:02:02] [INFO] ===XUNMA RESTURN:13064515852;
[2017-03-31 21:05:08] [INFO] ===XUNMA RESTURN:13075784964;
