[2017-10-20 20:14:35] [INFO] itemcode_7581
[2017-10-20 20:14:35] [INFO] token_rUGcaOdXS6qIRVY94RpIPRrxsU45zw21
[2017-10-20 20:14:35] [INFO] ===XUNMA RESTURN:False:Session 过期
[2017-10-20 20:14:39] [INFO] itemcode_7581
[2017-10-20 20:14:39] [INFO] token_7NXpO3schMowBdal7NFlrh6xnoLYzM70
[2017-10-20 20:14:39] [INFO] ===XUNMA RESTURN:17031012150;
[2017-10-20 20:14:52] [INFO] 开始获取验证码：17031012150, qq_contact_bind
[2017-10-20 20:14:55] [INFO] 收到消息：NOTION&单笔充值满 50元送 5%单笔充值满100元送10%自动赠送！上不封顶！-------------------------运营商选择  移动、联通或电信，不会出17号段-------------------------平台号码收到短信扣费,收不到短信不会扣费。[End]
[2017-10-20 20:14:55] [INFO] 切分消息：NOTION&单笔充值满 50元送 5%单笔充值满100元送10%自动赠送！上不封顶！-------------------------运营商选择  移动、联通或电信，不会出17号段-------------------------平台号码收到短信扣费,收不到短信不会扣费。
[2017-10-20 20:14:58] [INFO] 收到消息：Null
[2017-10-20 20:14:58] [INFO] 切分消息：Null
[2017-10-20 20:15:01] [INFO] 收到消息：Null
[2017-10-20 20:15:01] [INFO] 切分消息：Null
[2017-10-20 20:15:04] [INFO] 收到消息：Null
[2017-10-20 20:15:04] [INFO] 切分消息：Null
[2017-10-20 20:15:07] [INFO] 收到消息：Null
[2017-10-20 20:15:07] [INFO] 切分消息：Null
[2017-10-20 20:15:11] [INFO] 收到消息：Null
[2017-10-20 20:15:11] [INFO] 切分消息：Null
[2017-10-20 20:15:14] [INFO] 收到消息：Null
[2017-10-20 20:15:14] [INFO] 切分消息：Null
[2017-10-20 20:15:17] [INFO] 收到消息：Null
[2017-10-20 20:15:17] [INFO] 切分消息：Null
[2017-10-20 20:15:20] [INFO] 收到消息：Null
[2017-10-20 20:15:20] [INFO] 切分消息：Null
[2017-10-20 20:15:23] [INFO] 收到消息：Null
[2017-10-20 20:15:23] [INFO] 切分消息：Null
[2017-10-20 20:15:26] [INFO] 收到消息：Null
[2017-10-20 20:15:26] [INFO] 切分消息：Null
[2017-10-20 20:15:29] [INFO] 收到消息：MSG&7581&17031012150&【腾讯科技】3376 (手机QQ短信验证码，正在启用通讯录功能。为了保证帐号安全，请勿向他人泄漏。如非本人操作，请忽略。）[End]
[2017-10-20 20:15:29] [INFO] 切分消息：MSG&7581&17031012150&【腾讯科技】3376 (手机QQ短信验证码，正在启用通讯录功能。为了保证帐号安全，请勿向他人泄漏。如非本人操作，请忽略。）
[2017-10-20 20:15:29] [INFO] KEY: verify_code_7581_17031012150, Code: 3376
[2017-10-21 19:54:09] [INFO] itemcode_7581
[2017-10-21 19:54:09] [INFO] token_Fki50JwfnWHi9NdbIEDHUwOqLDUJ3B7
[2017-10-21 19:54:09] [INFO] ===XUNMA RESTURN:False:Session 过期
[2017-10-21 19:54:13] [INFO] itemcode_7581
[2017-10-21 19:54:13] [INFO] token_eus6GQc6E7HdvfQTVN0JNnMEnG861046
[2017-10-21 19:54:14] [INFO] ===XUNMA RESTURN:17154492530;
[2017-10-21 19:54:24] [INFO] 开始获取验证码：17154492530, qq_contact_bind
[2017-10-21 19:54:27] [INFO] 收到消息：NOTION&单笔充值满 50元送 5%单笔充值满100元送10%自动赠送！上不封顶！-------------------------运营商选择  移动、联通或电信，不会出17号段-------------------------平台号码收到短信扣费,收不到短信不会扣费。[End]
[2017-10-21 19:54:27] [INFO] 切分消息：NOTION&单笔充值满 50元送 5%单笔充值满100元送10%自动赠送！上不封顶！-------------------------运营商选择  移动、联通或电信，不会出17号段-------------------------平台号码收到短信扣费,收不到短信不会扣费。
[2017-10-21 19:54:30] [INFO] 收到消息：MSG&7581&17154492530&3942 (手机QQ短信验证码，正在启用通讯录功能。为了保证帐号安全，请勿向他人泄漏。如非本人操作，请忽略。）【腾讯科技】[End]
[2017-10-21 19:54:30] [INFO] 切分消息：MSG&7581&17154492530&3942 (手机QQ短信验证码，正在启用通讯录功能。为了保证帐号安全，请勿向他人泄漏。如非本人操作，请忽略。）【腾讯科技】
[2017-10-21 19:54:30] [INFO] KEY: verify_code_7581_17154492530, Code: 3942
[2017-10-21 20:41:48] [INFO] itemcode_7581
[2017-10-21 20:41:48] [INFO] token_7NXpO3schMowBdal7NFlrh6xnoLYzM70
[2017-10-21 20:41:48] [INFO] ===XUNMA RESTURN:False:Session 过期
[2017-10-21 20:41:52] [INFO] itemcode_7581
[2017-10-21 20:41:52] [INFO] token_LUSrCoe5DqNJ4WRSoeQUbZq5732LFu38
[2017-10-21 20:41:52] [INFO] ===XUNMA RESTURN:17073174338;
[2017-10-21 20:42:03] [INFO] 开始获取验证码：17073174338, qq_contact_bind
[2017-10-21 20:42:06] [INFO] 收到消息：NOTION&单笔充值满 50元送 5%单笔充值满100元送10%自动赠送！上不封顶！-------------------------运营商选择  移动、联通或电信，不会出17号段-------------------------平台号码收到短信扣费,收不到短信不会扣费。[End]
[2017-10-21 20:42:06] [INFO] 切分消息：NOTION&单笔充值满 50元送 5%单笔充值满100元送10%自动赠送！上不封顶！-------------------------运营商选择  移动、联通或电信，不会出17号段-------------------------平台号码收到短信扣费,收不到短信不会扣费。
[2017-10-21 20:42:10] [INFO] 收到消息：Null
[2017-10-21 20:42:10] [INFO] 切分消息：Null
[2017-10-21 20:42:13] [INFO] 收到消息：Null
[2017-10-21 20:42:13] [INFO] 切分消息：Null
[2017-10-21 20:42:17] [INFO] 收到消息：Null
[2017-10-21 20:42:17] [INFO] 切分消息：Null
[2017-10-21 20:42:20] [INFO] 收到消息：Null
[2017-10-21 20:42:20] [INFO] 切分消息：Null
[2017-10-21 20:42:23] [INFO] 收到消息：MSG&7581&17073174338&6753（手机营业厅短信验证码，正在绑定手机营业厅。为了保证账号安全，请勿向他人泄露。如非本人操作，请忽略。）【腾讯科技】[End]
[2017-10-21 20:42:23] [INFO] 切分消息：MSG&7581&17073174338&6753（手机营业厅短信验证码，正在绑定手机营业厅。为了保证账号安全，请勿向他人泄露。如非本人操作，请忽略。）【腾讯科技】
[2017-10-21 20:42:23] [INFO] KEY: verify_code_7581_17073174338, Code: 6753
[2017-10-22 19:28:05] [INFO] itemcode_7581
[2017-10-22 19:28:05] [INFO] token_xbqGtGkCPWU3f7pM6moS9hHovcXerb26
[2017-10-22 19:28:05] [INFO] ===XUNMA RESTURN:False:Session 过期
[2017-10-22 19:28:09] [INFO] itemcode_7581
[2017-10-22 19:28:09] [INFO] token_AhR1T9qD3o0JEC7Ij5AXECNKUAJ9vY37
[2017-10-22 19:28:09] [INFO] ===XUNMA RESTURN:18316594048;
[2017-10-22 19:28:21] [INFO] 开始获取验证码：18316594048, qq_contact_bind
[2017-10-22 19:28:24] [INFO] 收到消息：NOTION&单笔充值满 50元送 5%单笔充值满100元送10%自动赠送！上不封顶！-------------------------运营商选择  移动、联通或电信，不会出17号段-------------------------平台号码收到短信扣费,收不到短信不会扣费。[End]
[2017-10-22 19:28:24] [INFO] 切分消息：NOTION&单笔充值满 50元送 5%单笔充值满100元送10%自动赠送！上不封顶！-------------------------运营商选择  移动、联通或电信，不会出17号段-------------------------平台号码收到短信扣费,收不到短信不会扣费。
[2017-10-22 19:28:27] [INFO] 收到消息：Null
[2017-10-22 19:28:27] [INFO] 切分消息：Null
[2017-10-22 19:28:30] [INFO] 收到消息：Null
[2017-10-22 19:28:30] [INFO] 切分消息：Null
[2017-10-22 19:28:33] [INFO] 收到消息：MSG&7581&18316594048&【腾讯科技】2227（手机营业厅短信验证码，正在绑定手机营业厅。为了保证账号安全，请勿向他人泄露。如非本人操作，请忽略。）[End]
[2017-10-22 19:28:33] [INFO] 切分消息：MSG&7581&18316594048&【腾讯科技】2227（手机营业厅短信验证码，正在绑定手机营业厅。为了保证账号安全，请勿向他人泄露。如非本人操作，请忽略。）
[2017-10-22 19:28:33] [INFO] KEY: verify_code_7581_18316594048, Code: 2227
[2017-10-22 19:30:16] [INFO] itemcode_7581
[2017-10-22 19:30:16] [INFO] token_AhR1T9qD3o0JEC7Ij5AXECNKUAJ9vY37
[2017-10-22 19:30:16] [INFO] ===XUNMA RESTURN:17042919243;
[2017-10-22 19:30:27] [INFO] 开始获取验证码：17042919243, qq_contact_bind
[2017-10-22 19:30:30] [INFO] 收到消息：USER&79.451&500&3000&1500&0.8&18.929[End]
[2017-10-22 19:30:30] [INFO] 切分消息：USER&79.451&500&3000&1500&0.8&18.929
[2017-10-22 19:30:34] [INFO] 收到消息：Null
[2017-10-22 19:30:34] [INFO] 切分消息：Null
[2017-10-22 19:30:37] [INFO] 收到消息：Null
[2017-10-22 19:30:37] [INFO] 切分消息：Null
[2017-10-22 19:30:40] [INFO] 收到消息：MSG&7581&17042919243&【腾讯科技】3560 (手机QQ短信验证码，正在启用通讯录功能。为了保证帐号安全，请勿向他人泄漏。如非本人操作，请忽略。）[End]
[2017-10-22 19:30:40] [INFO] 切分消息：MSG&7581&17042919243&【腾讯科技】3560 (手机QQ短信验证码，正在启用通讯录功能。为了保证帐号安全，请勿向他人泄漏。如非本人操作，请忽略。）
[2017-10-22 19:30:40] [INFO] KEY: verify_code_7581_17042919243, Code: 3560
[2017-10-25 13:53:40] [INFO] itemcode_7581
[2017-10-25 13:53:40] [INFO] token_j1O5ZeThSnqVzU8gpHvYV8TjmBWOG075
[2017-10-25 13:53:40] [INFO] ===XUNMA RESTURN:False:Session 过期
[2017-10-25 13:53:44] [INFO] itemcode_7581
[2017-10-25 13:53:44] [INFO] token_KQUqUVj4ZFcds51Ie7tx4zsil0J8tr20
[2017-10-25 13:53:44] [INFO] ===XUNMA RESTURN:15282890394;
[2017-10-25 13:53:56] [INFO] 开始获取验证码：15282890394, qq_contact_bind
[2017-10-25 13:53:59] [INFO] 收到消息：NOTION&单笔充值满 50元送 5%单笔充值满100元送10%自动赠送！上不封顶！-------------------------运营商选择  移动、联通或电信，不会出17号段-------------------------平台号码收到短信扣费,收不到短信不会扣费。[End]
[2017-10-25 13:53:59] [INFO] 切分消息：NOTION&单笔充值满 50元送 5%单笔充值满100元送10%自动赠送！上不封顶！-------------------------运营商选择  移动、联通或电信，不会出17号段-------------------------平台号码收到短信扣费,收不到短信不会扣费。
[2017-10-25 13:54:02] [INFO] 收到消息：Null
[2017-10-25 13:54:02] [INFO] 切分消息：Null
[2017-10-25 13:54:05] [INFO] 收到消息：MSG&7581&15282890394&【腾讯科技】3140 (手机QQ短信验证码，正在启用通讯录功能。为了保证帐号安全，请勿向他人泄漏。如非本人操作，请忽略。）[End]
[2017-10-25 13:54:05] [INFO] 切分消息：MSG&7581&15282890394&【腾讯科技】3140 (手机QQ短信验证码，正在启用通讯录功能。为了保证帐号安全，请勿向他人泄漏。如非本人操作，请忽略。）
[2017-10-25 13:54:05] [INFO] KEY: verify_code_7581_15282890394, Code: 3140
[2018-04-04 15:55:08] [INFO] itemcode_7581
[2018-04-04 15:55:08] [INFO] token_f2SfwFlVCTR4wk7A3nU94CHRQBCegU50
[2018-04-04 15:55:08] [INFO] ===XUNMA RESTURN:False:Session 过期
[2018-04-04 15:55:13] [INFO] itemcode_7581
[2018-04-04 15:55:13] [INFO] token_0JClYsdEK5l4JtTZEFlodkURlODgH972
[2018-04-04 15:55:13] [INFO] ===XUNMA RESTURN:15719475609;
[2018-04-04 15:55:22] [INFO] 开始获取验证码：15719475609, qq_contact_bind
[2018-04-04 15:55:26] [INFO] 收到消息：NOTION&单笔充值满 50元送 5%单笔充值满100元送10%自动赠送！上不封顶！-------------------------运营商选择 移动、联通或电信，不会出17号段-------------------------QQ群：153808516　-------------------------[End]
[2018-04-04 15:55:26] [INFO] 切分消息：NOTION&单笔充值满 50元送 5%单笔充值满100元送10%自动赠送！上不封顶！-------------------------运营商选择 移动、联通或电信，不会出17号段-------------------------QQ群：153808516　-------------------------
[2018-04-04 15:55:29] [INFO] 收到消息：Null
[2018-04-04 15:55:29] [INFO] 切分消息：Null
[2018-04-04 15:55:32] [INFO] 收到消息：MSG&7581&15719475609&【腾讯科技】7884 (手机QQ短信验证码，正在启用通讯录功能。为了保证帐号安全，请勿向他人泄漏。如非本人操作，请忽略。）[End]
[2018-04-04 15:55:32] [INFO] 切分消息：MSG&7581&15719475609&【腾讯科技】7884 (手机QQ短信验证码，正在启用通讯录功能。为了保证帐号安全，请勿向他人泄漏。如非本人操作，请忽略。）
[2018-04-04 15:55:32] [INFO] KEY: verify_code_7581_15719475609, Code: 7884
[2018-04-08 16:23:47] [INFO] itemcode_7581
[2018-04-08 16:23:47] [INFO] token_0JClYsdEK5l4JtTZEFlodkURlODgH972
[2018-04-08 16:23:48] [INFO] ===XUNMA RESTURN:False:Session 过期
[2018-04-08 16:23:52] [INFO] itemcode_7581
[2018-04-08 16:23:52] [INFO] token_EvHbcoHGYzMdr592XuzmaYrFGRhmkl55
[2018-04-08 16:23:52] [INFO] ===XUNMA RESTURN:15084295587;
[2018-04-08 16:24:03] [INFO] 开始获取验证码：15084295587, qq_contact_bind
[2018-04-08 16:24:06] [INFO] 收到消息：NOTION&单笔充值满 50元送 5%单笔充值满100元送10%自动赠送！上不封顶！-------------------------运营商选择 移动、联通或电信，不会出17号段-------------------------QQ群：375101321　-------------------------[End]
[2018-04-08 16:24:06] [INFO] 切分消息：NOTION&单笔充值满 50元送 5%单笔充值满100元送10%自动赠送！上不封顶！-------------------------运营商选择 移动、联通或电信，不会出17号段-------------------------QQ群：375101321　-------------------------
[2018-04-08 16:24:10] [INFO] 收到消息：Null
[2018-04-08 16:24:10] [INFO] 切分消息：Null
[2018-04-08 16:24:13] [INFO] 收到消息：Null
[2018-04-08 16:24:13] [INFO] 切分消息：Null
[2018-04-08 16:24:16] [INFO] 收到消息：Null
[2018-04-08 16:24:16] [INFO] 切分消息：Null
[2018-04-08 16:24:19] [INFO] 收到消息：Null
[2018-04-08 16:24:19] [INFO] 切分消息：Null
[2018-04-08 16:24:22] [INFO] 收到消息：Null
[2018-04-08 16:24:22] [INFO] 切分消息：Null
[2018-04-08 16:24:25] [INFO] 收到消息：Null
[2018-04-08 16:24:25] [INFO] 切分消息：Null
[2018-04-08 16:24:28] [INFO] 收到消息：Null
[2018-04-08 16:24:28] [INFO] 切分消息：Null
[2018-04-08 16:24:31] [INFO] 收到消息：Null
[2018-04-08 16:24:31] [INFO] 切分消息：Null
[2018-04-08 16:24:34] [INFO] 收到消息：Null
[2018-04-08 16:24:34] [INFO] 切分消息：Null
[2018-04-08 16:24:37] [INFO] 收到消息：Null
[2018-04-08 16:24:37] [INFO] 切分消息：Null
[2018-04-08 16:24:41] [INFO] 收到消息：Null
[2018-04-08 16:24:41] [INFO] 切分消息：Null
[2018-04-08 16:24:44] [INFO] 收到消息：Null
[2018-04-08 16:24:44] [INFO] 切分消息：Null
[2018-04-08 16:24:47] [INFO] 收到消息：Null
[2018-04-08 16:24:47] [INFO] 切分消息：Null
[2018-04-08 16:24:50] [INFO] 收到消息：Null
[2018-04-08 16:24:50] [INFO] 切分消息：Null
[2018-04-08 16:24:53] [INFO] 收到消息：Null
[2018-04-08 16:24:53] [INFO] 切分消息：Null
[2018-04-08 16:24:56] [INFO] 收到消息：Null
[2018-04-08 16:24:56] [INFO] 切分消息：Null
[2018-04-08 16:24:59] [INFO] 收到消息：Null
[2018-04-08 16:24:59] [INFO] 切分消息：Null
[2018-04-08 16:25:02] [INFO] 收到消息：Null
[2018-04-08 16:25:02] [INFO] 切分消息：Null
[2018-04-08 16:28:45] [INFO] itemcode_7581
[2018-04-08 16:28:45] [INFO] token_EvHbcoHGYzMdr592XuzmaYrFGRhmkl55
[2018-04-08 16:28:45] [INFO] ===XUNMA RESTURN:15708432945;
[2018-04-08 16:28:56] [INFO] 开始获取验证码：15708432945, qq_contact_bind
[2018-04-08 16:28:59] [INFO] 收到消息：Null
[2018-04-08 16:28:59] [INFO] 切分消息：Null
[2018-04-08 16:29:02] [INFO] 收到消息：Null
[2018-04-08 16:29:02] [INFO] 切分消息：Null
[2018-04-08 16:29:05] [INFO] 收到消息：MSG&7581&15708432945&【腾讯科技】5668 (手机QQ短信验证码，正在启用通讯录功能。为了保证帐号安全，请勿向他人泄漏。如非本人操作，请忽略。）[End]
[2018-04-08 16:29:05] [INFO] 切分消息：MSG&7581&15708432945&【腾讯科技】5668 (手机QQ短信验证码，正在启用通讯录功能。为了保证帐号安全，请勿向他人泄漏。如非本人操作，请忽略。）
[2018-04-08 16:29:05] [INFO] KEY: verify_code_7581_15708432945, Code: 5668
