[2017-02-12 16:59:22] [INFO] ===XUNMA RESTURN:13182994585;13218022546;13182994383;13182994823;13182976546;13182994120;13182991240;13218045119;13182981478;13182994526;
[2017-02-12 22:09:33] [INFO] ===XUNMA RESTURN:13026240217;13026240216;13026244714;13026240249;13026240912;13026242621;13026240268;13026244861;13026240797;13026240207;
[2017-02-12 22:10:45] [INFO] ===XUNMA RESTURN:17077756292;17086245795;17086243977;17086245689;17092873930;17086245794;17089160153;17086243994;17086243912;17086245817;
[2017-02-13 10:41:18] [INFO] ===XUNMA RESTURN:13064511067;13064513110;13064513112;13064513632;13064513115;13064513635;13064513116;13064513637;13064513117;13064513119;
[2017-02-13 10:43:11] [INFO] ===XUNMA RESTURN:13075794221;13075792476;13075797426;13075768649;13075795847;13075784335;13075789640;13075799546;13075798346;13075789947;
[2017-02-13 10:45:38] [INFO] ===XUNMA RESTURN:13064529625;13064528972;13064528973;13064529020;13064531792;13064531791;13064529623;13064529030;13064529635;13064528032;
[2017-02-13 11:07:37] [INFO] ===XUNMA RESTURN:17082464069;17082464480;17082463942;17082464026;17082463707;17084032786;17082463911;17082464020;17082463960;17082464014;
[2017-02-13 14:17:03] [INFO] ===XUNMA RESTURN:17070283548;17070282473;17070281847;17070281645;17070280164;17070282491;17070280940;17070284514;17070284697;17070282453;
[2017-02-20 09:38:43] [INFO] ===XUNMA RESTURN:17186742074;17191593704;17191593643;17186743409;17191596475;17186744928;17186742461;17186742384;17186743463;17186742348;
[2017-02-20 09:41:00] [INFO] ===XUNMA RESTURN:15579487445;13247058906;13257072446;15697878406;13170977784;13170977490;13097311148;13170841023;13097311478;13177764872;
[2017-02-20 13:46:28] [INFO] ===XUNMA RESTURN:17082912339;17082456738;17072283125;
[2017-02-20 13:47:57] [INFO] ===XUNMA RESTURN:13236444209;13235245747;13236444203;
[2017-03-02 15:04:00] [INFO] ===XUNMA RESTURN:17082911039;
[2017-03-02 15:05:32] [INFO] ===XUNMA RESTURN:15112843814;
[2017-03-02 15:26:27] [INFO] ===XUNMA RESTURN:15818382031;
[2017-03-02 15:28:51] [INFO] ===XUNMA RESTURN:15917741024;
[2017-03-05 10:55:21] [INFO] ===XUNMA RESTURN:17077474369;
[2017-03-05 10:57:25] [INFO] ===XUNMA RESTURN:17089165564;
[2017-03-05 10:58:31] [INFO] ===XUNMA RESTURN:13713202663;
[2017-03-05 11:00:26] [INFO] ===XUNMA RESTURN:13064519773;
[2017-03-05 11:03:42] [INFO] ===XUNMA RESTURN:17198244420;
[2017-03-09 10:25:30] [INFO] ===XUNMA RESTURN:17076179925;
[2017-03-09 10:28:58] [INFO] ===XUNMA RESTURN:13075726243;
[2017-03-09 11:08:15] [INFO] ===XUNMA RESTURN:13064515132;
[2017-03-09 11:12:24] [INFO] ===XUNMA RESTURN:13094726020;
[2017-03-10 11:05:17] [INFO] ===XUNMA RESTURN:18344426154;
[2017-03-10 11:07:22] [INFO] ===XUNMA RESTURN:13697428713;
[2017-03-19 21:13:53] [INFO] ===XUNMA RESTURN:13094707553;13094736339;13094737232;13094715960;13091949773;13094723380;13094723586;13094705219;13094703175;13094739093;
[2017-03-19 21:16:40] [INFO] ===XUNMA RESTURN:13064512059;13064522879;13064522883;13064522909;13064522890;13064522860;13064512057;13064512056;13064518115;13064512052;
[2017-03-19 21:30:56] [INFO] ===XUNMA RESTURN:18802617736;13790161561;13790104568;13790285711;18825734590;18825777313;15818461976;18825733891;18312049321;15818391649;
[2017-03-19 21:44:51] [INFO] ===XUNMA RESTURN:15118277295;15118236929;15118372093;15118394871;15112800330;15118364753;15118249171;15118227699;15118254517;15112839700;
[2017-03-20 21:54:10] [INFO] ===XUNMA RESTURN:False:Session 过期
[2017-03-20 21:54:14] [INFO] ===XUNMA RESTURN:13094733986;13094735082;13094706282;13094706156;13094706383;13094706597;13094730850;13094730353;13094729732;13094729631;
[2017-03-21 18:05:03] [INFO] ===XUNMA RESTURN:17070274509;17080947581;17080947967;17070276489;17080942196;17070277249;17099753443;17089807884;17080948547;17080947827;
[2017-03-23 15:31:14] [INFO] ===SERVER RESTURN:1|17132016744
[2017-03-23 15:33:40] [INFO] ===SERVER RESTURN:1|17089507379
[2017-03-23 15:35:13] [INFO] ===SERVER RESTURN:1|15841977085
