[2017-02-20 10:22:25] [INFO] ===XUNMA RESTURN:13195499321;13045535672;13045535078;
[2017-02-20 10:22:35] [INFO] ===XUNMA RESTURN:13182994060;13182994150;13182994285;
[2017-02-20 10:22:46] [INFO] ===XUNMA RESTURN:17131895841;17131894864;17131895475;
[2017-02-20 10:22:57] [INFO] ===XUNMA RESTURN:17186744150;17186744622;17186744874;
[2017-02-20 10:31:21] [INFO] ===XUNMA RESTURN:13075794953;13075764814;13075766401;
[2017-02-20 10:35:37] [INFO] ===XUNMA RESTURN:13033264153;13197979418;13177749363;
[2017-02-20 10:41:53] [INFO] ===XUNMA RESTURN:17095793152;17094588197;17099075615;
[2017-02-20 10:43:57] [INFO] ===XUNMA RESTURN:15656648944;15656649254;15656649044;
[2017-02-20 10:44:50] [INFO] ===XUNMA RESTURN:13222721314;13218495069;13218074742;
[2017-02-20 10:45:10] [INFO] ===XUNMA RESTURN:15728174332;15718339448;15728714249;
[2017-02-20 10:45:35] [INFO] ===XUNMA RESTURN:13091940927;13091941565;13091941279;
[2017-02-20 10:45:55] [INFO] ===XUNMA RESTURN:13532596412;13532568642;13532391218;
[2017-02-20 10:56:44] [INFO] ===XUNMA RESTURN:13091940927;13091941565;13091941279;
[2017-02-20 10:57:04] [INFO] ===XUNMA RESTURN:13173537245;13175604927;13175604939;
[2017-02-20 10:57:23] [INFO] ===XUNMA RESTURN:13091942805;13091942792;13091942771;
[2017-02-20 11:00:16] [INFO] ===XUNMA RESTURN:17097074944;17198251324;17097075668;
[2017-02-20 11:00:36] [INFO] ===XUNMA RESTURN:13047715593;13047715485;13047714959;
[2017-02-20 11:01:40] [INFO] ===XUNMA RESTURN:18668788954;18668788497;18668790684;
[2017-02-20 11:02:05] [INFO] ===XUNMA RESTURN:13222432874;13222440275;13236539547;
[2017-02-20 11:02:25] [INFO] ===XUNMA RESTURN:13156642185;13156647805;13156648783;
[2017-02-20 11:02:45] [INFO] ===XUNMA RESTURN:13182994136;13182994693;13182994357;
[2017-02-20 11:03:09] [INFO] ===XUNMA RESTURN:15217363096;15217536233;15728719990;
[2017-02-20 11:03:28] [INFO] ===XUNMA RESTURN:15656648944;15656649254;15656649044;
[2017-02-20 11:03:48] [INFO] ===XUNMA RESTURN:13225661434;15656649344;15656648904;
[2017-02-20 11:04:08] [INFO] ===XUNMA RESTURN:13064515137;13064515139;13064515150;
[2017-02-20 11:04:28] [INFO] ===XUNMA RESTURN:15656614084;15656614124;15656614549;
[2017-02-20 11:04:49] [INFO] ===XUNMA RESTURN:13047556116;13047551517;13047556723;
[2017-02-20 11:05:09] [INFO] ===XUNMA RESTURN:13064525909;13064525910;13064525912;
[2017-02-20 11:05:30] [INFO] ===XUNMA RESTURN:13064511005;13064511002;13064511003;
[2017-02-20 11:05:50] [INFO] ===XUNMA RESTURN:13064523250;13064523173;13064512316;
[2017-02-20 11:06:11] [INFO] ===XUNMA RESTURN:13106134569;13173501646;13173500747;
[2017-02-20 13:17:41] [INFO] ===XUNMA RESTURN:13106104195;13106134296;13106134376;
[2017-02-20 13:18:01] [INFO] ===XUNMA RESTURN:13173515641;13106184935;13106184942;
[2017-02-20 13:18:26] [INFO] ===XUNMA RESTURN:17070605378;17070605351;17070609339;
[2017-02-20 13:18:45] [INFO] ===XUNMA RESTURN:13197970472;15579484767;13177740773;
[2017-02-20 13:19:06] [INFO] ===XUNMA RESTURN:13173537245;13175604927;13175604939;
[2017-02-20 13:19:27] [INFO] ===XUNMA RESTURN:13798833196;13798722391;13729933921;
[2017-02-20 13:19:55] [INFO] ===XUNMA RESTURN:13064525667;13064525661;13064525662;
[2017-02-20 13:20:15] [INFO] ===XUNMA RESTURN:15217788331;15014778369;13729916453;
[2017-02-20 13:20:39] [INFO] ===XUNMA RESTURN:15913701580;15913772520;15913755530;
[2017-02-20 13:20:59] [INFO] ===XUNMA RESTURN:18668788486;13094736035;13094736302;
[2017-02-20 13:21:18] [INFO] ===XUNMA RESTURN:13094735250;13094702091;13094729751;
[2017-02-20 13:21:42] [INFO] ===XUNMA RESTURN:17075478709;17075478710;17075478712;
[2017-02-20 13:22:03] [INFO] ===XUNMA RESTURN:13236417625;13245280547;13222014482;
[2017-02-20 13:22:27] [INFO] ===XUNMA RESTURN:13140793918;13140785708;13032544698;
[2017-02-20 13:22:48] [INFO] ===XUNMA RESTURN:17082468142;17082468139;17082468059;
[2017-02-20 13:23:07] [INFO] ===XUNMA RESTURN:13222071145;13222071549;13222071547;
[2017-02-20 13:23:26] [INFO] ===XUNMA RESTURN:17094589793;17082910554;17092990242;
[2017-02-20 13:23:46] [INFO] ===XUNMA RESTURN:13064521650;13064521559;13064521651;
[2017-02-20 13:24:09] [INFO] ===XUNMA RESTURN:13033247545;13033246910;15679799464;
[2017-02-20 13:24:30] [INFO] ===XUNMA RESTURN:13197976247;13197976947;13184535642;
[2017-02-20 13:24:51] [INFO] ===XUNMA RESTURN:13156643612;13135498247;13135496064;
[2017-02-20 13:25:13] [INFO] ===XUNMA RESTURN:13729945628;13729947539;15014829199;
[2017-02-20 13:25:34] [INFO] ===XUNMA RESTURN:13091974314;13084618253;13084629689;
[2017-02-20 13:25:56] [INFO] ===XUNMA RESTURN:13106173145;13106172461;13106191114;
[2017-02-20 13:26:17] [INFO] ===XUNMA RESTURN:13222071649;13222071341;13222041503;
[2017-02-20 13:26:39] [INFO] ===XUNMA RESTURN:13177749474;13197973734;13177744965;
[2017-02-20 13:27:00] [INFO] ===XUNMA RESTURN:15679155060;13218029049;13182994902;
[2017-02-20 13:27:22] [INFO] ===XUNMA RESTURN:13144916779;13144996256;13144975285;
[2017-02-20 13:27:43] [INFO] ===XUNMA RESTURN:13106184223;13106184072;13106184740;
[2017-02-20 13:28:05] [INFO] ===XUNMA RESTURN:13235244657;13235244351;13040209410;
[2017-02-20 13:28:26] [INFO] ===XUNMA RESTURN:13097311440;13097310646;15579486124;
[2017-02-20 13:28:48] [INFO] ===XUNMA RESTURN:17131898064;17131898048;17131895254;
[2017-02-20 13:29:09] [INFO] ===XUNMA RESTURN:18668787243;18668789478;18668787324;
[2017-02-20 13:29:31] [INFO] ===XUNMA RESTURN:13047521991;13047568109;13047565693;
[2017-02-20 13:29:52] [INFO] ===XUNMA RESTURN:13094739017;13094725395;13094705509;
[2017-02-20 13:30:13] [INFO] ===XUNMA RESTURN:17099075570;17082912529;17092991036;
[2017-02-21 11:55:06] [INFO] ===XUNMA RESTURN:13094705157;13094725589;13094732663;
[2017-02-21 11:55:27] [INFO] ===XUNMA RESTURN:13064529825;13064529829;13064529859;
[2017-02-21 13:46:41] [INFO] ===XUNMA RESTURN:13047529051;13003422986;13003420539;
[2017-02-21 13:47:01] [INFO] ===XUNMA RESTURN:13094708996;13094709356;13094701831;
[2017-02-21 13:47:21] [INFO] ===XUNMA RESTURN:18668788497;18668790684;18668789346;
[2017-02-21 13:47:41] [INFO] ===XUNMA RESTURN:13064510836;13064510807;13064510810;
[2017-02-21 13:48:03] [INFO] ===XUNMA RESTURN:15728174332;13532556557;15718339448;
[2017-02-21 13:48:27] [INFO] ===XUNMA RESTURN:13064521650;13064521559;13064521651;
[2017-02-21 13:48:52] [INFO] ===XUNMA RESTURN:13094721053;13094721279;13094721260;
[2017-02-21 13:49:11] [INFO] ===XUNMA RESTURN:17072282199;17092990395;17099073262;
[2017-02-21 13:49:32] [INFO] ===XUNMA RESTURN:13215662147;15656637504;15656637814;
[2017-02-21 13:49:58] [INFO] ===XUNMA RESTURN:15728714249;13532475805;13713346614;
[2017-02-21 13:50:22] [INFO] ===XUNMA RESTURN:13075783421;13075789340;13075784914;
[2017-02-21 13:50:41] [INFO] ===XUNMA RESTURN:18316778972;18318318539;13713245766;
[2017-02-21 13:52:05] [INFO] ===XUNMA RESTURN:13064526026;13064526027;13064526007;
[2017-02-21 13:52:27] [INFO] ===XUNMA RESTURN:13064511580;13064511579;13064511576;
[2017-02-21 13:52:47] [INFO] ===XUNMA RESTURN:13713262096;13713232997;13713109175;
[2017-02-21 13:53:07] [INFO] ===XUNMA RESTURN:15876435014;15876432431;15876444187;
[2017-02-21 13:53:28] [INFO] ===XUNMA RESTURN:13094739017;13094725395;13094705509;
[2017-02-21 13:53:49] [INFO] ===XUNMA RESTURN:13106174621;13106174879;13106127741;
[2017-02-21 13:54:08] [INFO] ===XUNMA RESTURN:15645894579;13714726482;13149588343;
[2017-02-21 13:54:30] [INFO] ===XUNMA RESTURN:13222006943;13222047268;13245253648;
[2017-02-21 13:54:51] [INFO] ===XUNMA RESTURN:17072283354;17092125437;17094588210;
[2017-02-21 13:55:11] [INFO] ===XUNMA RESTURN:13094732925;13094723285;13094732970;
[2017-02-21 18:33:01] [INFO] ===XUNMA RESTURN:13140793918;13140785708;13032544698;
[2017-02-21 18:33:22] [INFO] ===XUNMA RESTURN:13064528083;13064528036;13064527985;
[2017-02-21 18:34:08] [INFO] ===XUNMA RESTURN:13064522885;13064520772;13064518775;
[2017-02-21 18:34:37] [INFO] ===XUNMA RESTURN:17072283602;17082457281;17092125763;
[2017-02-21 18:34:59] [INFO] ===XUNMA RESTURN:13064511216;13064511287;13064511286;
[2017-02-21 18:35:25] [INFO] ===XUNMA RESTURN:13106134931;13106134927;13173514096;
[2017-02-21 18:35:45] [INFO] ===XUNMA RESTURN:15658184329;15658159246;15658129748;
[2017-02-21 18:41:35] [INFO] ===XUNMA RESTURN:13064510313;13064510312;13064512179;
[2017-02-21 18:42:11] [INFO] ===XUNMA RESTURN:13091941280;13094727001;13091941383;
[2017-02-21 18:42:40] [INFO] ===XUNMA RESTURN:13094709682;13094710259;13094709907;
[2017-02-28 20:21:00] [INFO] ===XUNMA RESTURN:13047556169;
[2017-02-28 20:21:08] [INFO] ===XUNMA RESTURN:13094729767;
[2017-02-28 20:21:14] [INFO] ===XUNMA RESTURN:15718340273;
[2017-02-28 20:21:21] [INFO] ===XUNMA RESTURN:15112801519;
[2017-02-28 20:21:28] [INFO] ===XUNMA RESTURN:13135491745;
[2017-02-28 20:21:34] [INFO] ===XUNMA RESTURN:13798840233;
[2017-02-28 20:21:41] [INFO] ===XUNMA RESTURN:15118286531;
[2017-02-28 20:22:20] [INFO] ===XUNMA RESTURN:18668790451;
[2017-02-28 20:26:35] [INFO] ===XUNMA RESTURN:13064517367;
[2017-02-28 20:26:43] [INFO] ===XUNMA RESTURN:13064515756;
[2017-02-28 20:27:30] [INFO] ===XUNMA RESTURN:15724025857;
[2017-02-28 20:27:37] [INFO] ===XUNMA RESTURN:13106174979;
[2017-02-28 20:27:45] [INFO] ===XUNMA RESTURN:15989055272;
[2017-02-28 20:28:40] [INFO] ===XUNMA RESTURN:17031456760;
[2017-02-28 20:28:47] [INFO] ===XUNMA RESTURN:13175604070;
[2017-02-28 20:28:54] [INFO] ===XUNMA RESTURN:15816846569;
[2017-02-28 20:29:01] [INFO] ===XUNMA RESTURN:17031457087;
[2017-02-28 20:31:22] [INFO] ===XUNMA RESTURN:15728137416;
[2017-02-28 20:31:29] [INFO] ===XUNMA RESTURN:15728126158;
[2017-02-28 20:31:36] [INFO] ===XUNMA RESTURN:13064528083;
[2017-02-28 20:31:44] [INFO] ===XUNMA RESTURN:17072282605;
[2017-02-28 20:31:50] [INFO] ===XUNMA RESTURN:13094737219;
[2017-02-28 20:31:57] [INFO] ===XUNMA RESTURN:15975476256;
[2017-02-28 20:32:04] [INFO] ===XUNMA RESTURN:13144975926;
[2017-02-28 20:32:10] [INFO] ===XUNMA RESTURN:13725482093;
[2017-02-28 20:32:21] [INFO] ===XUNMA RESTURN:13064519912;
[2017-02-28 20:32:27] [INFO] ===XUNMA RESTURN:15914281503;
[2017-02-28 20:32:35] [INFO] ===XUNMA RESTURN:13064527986;
[2017-02-28 20:46:57] [INFO] ===XUNMA RESTURN:13094715962;
[2017-03-01 10:26:30] [INFO] ===XUNMA RESTURN:13094737219;
[2017-03-01 10:26:37] [INFO] ===XUNMA RESTURN:13094726892;
[2017-03-01 10:26:44] [INFO] ===XUNMA RESTURN:13106193467;
[2017-03-01 10:26:50] [INFO] ===XUNMA RESTURN:15920547913;
[2017-03-01 10:26:58] [INFO] ===XUNMA RESTURN:13064517036;
[2017-03-01 10:27:05] [INFO] ===XUNMA RESTURN:13173520547;
[2017-03-01 10:27:12] [INFO] ===XUNMA RESTURN:13729910504;
[2017-03-01 10:27:22] [INFO] ===XUNMA RESTURN:13094708627;
[2017-03-01 10:27:29] [INFO] ===XUNMA RESTURN:17094584156;
[2017-03-01 10:27:35] [INFO] ===XUNMA RESTURN:13064510786;
[2017-03-01 10:27:42] [INFO] ===XUNMA RESTURN:15975476906;
[2017-03-01 10:27:51] [INFO] ===XUNMA RESTURN:13013043579;
[2017-03-01 10:27:58] [INFO] ===XUNMA RESTURN:13094738665;
[2017-03-01 10:28:04] [INFO] ===XUNMA RESTURN:13094708171;
[2017-03-01 10:28:11] [INFO] ===XUNMA RESTURN:13570926155;
[2017-03-01 10:28:18] [INFO] ===XUNMA RESTURN:15914274172;
[2017-03-01 10:28:26] [INFO] ===XUNMA RESTURN:13195667214;
[2017-03-01 10:28:36] [INFO] ===XUNMA RESTURN:15992700564;
[2017-03-01 10:28:44] [INFO] ===XUNMA RESTURN:15975460908;
[2017-03-01 10:28:51] [INFO] ===XUNMA RESTURN:13106130042;
[2017-03-01 10:28:58] [INFO] ===XUNMA RESTURN:15724025857;
[2017-03-01 10:29:04] [INFO] ===XUNMA RESTURN:13094703087;
[2017-03-01 10:29:11] [INFO] ===XUNMA RESTURN:15920321451;
[2017-03-01 10:29:22] [INFO] ===XUNMA RESTURN:13729935029;
[2017-03-01 10:29:29] [INFO] ===XUNMA RESTURN:13075794443;
[2017-03-01 10:29:35] [INFO] ===XUNMA RESTURN:13064511603;
[2017-03-01 10:29:42] [INFO] ===XUNMA RESTURN:13075766462;
[2017-03-01 10:29:49] [INFO] ===XUNMA RESTURN:13064512582;
[2017-03-01 10:29:56] [INFO] ===XUNMA RESTURN:13106163431;
[2017-03-01 10:30:10] [INFO] ===XUNMA RESTURN:13064515756;
[2017-03-01 10:30:18] [INFO] ===XUNMA RESTURN:13064522881;
[2017-03-01 10:30:25] [INFO] ===XUNMA RESTURN:13084629873;
[2017-03-01 10:30:34] [INFO] ===XUNMA RESTURN:13064528083;
[2017-03-01 10:30:42] [INFO] ===XUNMA RESTURN:13045539381;
[2017-03-01 10:30:49] [INFO] ===XUNMA RESTURN:17174520433;
[2017-03-01 10:30:56] [INFO] ===XUNMA RESTURN:15920455025;
[2017-03-01 10:31:07] [INFO] ===XUNMA RESTURN:17086162274;
[2017-03-01 10:31:14] [INFO] ===XUNMA RESTURN:17094583575;
[2017-03-01 10:31:20] [INFO] ===XUNMA RESTURN:13091942163;
[2017-03-01 10:31:27] [INFO] ===XUNMA RESTURN:13067934735;
[2017-03-01 10:31:34] [INFO] ===XUNMA RESTURN:13713275016;
[2017-03-01 10:31:41] [INFO] ===XUNMA RESTURN:13218487851;
[2017-03-01 10:31:48] [INFO] ===XUNMA RESTURN:17093026839;
[2017-03-01 10:31:56] [INFO] ===XUNMA RESTURN:17094589849;
[2017-03-01 10:32:02] [INFO] ===XUNMA RESTURN:13064529825;
[2017-03-01 10:32:10] [INFO] ===XUNMA RESTURN:13064528582;
[2017-03-01 10:32:17] [INFO] ===XUNMA RESTURN:13064528997;
[2017-03-01 10:36:11] [INFO] ===XUNMA RESTURN:17093098060;
[2017-03-01 20:20:07] [INFO] ===XUNMA RESTURN:15718341545;
[2017-03-01 20:20:14] [INFO] ===XUNMA RESTURN:13075766462;
[2017-03-01 20:20:20] [INFO] ===XUNMA RESTURN:13094733739;
[2017-03-01 20:20:28] [INFO] ===XUNMA RESTURN:13064510786;
[2017-03-01 20:20:34] [INFO] ===XUNMA RESTURN:13245288342;
[2017-03-01 20:20:41] [INFO] ===XUNMA RESTURN:13064526026;
[2017-03-01 20:20:47] [INFO] ===XUNMA RESTURN:17093094287;
[2017-03-01 20:20:54] [INFO] ===XUNMA RESTURN:15118280371;
[2017-03-01 20:21:01] [INFO] ===XUNMA RESTURN:17082910458;
[2017-03-01 20:21:08] [INFO] ===XUNMA RESTURN:13064519865;
[2017-03-01 20:21:15] [INFO] ===XUNMA RESTURN:15920311741;
[2017-03-01 20:21:26] [INFO] ===XUNMA RESTURN:17198254798;
[2017-03-01 20:21:33] [INFO] ===XUNMA RESTURN:13173538242;
[2017-03-01 20:21:40] [INFO] ===XUNMA RESTURN:13094727163;
[2017-03-01 20:21:51] [INFO] ===XUNMA RESTURN:15656631564;
[2017-03-01 20:21:58] [INFO] ===XUNMA RESTURN:13173511740;
[2017-03-01 20:22:05] [INFO] ===XUNMA RESTURN:13094708075;
[2017-03-01 20:22:11] [INFO] ===XUNMA RESTURN:13106193467;
[2017-03-01 20:22:18] [INFO] ===XUNMA RESTURN:15975469553;
[2017-03-01 20:22:28] [INFO] ===XUNMA RESTURN:13170164104;
[2017-03-01 20:22:36] [INFO] ===XUNMA RESTURN:17099076220;
[2017-03-01 20:22:43] [INFO] ===XUNMA RESTURN:13751494704;
[2017-03-01 20:22:49] [INFO] ===XUNMA RESTURN:15986375207;
[2017-03-01 20:22:56] [INFO] ===XUNMA RESTURN:13094390031;
[2017-03-01 20:23:03] [INFO] ===XUNMA RESTURN:15918447781;
[2017-03-01 20:23:10] [INFO] ===XUNMA RESTURN:13045537833;
[2017-03-01 20:23:17] [INFO] ===XUNMA RESTURN:15989055272;
[2017-03-01 20:23:40] [INFO] 
[2017-03-01 20:23:40] [INFO] 
[2017-03-01 20:23:40] [INFO] 
[2017-03-01 20:23:40] [INFO] 
[2017-03-01 20:23:40] [INFO] 
[2017-03-01 20:23:40] [INFO] ===XUNMA RESTURN:False:Session 过期
[2017-03-01 20:23:45] [INFO] ===XUNMA RESTURN:15546657052;
[2017-03-01 20:23:51] [INFO] ===XUNMA RESTURN:13064519503;
[2017-03-01 20:23:58] [INFO] ===XUNMA RESTURN:13064511580;
[2017-03-01 20:24:04] [INFO] ===XUNMA RESTURN:13094730637;
[2017-03-01 20:24:11] [INFO] ===XUNMA RESTURN:13106181644;
[2017-03-01 20:24:17] [INFO] ===XUNMA RESTURN:15989055272;
[2017-03-01 20:24:24] [INFO] ===XUNMA RESTURN:13115193796;
[2017-03-01 20:24:30] [INFO] ===XUNMA RESTURN:13064511191;
[2017-03-01 20:24:37] [INFO] ===XUNMA RESTURN:17093023769;
[2017-03-01 20:24:48] [INFO] ===XUNMA RESTURN:15816848119;
[2017-03-01 20:24:55] [INFO] ===XUNMA RESTURN:13075780246;
[2017-03-01 20:25:02] [INFO] ===XUNMA RESTURN:13115177865;
[2017-03-01 20:25:09] [INFO] ===XUNMA RESTURN:15989148434;
[2017-03-01 20:25:15] [INFO] ===XUNMA RESTURN:15975456065;
[2017-03-01 20:25:23] [INFO] ===XUNMA RESTURN:13091947815;
[2017-03-01 20:25:30] [INFO] ===XUNMA RESTURN:13064510786;
[2017-03-01 20:25:37] [INFO] ===XUNMA RESTURN:13091947639;
[2017-03-01 20:25:43] [INFO] ===XUNMA RESTURN:17099074486;
[2017-03-01 20:25:55] [INFO] ===XUNMA RESTURN:13144986467;
[2017-03-01 20:26:02] [INFO] ===XUNMA RESTURN:13064518853;
[2017-03-01 20:26:08] [INFO] ===XUNMA RESTURN:15656647924;
[2017-03-01 20:26:16] [INFO] ===XUNMA RESTURN:13533404468;
[2017-03-01 20:26:23] [INFO] ===XUNMA RESTURN:15656631564;
[2017-03-01 20:26:30] [INFO] ===XUNMA RESTURN:13106154035;
[2017-03-01 20:26:37] [INFO] ===XUNMA RESTURN:13751421175;
[2017-03-01 20:26:44] [INFO] ===XUNMA RESTURN:13075783234;
[2017-03-01 20:26:51] [INFO] ===XUNMA RESTURN:13064517517;
[2017-03-01 20:26:59] [INFO] ===XUNMA RESTURN:13064525371;
[2017-03-01 20:27:09] [INFO] ===XUNMA RESTURN:13064511579;
[2017-03-01 20:27:16] [INFO] ===XUNMA RESTURN:13064518852;
[2017-03-01 20:27:23] [INFO] ===XUNMA RESTURN:15718439547;
[2017-03-01 20:27:34] [INFO] ===XUNMA RESTURN:15118209550;
[2017-03-01 20:27:40] [INFO] ===XUNMA RESTURN:18668788945;
[2017-03-01 20:27:48] [INFO] ===XUNMA RESTURN:13064510790;
[2017-03-01 20:27:55] [INFO] ===XUNMA RESTURN:13094728652;
[2017-03-01 20:28:03] [INFO] ===XUNMA RESTURN:13094716127;
[2017-03-01 20:28:10] [INFO] ===XUNMA RESTURN:17099074486;
[2017-03-02 10:17:06] [INFO] ===XUNMA RESTURN:13602298949;
[2017-03-02 10:17:13] [INFO] ===XUNMA RESTURN:13075766462;
[2017-03-02 10:17:20] [INFO] ===XUNMA RESTURN:13075783234;
[2017-03-02 10:17:26] [INFO] ===XUNMA RESTURN:17186894497;
[2017-03-02 10:17:33] [INFO] ===XUNMA RESTURN:15728711377;
[2017-03-02 10:17:39] [INFO] ===XUNMA RESTURN:15920455025;
[2017-03-02 10:17:50] [INFO] ===XUNMA RESTURN:15914274346;
[2017-03-02 10:17:57] [INFO] ===XUNMA RESTURN:13075792476;
[2017-03-02 10:18:04] [INFO] ===XUNMA RESTURN:13106198344;
[2017-03-02 10:18:10] [INFO] ===XUNMA RESTURN:13064511539;
[2017-03-02 10:18:18] [INFO] ===XUNMA RESTURN:13195496163;
[2017-03-02 10:18:25] [INFO] ===XUNMA RESTURN:13064512182;
[2017-03-02 10:18:32] [INFO] ===XUNMA RESTURN:13091946357;
[2017-03-02 10:18:39] [INFO] ===XUNMA RESTURN:17082910876;
[2017-03-02 10:18:45] [INFO] ===XUNMA RESTURN:13235247747;
[2017-03-02 10:18:53] [INFO] ===XUNMA RESTURN:15656614084;
[2017-03-02 10:19:00] [INFO] ===XUNMA RESTURN:13064510313;
[2017-03-02 10:19:07] [INFO] ===XUNMA RESTURN:13236442415;
[2017-03-02 10:19:14] [INFO] ===XUNMA RESTURN:15986375207;
[2017-03-02 10:19:21] [INFO] ===XUNMA RESTURN:15989274342;
[2017-03-02 10:19:28] [INFO] ===XUNMA RESTURN:13064531062;
[2017-03-02 10:19:35] [INFO] ===XUNMA RESTURN:13064521650;
[2017-03-02 10:19:46] [INFO] ===XUNMA RESTURN:13106174979;
[2017-03-02 10:19:53] [INFO] ===XUNMA RESTURN:17093027564;
[2017-03-02 10:20:00] [INFO] ===XUNMA RESTURN:13631407242;
[2017-03-02 10:20:12] [INFO] ===XUNMA RESTURN:18719361049;
[2017-03-02 10:20:23] [INFO] ===XUNMA RESTURN:13084618613;
[2017-03-02 10:20:30] [INFO] ===XUNMA RESTURN:13094701796;
[2017-03-02 10:20:37] [INFO] ===XUNMA RESTURN:13106193467;
[2017-03-02 10:20:44] [INFO] ===XUNMA RESTURN:13064511216;
[2017-03-02 10:20:52] [INFO] ===XUNMA RESTURN:13195490448;
[2017-03-02 10:25:22] [INFO] ===XUNMA RESTURN:17131895341;
[2017-03-02 10:25:29] [INFO] ===XUNMA RESTURN:13094739331;
[2017-03-02 10:25:35] [INFO] ===XUNMA RESTURN:13094711335;
[2017-03-02 10:25:42] [INFO] ===XUNMA RESTURN:13094716127;
[2017-03-02 10:25:49] [INFO] ===XUNMA RESTURN:17092125639;
[2017-03-02 10:25:56] [INFO] ===XUNMA RESTURN:15920455025;
[2017-03-02 10:26:07] [INFO] ===XUNMA RESTURN:13106172492;
[2017-03-02 10:26:13] [INFO] ===XUNMA RESTURN:13144974520;
[2017-03-02 10:26:20] [INFO] ===XUNMA RESTURN:13268476787;
[2017-03-02 10:26:28] [INFO] ===XUNMA RESTURN:15728126652;
[2017-03-02 10:26:35] [INFO] ===XUNMA RESTURN:18668790451;
[2017-03-02 10:26:43] [INFO] ===XUNMA RESTURN:13094738675;
[2017-03-02 10:26:49] [INFO] ===XUNMA RESTURN:13064528996;
[2017-03-02 10:26:56] [INFO] ===XUNMA RESTURN:13091942993;
[2017-03-02 10:27:02] [INFO] ===XUNMA RESTURN:13225666947;
[2017-03-02 10:27:13] [INFO] ===XUNMA RESTURN:13106198344;
[2017-03-02 10:27:20] [INFO] ===XUNMA RESTURN:13094716375;
[2017-03-02 10:27:26] [INFO] ===XUNMA RESTURN:13040226473;
[2017-03-02 10:27:33] [INFO] ===XUNMA RESTURN:15975476051;
[2017-03-02 10:27:39] [INFO] ===XUNMA RESTURN:13173511740;
[2017-03-02 10:27:51] [INFO] ===XUNMA RESTURN:13094722617;
[2017-03-02 10:27:58] [INFO] ===XUNMA RESTURN:13075764107;
[2017-03-02 10:28:06] [INFO] ===XUNMA RESTURN:13064519865;
[2017-03-02 10:28:13] [INFO] ===XUNMA RESTURN:15694634448;
[2017-03-02 10:28:20] [INFO] ===XUNMA RESTURN:13094735710;
[2017-03-02 10:28:27] [INFO] ===XUNMA RESTURN:13075766462;
[2017-03-02 15:47:24] [INFO] ===XUNMA RESTURN:13064515670;
[2017-03-02 15:47:35] [INFO] ===XUNMA RESTURN:13064525371;
[2017-03-02 15:47:46] [INFO] ===XUNMA RESTURN:13106130042;
[2017-03-02 15:47:53] [INFO] ===XUNMA RESTURN:15975479077;
[2017-03-02 15:48:00] [INFO] ===XUNMA RESTURN:13045530771;
[2017-03-02 15:48:11] [INFO] ===XUNMA RESTURN:13235246043;
[2017-03-02 15:48:19] [INFO] ===XUNMA RESTURN:17082910419;
[2017-03-02 15:48:28] [INFO] ===XUNMA RESTURN:13064525670;
[2017-03-02 15:48:35] [INFO] ===XUNMA RESTURN:15694632164;
[2017-03-02 15:48:42] [INFO] ===XUNMA RESTURN:17072283546;
[2017-03-02 15:48:49] [INFO] ===XUNMA RESTURN:13094707363;
[2017-03-02 15:48:56] [INFO] ===XUNMA RESTURN:13222071041;
[2017-03-02 15:49:03] [INFO] ===XUNMA RESTURN:17082912449;
[2017-03-02 15:49:09] [INFO] ===XUNMA RESTURN:13094723650;
[2017-03-02 15:49:16] [INFO] ===XUNMA RESTURN:13094738652;
[2017-03-02 15:49:22] [INFO] ===XUNMA RESTURN:13094390031;
[2017-03-02 15:49:30] [INFO] ===XUNMA RESTURN:13751478012;
[2017-03-02 15:49:37] [INFO] ===XUNMA RESTURN:13631407242;
[2017-03-02 15:49:47] [INFO] ===XUNMA RESTURN:13064525909;
[2017-03-02 15:49:55] [INFO] ===XUNMA RESTURN:13064523967;
[2017-03-02 15:50:01] [INFO] ===XUNMA RESTURN:13144974520;
[2017-03-02 15:50:08] [INFO] ===XUNMA RESTURN:18668789849;
[2017-03-02 15:50:15] [INFO] ===XUNMA RESTURN:15975390605;
[2017-03-02 15:50:26] [INFO] ===XUNMA RESTURN:13094737387;
[2017-03-02 15:50:37] [INFO] ===XUNMA RESTURN:15718341545;
[2017-03-02 15:50:43] [INFO] ===XUNMA RESTURN:13106168483;
[2017-03-02 15:50:50] [INFO] ===XUNMA RESTURN:13064530779;
[2017-03-02 15:51:01] [INFO] ===XUNMA RESTURN:13222059843;
[2017-03-02 15:51:07] [INFO] ===XUNMA RESTURN:13094722893;
[2017-03-02 15:51:15] [INFO] ===XUNMA RESTURN:13236443480;
[2017-03-02 15:51:21] [INFO] ===XUNMA RESTURN:13173560642;
[2017-03-02 15:51:29] [INFO] ===XUNMA RESTURN:17131898472;
[2017-03-02 15:51:35] [INFO] ===XUNMA RESTURN:15694634448;
[2017-03-02 15:51:42] [INFO] ===XUNMA RESTURN:13533248824;
[2017-03-02 15:51:49] [INFO] ===XUNMA RESTURN:17131897468;
[2017-03-02 15:51:56] [INFO] ===XUNMA RESTURN:15724017352;
[2017-03-02 15:52:02] [INFO] ===XUNMA RESTURN:18668788514;
[2017-03-02 15:52:09] [INFO] ===XUNMA RESTURN:13094711335;
[2017-03-02 15:52:15] [INFO] ===XUNMA RESTURN:13064525910;
[2017-03-02 15:52:23] [INFO] ===XUNMA RESTURN:13064511595;
[2017-03-02 15:52:30] [INFO] ===XUNMA RESTURN:13064511603;
[2017-03-02 15:52:38] [INFO] ===XUNMA RESTURN:13248947959;
[2017-03-02 15:52:45] [INFO] ===XUNMA RESTURN:17131896841;
[2017-03-02 15:52:52] [INFO] ===XUNMA RESTURN:17132499558;
[2017-03-02 15:52:59] [INFO] ===XUNMA RESTURN:15975476256;
[2017-03-02 15:53:06] [INFO] ===XUNMA RESTURN:13064521689;
[2017-03-02 15:53:12] [INFO] ===XUNMA RESTURN:15914250641;
[2017-03-02 15:53:19] [INFO] ===XUNMA RESTURN:13075780246;
[2017-03-02 15:53:25] [INFO] ===XUNMA RESTURN:13047566368;
[2017-03-02 15:53:32] [INFO] ===XUNMA RESTURN:18668788914;
[2017-03-02 15:53:38] [INFO] ===XUNMA RESTURN:13533571870;
[2017-03-02 15:53:46] [INFO] ===XUNMA RESTURN:13064520320;
[2017-03-02 15:53:53] [INFO] ===XUNMA RESTURN:13218495069;
[2017-03-02 15:54:00] [INFO] ===XUNMA RESTURN:15920547913;
[2017-03-02 15:54:07] [INFO] ===XUNMA RESTURN:13064529862;
[2017-03-02 15:54:14] [INFO] ===XUNMA RESTURN:13084619372;
[2017-03-02 15:54:20] [INFO] ===XUNMA RESTURN:15014793229;
[2017-03-02 15:54:27] [INFO] ===XUNMA RESTURN:13075794221;
[2017-03-02 15:54:35] [INFO] ===XUNMA RESTURN:15876951257;
[2017-03-02 15:55:46] [INFO] ===XUNMA RESTURN:15920316494;
[2017-03-02 15:55:53] [INFO] ===XUNMA RESTURN:13047565923;
[2017-03-02 20:16:34] [INFO] ===XUNMA RESTURN:17131894824;
[2017-03-02 20:16:41] [INFO] ===XUNMA RESTURN:13094702985;
[2017-03-02 20:16:47] [INFO] ===XUNMA RESTURN:13106164145;
[2017-03-02 20:16:54] [INFO] ===XUNMA RESTURN:15920836354;
[2017-03-02 20:17:01] [INFO] ===XUNMA RESTURN:13075794443;
[2017-03-02 20:17:08] [INFO] ===XUNMA RESTURN:15694632164;
[2017-03-02 20:17:15] [INFO] ===XUNMA RESTURN:17131897344;
[2017-03-02 20:17:22] [INFO] ===XUNMA RESTURN:18668788945;
[2017-03-02 20:17:29] [INFO] ===XUNMA RESTURN:13094738072;
[2017-03-02 20:17:36] [INFO] ===XUNMA RESTURN:15728719745;
[2017-03-02 20:17:43] [INFO] ===XUNMA RESTURN:13094711870;
[2017-03-02 20:17:50] [INFO] ===XUNMA RESTURN:15975390605;
[2017-03-02 20:18:00] [INFO] ===XUNMA RESTURN:13064531062;
[2017-03-02 20:18:07] [INFO] ===XUNMA RESTURN:13047563883;
[2017-03-02 20:18:13] [INFO] ===XUNMA RESTURN:13064527986;
[2017-03-02 20:18:35] [INFO] ===XUNMA RESTURN:13106174761;
[2017-03-02 20:18:41] [INFO] ===XUNMA RESTURN:13064525663;
[2017-03-02 20:18:48] [INFO] ===XUNMA RESTURN:13533571870;
[2017-03-02 20:18:55] [INFO] ===XUNMA RESTURN:13235274350;
[2017-03-02 20:19:03] [INFO] ===XUNMA RESTURN:15217234710;
[2017-03-02 20:19:09] [INFO] ===XUNMA RESTURN:13173520431;
[2017-03-02 20:19:16] [INFO] ===XUNMA RESTURN:13064523965;
[2017-03-02 20:19:24] [INFO] ===XUNMA RESTURN:13094710270;
[2017-03-02 20:19:34] [INFO] ===XUNMA RESTURN:13094733301;
[2017-03-02 20:19:41] [INFO] ===XUNMA RESTURN:15975549376;
[2017-03-02 20:19:49] [INFO] ===XUNMA RESTURN:13106124676;
[2017-03-02 20:19:56] [INFO] ===XUNMA RESTURN:13064526001;
[2017-03-02 20:20:07] [INFO] ===XUNMA RESTURN:17082912101;
[2017-03-02 20:20:15] [INFO] ===XUNMA RESTURN:13094707617;
[2017-03-02 20:20:21] [INFO] ===XUNMA RESTURN:17097076360;
[2017-03-02 20:20:28] [INFO] ===XUNMA RESTURN:13173518742;
[2017-03-02 20:20:34] [INFO] ===XUNMA RESTURN:15728447090;
[2017-03-02 20:20:42] [INFO] ===XUNMA RESTURN:17198259940;
[2017-03-02 20:20:49] [INFO] ===XUNMA RESTURN:13094701796;
[2017-03-02 20:20:56] [INFO] ===XUNMA RESTURN:13084619372;
[2017-03-02 20:21:03] [INFO] ===XUNMA RESTURN:13094710161;
[2017-03-02 20:21:10] [INFO] ===XUNMA RESTURN:13064531056;
[2017-03-02 20:21:16] [INFO] ===XUNMA RESTURN:15718340273;
[2017-03-02 20:21:23] [INFO] ===XUNMA RESTURN:13047551230;
[2017-03-02 20:21:30] [INFO] ===XUNMA RESTURN:13064531195;
[2017-03-02 20:21:36] [INFO] ===XUNMA RESTURN:15918401450;
[2017-03-02 20:21:48] [INFO] ===XUNMA RESTURN:13094728101;
[2017-03-02 20:21:55] [INFO] ===XUNMA RESTURN:13195495602;
[2017-03-02 20:22:02] [INFO] ===XUNMA RESTURN:13064510389;
[2017-03-02 20:22:09] [INFO] ===XUNMA RESTURN:13245297771;
[2017-03-02 20:22:15] [INFO] ===XUNMA RESTURN:13222058743;
[2017-03-02 20:22:22] [INFO] ===XUNMA RESTURN:13064513510;
[2017-03-02 20:22:29] [INFO] ===XUNMA RESTURN:15728681044;
[2017-03-02 20:22:40] [INFO] ===XUNMA RESTURN:13222071041;
[2017-03-02 20:22:47] [INFO] ===XUNMA RESTURN:15920311740;
[2017-03-02 20:22:54] [INFO] ===XUNMA RESTURN:17093021120;
[2017-03-02 20:23:02] [INFO] ===XUNMA RESTURN:15914275390;
[2017-03-02 20:23:09] [INFO] ===XUNMA RESTURN:15876951257;
[2017-03-03 10:22:33] [INFO] ===XUNMA RESTURN:15989055272;
[2017-03-03 10:22:41] [INFO] ===XUNMA RESTURN:17082912566;
[2017-03-03 10:22:47] [INFO] ===XUNMA RESTURN:13045539312;
[2017-03-03 10:22:54] [INFO] ===XUNMA RESTURN:15989058446;
[2017-03-03 10:23:01] [INFO] ===XUNMA RESTURN:13094717195;
[2017-03-03 10:23:09] [INFO] ===XUNMA RESTURN:13094706185;
[2017-03-03 10:23:15] [INFO] ===XUNMA RESTURN:13064511005;
[2017-03-03 10:23:23] [INFO] ===XUNMA RESTURN:13094732256;
[2017-03-03 10:23:30] [INFO] ===XUNMA RESTURN:13195494533;
[2017-03-03 10:23:38] [INFO] ===XUNMA RESTURN:13094733301;
[2017-03-03 10:23:45] [INFO] ===XUNMA RESTURN:13094396640;
[2017-03-03 10:23:52] [INFO] ===XUNMA RESTURN:18668789074;
[2017-03-03 10:23:59] [INFO] ===XUNMA RESTURN:13094736865;
[2017-03-03 10:24:06] [INFO] ===XUNMA RESTURN:17096443152;
[2017-03-03 10:24:13] [INFO] ===XUNMA RESTURN:13064525663;
[2017-03-03 10:24:19] [INFO] ===XUNMA RESTURN:13094733316;
[2017-03-03 10:24:27] [INFO] ===XUNMA RESTURN:18668788439;
[2017-03-03 10:24:35] [INFO] ===XUNMA RESTURN:13549345166;
[2017-03-03 10:24:41] [INFO] 
[2017-03-03 10:24:41] [INFO] 
[2017-03-03 10:24:41] [INFO] 
[2017-03-03 10:24:41] [INFO] 
[2017-03-03 10:24:41] [INFO] 
[2017-03-03 10:24:41] [INFO] 
[2017-03-03 10:24:41] [INFO] 
[2017-03-03 10:24:41] [INFO] 
[2017-03-03 10:24:41] [INFO] 
[2017-03-03 10:24:41] [INFO] 
[2017-03-03 10:24:41] [INFO] 
[2017-03-03 10:24:42] [INFO] 
[2017-03-03 10:24:42] [INFO] 
[2017-03-03 10:24:42] [INFO] 
[2017-03-03 10:24:42] [INFO] 
[2017-03-03 10:24:42] [INFO] 
[2017-03-03 10:24:42] [INFO] 
[2017-03-03 10:24:42] [INFO] 
[2017-03-03 10:24:42] [INFO] 
[2017-03-03 10:24:42] [INFO] 
[2017-03-03 10:24:42] [INFO] 
[2017-03-03 10:24:42] [INFO] 
[2017-03-03 10:24:42] [INFO] 
[2017-03-03 10:24:42] [INFO] 
[2017-03-03 10:24:42] [INFO] 
[2017-03-03 10:24:42] [INFO] 
[2017-03-03 10:24:42] [INFO] 
[2017-03-03 10:24:42] [INFO] 
[2017-03-03 10:24:42] [INFO] 
[2017-03-03 10:24:43] [INFO] 
[2017-03-03 10:27:25] [INFO] ===XUNMA RESTURN:13094736865;
[2017-03-03 10:27:32] [INFO] ===XUNMA RESTURN:13091948652;
[2017-03-03 10:27:40] [INFO] ===XUNMA RESTURN:13094715829;
[2017-03-03 10:27:48] [INFO] ===XUNMA RESTURN:13064511580;
[2017-03-03 10:27:54] [INFO] ===XUNMA RESTURN:15728172799;
[2017-03-03 10:28:01] [INFO] ===XUNMA RESTURN:13075763849;
[2017-03-03 10:28:08] [INFO] ===XUNMA RESTURN:13115181107;
[2017-03-03 10:28:15] [INFO] ===XUNMA RESTURN:13094735537;
[2017-03-03 10:28:21] [INFO] ===XUNMA RESTURN:13236417625;
[2017-03-03 10:28:32] [INFO] ===XUNMA RESTURN:13040209472;
[2017-03-03 10:28:39] [INFO] ===XUNMA RESTURN:17030049562;
[2017-03-03 10:28:45] [INFO] ===XUNMA RESTURN:13094736635;
[2017-03-03 10:28:53] [INFO] ===XUNMA RESTURN:15718438633;
[2017-03-03 10:28:59] [INFO] ===XUNMA RESTURN:15728719745;
[2017-03-03 10:29:07] [INFO] ===XUNMA RESTURN:13094716856;
[2017-03-03 10:29:14] [INFO] ===XUNMA RESTURN:13064523273;
[2017-03-03 10:29:26] [INFO] ===XUNMA RESTURN:13173512496;
[2017-03-03 10:29:32] [INFO] ===XUNMA RESTURN:15718340273;
[2017-03-03 10:29:39] [INFO] ===XUNMA RESTURN:13064529625;
[2017-03-03 10:29:46] [INFO] ===XUNMA RESTURN:13094733301;
[2017-03-03 10:29:54] [INFO] ===XUNMA RESTURN:17096443152;
[2017-03-03 10:30:00] [INFO] ===XUNMA RESTURN:13064512059;
[2017-03-03 10:30:07] [INFO] ===XUNMA RESTURN:13106154035;
[2017-03-03 10:30:13] [INFO] ===XUNMA RESTURN:17082912566;
[2017-03-03 10:30:20] [INFO] ===XUNMA RESTURN:15728178601;
[2017-03-03 10:30:27] [INFO] ===XUNMA RESTURN:13094736693;
[2017-03-03 10:30:38] [INFO] ===XUNMA RESTURN:13094729861;
[2017-03-03 10:30:45] [INFO] ===XUNMA RESTURN:15728172209;
[2017-03-03 15:33:57] [INFO] ===XUNMA RESTURN:13115173508;
[2017-03-03 15:34:05] [INFO] ===XUNMA RESTURN:15724027029;
[2017-03-03 15:34:23] [INFO] 
[2017-03-03 15:34:23] [INFO] 
[2017-03-03 15:34:23] [INFO] 
[2017-03-03 15:34:23] [INFO] 
[2017-03-03 15:34:23] [INFO] 
[2017-03-03 15:34:24] [INFO] 
[2017-03-03 15:34:24] [INFO] 
[2017-03-03 15:34:24] [INFO] 
[2017-03-03 15:34:24] [INFO] 
[2017-03-03 15:34:24] [INFO] 
[2017-03-03 15:34:24] [INFO] 
[2017-03-03 15:34:24] [INFO] 
[2017-03-03 15:34:24] [INFO] 
[2017-03-03 15:34:24] [INFO] 
[2017-03-03 15:34:24] [INFO] 
[2017-03-03 15:34:24] [INFO] 
[2017-03-03 15:34:24] [INFO] 
[2017-03-03 15:34:24] [INFO] 
[2017-03-03 15:34:24] [INFO] 
[2017-03-03 15:34:24] [INFO] 
[2017-03-03 15:34:24] [INFO] 
[2017-03-03 15:34:24] [INFO] 
[2017-03-03 15:34:25] [INFO] 
[2017-03-03 15:34:25] [INFO] 
[2017-03-03 15:34:25] [INFO] 
[2017-03-03 15:34:25] [INFO] 
[2017-03-03 15:34:25] [INFO] 
[2017-03-03 15:34:25] [INFO] 
[2017-03-03 15:34:25] [INFO] 
[2017-03-03 15:34:25] [INFO] 
[2017-03-04 11:25:29] [INFO] ===XUNMA RESTURN:13729957004;
[2017-03-04 11:25:51] [INFO] ===XUNMA RESTURN:13045531669;
[2017-03-04 11:25:58] [INFO] ===XUNMA RESTURN:15718341545;
[2017-03-04 11:26:05] [INFO] ===XUNMA RESTURN:13195495602;
[2017-03-04 11:26:11] [INFO] ===XUNMA RESTURN:13222058743;
[2017-03-04 11:26:18] [INFO] ===XUNMA RESTURN:13094732256;
[2017-03-04 11:26:25] [INFO] ===XUNMA RESTURN:13064517517;
[2017-03-04 11:26:33] [INFO] ===XUNMA RESTURN:13729935029;
[2017-03-04 11:26:40] [INFO] ===XUNMA RESTURN:13798840233;
[2017-03-04 11:26:46] [INFO] ===XUNMA RESTURN:13064523992;
[2017-03-04 11:26:54] [INFO] ===XUNMA RESTURN:13064528083;
[2017-03-04 11:27:01] [INFO] ===XUNMA RESTURN:15724025857;
[2017-03-04 11:27:08] [INFO] ===XUNMA RESTURN:13045532358;
[2017-03-04 11:27:14] [INFO] ===XUNMA RESTURN:13094707951;
[2017-03-04 11:27:21] [INFO] ===XUNMA RESTURN:13064519865;
[2017-03-04 11:27:28] [INFO] ===XUNMA RESTURN:13094705063;
[2017-03-04 11:27:34] [INFO] ===XUNMA RESTURN:13064525662;
[2017-03-04 11:27:42] [INFO] ===XUNMA RESTURN:13091946021;
[2017-03-04 11:27:48] [INFO] ===XUNMA RESTURN:13064527986;
[2017-03-04 11:27:55] [INFO] ===XUNMA RESTURN:13064511005;
[2017-03-04 11:28:02] [INFO] ===XUNMA RESTURN:13064520325;
[2017-03-04 11:28:09] [INFO] ===XUNMA RESTURN:17086167148;
[2017-03-04 11:28:16] [INFO] ===XUNMA RESTURN:15728718235;
[2017-03-04 11:28:22] [INFO] ===XUNMA RESTURN:17131894437;
[2017-03-04 11:28:29] [INFO] ===XUNMA RESTURN:13064511580;
[2017-03-04 11:28:35] [INFO] ===XUNMA RESTURN:13064531856;
[2017-03-04 11:28:43] [INFO] ===XUNMA RESTURN:13094706185;
[2017-03-04 11:28:49] [INFO] ===XUNMA RESTURN:15718340273;
[2017-03-04 11:28:56] [INFO] ===XUNMA RESTURN:13094705023;
[2017-03-04 11:29:04] [INFO] ===XUNMA RESTURN:13094710270;
[2017-03-04 11:29:11] [INFO] ===XUNMA RESTURN:13195498340;
[2017-03-04 11:29:18] [INFO] ===XUNMA RESTURN:13094722310;
[2017-03-04 11:29:26] [INFO] ===XUNMA RESTURN:13094703863;
[2017-03-04 11:29:33] [INFO] ===XUNMA RESTURN:17092125341;
[2017-03-04 11:29:40] [INFO] ===XUNMA RESTURN:13094707617;
[2017-03-04 11:29:47] [INFO] ===XUNMA RESTURN:15605666984;
[2017-03-04 11:29:54] [INFO] ===XUNMA RESTURN:15718438633;
[2017-03-04 11:30:01] [INFO] ===XUNMA RESTURN:15217234710;
[2017-03-04 11:30:07] [INFO] ===XUNMA RESTURN:17186892043;
[2017-03-04 11:30:14] [INFO] ===XUNMA RESTURN:15728713275;
[2017-03-04 11:30:20] [INFO] ===XUNMA RESTURN:13064518853;
[2017-03-04 11:30:27] [INFO] ===XUNMA RESTURN:13045535907;
[2017-03-04 11:30:34] [INFO] ===XUNMA RESTURN:13094739815;
[2017-03-04 11:30:41] [INFO] ===XUNMA RESTURN:13064531062;
[2017-03-04 11:30:47] [INFO] ===XUNMA RESTURN:13225663342;
[2017-03-04 11:30:54] [INFO] ===XUNMA RESTURN:17082456889;
[2017-03-04 11:31:01] [INFO] ===XUNMA RESTURN:15656647724;
[2017-03-04 11:31:08] [INFO] ===XUNMA RESTURN:13094728101;
[2017-03-04 11:31:15] [INFO] ===XUNMA RESTURN:13094732252;
[2017-03-04 13:52:47] [INFO] ===XUNMA RESTURN:13094710161;
[2017-03-04 13:52:55] [INFO] ===XUNMA RESTURN:13798701114;
[2017-03-04 13:53:01] [INFO] ===XUNMA RESTURN:18668789284;
[2017-03-04 13:53:09] [INFO] ===XUNMA RESTURN:13064525952;
[2017-03-04 13:53:17] [INFO] ===XUNMA RESTURN:15653669044;
[2017-03-04 13:53:24] [INFO] ===XUNMA RESTURN:13094735710;
[2017-03-04 13:53:32] [INFO] ===XUNMA RESTURN:13094729861;
[2017-03-04 13:53:39] [INFO] ===XUNMA RESTURN:13091979429;
[2017-03-04 13:53:46] [INFO] ===XUNMA RESTURN:13094736103;
[2017-03-04 13:53:57] [INFO] ===XUNMA RESTURN:13751494746;
[2017-03-04 13:54:04] [INFO] ===XUNMA RESTURN:17152502414;
[2017-03-04 13:54:10] [INFO] ===XUNMA RESTURN:13094725916;
[2017-03-04 13:54:17] [INFO] ===XUNMA RESTURN:17082912526;
[2017-03-04 13:54:24] [INFO] ===XUNMA RESTURN:15718439547;
[2017-03-04 13:54:35] [INFO] ===XUNMA RESTURN:13064523965;
[2017-03-04 13:54:42] [INFO] ===XUNMA RESTURN:13084622561;
[2017-03-04 13:54:50] [INFO] ===XUNMA RESTURN:17174520108;
[2017-03-04 13:54:57] [INFO] ===XUNMA RESTURN:13094736339;
[2017-03-04 13:55:04] [INFO] ===XUNMA RESTURN:17131894416;
[2017-03-04 13:55:10] [INFO] ===XUNMA RESTURN:13094392350;
[2017-03-04 13:55:18] [INFO] ===XUNMA RESTURN:13144979173;
[2017-03-04 13:55:26] [INFO] ===XUNMA RESTURN:13094738665;
[2017-03-04 13:55:34] [INFO] ===XUNMA RESTURN:13094729735;
[2017-03-04 13:55:40] [INFO] ===XUNMA RESTURN:13236441240;
[2017-03-04 13:55:47] [INFO] ===XUNMA RESTURN:13064512916;
[2017-03-04 13:55:54] [INFO] ===XUNMA RESTURN:17099078397;
[2017-03-04 13:56:02] [INFO] ===XUNMA RESTURN:13064510291;
[2017-03-04 13:56:08] [INFO] ===XUNMA RESTURN:13064512965;
[2017-03-04 13:56:15] [INFO] ===XUNMA RESTURN:15728126158;
[2017-03-04 13:56:23] [INFO] ===XUNMA RESTURN:17086166468;
[2017-03-04 13:56:29] [INFO] ===XUNMA RESTURN:13064511580;
[2017-03-04 13:56:36] [INFO] ===XUNMA RESTURN:13094738162;
[2017-03-04 13:56:42] [INFO] ===XUNMA RESTURN:13064519773;
[2017-03-04 13:56:49] [INFO] ===XUNMA RESTURN:13094711870;
[2017-03-04 13:56:55] [INFO] ===XUNMA RESTURN:13144968523;
[2017-03-04 13:57:02] [INFO] ===XUNMA RESTURN:13047565837;
[2017-03-04 13:57:12] [INFO] ===XUNMA RESTURN:15718438633;
[2017-03-04 13:57:19] [INFO] ===XUNMA RESTURN:13101959762;
[2017-03-04 13:57:26] [INFO] ===XUNMA RESTURN:13064520627;
[2017-03-04 13:57:33] [INFO] ===XUNMA RESTURN:15728178601;
[2017-03-04 13:57:39] [INFO] ===XUNMA RESTURN:13094711335;
[2017-03-04 13:57:46] [INFO] ===XUNMA RESTURN:18668788947;
[2017-03-04 13:57:53] [INFO] ===XUNMA RESTURN:13064515295;
[2017-03-04 13:58:00] [INFO] ===XUNMA RESTURN:17094587558;
[2017-03-04 13:58:06] [INFO] ===XUNMA RESTURN:15217234710;
[2017-03-04 13:58:13] [INFO] ===XUNMA RESTURN:13094736539;
[2017-03-04 13:58:20] [INFO] ===XUNMA RESTURN:13195495602;
[2017-03-04 13:58:28] [INFO] ===XUNMA RESTURN:15728172799;
[2017-03-04 13:58:34] [INFO] ===XUNMA RESTURN:18316590295;
[2017-03-04 13:58:41] [INFO] ===XUNMA RESTURN:13151100712;
[2017-03-04 13:58:48] [INFO] ===XUNMA RESTURN:13064521650;
[2017-03-04 13:58:59] [INFO] ===XUNMA RESTURN:13094710270;
[2017-03-04 13:59:07] [INFO] ===XUNMA RESTURN:13156646355;
[2017-03-04 14:47:30] [INFO] ===XUNMA RESTURN:13064525662;
[2017-03-04 14:48:10] [INFO] ===XUNMA RESTURN:17152502414;
[2017-03-04 15:00:50] [INFO] ===XUNMA RESTURN:15728689337;
[2017-03-04 15:00:58] [INFO] ===XUNMA RESTURN:17092125536;
[2017-03-04 15:01:20] [INFO] ===XUNMA RESTURN:15728681044;
[2017-03-04 15:01:30] [INFO] ===XUNMA RESTURN:17152501024;
[2017-03-04 15:01:42] [INFO] ===XUNMA RESTURN:13218498150;
[2017-03-04 15:01:49] [INFO] ===XUNMA RESTURN:15876939912;
[2017-03-04 15:01:55] [INFO] ===XUNMA RESTURN:13064512183;
[2017-03-04 15:02:07] [INFO] ===XUNMA RESTURN:13236403673;
[2017-03-04 15:02:13] [INFO] ===XUNMA RESTURN:13067934735;
[2017-03-04 15:14:12] [INFO] ===XUNMA RESTURN:13151100712;
[2017-03-04 15:16:51] [INFO] ===XUNMA RESTURN:13729910504;
[2017-03-04 15:18:11] [INFO] ===XUNMA RESTURN:13064512182;
[2017-03-04 15:18:19] [INFO] ===XUNMA RESTURN:13064525909;
[2017-03-04 15:18:26] [INFO] ===XUNMA RESTURN:18668787486;
[2017-03-04 15:18:34] [INFO] ===XUNMA RESTURN:13094738665;
[2017-03-04 15:18:40] [INFO] ===XUNMA RESTURN:17097076147;
[2017-03-04 15:18:47] [INFO] ===XUNMA RESTURN:13195492421;
[2017-03-04 15:18:53] [INFO] ===XUNMA RESTURN:15014759836;
[2017-03-04 15:19:00] [INFO] ===XUNMA RESTURN:13156640392;
[2017-03-04 15:19:08] [INFO] ===XUNMA RESTURN:13094717801;
[2017-03-04 15:19:15] [INFO] ===XUNMA RESTURN:18668788947;
[2017-03-04 15:19:21] [INFO] ===XUNMA RESTURN:13094739815;
[2017-03-04 15:19:28] [INFO] ===XUNMA RESTURN:13094711335;
[2017-03-04 15:19:35] [INFO] ===XUNMA RESTURN:13094700709;
[2017-03-04 15:19:45] [INFO] ===XUNMA RESTURN:13064517823;
[2017-03-04 15:19:52] [INFO] ===XUNMA RESTURN:17131896144;
[2017-03-04 15:19:58] [INFO] ===XUNMA RESTURN:13064531056;
[2017-03-04 15:20:05] [INFO] ===XUNMA RESTURN:13094739871;
[2017-03-04 15:20:12] [INFO] ===XUNMA RESTURN:13047565837;
[2017-03-04 15:20:23] [INFO] ===XUNMA RESTURN:13064518853;
[2017-03-04 15:20:29] [INFO] ===XUNMA RESTURN:13047561529;
[2017-03-04 15:20:40] [INFO] ===XUNMA RESTURN:13075735347;
[2017-03-04 15:20:48] [INFO] ===XUNMA RESTURN:13091948672;
[2017-03-04 15:20:59] [INFO] ===XUNMA RESTURN:15724025857;
[2017-03-04 15:21:06] [INFO] ===XUNMA RESTURN:13094735537;
[2017-03-04 15:21:12] [INFO] ===XUNMA RESTURN:13236441641;
[2017-03-04 15:21:20] [INFO] ===XUNMA RESTURN:13156647163;
[2017-03-04 15:21:28] [INFO] ===XUNMA RESTURN:15728719745;
[2017-03-04 15:21:35] [INFO] ===XUNMA RESTURN:13045539121;
[2017-03-04 15:21:41] [INFO] ===XUNMA RESTURN:13064511603;
[2017-03-04 15:21:49] [INFO] ===XUNMA RESTURN:15694634448;
[2017-03-04 15:21:56] [INFO] ===XUNMA RESTURN:13094738072;
[2017-03-04 15:22:02] [INFO] ===XUNMA RESTURN:13195497691;
[2017-03-04 15:22:10] [INFO] ===XUNMA RESTURN:13064522885;
[2017-03-04 15:22:21] [INFO] ===XUNMA RESTURN:13064531062;
[2017-03-04 15:22:27] [INFO] ===XUNMA RESTURN:17094587558;
[2017-03-04 15:22:34] [INFO] ===XUNMA RESTURN:18316839242;
[2017-03-04 15:22:41] [INFO] ===XUNMA RESTURN:13047565810;
[2017-03-04 15:22:48] [INFO] ===XUNMA RESTURN:17174520108;
[2017-03-04 15:22:55] [INFO] ===XUNMA RESTURN:13064510836;
[2017-03-04 15:23:03] [INFO] ===XUNMA RESTURN:13094735710;
[2017-03-04 15:23:17] [INFO] ===XUNMA RESTURN:13091937423;
[2017-03-04 15:23:23] [INFO] ===XUNMA RESTURN:15728121086;
[2017-03-04 15:23:31] [INFO] ===XUNMA RESTURN:13094725916;
[2017-03-04 15:23:38] [INFO] ===XUNMA RESTURN:15718340273;
[2017-03-04 15:23:45] [INFO] ===XUNMA RESTURN:13236417625;
[2017-03-04 15:23:56] [INFO] ===XUNMA RESTURN:15718135743;
[2017-03-04 15:24:03] [INFO] ===XUNMA RESTURN:17086167148;
[2017-03-04 15:46:08] [INFO] ===XUNMA RESTURN:False:Session 过期
[2017-03-04 15:46:12] [INFO] ===XUNMA RESTURN:13064510786;
[2017-03-04 15:48:49] [INFO] ===XUNMA RESTURN:13064525663;
[2017-03-04 16:08:14] [INFO] ===XUNMA RESTURN:False:Session 过期
[2017-03-04 16:08:19] [INFO] ===XUNMA RESTURN:13195492421;
[2017-03-04 16:42:25] [INFO] ===XUNMA RESTURN:False:Session 过期
[2017-03-04 16:42:30] [INFO] ===XUNMA RESTURN:17072283276;
[2017-03-04 16:42:41] [INFO] ===XUNMA RESTURN:15118280371;
[2017-03-04 16:42:48] [INFO] ===XUNMA RESTURN:13094722893;
[2017-03-04 16:42:55] [INFO] ===XUNMA RESTURN:13064525663;
[2017-03-04 16:43:01] [INFO] ===XUNMA RESTURN:13094705073;
[2017-03-04 16:43:08] [INFO] ===XUNMA RESTURN:15217234710;
[2017-03-04 16:43:14] [INFO] ===XUNMA RESTURN:13094737582;
[2017-03-04 16:43:21] [INFO] ===XUNMA RESTURN:15728711377;
[2017-03-04 16:43:27] [INFO] ===XUNMA RESTURN:18316590295;
[2017-03-04 16:43:34] [INFO] ===XUNMA RESTURN:15718340273;
[2017-03-04 16:43:41] [INFO] ===XUNMA RESTURN:18668790451;
[2017-03-04 16:43:48] [INFO] ===XUNMA RESTURN:13047550005;
[2017-03-04 16:43:55] [INFO] ===XUNMA RESTURN:13064525952;
[2017-03-04 16:44:02] [INFO] ===XUNMA RESTURN:13094737387;
[2017-03-04 16:44:09] [INFO] ===XUNMA RESTURN:13094732256;
[2017-03-04 16:44:17] [INFO] ===XUNMA RESTURN:13064523250;
[2017-03-04 16:44:24] [INFO] ===XUNMA RESTURN:13156640392;
[2017-03-04 16:44:31] [INFO] ===XUNMA RESTURN:13064520353;
[2017-03-04 16:44:39] [INFO] ===XUNMA RESTURN:13094737219;
[2017-03-04 16:44:45] [INFO] ===XUNMA RESTURN:13094730972;
[2017-03-04 16:44:53] [INFO] ===XUNMA RESTURN:13064522885;
[2017-03-04 16:45:03] [INFO] ===XUNMA RESTURN:13729910504;
[2017-03-04 16:45:11] [INFO] ===XUNMA RESTURN:18668788514;
[2017-03-04 16:45:18] [INFO] ===XUNMA RESTURN:13751485312;
[2017-03-04 16:45:25] [INFO] ===XUNMA RESTURN:13549345166;
[2017-03-04 16:45:32] [INFO] ===XUNMA RESTURN:18668788914;
[2017-03-04 16:45:38] [INFO] ===XUNMA RESTURN:13064511002;
[2017-03-04 16:45:45] [INFO] ===XUNMA RESTURN:18668789074;
[2017-03-04 16:45:51] [INFO] ===XUNMA RESTURN:15658179483;
[2017-03-04 16:45:58] [INFO] ===XUNMA RESTURN:13094705023;
[2017-03-04 16:46:05] [INFO] ===XUNMA RESTURN:17092990180;
[2017-03-04 16:46:13] [INFO] ===XUNMA RESTURN:13094737875;
[2017-03-04 16:46:21] [INFO] ===XUNMA RESTURN:17082912526;
[2017-03-04 16:46:28] [INFO] ===XUNMA RESTURN:13047553392;
[2017-03-04 16:46:34] [INFO] ===XUNMA RESTURN:17072283285;
[2017-03-04 16:46:42] [INFO] ===XUNMA RESTURN:13094720337;
[2017-03-04 16:46:49] [INFO] ===XUNMA RESTURN:13094722617;
[2017-03-04 16:46:56] [INFO] ===XUNMA RESTURN:13064519865;
[2017-03-04 16:47:04] [INFO] ===XUNMA RESTURN:15545983751;
[2017-03-04 16:47:10] [INFO] ===XUNMA RESTURN:13094392350;
[2017-03-04 16:47:18] [INFO] ===XUNMA RESTURN:13173585684;
[2017-03-04 16:47:24] [INFO] ===XUNMA RESTURN:13144928238;
[2017-03-04 16:47:31] [INFO] ===XUNMA RESTURN:13045539133;
[2017-03-04 16:47:38] [INFO] ===XUNMA RESTURN:15118313775;
[2017-03-04 16:47:45] [INFO] ===XUNMA RESTURN:13729933921;
[2017-03-04 16:47:56] [INFO] ===XUNMA RESTURN:17094587558;
[2017-03-04 16:48:03] [INFO] ===XUNMA RESTURN:15014896575;
[2017-03-04 16:48:10] [INFO] ===XUNMA RESTURN:13013046175;
[2017-03-04 16:48:18] [INFO] ===XUNMA RESTURN:15718341545;
[2017-03-04 16:53:38] [INFO] ===XUNMA RESTURN:False:Session 过期
[2017-03-04 16:53:42] [INFO] ===XUNMA RESTURN:13084631389;
[2017-03-04 16:53:50] [INFO] ===XUNMA RESTURN:17082912526;
