[2017-03-27 14:36:37] [INFO] ===========密码错误==============帐号:3449499673,密码:Qq37400121
[2017-03-27 14:37:42] [INFO] ===========密码错误==============帐号:3449504160,密码:Qq17210606
[2017-03-27 14:38:46] [INFO] ===========密码错误==============帐号:3449445068,密码:Qq75572517
[2017-03-27 14:40:52] [INFO] ===========密码错误==============帐号:3449431769,密码:Qq24584118
[2017-03-27 14:41:56] [INFO] ===========密码错误==============帐号:3449435194,密码:Qq98895846
[2017-03-27 14:42:58] [INFO] ===========密码错误==============帐号:3449501774,密码:Qq49094965
[2017-03-27 14:44:04] [INFO] ===========密码错误==============帐号:3449446727,密码:Qq77524576
[2017-03-27 14:46:00] [INFO] ===========密码错误==============帐号:3449462215,密码:Qq54670448
[2017-03-27 14:48:10] [INFO] ===========密码错误==============帐号:3449437614,密码:Qq19582104
[2017-03-27 14:50:18] [INFO] ===========密码错误==============帐号:3449433951,密码:Qq12336762
[2017-03-27 14:51:19] [INFO] ===========密码错误==============帐号:3449433920,密码:Qq68450388
[2017-03-27 14:53:28] [INFO] ===========密码错误==============帐号:3449440265,密码:Qq99051492
[2017-03-27 14:54:30] [INFO] ===========密码错误==============帐号:3449501332,密码:Qq19676312
[2017-03-27 14:58:48] [INFO] ===========密码错误==============帐号:3449446968,密码:Qq37452939
[2017-03-27 14:59:52] [INFO] ===========密码错误==============帐号:3449444614,密码:Qq11014002
[2017-03-27 15:00:58] [INFO] ===========密码错误==============帐号:3449436392,密码:Qq31073904
[2017-03-30 15:54:16] [INFO] ===========密码错误==============帐号:3201818841,密码:1vo0fo67ji
[2017-03-30 15:57:37] [INFO] ===========密码错误==============帐号:3109645939,密码:sv3z1uglvq
[2017-07-11 10:09:23] [INFO] ===========密码错误==============帐号:3509162612,密码:tqsg4328
[2017-07-11 10:10:13] [INFO] ===========密码错误==============帐号:3509271416,密码:xvsi8868
[2017-07-20 14:59:56] [INFO] itemcode_7581
[2017-07-20 14:59:56] [INFO] token_dIOxQsqecmzW1IcMBiRtmO7nlbSGLJ27
[2017-07-20 15:00:06] [INFO] ===XUNMA RESTURN:False:Session 过期
[2017-07-20 15:00:10] [INFO] itemcode_7581
[2017-07-20 15:00:10] [INFO] token_GnUhCfFKmbYhnm4NVeUuebgmzPQ6h527
[2017-07-20 15:00:10] [INFO] ===XUNMA RESTURN:13941997152;
[2017-07-20 15:00:28] [INFO] 开始获取验证码：13941997152, qq_contact_bind
[2017-07-20 15:00:31] [INFO] 收到消息：NOTION&单笔充值满 50元送 5%单笔充值满100元送10%自动赠送！上不封顶！-------------------------运营商选择  移动、联通或电信，不会出17号段-------------------------平台号码收到短信扣费,收不到短信不会扣费。[End]
[2017-07-20 15:00:31] [INFO] 切分消息：NOTION&单笔充值满 50元送 5%单笔充值满100元送10%自动赠送！上不封顶！-------------------------运营商选择  移动、联通或电信，不会出17号段-------------------------平台号码收到短信扣费,收不到短信不会扣费。
[2017-07-20 15:00:34] [INFO] 收到消息：MSG&7581&13941997152&【腾讯科技】4840 (手机QQ短信验证码，正在启用通讯录功能。为了保证帐号安全，请勿向他人泄漏。如非本人操作，请忽略。）[End]
[2017-07-20 15:00:34] [INFO] 切分消息：MSG&7581&13941997152&【腾讯科技】4840 (手机QQ短信验证码，正在启用通讯录功能。为了保证帐号安全，请勿向他人泄漏。如非本人操作，请忽略。）
[2017-07-20 15:00:34] [INFO] KEY: verify_code_7581_13941997152, Code: 4840
[2017-07-20 15:05:36] [INFO] itemcode_7581
[2017-07-20 15:05:36] [INFO] token_GnUhCfFKmbYhnm4NVeUuebgmzPQ6h527
[2017-07-20 15:05:36] [INFO] ===XUNMA RESTURN:17085431303;
[2017-07-20 15:05:58] [INFO] 开始获取验证码：17085431303, qq_contact_bind
[2017-07-20 15:06:02] [INFO] 收到消息：USER&71.316&1000&2000&1000&0.85&18.929[End]MSG&7581&17085431303&4450 (手机QQ短信验证码，正在启用通讯录功能。为了保证帐号安全，请勿向他人泄漏。如非本人操作，请忽略。）【腾讯科技】[End]
[2017-07-20 15:06:02] [INFO] 切分消息：USER&71.316&1000&2000&1000&0.85&18.929
[2017-07-20 15:06:02] [INFO] 切分消息：MSG&7581&17085431303&4450 (手机QQ短信验证码，正在启用通讯录功能。为了保证帐号安全，请勿向他人泄漏。如非本人操作，请忽略。）【腾讯科技】
[2017-07-20 15:06:02] [INFO] KEY: verify_code_7581_17085431303, Code: 4450
[2017-07-20 15:14:49] [INFO] itemcode_7581
[2017-07-20 15:14:49] [INFO] token_GnUhCfFKmbYhnm4NVeUuebgmzPQ6h527
[2017-07-20 15:14:49] [INFO] ===XUNMA RESTURN:13136401942;
[2017-07-20 15:14:56] [INFO] 开始获取验证码：13136401942, qq_contact_bind
[2017-07-20 15:14:59] [INFO] 收到消息：USER&71.231&1000&2000&1000&0.85&18.929[End]
[2017-07-20 15:14:59] [INFO] 切分消息：USER&71.231&1000&2000&1000&0.85&18.929
[2017-07-20 15:15:02] [INFO] 收到消息：Null
[2017-07-20 15:15:02] [INFO] 切分消息：Null
[2017-07-20 15:15:05] [INFO] 收到消息：Null
[2017-07-20 15:15:05] [INFO] 切分消息：Null
[2017-07-20 15:15:08] [INFO] 收到消息：Null
[2017-07-20 15:15:08] [INFO] 切分消息：Null
[2017-07-20 15:15:12] [INFO] 收到消息：Null
[2017-07-20 15:15:12] [INFO] 切分消息：Null
[2017-07-20 15:15:15] [INFO] 收到消息：Null
[2017-07-20 15:15:15] [INFO] 切分消息：Null
[2017-07-20 15:15:18] [INFO] 收到消息：Null
[2017-07-20 15:15:18] [INFO] 切分消息：Null
[2017-07-20 15:15:21] [INFO] 收到消息：MSG&7581&13136401942&【腾讯科技】4466 (手机QQ短信验证码，正在启用通讯录功能。为了保证帐号安全，请勿向他人泄漏。如非本人操作，请忽略。）[End]
[2017-07-20 15:15:21] [INFO] 切分消息：MSG&7581&13136401942&【腾讯科技】4466 (手机QQ短信验证码，正在启用通讯录功能。为了保证帐号安全，请勿向他人泄漏。如非本人操作，请忽略。）
[2017-07-20 15:15:21] [INFO] KEY: verify_code_7581_13136401942, Code: 4466
[2017-07-21 09:54:02] [INFO] itemcode_7581
[2017-07-21 09:54:02] [INFO] token_qc5crupUIBqFstAJoGxh6mdodDdicS1
[2017-07-21 09:54:02] [INFO] ===XUNMA RESTURN:False:Session 过期
[2017-07-21 09:54:06] [INFO] itemcode_7581
[2017-07-21 09:54:06] [INFO] token_GUQG426UhC0JBzlZqSA12UXndPjhX70
[2017-07-21 09:54:07] [INFO] ===XUNMA RESTURN:17071468349;
[2017-07-21 09:54:13] [INFO] 开始获取验证码：17071468349, qq_contact_bind
[2017-07-21 09:54:16] [INFO] 收到消息：NOTION&单笔充值满 50元送 5%单笔充值满100元送10%自动赠送！上不封顶！-------------------------运营商选择  移动、联通或电信，不会出17号段-------------------------平台号码收到短信扣费,收不到短信不会扣费。[End]
[2017-07-21 09:54:16] [INFO] 切分消息：NOTION&单笔充值满 50元送 5%单笔充值满100元送10%自动赠送！上不封顶！-------------------------运营商选择  移动、联通或电信，不会出17号段-------------------------平台号码收到短信扣费,收不到短信不会扣费。
[2017-07-21 09:54:19] [INFO] 收到消息：Null
[2017-07-21 09:54:19] [INFO] 切分消息：Null
[2017-07-21 09:54:23] [INFO] 收到消息：Null
[2017-07-21 09:54:23] [INFO] 切分消息：Null
[2017-07-21 09:54:26] [INFO] 收到消息：Null
[2017-07-21 09:54:26] [INFO] 切分消息：Null
[2017-07-21 09:54:29] [INFO] 收到消息：Null
[2017-07-21 09:54:29] [INFO] 切分消息：Null
[2017-07-21 09:54:32] [INFO] 收到消息：Null
[2017-07-21 09:54:32] [INFO] 切分消息：Null
[2017-07-21 09:54:35] [INFO] 收到消息：Null
[2017-07-21 09:54:35] [INFO] 切分消息：Null
[2017-07-21 09:54:38] [INFO] 收到消息：Null
[2017-07-21 09:54:38] [INFO] 切分消息：Null
[2017-07-21 09:54:42] [INFO] 收到消息：Null
[2017-07-21 09:54:42] [INFO] 切分消息：Null
[2017-07-21 09:54:45] [INFO] 收到消息：Null
[2017-07-21 09:54:45] [INFO] 切分消息：Null
[2017-07-21 09:54:48] [INFO] 收到消息：Null
[2017-07-21 09:54:48] [INFO] 切分消息：Null
[2017-07-21 09:54:51] [INFO] 收到消息：Null
[2017-07-21 09:54:51] [INFO] 切分消息：Null
[2017-07-21 09:54:54] [INFO] 收到消息：Null
[2017-07-21 09:54:54] [INFO] 切分消息：Null
[2017-07-21 09:54:57] [INFO] 收到消息：Null
[2017-07-21 09:54:57] [INFO] 切分消息：Null
[2017-07-21 09:55:00] [INFO] 收到消息：Null
[2017-07-21 09:55:00] [INFO] 切分消息：Null
[2017-07-21 09:55:04] [INFO] 收到消息：Null
[2017-07-21 09:55:04] [INFO] 切分消息：Null
[2017-07-21 09:55:07] [INFO] 收到消息：Null
[2017-07-21 09:55:07] [INFO] 切分消息：Null
[2017-07-21 09:55:10] [INFO] 收到消息：Null
[2017-07-21 09:55:10] [INFO] 切分消息：Null
[2017-07-21 09:55:13] [INFO] 收到消息：Null
[2017-07-21 09:55:13] [INFO] 切分消息：Null
[2017-07-21 09:55:36] [INFO] 收到消息：Null
[2017-07-21 09:55:36] [INFO] 切分消息：Null
[2017-07-21 09:55:39] [INFO] 收到消息：Null
[2017-07-21 09:55:39] [INFO] 切分消息：Null
[2017-07-21 09:55:45] [INFO] itemcode_7581
[2017-07-21 09:55:45] [INFO] token_GUQG426UhC0JBzlZqSA12UXndPjhX70
[2017-07-21 09:55:45] [INFO] ===XUNMA RESTURN:17092808560;
[2017-07-21 09:55:55] [INFO] 开始获取验证码：17092808560, qq_contact_bind
[2017-07-21 09:55:58] [INFO] 收到消息：Null
[2017-07-21 09:55:58] [INFO] 切分消息：Null
[2017-07-21 09:56:01] [INFO] 收到消息：MSG&7581&17092808560&7339 (手机QQ短信验证码，正在启用通讯录功能。为了保证帐号安全，请勿向他人泄漏。如非本人操作，请忽略。）【腾讯科技】[End]
[2017-07-21 09:56:01] [INFO] 切分消息：MSG&7581&17092808560&7339 (手机QQ短信验证码，正在启用通讯录功能。为了保证帐号安全，请勿向他人泄漏。如非本人操作，请忽略。）【腾讯科技】
[2017-07-21 09:56:01] [INFO] KEY: verify_code_7581_17092808560, Code: 7339
[2017-07-21 10:40:27] [INFO] itemcode_7581
[2017-07-21 10:40:27] [INFO] token_GUQG426UhC0JBzlZqSA12UXndPjhX70
[2017-07-21 10:40:27] [INFO] ===XUNMA RESTURN:False:Session 过期
[2017-07-21 10:40:32] [INFO] itemcode_7581
[2017-07-21 10:40:32] [INFO] token_GL7fXvDYxETkQlrd5K3LWwk8gT2VlQ68
[2017-07-21 10:40:32] [INFO] ===XUNMA RESTURN:13841947293;
[2017-07-21 10:40:43] [INFO] 开始获取验证码：13841947293, qq_contact_bind
[2017-07-21 10:40:46] [INFO] 收到消息：NOTION&单笔充值满 50元送 5%单笔充值满100元送10%自动赠送！上不封顶！-------------------------运营商选择  移动、联通或电信，不会出17号段-------------------------平台号码收到短信扣费,收不到短信不会扣费。[End]
[2017-07-21 10:40:46] [INFO] 切分消息：NOTION&单笔充值满 50元送 5%单笔充值满100元送10%自动赠送！上不封顶！-------------------------运营商选择  移动、联通或电信，不会出17号段-------------------------平台号码收到短信扣费,收不到短信不会扣费。
[2017-07-21 10:40:49] [INFO] 收到消息：MSG&7581&13841947293&【腾讯科技】7257 (手机QQ短信验证码，正在启用通讯录功能。为了保证帐号安全，请勿向他人泄漏。如非本人操作，请忽略。）[End]
[2017-07-21 10:40:49] [INFO] 切分消息：MSG&7581&13841947293&【腾讯科技】7257 (手机QQ短信验证码，正在启用通讯录功能。为了保证帐号安全，请勿向他人泄漏。如非本人操作，请忽略。）
[2017-07-21 10:40:49] [INFO] KEY: verify_code_7581_13841947293, Code: 7257
[2017-07-22 11:18:46] [INFO] itemcode_7581
[2017-07-22 11:18:46] [INFO] token_GL7fXvDYxETkQlrd5K3LWwk8gT2VlQ68
[2017-07-22 11:18:46] [INFO] ===XUNMA RESTURN:False:Session 过期
[2017-07-22 11:18:51] [INFO] itemcode_7581
[2017-07-22 11:18:51] [INFO] token_u8xVXo1wF2uqtlXMy5Us2u7V6MOlc541
[2017-07-22 11:18:51] [INFO] ===XUNMA RESTURN:17094558250;
[2017-07-22 11:19:01] [INFO] 开始获取验证码：17094558250, qq_contact_bind
[2017-07-22 11:19:04] [INFO] 收到消息：NOTION&单笔充值满 50元送 5%单笔充值满100元送10%自动赠送！上不封顶！-------------------------运营商选择  移动、联通或电信，不会出17号段-------------------------平台号码收到短信扣费,收不到短信不会扣费。[End]
[2017-07-22 11:19:04] [INFO] 切分消息：NOTION&单笔充值满 50元送 5%单笔充值满100元送10%自动赠送！上不封顶！-------------------------运营商选择  移动、联通或电信，不会出17号段-------------------------平台号码收到短信扣费,收不到短信不会扣费。
[2017-07-22 11:19:07] [INFO] 收到消息：MSG&7581&17094558250&5344 (手机QQ短信验证码，正在启用通讯录功能。为了保证帐号安全，请勿向他人泄漏。如非本人操作，请忽略。）【腾讯科技】[End]
[2017-07-22 11:19:07] [INFO] 切分消息：MSG&7581&17094558250&5344 (手机QQ短信验证码，正在启用通讯录功能。为了保证帐号安全，请勿向他人泄漏。如非本人操作，请忽略。）【腾讯科技】
[2017-07-22 11:19:07] [INFO] KEY: verify_code_7581_17094558250, Code: 5344
[2017-07-22 11:52:19] [INFO] itemcode_7581
[2017-07-22 11:52:19] [INFO] token_u8xVXo1wF2uqtlXMy5Us2u7V6MOlc541
[2017-07-22 11:52:19] [INFO] ===XUNMA RESTURN:False:Session 过期
[2017-07-22 11:52:23] [INFO] itemcode_7581
[2017-07-22 11:52:23] [INFO] token_FwR2Sv1mQ0Jva2dGRknw20Jwbnb0Jb25
[2017-07-22 11:52:23] [INFO] ===XUNMA RESTURN:17075841667;
[2017-07-22 11:52:32] [INFO] 开始获取验证码：17075841667, qq_contact_bind
[2017-07-22 11:52:36] [INFO] 收到消息：NOTION&单笔充值满 50元送 5%单笔充值满100元送10%自动赠送！上不封顶！-------------------------运营商选择  移动、联通或电信，不会出17号段-------------------------平台号码收到短信扣费,收不到短信不会扣费。[End]
[2017-07-22 11:52:36] [INFO] 切分消息：NOTION&单笔充值满 50元送 5%单笔充值满100元送10%自动赠送！上不封顶！-------------------------运营商选择  移动、联通或电信，不会出17号段-------------------------平台号码收到短信扣费,收不到短信不会扣费。
[2017-07-22 11:52:39] [INFO] 收到消息：Null
[2017-07-22 11:52:39] [INFO] 切分消息：Null
[2017-07-22 11:52:42] [INFO] 收到消息：Null
[2017-07-22 11:52:42] [INFO] 切分消息：Null
[2017-07-22 11:52:45] [INFO] 收到消息：Null
[2017-07-22 11:52:45] [INFO] 切分消息：Null
[2017-07-22 11:52:48] [INFO] 收到消息：MSG&7581&17075841667&【腾讯科技】8964 (手机QQ短信验证码，正在启用通讯录功能。为了保证帐号安全，请勿向他人泄漏。如非本人操作，请忽略。）[End]
[2017-07-22 11:52:48] [INFO] 切分消息：MSG&7581&17075841667&【腾讯科技】8964 (手机QQ短信验证码，正在启用通讯录功能。为了保证帐号安全，请勿向他人泄漏。如非本人操作，请忽略。）
[2017-07-22 11:52:48] [INFO] KEY: verify_code_7581_17075841667, Code: 8964
[2017-07-27 13:28:29] [INFO] itemcode_7581
[2017-07-27 13:28:29] [INFO] token_5EWUjiIGB95ybi8xnrRw5aq9Nc3Iy465
[2017-07-27 13:28:29] [INFO] ===XUNMA RESTURN:17092872818;
[2017-07-27 13:28:35] [INFO] 开始获取验证码：17092872818, qq_contact_bind
[2017-07-27 13:28:38] [INFO] 收到消息：NOTION&单笔充值满 50元送 5%单笔充值满100元送10%自动赠送！上不封顶！-------------------------运营商选择  移动、联通或电信，不会出17号段-------------------------平台号码收到短信扣费,收不到短信不会扣费。[End]
[2017-07-27 13:28:38] [INFO] 切分消息：NOTION&单笔充值满 50元送 5%单笔充值满100元送10%自动赠送！上不封顶！-------------------------运营商选择  移动、联通或电信，不会出17号段-------------------------平台号码收到短信扣费,收不到短信不会扣费。
[2017-07-27 13:28:42] [INFO] 收到消息：Null
[2017-07-27 13:28:42] [INFO] 切分消息：Null
[2017-07-27 13:28:45] [INFO] 收到消息：Null
[2017-07-27 13:28:45] [INFO] 切分消息：Null
[2017-07-27 13:28:48] [INFO] 收到消息：Null
[2017-07-27 13:28:48] [INFO] 切分消息：Null
[2017-07-27 13:28:51] [INFO] 收到消息：Null
[2017-07-27 13:28:51] [INFO] 切分消息：Null
[2017-07-27 13:28:54] [INFO] 收到消息：Null
[2017-07-27 13:28:54] [INFO] 切分消息：Null
[2017-07-27 13:28:57] [INFO] 收到消息：Null
[2017-07-27 13:28:57] [INFO] 切分消息：Null
[2017-07-27 13:29:00] [INFO] 收到消息：Null
[2017-07-27 13:29:00] [INFO] 切分消息：Null
[2017-07-27 13:29:04] [INFO] 收到消息：Null
[2017-07-27 13:29:04] [INFO] 切分消息：Null
[2017-07-27 13:29:07] [INFO] 收到消息：Null
[2017-07-27 13:29:07] [INFO] 切分消息：Null
[2017-07-27 13:29:10] [INFO] 收到消息：Null
[2017-07-27 13:29:10] [INFO] 切分消息：Null
[2017-07-27 13:29:13] [INFO] 收到消息：Null
[2017-07-27 13:29:13] [INFO] 切分消息：Null
[2017-07-27 13:29:16] [INFO] 收到消息：Null
[2017-07-27 13:29:16] [INFO] 切分消息：Null
[2017-07-27 13:29:19] [INFO] 收到消息：Null
[2017-07-27 13:29:19] [INFO] 切分消息：Null
[2017-07-27 13:29:22] [INFO] 收到消息：Null
[2017-07-27 13:29:22] [INFO] 切分消息：Null
[2017-07-27 13:29:25] [INFO] 收到消息：Null
[2017-07-27 13:29:25] [INFO] 切分消息：Null
[2017-07-27 13:29:29] [INFO] 收到消息：Null
[2017-07-27 13:29:29] [INFO] 切分消息：Null
[2017-07-27 13:29:32] [INFO] 收到消息：Null
[2017-07-27 13:29:32] [INFO] 切分消息：Null
[2017-07-27 13:29:35] [INFO] 收到消息：Null
[2017-07-27 13:29:35] [INFO] 切分消息：Null
[2017-07-27 13:29:48] [INFO] 收到消息：Null
[2017-07-27 13:29:48] [INFO] 切分消息：Null
[2017-07-27 13:29:51] [INFO] 收到消息：Null
[2017-07-27 13:29:51] [INFO] 切分消息：Null
[2017-07-27 13:30:10] [INFO] itemcode_7581
[2017-07-27 13:30:10] [INFO] token_5EWUjiIGB95ybi8xnrRw5aq9Nc3Iy465
[2017-07-27 13:30:10] [INFO] ===XUNMA RESTURN:17031025281;
[2017-07-27 13:30:19] [INFO] 开始获取验证码：17031025281, qq_contact_bind
[2017-07-27 13:30:23] [INFO] 收到消息：Null
[2017-07-27 13:30:23] [INFO] 切分消息：Null
[2017-07-27 13:30:26] [INFO] 收到消息：Null
[2017-07-27 13:30:26] [INFO] 切分消息：Null
[2017-07-27 13:30:29] [INFO] 收到消息：Null
[2017-07-27 13:30:29] [INFO] 切分消息：Null
[2017-07-27 13:30:32] [INFO] 收到消息：Null
[2017-07-27 13:30:32] [INFO] 切分消息：Null
[2017-07-27 13:30:35] [INFO] 收到消息：Null
[2017-07-27 13:30:35] [INFO] 切分消息：Null
[2017-07-27 13:30:38] [INFO] 收到消息：MSG&7581&17031025281&【腾讯科技】3270 (手机QQ短信验证码，正在启用通讯录功能。为了保证帐号安全，请勿向他人泄漏。如非本人操作，请忽略。）[End]
[2017-07-27 13:30:38] [INFO] 切分消息：MSG&7581&17031025281&【腾讯科技】3270 (手机QQ短信验证码，正在启用通讯录功能。为了保证帐号安全，请勿向他人泄漏。如非本人操作，请忽略。）
[2017-07-27 13:30:38] [INFO] KEY: verify_code_7581_17031025281, Code: 3270
[2017-07-27 17:23:58] [INFO] itemcode_7581
[2017-07-27 17:23:58] [INFO] token_5EWUjiIGB95ybi8xnrRw5aq9Nc3Iy465
[2017-07-27 17:23:58] [INFO] ===XUNMA RESTURN:False:Session 过期
[2017-07-27 17:24:02] [INFO] itemcode_7581
[2017-07-27 17:24:02] [INFO] token_8IDATrEBXW6f2v5lMuENISUJVBtJPa24
[2017-07-27 17:24:02] [INFO] ===XUNMA RESTURN:17090372464;
[2017-07-27 17:24:08] [INFO] 开始获取验证码：17090372464, qq_contact_bind
[2017-07-27 17:24:11] [INFO] 收到消息：NOTION&单笔充值满 50元送 5%单笔充值满100元送10%自动赠送！上不封顶！-------------------------运营商选择  移动、联通或电信，不会出17号段-------------------------平台号码收到短信扣费,收不到短信不会扣费。[End]
[2017-07-27 17:24:11] [INFO] 切分消息：NOTION&单笔充值满 50元送 5%单笔充值满100元送10%自动赠送！上不封顶！-------------------------运营商选择  移动、联通或电信，不会出17号段-------------------------平台号码收到短信扣费,收不到短信不会扣费。
[2017-07-27 17:24:15] [INFO] 收到消息：Null
[2017-07-27 17:24:15] [INFO] 切分消息：Null
[2017-07-27 17:24:18] [INFO] 收到消息：Null
[2017-07-27 17:24:18] [INFO] 切分消息：Null
[2017-07-27 17:24:21] [INFO] 收到消息：Null
[2017-07-27 17:24:21] [INFO] 切分消息：Null
[2017-07-27 17:24:24] [INFO] 收到消息：Null
[2017-07-27 17:24:24] [INFO] 切分消息：Null
[2017-07-27 17:24:27] [INFO] 收到消息：Null
[2017-07-27 17:24:27] [INFO] 切分消息：Null
[2017-07-27 17:24:30] [INFO] 收到消息：Null
[2017-07-27 17:24:30] [INFO] 切分消息：Null
[2017-07-27 17:24:33] [INFO] 收到消息：Null
[2017-07-27 17:24:33] [INFO] 切分消息：Null
[2017-07-27 17:24:42] [INFO] 收到消息：Null
[2017-07-27 17:24:42] [INFO] 切分消息：Null
[2017-07-27 17:24:45] [INFO] 收到消息：Null
[2017-07-27 17:24:45] [INFO] 切分消息：Null
[2017-07-27 17:24:48] [INFO] 收到消息：Null
[2017-07-27 17:24:48] [INFO] 切分消息：Null
[2017-07-27 17:24:51] [INFO] 收到消息：Null
[2017-07-27 17:24:51] [INFO] 切分消息：Null
[2017-07-27 17:24:55] [INFO] 收到消息：Null
[2017-07-27 17:24:55] [INFO] 切分消息：Null
[2017-07-27 17:24:58] [INFO] 收到消息：Null
[2017-07-27 17:24:58] [INFO] 切分消息：Null
[2017-07-27 17:25:01] [INFO] 收到消息：Null
[2017-07-27 17:25:01] [INFO] 切分消息：Null
[2017-07-27 17:25:04] [INFO] 收到消息：Null
[2017-07-27 17:25:04] [INFO] 切分消息：Null
[2017-07-27 17:25:07] [INFO] 收到消息：Null
[2017-07-27 17:25:07] [INFO] 切分消息：Null
[2017-07-27 17:25:11] [INFO] 收到消息：Null
[2017-07-27 17:25:11] [INFO] 切分消息：Null
[2017-07-27 17:25:14] [INFO] 收到消息：Null
[2017-07-27 17:25:14] [INFO] 切分消息：Null
[2017-07-29 13:48:22] [INFO] itemcode_7581
[2017-07-29 13:48:22] [INFO] token_X68WLQ5z7DF18RGQPZksYX2AoCP4HI52
[2017-07-29 13:48:22] [INFO] ===XUNMA RESTURN:17189497383;
[2017-07-29 13:48:30] [INFO] 开始获取验证码：17189497383, qq_contact_bind
[2017-07-29 13:48:33] [INFO] 收到消息：NOTION&单笔充值满 50元送 5%单笔充值满100元送10%自动赠送！上不封顶！-------------------------运营商选择  移动、联通或电信，不会出17号段-------------------------平台号码收到短信扣费,收不到短信不会扣费。[End]
[2017-07-29 13:48:33] [INFO] 切分消息：NOTION&单笔充值满 50元送 5%单笔充值满100元送10%自动赠送！上不封顶！-------------------------运营商选择  移动、联通或电信，不会出17号段-------------------------平台号码收到短信扣费,收不到短信不会扣费。
[2017-07-29 13:48:36] [INFO] 收到消息：Null
[2017-07-29 13:48:36] [INFO] 切分消息：Null
[2017-07-29 13:48:39] [INFO] 收到消息：Null
[2017-07-29 13:48:39] [INFO] 切分消息：Null
[2017-07-29 13:48:43] [INFO] 收到消息：Null
[2017-07-29 13:48:43] [INFO] 切分消息：Null
[2017-07-29 13:48:46] [INFO] 收到消息：Null
[2017-07-29 13:48:46] [INFO] 切分消息：Null
[2017-07-29 13:48:49] [INFO] 收到消息：Null
[2017-07-29 13:48:49] [INFO] 切分消息：Null
[2017-07-29 13:48:57] [INFO] 收到消息：Null
[2017-07-29 13:48:57] [INFO] 切分消息：Null
[2017-07-29 13:49:01] [INFO] 收到消息：Null
[2017-07-29 13:49:01] [INFO] 切分消息：Null
[2017-07-29 13:49:09] [INFO] 收到消息：Null
[2017-07-29 13:49:09] [INFO] 切分消息：Null
[2017-07-29 13:49:12] [INFO] 收到消息：Null
[2017-07-29 13:49:12] [INFO] 切分消息：Null
[2017-07-29 13:49:16] [INFO] 收到消息：Null
[2017-07-29 13:49:16] [INFO] 切分消息：Null
[2017-07-29 13:49:19] [INFO] 收到消息：Null
[2017-07-29 13:49:19] [INFO] 切分消息：Null
[2017-07-29 13:49:22] [INFO] 收到消息：Null
[2017-07-29 13:49:22] [INFO] 切分消息：Null
