[2017-08-12 13:55:40] [INFO] itemcode_7581
[2017-08-12 13:55:40] [INFO] token_xKA1XpjsTPcLxFzIwtEyFuQWa1R6Rf19
[2017-08-12 13:55:40] [INFO] ===XUNMA RESTURN:False:Session 过期
[2017-08-12 13:55:44] [INFO] itemcode_7581
[2017-08-12 13:55:44] [INFO] token_batsDB8iTxc74rfhsY84En60JQ8oIe6
[2017-08-12 13:55:44] [INFO] ===XUNMA RESTURN:15817759078;
[2017-08-12 13:55:55] [INFO] 开始获取验证码：15817759078, qq_contact_bind
[2017-08-12 13:55:58] [INFO] 收到消息：NOTION&单笔充值满 50元送 5%单笔充值满100元送10%自动赠送！上不封顶！-------------------------运营商选择  移动、联通或电信，不会出17号段-------------------------平台号码收到短信扣费,收不到短信不会扣费。[End]
[2017-08-12 13:55:58] [INFO] 切分消息：NOTION&单笔充值满 50元送 5%单笔充值满100元送10%自动赠送！上不封顶！-------------------------运营商选择  移动、联通或电信，不会出17号段-------------------------平台号码收到短信扣费,收不到短信不会扣费。
[2017-08-12 13:56:01] [INFO] 收到消息：Null
[2017-08-12 13:56:01] [INFO] 切分消息：Null
[2017-08-12 13:56:05] [INFO] 收到消息：MSG&7581&15817759078&【腾讯科技】8069（手机营业厅短信验证码，正在绑定手机营业厅。为了保证账号安全，请勿向他人泄露。如非本人操作，请忽略。）[End]
[2017-08-12 13:56:05] [INFO] 切分消息：MSG&7581&15817759078&【腾讯科技】8069（手机营业厅短信验证码，正在绑定手机营业厅。为了保证账号安全，请勿向他人泄露。如非本人操作，请忽略。）
[2017-08-12 13:56:05] [INFO] KEY: verify_code_7581_15817759078, Code: 8069
[2017-08-31 19:02:35] [INFO] itemcode_7581
[2017-08-31 19:02:35] [INFO] token_YjI3f0JOEfblAUblfdEALeQzcYhr4p59
[2017-08-31 19:02:35] [INFO] ===XUNMA RESTURN:False:Session 过期
[2017-08-31 19:02:39] [INFO] itemcode_7581
[2017-08-31 19:02:39] [INFO] token_Zv3C7GkaM9WQNhGgrDFtugiwOtRjBk51
[2017-08-31 19:02:39] [INFO] ===XUNMA RESTURN:13091999674;
[2017-08-31 19:02:52] [INFO] 开始获取验证码：13091999674, qq_contact_bind
[2017-08-31 19:02:55] [INFO] 收到消息：NOTION&单笔充值满 50元送 5%单笔充值满100元送10%自动赠送！上不封顶！-------------------------运营商选择  移动、联通或电信，不会出17号段-------------------------平台号码收到短信扣费,收不到短信不会扣费。[End]
[2017-08-31 19:02:55] [INFO] 切分消息：NOTION&单笔充值满 50元送 5%单笔充值满100元送10%自动赠送！上不封顶！-------------------------运营商选择  移动、联通或电信，不会出17号段-------------------------平台号码收到短信扣费,收不到短信不会扣费。
[2017-08-31 19:02:58] [INFO] 收到消息：MSG&7581&13091999674&【腾讯科技】7306 (手机QQ短信验证码，正在启用通讯录功能。为了保证帐号安全，请勿向他人泄漏。如非本人操作，请忽略。）[End]
[2017-08-31 19:02:58] [INFO] 切分消息：MSG&7581&13091999674&【腾讯科技】7306 (手机QQ短信验证码，正在启用通讯录功能。为了保证帐号安全，请勿向他人泄漏。如非本人操作，请忽略。）
[2017-08-31 19:02:58] [INFO] KEY: verify_code_7581_13091999674, Code: 7306
