[2017-08-15 15:15:18] [INFO] itemcode_7581
[2017-08-15 15:15:18] [INFO] token_wfE6ClkbRO9QWVAsHgfEbOej4qnUkz32
[2017-08-15 15:15:18] [INFO] ===XUNMA RESTURN:False:Session 过期
[2017-08-15 15:15:22] [INFO] itemcode_7581
[2017-08-15 15:15:22] [INFO] token_snD0JlaK3a0JNkN7VzCw47lXnb9IKZ31
[2017-08-15 15:15:23] [INFO] ===XUNMA RESTURN:14799703604;
[2017-08-15 15:16:33] [INFO] itemcode_7581
[2017-08-15 15:16:33] [INFO] token_snD0JlaK3a0JNkN7VzCw47lXnb9IKZ31
[2017-08-15 15:16:33] [INFO] ===XUNMA RESTURN:17159104651;
[2017-08-15 15:17:10] [INFO] 开始获取验证码：17159104651, qq_contact_bind
[2017-08-15 15:17:14] [INFO] 收到消息：NOTION&单笔充值满 50元送 5%单笔充值满100元送10%自动赠送！上不封顶！-------------------------运营商选择  移动、联通或电信，不会出17号段-------------------------平台号码收到短信扣费,收不到短信不会扣费。[End]MSG&7581&17159104651&【腾讯科技】2632 (手机QQ短信验证码，正在启用通讯录功能。为了保证帐号安全，请勿向他人泄漏。如非本人操作，请忽略。）[End]
[2017-08-15 15:17:14] [INFO] 切分消息：NOTION&单笔充值满 50元送 5%单笔充值满100元送10%自动赠送！上不封顶！-------------------------运营商选择  移动、联通或电信，不会出17号段-------------------------平台号码收到短信扣费,收不到短信不会扣费。
[2017-08-15 15:17:14] [INFO] 切分消息：MSG&7581&17159104651&【腾讯科技】2632 (手机QQ短信验证码，正在启用通讯录功能。为了保证帐号安全，请勿向他人泄漏。如非本人操作，请忽略。）
[2017-08-15 15:17:14] [INFO] KEY: verify_code_7581_17159104651, Code: 2632
[2017-08-15 15:20:12] [INFO] itemcode_7581
[2017-08-15 15:20:12] [INFO] token_snD0JlaK3a0JNkN7VzCw47lXnb9IKZ31
[2017-08-15 15:20:13] [INFO] ===XUNMA RESTURN:15989707954;
[2017-08-15 15:20:32] [INFO] 开始获取验证码：15989707954, qq_contact_bind
[2017-08-15 15:20:35] [INFO] 收到消息：USER&93.106&1000&2000&1000&0.85&18.929[End]
[2017-08-15 15:20:35] [INFO] 切分消息：USER&93.106&1000&2000&1000&0.85&18.929
[2017-08-15 15:20:38] [INFO] 收到消息：MSG&7581&15989707954&【腾讯科技】2016（手机营业厅短信验证码，正在绑定手机营业厅。为了保证账号安全，请勿向他人泄露。如非本人操作，请忽略。）[End]
[2017-08-15 15:20:38] [INFO] 切分消息：MSG&7581&15989707954&【腾讯科技】2016（手机营业厅短信验证码，正在绑定手机营业厅。为了保证账号安全，请勿向他人泄露。如非本人操作，请忽略。）
[2017-08-15 15:20:38] [INFO] KEY: verify_code_7581_15989707954, Code: 2016
