[2017-02-09 20:17:13] [INFO] ===XUNMA RESTURN:17161749232;17161747704;17161746550;17098645437;17161746595;17161746818;17161746460;17161746522;17161746616;17161747014;
[2017-02-09 20:24:14] [INFO] ===XUNMA RESTURN:13094729129;13094729173;13094723805;13094723823;13094729005;13094723502;13094723520;13094723572;13094723623;13094723691;
[2017-02-09 20:27:51] [INFO] ===XUNMA RESTURN:13218046596;13218045967;13218046686;13186403454;13218040273;13186426208;13218020408;13218046713;13218045575;13218046617;
[2017-02-09 20:32:44] [INFO] ===XUNMA RESTURN:13094736329;13094733802;13094723372;13091949110;13091948950;13094737825;13091949085;13094736883;13094736065;13094737821;
[2017-02-09 20:36:29] [INFO] ===XUNMA RESTURN:13729913049;13729916265;13549367967;13549489434;13549221546;15728127202;13549250695;13549378066;13729905506;13729939052;
[2017-02-09 20:45:42] [INFO] ===XUNMA RESTURN:15658134795;13067933245;15658157427;13248947959;15658137487;15658195643;13067873423;13067895047;15658809238;15658804527;
[2017-02-09 20:46:32] [INFO] ===XUNMA RESTURN:13177749474;13197973734;13177744965;13197979461;13177753142;13177747360;13177753450;15579492684;13177745212;13170973413;
[2017-02-09 20:53:54] [INFO] ===XUNMA RESTURN:13084629675;13084615071;13084615696;13084619736;13084631931;13084639861;13106124392;13084639782;13106124483;13106124130;
[2017-02-09 20:54:45] [INFO] ===XUNMA RESTURN:13106185463;13106187249;13084616003;13106187044;13106186437;13084617637;13084615580;13084611087;13084612863;13084616296;
[2017-02-09 20:55:41] [INFO] ===XUNMA RESTURN:17728402487;17728405697;17728400441;17728402780;17724588526;17727716093;17724587330;17724587679;17724588397;17724586701;
[2017-02-09 20:56:46] [INFO] ===XUNMA RESTURN:13064531056;13064531195;13064531121;13064531215;13064531126;13064531186;13064531185;13064530875;13064530879;13064531216;
[2017-02-09 21:01:24] [INFO] ===XUNMA RESTURN:13094722283;13094727973;13094728125;13094728010;13094728260;13094709959;13094728310;13094728561;13094728630;13094728669;
[2017-02-09 21:04:22] [INFO] ===XUNMA RESTURN:18668787498;18668788145;18668788410;18668787554;18668788403;18668788460;18668789463;18668789428;18668789495;18668789407;
[2017-02-09 21:16:43] [INFO] ===XUNMA RESTURN:13106124553;13173514625;13173514590;13173514940;13173514732;13173514737;13173514917;13173514916;13173514695;13173514690;
[2017-02-09 21:17:15] [INFO] ===XUNMA RESTURN:13084613736;13106183641;13173523145;13106184060;13173522174;13106183644;13106184006;13106184007;13106184021;13173522643;
[2017-02-09 21:22:50] [INFO] ===XUNMA RESTURN:13729976422;13729933646;15724010812;13729904276;15718336724;13729968006;13729912405;13729946074;13729934746;13729959510;
[2017-03-15 14:24:51] [INFO] ===XUNMA RESTURN:13094722310;
[2017-03-15 14:25:56] [INFO] ===XUNMA RESTURN:17086168140;
[2017-03-15 14:27:16] [INFO] ===XUNMA RESTURN:17191791422;
[2017-03-15 14:28:36] [INFO] ===XUNMA RESTURN:15992286503;
[2017-03-15 14:30:25] [INFO] ===XUNMA RESTURN:13713106415;
[2017-03-15 14:30:25] [INFO] ===XUNMA RESTURN:15718345248;
[2017-03-15 14:30:55] [INFO] timed out
[2017-03-15 14:30:56] [INFO] 
[2017-03-15 14:30:57] [INFO] ===XUNMA RESTURN:13751425415;
[2017-03-15 14:31:13] [INFO] ===XUNMA RESTURN:13187588483;
[2017-03-15 14:31:14] [INFO] ===XUNMA RESTURN:15217125567;
[2017-03-15 14:31:14] [INFO] ===XUNMA RESTURN:13094717560;
[2017-03-15 14:31:14] [INFO] ===XUNMA RESTURN:13075765402;
[2017-03-15 14:31:30] [INFO] ===XUNMA RESTURN:17072283570;
[2017-03-15 14:34:36] [INFO] ===XUNMA RESTURN:False:Session 过期
[2017-03-15 14:34:41] [INFO] ===XUNMA RESTURN:15876428954;
[2017-03-15 14:34:41] [INFO] ===XUNMA RESTURN:15975484293;
[2017-03-15 14:34:41] [INFO] ===XUNMA RESTURN:18189798141;
[2017-03-15 14:34:42] [INFO] ===XUNMA RESTURN:13342985630;
[2017-03-15 14:34:42] [INFO] ===XUNMA RESTURN:13064515670;
[2017-03-15 14:34:42] [INFO] ===XUNMA RESTURN:13064521650;
[2017-03-15 14:34:43] [INFO] ===XUNMA RESTURN:13064515137;
[2017-03-15 14:34:43] [INFO] ===XUNMA RESTURN:17191791421;
[2017-03-15 14:36:03] [INFO] ===XUNMA RESTURN:13094705060;
[2017-03-15 14:36:03] [INFO] ===XUNMA RESTURN:13145662083;
[2017-03-15 14:36:04] [INFO] ===XUNMA RESTURN:13064515191;
[2017-03-15 14:36:04] [INFO] ===XUNMA RESTURN:17188230234;
[2017-03-15 14:37:24] [INFO] ===XUNMA RESTURN:15876987924;
[2017-03-15 14:37:24] [INFO] ===XUNMA RESTURN:13187474423;
[2017-03-15 14:37:24] [INFO] ===XUNMA RESTURN:18300095450;
[2017-03-15 14:37:25] [INFO] ===XUNMA RESTURN:15605364709;
[2017-03-15 14:37:25] [INFO] ===XUNMA RESTURN:13064515190;
[2017-03-15 14:37:25] [INFO] ===XUNMA RESTURN:15217509197;
[2017-03-15 14:37:26] [INFO] ===XUNMA RESTURN:13064517517;
[2017-03-15 14:37:26] [INFO] ===XUNMA RESTURN:15658150540;
[2017-03-15 14:37:27] [INFO] ===XUNMA RESTURN:13094731080;
[2017-03-15 14:37:27] [INFO] ===XUNMA RESTURN:13064528083;
[2017-03-15 14:37:27] [INFO] ===XUNMA RESTURN:13094738652;
[2017-03-15 14:37:28] [INFO] ===XUNMA RESTURN:15663674369;
[2017-03-15 14:37:28] [INFO] ===XUNMA RESTURN:13075766241;
[2017-03-15 14:37:28] [INFO] ===XUNMA RESTURN:15118286531;
[2017-03-15 14:37:29] [INFO] ===XUNMA RESTURN:13106192042;
[2017-03-15 14:37:29] [INFO] ===XUNMA RESTURN:13173508431;
[2017-03-15 14:37:29] [INFO] ===XUNMA RESTURN:15658167493;
[2017-03-15 14:37:30] [INFO] ===XUNMA RESTURN:17072282841;
[2017-03-15 14:39:10] [INFO] 
[2017-03-15 14:39:10] [INFO] 
[2017-03-15 14:39:10] [INFO] 
[2017-03-15 14:39:10] [INFO] ===XUNMA RESTURN:False:Session 过期
[2017-03-15 14:39:14] [INFO] ===XUNMA RESTURN:13729978436;
[2017-03-15 14:39:15] [INFO] ===XUNMA RESTURN:13173531349;
[2017-03-15 14:39:15] [INFO] ===XUNMA RESTURN:17192000504;
[2017-03-15 14:40:36] [INFO] ===XUNMA RESTURN:13064515135;
[2017-03-15 14:40:36] [INFO] ===XUNMA RESTURN:15663674369;
[2017-03-15 14:40:37] [INFO] ===XUNMA RESTURN:17196214399;
[2017-03-15 14:41:58] [INFO] ===XUNMA RESTURN:15975462981;
[2017-03-15 14:41:58] [INFO] ===XUNMA RESTURN:13091952840;
[2017-03-15 14:41:59] [INFO] ===XUNMA RESTURN:13549318730;
[2017-03-15 14:41:59] [INFO] ===XUNMA RESTURN:17186894971;
[2017-03-15 14:43:18] [INFO] ===XUNMA RESTURN:18189798141;
[2017-03-15 14:43:18] [INFO] ===XUNMA RESTURN:17096441735;
[2017-03-15 14:44:38] [INFO] ===XUNMA RESTURN:18402016594;
[2017-03-15 14:44:38] [INFO] ===XUNMA RESTURN:15916627582;
[2017-03-15 14:44:38] [INFO] ===XUNMA RESTURN:13549224580;
[2017-03-15 14:44:39] [INFO] ===XUNMA RESTURN:13094722659;
[2017-03-15 14:44:39] [INFO] ===XUNMA RESTURN:17074338747;
[2017-03-15 15:50:42] [INFO] ===XUNMA RESTURN:False:Session 过期
[2017-03-15 15:50:46] [INFO] ===XUNMA RESTURN:17152503734;
[2017-03-15 15:52:07] [INFO] ===XUNMA RESTURN:15992246757;
[2017-03-15 15:52:08] [INFO] ===XUNMA RESTURN:15217780442;
[2017-03-15 15:52:08] [INFO] ===XUNMA RESTURN:13094701760;
[2017-03-15 15:52:08] [INFO] ===XUNMA RESTURN:17099097919;
[2017-03-15 15:53:28] [INFO] ===XUNMA RESTURN:13064528582;
[2017-03-15 15:53:29] [INFO] ===XUNMA RESTURN:15975490792;
[2017-03-15 15:53:29] [INFO] ===XUNMA RESTURN:15217125567;
[2017-03-15 15:53:29] [INFO] ===XUNMA RESTURN:15975490885;
[2017-03-15 15:53:30] [INFO] ===XUNMA RESTURN:13091948672;
[2017-03-15 15:53:30] [INFO] ===XUNMA RESTURN:17704745647;
[2017-03-16 10:28:16] [INFO] ===XUNMA RESTURN:False:Session 过期
[2017-03-16 10:28:20] [INFO] ===XUNMA RESTURN:13094739331;
[2017-03-16 10:28:20] [INFO] ===XUNMA RESTURN:13094737830;
[2017-03-16 10:28:21] [INFO] ===XUNMA RESTURN:17099079390;
[2017-03-16 10:29:41] [INFO] ===XUNMA RESTURN:13751485312;
[2017-03-16 10:29:41] [INFO] ===XUNMA RESTURN:17191791724;
[2017-03-16 10:31:00] [INFO] ===XUNMA RESTURN:13094731726;
[2017-03-16 10:31:00] [INFO] ===XUNMA RESTURN:15920313784;
[2017-03-16 10:31:00] [INFO] ===XUNMA RESTURN:13064517301;
[2017-03-16 10:31:01] [INFO] ===XUNMA RESTURN:13084622801;
[2017-03-16 10:31:01] [INFO] ===XUNMA RESTURN:15992279164;
[2017-03-16 10:31:02] [INFO] ===XUNMA RESTURN:15992246757;
[2017-03-16 10:31:02] [INFO] ===XUNMA RESTURN:17189493244;
[2017-03-16 10:32:23] [INFO] ===XUNMA RESTURN:13045532021;
[2017-03-16 10:32:23] [INFO] ===XUNMA RESTURN:17192339443;
[2017-03-16 10:34:18] [INFO] ===XUNMA RESTURN:False:Session 过期
[2017-03-16 10:34:22] [INFO] ===XUNMA RESTURN:13064526026;
[2017-03-16 10:34:23] [INFO] ===XUNMA RESTURN:13064523176;
[2017-03-16 10:34:23] [INFO] ===XUNMA RESTURN:13084629182;
[2017-03-16 10:34:23] [INFO] ===XUNMA RESTURN:13064531679;
[2017-03-16 10:34:24] [INFO] ===XUNMA RESTURN:13064511216;
[2017-03-16 10:34:24] [INFO] ===XUNMA RESTURN:13398994924;
[2017-03-16 10:34:24] [INFO] ===XUNMA RESTURN:13236547180;
[2017-03-16 10:34:25] [INFO] ===XUNMA RESTURN:13064519826;
[2017-03-16 10:34:25] [INFO] ===XUNMA RESTURN:13064519825;
[2017-03-16 10:34:26] [INFO] ===XUNMA RESTURN:13064526027;
[2017-03-16 10:34:26] [INFO] ===XUNMA RESTURN:13091947680;
[2017-03-16 10:34:27] [INFO] ===XUNMA RESTURN:13751842086;
[2017-03-16 10:34:27] [INFO] ===XUNMA RESTURN:13064527526;
[2017-03-16 10:34:27] [INFO] ===XUNMA RESTURN:13106172043;
[2017-03-16 10:34:28] [INFO] ===XUNMA RESTURN:17152500314;
[2017-03-16 10:36:57] [INFO] ===XUNMA RESTURN:15118280371;
[2017-03-16 10:36:58] [INFO] ===XUNMA RESTURN:13064526001;
[2017-03-16 10:36:58] [INFO] ===XUNMA RESTURN:13075792547;
[2017-03-16 10:36:58] [INFO] ===XUNMA RESTURN:13173519594;
[2017-03-16 10:36:59] [INFO] ===XUNMA RESTURN:13091949256;
[2017-03-16 10:36:59] [INFO] ===XUNMA RESTURN:13106161483;
[2017-03-16 10:36:59] [INFO] ===XUNMA RESTURN:17087947264;
[2017-03-16 10:39:01] [INFO] ===XUNMA RESTURN:17078074303;
[2017-03-16 10:45:38] [INFO] ===XUNMA RESTURN:False:Session 过期
[2017-03-16 10:45:42] [INFO] ===XUNMA RESTURN:13106154539;
[2017-03-16 10:45:43] [INFO] ===XUNMA RESTURN:13144921718;
[2017-03-16 10:45:43] [INFO] ===XUNMA RESTURN:15919674717;
[2017-03-16 10:45:43] [INFO] ===XUNMA RESTURN:13064531856;
[2017-03-16 10:45:44] [INFO] ===XUNMA RESTURN:13094711037;
[2017-03-16 10:45:44] [INFO] ===XUNMA RESTURN:13549345166;
[2017-03-16 10:45:44] [INFO] ===XUNMA RESTURN:17078133189;
[2017-03-16 10:47:05] [INFO] ===XUNMA RESTURN:17192339443;
[2017-03-16 10:48:25] [INFO] ===XUNMA RESTURN:15694634448;
[2017-03-16 10:48:26] [INFO] ===XUNMA RESTURN:13064528083;
[2017-03-16 10:48:26] [INFO] ===XUNMA RESTURN:13094718082;
[2017-03-16 10:48:26] [INFO] ===XUNMA RESTURN:17094584489;
[2017-03-16 10:49:46] [INFO] ===XUNMA RESTURN:13751466954;
[2017-03-16 10:49:47] [INFO] ===XUNMA RESTURN:13047556329;
[2017-03-16 10:49:47] [INFO] ===XUNMA RESTURN:13064511601;
[2017-03-16 10:49:47] [INFO] ===XUNMA RESTURN:13064525662;
[2017-03-16 10:49:48] [INFO] ===XUNMA RESTURN:13013048636;
[2017-03-16 10:49:48] [INFO] ===XUNMA RESTURN:13549224580;
[2017-03-16 10:49:49] [INFO] ===XUNMA RESTURN:13106155940;
[2017-03-16 10:49:49] [INFO] ===XUNMA RESTURN:13094722659;
[2017-03-16 10:49:49] [INFO] ===XUNMA RESTURN:15816747940;
[2017-03-16 10:49:50] [INFO] ===XUNMA RESTURN:13106159644;
[2017-03-16 10:49:50] [INFO] ===XUNMA RESTURN:13064529862;
[2017-03-16 10:49:50] [INFO] ===XUNMA RESTURN:13084636213;
[2017-03-16 10:49:51] [INFO] ===XUNMA RESTURN:15118258991;
[2017-03-16 10:49:51] [INFO] ===XUNMA RESTURN:15989072067;
[2017-03-16 10:49:51] [INFO] ===XUNMA RESTURN:13570944088;
[2017-03-16 10:49:52] [INFO] ===XUNMA RESTURN:17191792894;
