[2017-06-29 22:01:57] [INFO] itemcode_2251
[2017-06-29 22:01:57] [INFO] token_sFV7FdVEsjatW0Jca71MWxo0Ja8eP724
[2017-06-29 22:01:57] [INFO] ===XUNMA RESTURN:False:Session 过期
[2017-06-29 22:02:01] [INFO] itemcode_2251
[2017-06-29 22:02:01] [INFO] token_KlGzBPkBNkN7Qu9yF0JTzK2lpVKq5f8
[2017-06-29 22:02:01] [INFO] ===XUNMA RESTURN:13650330750;
[2017-06-29 22:02:30] [INFO] itemcode_2251
[2017-06-29 22:02:30] [INFO] token_KlGzBPkBNkN7Qu9yF0JTzK2lpVKq5f8
[2017-06-29 22:02:30] [INFO] ===XUNMA RESTURN:17062104015;
[2017-06-29 22:02:38] [INFO] itemcode_2251
[2017-06-29 22:02:38] [INFO] token_KlGzBPkBNkN7Qu9yF0JTzK2lpVKq5f8
[2017-06-29 22:02:38] [INFO] ===XUNMA RESTURN:17171568450;
[2017-06-29 22:02:45] [INFO] itemcode_2251
[2017-06-29 22:02:45] [INFO] token_KlGzBPkBNkN7Qu9yF0JTzK2lpVKq5f8
[2017-06-29 22:02:45] [INFO] ===XUNMA RESTURN:17076410862;
[2017-06-29 22:02:52] [INFO] itemcode_2251
[2017-06-29 22:02:52] [INFO] token_KlGzBPkBNkN7Qu9yF0JTzK2lpVKq5f8
[2017-06-29 22:02:52] [INFO] ===XUNMA RESTURN:13929688821;
[2017-06-30 10:24:12] [INFO] itemcode_2251
[2017-06-30 10:24:12] [INFO] token_1LxM0JGv8Atcrg3ohn5zDai5jVvKia36
[2017-06-30 10:24:12] [INFO] ===XUNMA RESTURN:False:余额不足，请先释放号码
[2017-06-30 10:24:15] [INFO] itemcode_2251
[2017-06-30 10:24:15] [INFO] token_1LxM0JGv8Atcrg3ohn5zDai5jVvKia36
[2017-06-30 10:24:15] [INFO] ===XUNMA RESTURN:False:余额不足，请先释放号码
[2017-06-30 10:24:18] [INFO] itemcode_2251
[2017-06-30 10:24:18] [INFO] token_1LxM0JGv8Atcrg3ohn5zDai5jVvKia36
[2017-06-30 10:24:19] [INFO] ===XUNMA RESTURN:False:余额不足，请先释放号码
[2017-06-30 10:24:22] [INFO] itemcode_2251
[2017-06-30 10:24:22] [INFO] token_1LxM0JGv8Atcrg3ohn5zDai5jVvKia36
[2017-06-30 10:24:22] [INFO] ===XUNMA RESTURN:False:余额不足，请先释放号码
[2017-06-30 10:24:25] [INFO] itemcode_2251
[2017-06-30 10:24:25] [INFO] token_1LxM0JGv8Atcrg3ohn5zDai5jVvKia36
[2017-06-30 10:24:25] [INFO] ===XUNMA RESTURN:False:余额不足，请先释放号码
[2017-06-30 10:24:28] [INFO] itemcode_2251
[2017-06-30 10:24:28] [INFO] token_1LxM0JGv8Atcrg3ohn5zDai5jVvKia36
[2017-06-30 10:24:28] [INFO] ===XUNMA RESTURN:False:余额不足，请先释放号码
[2017-06-30 10:24:31] [INFO] itemcode_2251
[2017-06-30 10:24:31] [INFO] token_1LxM0JGv8Atcrg3ohn5zDai5jVvKia36
[2017-06-30 10:24:32] [INFO] ===XUNMA RESTURN:False:余额不足，请先释放号码
[2017-06-30 10:24:35] [INFO] itemcode_2251
[2017-06-30 10:24:35] [INFO] token_1LxM0JGv8Atcrg3ohn5zDai5jVvKia36
[2017-06-30 10:24:35] [INFO] ===XUNMA RESTURN:False:余额不足，请先释放号码
[2017-06-30 10:24:38] [INFO] itemcode_2251
[2017-06-30 10:24:38] [INFO] token_1LxM0JGv8Atcrg3ohn5zDai5jVvKia36
[2017-06-30 10:24:38] [INFO] ===XUNMA RESTURN:False:余额不足，请先释放号码
[2017-06-30 10:24:41] [INFO] itemcode_2251
[2017-06-30 10:24:41] [INFO] token_1LxM0JGv8Atcrg3ohn5zDai5jVvKia36
[2017-06-30 10:24:41] [INFO] ===XUNMA RESTURN:False:余额不足，请先释放号码
[2017-06-30 10:24:44] [INFO] itemcode_2251
[2017-06-30 10:24:44] [INFO] token_1LxM0JGv8Atcrg3ohn5zDai5jVvKia36
[2017-06-30 10:24:44] [INFO] ===XUNMA RESTURN:False:余额不足，请先释放号码
[2017-06-30 10:24:47] [INFO] itemcode_2251
[2017-06-30 10:24:47] [INFO] token_1LxM0JGv8Atcrg3ohn5zDai5jVvKia36
[2017-06-30 10:24:47] [INFO] ===XUNMA RESTURN:False:余额不足，请先释放号码
[2017-06-30 10:24:50] [INFO] itemcode_2251
[2017-06-30 10:24:50] [INFO] token_1LxM0JGv8Atcrg3ohn5zDai5jVvKia36
[2017-06-30 10:24:50] [INFO] ===XUNMA RESTURN:False:余额不足，请先释放号码
[2017-06-30 10:24:53] [INFO] itemcode_2251
[2017-06-30 10:24:53] [INFO] token_1LxM0JGv8Atcrg3ohn5zDai5jVvKia36
[2017-06-30 10:24:54] [INFO] ===XUNMA RESTURN:False:余额不足，请先释放号码
[2017-06-30 10:25:11] [INFO] itemcode_2251
[2017-06-30 10:25:11] [INFO] token_1LxM0JGv8Atcrg3ohn5zDai5jVvKia36
[2017-06-30 10:25:11] [INFO] ===XUNMA RESTURN:False:余额不足，请先释放号码
[2017-06-30 10:25:14] [INFO] itemcode_2251
[2017-06-30 10:25:14] [INFO] token_1LxM0JGv8Atcrg3ohn5zDai5jVvKia36
[2017-06-30 10:25:14] [INFO] ===XUNMA RESTURN:False:余额不足，请先释放号码
[2017-06-30 10:25:17] [INFO] itemcode_2251
[2017-06-30 10:25:17] [INFO] token_1LxM0JGv8Atcrg3ohn5zDai5jVvKia36
[2017-06-30 10:25:17] [INFO] ===XUNMA RESTURN:False:余额不足，请先释放号码
[2017-06-30 10:25:20] [INFO] itemcode_2251
[2017-06-30 10:25:20] [INFO] token_1LxM0JGv8Atcrg3ohn5zDai5jVvKia36
[2017-06-30 10:25:20] [INFO] ===XUNMA RESTURN:False:余额不足，请先释放号码
[2017-06-30 10:25:23] [INFO] itemcode_2251
[2017-06-30 10:25:23] [INFO] token_1LxM0JGv8Atcrg3ohn5zDai5jVvKia36
[2017-06-30 10:25:24] [INFO] ===XUNMA RESTURN:False:余额不足，请先释放号码
[2017-06-30 10:25:27] [INFO] itemcode_2251
[2017-06-30 10:25:27] [INFO] token_1LxM0JGv8Atcrg3ohn5zDai5jVvKia36
[2017-06-30 10:25:27] [INFO] ===XUNMA RESTURN:False:余额不足，请先释放号码
[2017-06-30 10:25:30] [INFO] itemcode_2251
[2017-06-30 10:25:30] [INFO] token_1LxM0JGv8Atcrg3ohn5zDai5jVvKia36
[2017-06-30 10:25:30] [INFO] ===XUNMA RESTURN:False:余额不足，请先释放号码
[2017-06-30 10:25:33] [INFO] itemcode_2251
[2017-06-30 10:25:33] [INFO] token_1LxM0JGv8Atcrg3ohn5zDai5jVvKia36
[2017-06-30 10:25:33] [INFO] ===XUNMA RESTURN:False:余额不足，请先释放号码
[2017-06-30 10:25:36] [INFO] itemcode_2251
[2017-06-30 10:25:36] [INFO] token_1LxM0JGv8Atcrg3ohn5zDai5jVvKia36
[2017-06-30 10:25:36] [INFO] ===XUNMA RESTURN:False:余额不足，请先释放号码
[2017-06-30 10:25:39] [INFO] itemcode_2251
[2017-06-30 10:25:39] [INFO] token_1LxM0JGv8Atcrg3ohn5zDai5jVvKia36
[2017-06-30 10:25:39] [INFO] ===XUNMA RESTURN:False:余额不足，请先释放号码
[2017-06-30 10:25:42] [INFO] itemcode_2251
[2017-06-30 10:25:42] [INFO] token_1LxM0JGv8Atcrg3ohn5zDai5jVvKia36
[2017-06-30 10:25:43] [INFO] ===XUNMA RESTURN:False:余额不足，请先释放号码
[2017-06-30 10:25:46] [INFO] itemcode_2251
[2017-06-30 10:25:46] [INFO] token_1LxM0JGv8Atcrg3ohn5zDai5jVvKia36
[2017-06-30 10:25:46] [INFO] ===XUNMA RESTURN:False:余额不足，请先释放号码
[2017-06-30 10:25:49] [INFO] itemcode_2251
[2017-06-30 10:25:49] [INFO] token_1LxM0JGv8Atcrg3ohn5zDai5jVvKia36
[2017-06-30 10:25:49] [INFO] ===XUNMA RESTURN:False:余额不足，请先释放号码
[2017-06-30 10:25:52] [INFO] itemcode_2251
[2017-06-30 10:25:52] [INFO] token_1LxM0JGv8Atcrg3ohn5zDai5jVvKia36
[2017-06-30 10:25:52] [INFO] ===XUNMA RESTURN:False:余额不足，请先释放号码
[2017-06-30 10:52:05] [INFO] itemcode_2251
[2017-06-30 10:52:05] [INFO] token_1LxM0JGv8Atcrg3ohn5zDai5jVvKia36
[2017-06-30 10:52:05] [INFO] ===XUNMA RESTURN:False:Session 过期
[2017-06-30 10:52:09] [INFO] itemcode_2251
[2017-06-30 10:52:09] [INFO] token_Jwq6CAKg8pSrgGqXrPxB6iyiLn0JZF20
[2017-06-30 10:52:09] [INFO] ===XUNMA RESTURN:False:余额不足，请先释放号码
[2017-06-30 10:52:12] [INFO] itemcode_2251
[2017-06-30 10:52:12] [INFO] token_Jwq6CAKg8pSrgGqXrPxB6iyiLn0JZF20
[2017-06-30 10:52:12] [INFO] ===XUNMA RESTURN:False:余额不足，请先释放号码
[2017-06-30 10:52:15] [INFO] itemcode_2251
[2017-06-30 10:52:15] [INFO] token_Jwq6CAKg8pSrgGqXrPxB6iyiLn0JZF20
[2017-06-30 10:52:15] [INFO] ===XUNMA RESTURN:False:余额不足，请先释放号码
[2017-06-30 10:52:18] [INFO] itemcode_2251
[2017-06-30 10:52:18] [INFO] token_Jwq6CAKg8pSrgGqXrPxB6iyiLn0JZF20
[2017-06-30 10:52:18] [INFO] ===XUNMA RESTURN:False:余额不足，请先释放号码
[2017-06-30 22:37:03] [INFO] itemcode_2251
[2017-06-30 22:37:03] [INFO] token_NtZ0J4HDhXyREj1LkAOrwHKAuPDfkf73
[2017-06-30 22:37:03] [INFO] ===XUNMA RESTURN:False:Session 过期
[2017-06-30 22:37:07] [INFO] itemcode_2251
[2017-06-30 22:37:07] [INFO] token_uBw7GDx3PtPDlstnAIwSlj0JlZ5FUN46
[2017-06-30 22:37:07] [INFO] ===XUNMA RESTURN:13610992382;
[2017-06-30 22:37:17] [INFO] itemcode_2251
[2017-06-30 22:37:17] [INFO] token_uBw7GDx3PtPDlstnAIwSlj0JlZ5FUN46
[2017-06-30 22:37:17] [INFO] ===XUNMA RESTURN:17132494042;
