[INFO  - 2018-01-04T05:18:38.807Z] GhostDriver - Main - running on port 36085
[INFO  - 2018-01-04T05:18:39.746Z] Session [b937d690-f10e-11e7-8b45-5f3115b19d71] - page.settings - {"XSSAuditingEnabled":false,"javascriptCanCloseWindows":true,"javascriptCanOpenWindows":true,"javascriptEnabled":true,"loadImages":true,"localToRemoteUrlAccessEnabled":false,"userAgent":"Mozilla/5.0 (Linux; U; Android 2.3.7; en-us; Nexus One Build/FRF91) AppleWebKit/533.1 (KHTML, like Gecko) Version/4.0 Mobile Safari/533.1","webSecurityEnabled":true}
[INFO  - 2018-01-04T05:18:39.746Z] Session [b937d690-f10e-11e7-8b45-5f3115b19d71] - page.customHeaders:  - {"User-Agent":"Mozilla/5.0 (Linux; U; Android 2.3.7; en-us; Nexus One Build/FRF91) AppleWebKit/533.1 (KHTML, like Gecko) Version/4.0 Mobile Safari/533.1"}
[INFO  - 2018-01-04T05:18:39.746Z] Session [b937d690-f10e-11e7-8b45-5f3115b19d71] - Session.negotiatedCapabilities - {"browserName":"phantomjs","version":"2.1.1","driverName":"ghostdriver","driverVersion":"1.2.0","platform":"linux-unknown-64bit","javascriptEnabled":true,"takesScreenshot":true,"handlesAlerts":false,"databaseEnabled":false,"locationContextEnabled":false,"applicationCacheEnabled":false,"browserConnectionEnabled":false,"cssSelectorsEnabled":true,"webStorageEnabled":false,"rotatable":false,"acceptSslCerts":false,"nativeEvents":true,"proxy":{"proxyType":"direct"},"phantomjs.page.settings.disk-cache":true,"phantomjs.page.customHeaders.User-Agent":"Mozilla/5.0 (Linux; U; Android 2.3.7; en-us; Nexus One Build/FRF91) AppleWebKit/533.1 (KHTML, like Gecko) Version/4.0 Mobile Safari/533.1","phantomjs.page.settings.resourceTimeout":1000,"phantomjs.page.settings.loadImages":true,"phantomjs.page.settings.userAgent":"Mozilla/5.0 (Linux; U; Android 2.3.7; en-us; Nexus One Build/FRF91) AppleWebKit/533.1 (KHTML, like Gecko) Version/4.0 Mobile Safari/533.1"}
[INFO  - 2018-01-04T05:18:39.746Z] SessionManagerReqHand - _postNewSessionCommand - New Session Created: b937d690-f10e-11e7-8b45-5f3115b19d71
[ERROR - 2018-01-04T05:18:40.183Z] Session [b937d690-f10e-11e7-8b45-5f3115b19d71] - page.onError - msg: ReferenceError: Can't find variable: mqq

  phantomjs://platform/console++.js:263 in error
[ERROR - 2018-01-04T05:18:40.183Z] Session [b937d690-f10e-11e7-8b45-5f3115b19d71] - page.onError - stack:
  (anonymous function) (https://res.mail.qq.com/wapmail/zh_CN/htmledition/js/mobile_qq/mqqmailapp247cbd.js:2)

  phantomjs://platform/console++.js:263 in error
[ERROR - 2018-01-04T05:18:40.183Z] Session [b937d690-f10e-11e7-8b45-5f3115b19d71] - page.onError - msg: ReferenceError: Can't find variable: mqq

  phantomjs://platform/console++.js:263 in error
[ERROR - 2018-01-04T05:18:40.183Z] Session [b937d690-f10e-11e7-8b45-5f3115b19d71] - page.onError - stack:
  global code (https://w.mail.qq.com/cgi-bin/loginpage:27)

  phantomjs://platform/console++.js:263 in error
[ERROR - 2018-01-04T05:19:01.273Z] WebElementLocator - _handleLocateCommand - Element(s) NOT Found: GAVE UP. Search Stop Time: 1515043141245

  phantomjs://platform/console++.js:263 in error
[ERROR - 2018-01-04T05:19:11.758Z] WebElementLocator - _handleLocateCommand - Element(s) NOT Found: GAVE UP. Search Stop Time: 1515043151730

  phantomjs://platform/console++.js:263 in error
[INFO  - 2018-01-04T05:23:38.833Z] SessionManagerReqHand - _cleanupWindowlessSessions - Asynchronous Sessions clean-up phase starting NOW
[INFO  - 2018-01-04T05:28:38.834Z] SessionManagerReqHand - _cleanupWindowlessSessions - Asynchronous Sessions clean-up phase starting NOW
