[2018-02-26 17:17:56] [INFO] itemcode_None
[2018-02-26 17:17:56] [INFO] token_Ews43rxizXoXIrdSGQdCJ5UjJWvc5S39
[2018-02-26 17:17:56] [INFO] ===XUNMA RESTURN:False:信息有误!
[2018-02-26 17:17:59] [INFO] itemcode_None
[2018-02-26 17:17:59] [INFO] token_Ews43rxizXoXIrdSGQdCJ5UjJWvc5S39
[2018-02-26 17:17:59] [INFO] ===XUNMA RESTURN:False:信息有误!
[2018-02-26 17:18:02] [INFO] itemcode_None
[2018-02-26 17:18:02] [INFO] token_Ews43rxizXoXIrdSGQdCJ5UjJWvc5S39
[2018-02-26 17:18:03] [INFO] ===XUNMA RESTURN:False:信息有误!
[2018-02-26 17:22:01] [INFO] itemcode_None
[2018-02-26 17:22:01] [INFO] token_Ews43rxizXoXIrdSGQdCJ5UjJWvc5S39
[2018-02-26 17:22:01] [INFO] ===XUNMA RESTURN:False:信息有误!
[2018-02-26 17:22:04] [INFO] itemcode_None
[2018-02-26 17:22:04] [INFO] token_Ews43rxizXoXIrdSGQdCJ5UjJWvc5S39
[2018-02-26 17:22:04] [INFO] ===XUNMA RESTURN:False:信息有误!
[2018-02-26 17:22:07] [INFO] itemcode_None
[2018-02-26 17:22:07] [INFO] token_Ews43rxizXoXIrdSGQdCJ5UjJWvc5S39
[2018-02-26 17:22:07] [INFO] ===XUNMA RESTURN:False:信息有误!
[2018-02-26 17:25:58] [INFO] itemcode_None
[2018-02-26 17:25:58] [INFO] token_Ews43rxizXoXIrdSGQdCJ5UjJWvc5S39
[2018-02-26 17:25:58] [INFO] ===XUNMA RESTURN:False:信息有误!
[2018-02-26 17:26:01] [INFO] itemcode_None
[2018-02-26 17:26:01] [INFO] token_Ews43rxizXoXIrdSGQdCJ5UjJWvc5S39
[2018-02-26 17:26:02] [INFO] ===XUNMA RESTURN:False:信息有误!
[2018-02-26 17:37:06] [INFO] itemcode_None
[2018-02-26 17:37:06] [INFO] token_Ews43rxizXoXIrdSGQdCJ5UjJWvc5S39
[2018-02-26 17:37:06] [INFO] ===XUNMA RESTURN:False:信息有误!
[2018-02-26 17:37:09] [INFO] itemcode_None
[2018-02-26 17:37:09] [INFO] token_Ews43rxizXoXIrdSGQdCJ5UjJWvc5S39
[2018-02-26 17:37:09] [INFO] ===XUNMA RESTURN:False:信息有误!
[2018-02-26 18:00:49] [INFO] itemcode_2760
[2018-02-26 18:00:49] [INFO] token_Ews43rxizXoXIrdSGQdCJ5UjJWvc5S39
[2018-02-26 18:00:50] [INFO] ===XUNMA RESTURN:False:Session 过期
[2018-02-26 18:00:54] [INFO] itemcode_2760
[2018-02-26 18:00:54] [INFO] token_aKvy6Id6y2JTxcSv0JvaMPfDRmnWSM4
[2018-02-26 18:00:54] [INFO] ===XUNMA RESTURN:13157084218;
[2018-02-26 18:03:34] [INFO] 开始获取验证码：13157084218, qq_contact_bind
[2018-02-26 18:03:37] [INFO] 收到消息：NOTION&单笔充值满 50元送 5%单笔充值满100元送10%自动赠送！上不封顶！-------------------------运营商选择  移动、联通或电信，不会出17号段-------------------------充值地址：www.xunma.net/pay[End]
[2018-02-26 18:03:37] [INFO] 切分消息：NOTION&单笔充值满 50元送 5%单笔充值满100元送10%自动赠送！上不封顶！-------------------------运营商选择  移动、联通或电信，不会出17号段-------------------------充值地址：www.xunma.net/pay
[2018-02-26 18:03:40] [INFO] 收到消息：Null
[2018-02-26 18:03:40] [INFO] 切分消息：Null
[2018-02-26 18:03:43] [INFO] 收到消息：Null
[2018-02-26 18:03:43] [INFO] 切分消息：Null
[2018-02-26 18:03:46] [INFO] 收到消息：Null
[2018-02-26 18:03:46] [INFO] 切分消息：Null
[2018-02-26 18:03:49] [INFO] 收到消息：Null
[2018-02-26 18:03:49] [INFO] 切分消息：Null
[2018-02-26 18:03:52] [INFO] 收到消息：Null
[2018-02-26 18:03:52] [INFO] 切分消息：Null
[2018-02-26 18:03:55] [INFO] 收到消息：Null
[2018-02-26 18:03:55] [INFO] 切分消息：Null
[2018-02-26 18:03:58] [INFO] 收到消息：Null
[2018-02-26 18:03:58] [INFO] 切分消息：Null
[2018-02-26 18:04:02] [INFO] 收到消息：Null
[2018-02-26 18:04:02] [INFO] 切分消息：Null
[2018-02-26 18:04:05] [INFO] 收到消息：Null
[2018-02-26 18:04:05] [INFO] 切分消息：Null
[2018-02-26 18:04:08] [INFO] 收到消息：Null
[2018-02-26 18:04:08] [INFO] 切分消息：Null
[2018-02-26 18:04:11] [INFO] 收到消息：Null
[2018-02-26 18:04:11] [INFO] 切分消息：Null
[2018-02-26 18:04:14] [INFO] 收到消息：Null
[2018-02-26 18:04:14] [INFO] 切分消息：Null
[2018-02-26 18:04:17] [INFO] 收到消息：Null
[2018-02-26 18:04:17] [INFO] 切分消息：Null
[2018-02-26 20:41:34] [INFO] itemcode_2760
[2018-02-26 20:41:34] [INFO] token_aKvy6Id6y2JTxcSv0JvaMPfDRmnWSM4
[2018-02-26 20:41:34] [INFO] ===XUNMA RESTURN:False:Session 过期
[2018-02-26 20:41:38] [INFO] itemcode_2760
[2018-02-26 20:41:38] [INFO] token_KpsQ9bPF0JiZCty6QZ4jBhC8YT9wv071
[2018-02-26 20:41:38] [INFO] ===XUNMA RESTURN:17091076637;
[2018-02-26 20:44:06] [INFO] 开始获取验证码：17091076637, wechat_register
[2018-02-26 20:44:09] [INFO] 收到消息：NOTION&单笔充值满 50元送 5%单笔充值满100元送10%自动赠送！上不封顶！-------------------------运营商选择  移动、联通或电信，不会出17号段-------------------------充值地址：www.xunma.net/pay[End]
[2018-02-26 20:44:09] [INFO] 切分消息：NOTION&单笔充值满 50元送 5%单笔充值满100元送10%自动赠送！上不封顶！-------------------------运营商选择  移动、联通或电信，不会出17号段-------------------------充值地址：www.xunma.net/pay
[2018-02-26 20:44:12] [INFO] 收到消息：Null
[2018-02-26 20:44:12] [INFO] 切分消息：Null
[2018-02-26 20:44:16] [INFO] 收到消息：Null
[2018-02-26 20:44:16] [INFO] 切分消息：Null
[2018-02-26 20:44:19] [INFO] 收到消息：Null
[2018-02-26 20:44:19] [INFO] 切分消息：Null
[2018-02-26 20:44:22] [INFO] 收到消息：Null
[2018-02-26 20:44:22] [INFO] 切分消息：Null
[2018-02-26 20:44:25] [INFO] 收到消息：Null
[2018-02-26 20:44:25] [INFO] 切分消息：Null
[2018-02-26 20:44:28] [INFO] 收到消息：Null
[2018-02-26 20:44:28] [INFO] 切分消息：Null
[2018-02-26 20:44:31] [INFO] 收到消息：Null
[2018-02-26 20:44:31] [INFO] 切分消息：Null
[2018-02-26 20:44:34] [INFO] 收到消息：Null
[2018-02-26 20:44:34] [INFO] 切分消息：Null
[2018-02-26 20:44:38] [INFO] 收到消息：Null
[2018-02-26 20:44:38] [INFO] 切分消息：Null
[2018-02-26 20:44:41] [INFO] 收到消息：Null
[2018-02-26 20:44:41] [INFO] 切分消息：Null
[2018-02-26 20:44:44] [INFO] 收到消息：Null
[2018-02-26 20:44:44] [INFO] 切分消息：Null
[2018-02-26 20:44:47] [INFO] 收到消息：Null
[2018-02-26 20:44:47] [INFO] 切分消息：Null
[2018-02-26 20:44:50] [INFO] 收到消息：Null
[2018-02-26 20:44:50] [INFO] 切分消息：Null
[2018-02-26 20:44:53] [INFO] 收到消息：Null
[2018-02-26 20:44:53] [INFO] 切分消息：Null
[2018-02-26 20:44:56] [INFO] 收到消息：Null
[2018-02-26 20:44:56] [INFO] 切分消息：Null
[2018-02-26 20:44:59] [INFO] 收到消息：Null
[2018-02-26 20:44:59] [INFO] 切分消息：Null
[2018-02-26 20:45:03] [INFO] 收到消息：Null
[2018-02-26 20:45:03] [INFO] 切分消息：Null
[2018-02-26 20:45:06] [INFO] 收到消息：Null
[2018-02-26 20:45:06] [INFO] 切分消息：Null
[2018-02-26 20:46:55] [INFO] itemcode_2760
[2018-02-26 20:46:55] [INFO] token_KpsQ9bPF0JiZCty6QZ4jBhC8YT9wv071
[2018-02-26 20:46:55] [INFO] ===XUNMA RESTURN:17162763734;
[2018-02-26 20:47:02] [INFO] 开始获取验证码：17162763734, wechat_register
[2018-02-26 20:47:05] [INFO] 收到消息：Null
[2018-02-26 20:47:05] [INFO] 切分消息：Null
[2018-02-26 20:47:08] [INFO] 收到消息：Null
[2018-02-26 20:47:08] [INFO] 切分消息：Null
[2018-02-26 20:47:11] [INFO] 收到消息：Null
[2018-02-26 20:47:11] [INFO] 切分消息：Null
[2018-02-26 20:47:14] [INFO] 收到消息：Null
[2018-02-26 20:47:14] [INFO] 切分消息：Null
[2018-02-26 20:47:18] [INFO] 收到消息：Null
[2018-02-26 20:47:18] [INFO] 切分消息：Null
[2018-02-26 20:47:21] [INFO] 收到消息：Null
[2018-02-26 20:47:21] [INFO] 切分消息：Null
[2018-02-26 20:47:24] [INFO] 收到消息：Null
[2018-02-26 20:47:24] [INFO] 切分消息：Null
[2018-02-26 20:47:27] [INFO] 收到消息：Null
[2018-02-26 20:47:27] [INFO] 切分消息：Null
[2018-02-26 20:47:30] [INFO] 收到消息：Null
[2018-02-26 20:47:30] [INFO] 切分消息：Null
[2018-02-26 20:47:33] [INFO] 收到消息：Null
[2018-02-26 20:47:33] [INFO] 切分消息：Null
[2018-02-26 20:47:36] [INFO] 收到消息：Null
[2018-02-26 20:47:36] [INFO] 切分消息：Null
[2018-02-26 20:47:40] [INFO] 收到消息：Null
[2018-02-26 20:47:40] [INFO] 切分消息：Null
[2018-02-26 20:47:43] [INFO] 收到消息：Null
[2018-02-26 20:47:43] [INFO] 切分消息：Null
[2018-02-26 20:47:46] [INFO] 收到消息：Null
[2018-02-26 20:47:46] [INFO] 切分消息：Null
[2018-02-26 20:47:49] [INFO] 收到消息：Null
[2018-02-26 20:47:49] [INFO] 切分消息：Null
[2018-02-26 20:47:52] [INFO] 收到消息：Null
[2018-02-26 20:47:52] [INFO] 切分消息：Null
[2018-02-26 20:47:55] [INFO] 收到消息：Null
[2018-02-26 20:47:55] [INFO] 切分消息：Null
[2018-02-26 20:47:58] [INFO] 收到消息：Null
[2018-02-26 20:47:58] [INFO] 切分消息：Null
[2018-02-26 20:48:02] [INFO] 收到消息：Null
[2018-02-26 20:48:02] [INFO] 切分消息：Null
[2018-02-26 20:48:33] [INFO] itemcode_7581
[2018-02-26 20:48:33] [INFO] token_KpsQ9bPF0JiZCty6QZ4jBhC8YT9wv071
[2018-02-26 20:48:33] [INFO] ===XUNMA RESTURN:17097460754;
[2018-02-26 20:48:33] [INFO] 开始获取验证码：17097460754, qq_contact_bind
[2018-02-26 20:48:36] [INFO] 收到消息：Null
[2018-02-26 20:48:36] [INFO] 切分消息：Null
[2018-02-26 20:48:39] [INFO] 收到消息：Null
[2018-02-26 20:48:39] [INFO] 切分消息：Null
[2018-02-26 20:48:43] [INFO] 收到消息：Null
[2018-02-26 20:48:43] [INFO] 切分消息：Null
[2018-02-26 20:49:33] [INFO] itemcode_7581
[2018-02-26 20:49:33] [INFO] token_KpsQ9bPF0JiZCty6QZ4jBhC8YT9wv071
[2018-02-26 20:49:33] [INFO] ===XUNMA RESTURN:13017749407;
[2018-02-26 20:50:34] [INFO] 开始获取验证码：13017749407, qq_contact_bind
[2018-02-26 20:50:37] [INFO] 收到消息：Null
[2018-02-26 20:50:37] [INFO] 切分消息：Null
[2018-02-26 20:50:40] [INFO] 收到消息：Null
[2018-02-26 20:50:40] [INFO] 切分消息：Null
[2018-02-26 20:50:43] [INFO] 收到消息：Null
[2018-02-26 20:50:43] [INFO] 切分消息：Null
[2018-02-26 20:50:46] [INFO] 收到消息：Null
[2018-02-26 20:50:46] [INFO] 切分消息：Null
[2018-02-26 20:50:50] [INFO] 收到消息：Null
[2018-02-26 20:50:50] [INFO] 切分消息：Null
[2018-02-26 20:50:53] [INFO] 收到消息：Null
[2018-02-26 20:50:53] [INFO] 切分消息：Null
[2018-02-26 20:50:56] [INFO] 收到消息：Null
[2018-02-26 20:50:56] [INFO] 切分消息：Null
[2018-02-26 20:50:59] [INFO] 收到消息：Null
[2018-02-26 20:50:59] [INFO] 切分消息：Null
[2018-02-26 20:51:02] [INFO] 收到消息：Null
[2018-02-26 20:51:02] [INFO] 切分消息：Null
[2018-02-26 20:51:05] [INFO] 收到消息：Null
[2018-02-26 20:51:05] [INFO] 切分消息：Null
[2018-02-26 20:51:08] [INFO] 收到消息：Null
[2018-02-26 20:51:08] [INFO] 切分消息：Null
[2018-02-26 20:51:12] [INFO] 收到消息：Null
[2018-02-26 20:51:12] [INFO] 切分消息：Null
[2018-02-26 20:51:15] [INFO] 收到消息：Null
[2018-02-26 20:51:15] [INFO] 切分消息：Null
[2018-02-26 20:51:18] [INFO] 收到消息：Null
[2018-02-26 20:51:18] [INFO] 切分消息：Null
[2018-02-26 20:51:21] [INFO] 收到消息：Null
[2018-02-26 20:51:21] [INFO] 切分消息：Null
[2018-02-26 20:51:24] [INFO] 收到消息：Null
[2018-02-26 20:51:24] [INFO] 切分消息：Null
[2018-02-26 20:51:27] [INFO] 收到消息：Null
[2018-02-26 20:51:27] [INFO] 切分消息：Null
[2018-02-26 20:51:30] [INFO] 收到消息：Null
[2018-02-26 20:51:30] [INFO] 切分消息：Null
[2018-02-26 20:51:34] [INFO] 收到消息：Null
[2018-02-26 20:51:34] [INFO] 切分消息：Null
[2018-02-26 20:54:23] [INFO] itemcode_7581
[2018-02-26 20:54:23] [INFO] token_KpsQ9bPF0JiZCty6QZ4jBhC8YT9wv071
[2018-02-26 20:54:23] [INFO] ===XUNMA RESTURN:17133524804;
[2018-02-26 20:54:59] [INFO] 开始获取验证码：17133524804, qq_contact_bind
[2018-02-26 20:55:02] [INFO] 收到消息：Null
[2018-02-26 20:55:02] [INFO] 切分消息：Null
[2018-02-26 20:55:06] [INFO] 收到消息：Null
[2018-02-26 20:55:06] [INFO] 切分消息：Null
[2018-02-26 20:55:09] [INFO] 收到消息：Null
[2018-02-26 20:55:09] [INFO] 切分消息：Null
[2018-02-26 20:55:12] [INFO] 收到消息：Null
[2018-02-26 20:55:12] [INFO] 切分消息：Null
[2018-02-26 20:56:09] [INFO] itemcode_2537
[2018-02-26 20:56:09] [INFO] token_KpsQ9bPF0JiZCty6QZ4jBhC8YT9wv071
[2018-02-26 20:56:09] [INFO] ===XUNMA RESTURN:13175734142;
[2018-02-26 20:56:48] [INFO] 开始获取验证码：13175734142, qq_register
[2018-02-26 20:56:51] [INFO] 收到消息：Null
[2018-02-26 20:56:51] [INFO] 切分消息：Null
[2018-02-26 20:56:54] [INFO] 收到消息：Null
[2018-02-26 20:56:54] [INFO] 切分消息：Null
[2018-02-26 20:56:58] [INFO] 收到消息：Null
[2018-02-26 20:56:58] [INFO] 切分消息：Null
[2018-02-26 20:57:01] [INFO] 收到消息：Null
[2018-02-26 20:57:01] [INFO] 切分消息：Null
[2018-02-26 20:57:04] [INFO] 收到消息：Null
[2018-02-26 20:57:04] [INFO] 切分消息：Null
[2018-02-26 20:57:07] [INFO] 收到消息：Null
[2018-02-26 20:57:07] [INFO] 切分消息：Null
[2018-02-26 20:57:10] [INFO] 收到消息：Null
[2018-02-26 20:57:10] [INFO] 切分消息：Null
[2018-02-26 20:57:13] [INFO] 收到消息：Null
[2018-02-26 20:57:13] [INFO] 切分消息：Null
[2018-02-26 20:57:16] [INFO] 收到消息：Null
[2018-02-26 20:57:16] [INFO] 切分消息：Null
[2018-02-26 20:57:20] [INFO] 收到消息：Null
[2018-02-26 20:57:20] [INFO] 切分消息：Null
[2018-02-26 20:57:23] [INFO] 收到消息：Null
[2018-02-26 20:57:23] [INFO] 切分消息：Null
[2018-02-26 20:57:26] [INFO] 收到消息：Null
[2018-02-26 20:57:26] [INFO] 切分消息：Null
[2018-02-26 20:57:29] [INFO] 收到消息：Null
[2018-02-26 20:57:29] [INFO] 切分消息：Null
[2018-02-26 20:57:32] [INFO] 收到消息：Null
[2018-02-26 20:57:32] [INFO] 切分消息：Null
[2018-02-26 20:57:35] [INFO] 收到消息：Null
[2018-02-26 20:57:35] [INFO] 切分消息：Null
[2018-02-26 20:57:38] [INFO] 收到消息：Null
[2018-02-26 20:57:38] [INFO] 切分消息：Null
[2018-02-26 20:57:41] [INFO] 收到消息：Null
[2018-02-26 20:57:41] [INFO] 切分消息：Null
[2018-02-26 20:57:45] [INFO] 收到消息：Null
[2018-02-26 20:57:45] [INFO] 切分消息：Null
[2018-02-26 20:57:48] [INFO] 收到消息：Null
[2018-02-26 20:57:48] [INFO] 切分消息：Null
[2018-02-26 20:59:01] [INFO] itemcode_2537
[2018-02-26 20:59:01] [INFO] token_KpsQ9bPF0JiZCty6QZ4jBhC8YT9wv071
[2018-02-26 20:59:01] [INFO] ===XUNMA RESTURN:13211394014;
[2018-02-26 20:59:04] [INFO] 开始获取验证码：13211394014, 2537
[2018-02-26 21:00:04] [INFO] itemcode_2537
[2018-02-26 21:00:04] [INFO] token_KpsQ9bPF0JiZCty6QZ4jBhC8YT9wv071
[2018-02-26 21:00:04] [INFO] ===XUNMA RESTURN:17088512380;
[2018-02-26 21:03:06] [INFO] itemcode_2124
[2018-02-26 21:03:06] [INFO] token_KpsQ9bPF0JiZCty6QZ4jBhC8YT9wv071
[2018-02-26 21:03:06] [INFO] ===XUNMA RESTURN:13017743898;
[2018-02-26 21:03:37] [INFO] 开始获取验证码：13017743898, qq_register
[2018-02-26 21:03:41] [INFO] 收到消息：Null
[2018-02-26 21:03:41] [INFO] 切分消息：Null
[2018-02-26 21:03:44] [INFO] 收到消息：Null
[2018-02-26 21:03:44] [INFO] 切分消息：Null
[2018-02-26 21:03:47] [INFO] 收到消息：Null
[2018-02-26 21:03:47] [INFO] 切分消息：Null
[2018-02-26 21:03:50] [INFO] 收到消息：Null
[2018-02-26 21:03:50] [INFO] 切分消息：Null
[2018-02-26 21:03:53] [INFO] 收到消息：Null
[2018-02-26 21:03:53] [INFO] 切分消息：Null
[2018-02-26 21:03:56] [INFO] 收到消息：Null
[2018-02-26 21:03:56] [INFO] 切分消息：Null
[2018-02-26 21:03:59] [INFO] 收到消息：Null
[2018-02-26 21:03:59] [INFO] 切分消息：Null
[2018-02-26 21:04:02] [INFO] 收到消息：Null
[2018-02-26 21:04:02] [INFO] 切分消息：Null
[2018-02-26 21:04:06] [INFO] 收到消息：Null
[2018-02-26 21:04:06] [INFO] 切分消息：Null
[2018-02-26 21:04:09] [INFO] 收到消息：Null
[2018-02-26 21:04:09] [INFO] 切分消息：Null
[2018-02-26 21:04:12] [INFO] 收到消息：Null
[2018-02-26 21:04:12] [INFO] 切分消息：Null
[2018-02-26 21:04:15] [INFO] 收到消息：Null
[2018-02-26 21:04:15] [INFO] 切分消息：Null
[2018-02-26 21:04:18] [INFO] 收到消息：Null
[2018-02-26 21:04:18] [INFO] 切分消息：Null
[2018-02-26 21:04:21] [INFO] 收到消息：Null
[2018-02-26 21:04:21] [INFO] 切分消息：Null
[2018-02-26 21:04:24] [INFO] 收到消息：Null
[2018-02-26 21:04:24] [INFO] 切分消息：Null
[2018-02-26 21:04:27] [INFO] 收到消息：Null
[2018-02-26 21:04:27] [INFO] 切分消息：Null
[2018-02-26 21:04:31] [INFO] 收到消息：Null
[2018-02-26 21:04:31] [INFO] 切分消息：Null
[2018-02-26 21:04:34] [INFO] 收到消息：Null
[2018-02-26 21:04:34] [INFO] 切分消息：Null
[2018-02-26 21:04:37] [INFO] 收到消息：Null
[2018-02-26 21:04:37] [INFO] 切分消息：Null
[2018-02-26 21:06:37] [INFO] itemcode_2124
[2018-02-26 21:06:37] [INFO] token_KpsQ9bPF0JiZCty6QZ4jBhC8YT9wv071
[2018-02-26 21:06:38] [INFO] ===XUNMA RESTURN:17093634049;
[2018-02-26 21:07:51] [INFO] itemcode_2124
[2018-02-26 21:07:51] [INFO] token_KpsQ9bPF0JiZCty6QZ4jBhC8YT9wv071
[2018-02-26 21:07:51] [INFO] ===XUNMA RESTURN:17056165315;
[2018-02-26 21:07:59] [INFO] 开始获取验证码：17056165315, qq_register
[2018-02-26 21:08:02] [INFO] 收到消息：Null
[2018-02-26 21:08:02] [INFO] 切分消息：Null
[2018-02-26 21:08:06] [INFO] 收到消息：Null
[2018-02-26 21:08:06] [INFO] 切分消息：Null
[2018-02-26 21:08:09] [INFO] 收到消息：Null
[2018-02-26 21:08:09] [INFO] 切分消息：Null
[2018-02-26 21:15:02] [INFO] itemcode_2124
[2018-02-26 21:15:02] [INFO] token_KpsQ9bPF0JiZCty6QZ4jBhC8YT9wv071
[2018-02-26 21:15:03] [INFO] ===XUNMA RESTURN:13184404464;
[2018-02-26 21:15:31] [INFO] 开始获取验证码：13184404464, qq_register
[2018-02-26 21:15:34] [INFO] 收到消息：Null
[2018-02-26 21:15:34] [INFO] 切分消息：Null
[2018-02-26 21:15:37] [INFO] 收到消息：Null
[2018-02-26 21:15:37] [INFO] 切分消息：Null
[2018-02-26 21:15:40] [INFO] 收到消息：Null
[2018-02-26 21:15:40] [INFO] 切分消息：Null
[2018-02-26 21:15:43] [INFO] 收到消息：Null
[2018-02-26 21:15:43] [INFO] 切分消息：Null
[2018-02-26 21:15:46] [INFO] 收到消息：Null
[2018-02-26 21:15:46] [INFO] 切分消息：Null
[2018-02-26 21:15:50] [INFO] 收到消息：Null
[2018-02-26 21:15:50] [INFO] 切分消息：Null
[2018-02-26 21:15:53] [INFO] 收到消息：Null
[2018-02-26 21:15:53] [INFO] 切分消息：Null
[2018-02-26 21:15:56] [INFO] 收到消息：Null
[2018-02-26 21:15:56] [INFO] 切分消息：Null
[2018-02-26 21:15:59] [INFO] 收到消息：Null
[2018-02-26 21:15:59] [INFO] 切分消息：Null
[2018-02-26 21:16:02] [INFO] 收到消息：Null
[2018-02-26 21:16:02] [INFO] 切分消息：Null
[2018-02-26 21:16:05] [INFO] 收到消息：Null
[2018-02-26 21:16:05] [INFO] 切分消息：Null
[2018-02-26 21:16:08] [INFO] 收到消息：Null
[2018-02-26 21:16:08] [INFO] 切分消息：Null
[2018-02-26 21:16:12] [INFO] 收到消息：Null
[2018-02-26 21:16:12] [INFO] 切分消息：Null
[2018-02-26 21:16:15] [INFO] 收到消息：Null
[2018-02-26 21:16:15] [INFO] 切分消息：Null
[2018-02-26 21:16:18] [INFO] 收到消息：Null
[2018-02-26 21:16:18] [INFO] 切分消息：Null
[2018-02-26 21:16:21] [INFO] 收到消息：Null
[2018-02-26 21:16:21] [INFO] 切分消息：Null
[2018-02-26 21:16:24] [INFO] 收到消息：Null
[2018-02-26 21:16:24] [INFO] 切分消息：Null
[2018-02-26 21:16:27] [INFO] 收到消息：Null
[2018-02-26 21:16:27] [INFO] 切分消息：Null
[2018-02-26 21:16:30] [INFO] 收到消息：Null
[2018-02-26 21:16:30] [INFO] 切分消息：Null
