[2017-06-18 10:10:17] [INFO] itemcode_2251
[2017-06-18 10:10:17] [INFO] token_4SjDzX1vxyvtfi3e9GLetRcRLUCEKD1070
[2017-06-18 10:10:20] [INFO] ===XUNMA RESTURN:False:Session 过期
[2017-06-18 10:10:37] [INFO] itemcode_2251
[2017-06-18 10:10:37] [INFO] token_4SjDzX1vxyvtfi3e9GLetRcRLUCEKD1070
[2017-06-18 10:10:54] [INFO] ===XUNMA RESTURN:False:Session 过期
[2017-06-18 10:11:00] [INFO] itemcode_2251
[2017-06-18 10:11:00] [INFO] token_4SjDzX1vxyvtfi3e9GLetRcRLUCEKD1070
[2017-06-18 10:11:02] [INFO] ===XUNMA RESTURN:False:Session 过期
[2017-06-18 10:11:40] [INFO] itemcode_2251
[2017-06-18 10:11:40] [INFO] token_4SjDzX1vxyvtfi3e9GLetRcRLUCEKD1070
[2017-06-18 10:11:54] [INFO] ===XUNMA RESTURN:False:Session 过期
[2017-06-18 10:12:01] [INFO] itemcode_2251
[2017-06-18 10:12:01] [INFO] token_4SjDzX1vxyvtfi3e9GLetRcRLUCEKD1070
[2017-06-18 10:12:04] [INFO] ===XUNMA RESTURN:False:Session 过期
[2017-06-18 10:12:11] [INFO] itemcode_2251
[2017-06-18 10:12:11] [INFO] token_4SjDzX1vxyvtfi3e9GLetRcRLUCEKD1070
[2017-06-18 10:12:15] [INFO] ===XUNMA RESTURN:False:Session 过期
[2017-06-18 10:12:35] [INFO] itemcode_2251
[2017-06-18 10:12:35] [INFO] token_4SjDzX1vxyvtfi3e9GLetRcRLUCEKD1070
[2017-06-18 10:12:36] [INFO] ===XUNMA RESTURN:False:Session 过期
[2017-06-18 10:21:02] [INFO] itemcode_2251
[2017-06-18 10:21:02] [INFO] token_4SjDzX1vxyvtfi3e9GLetRcRLUCEKD1070
[2017-06-18 10:21:04] [INFO] ===XUNMA RESTURN:False:Session 过期
[2017-06-18 10:25:06] [INFO] itemcode_2251
[2017-06-18 10:25:06] [INFO] token_4SjDzX1vxyvtfi3e9GLetRcRLUCEKD1070
[2017-06-18 10:25:17] [INFO] ===XUNMA RESTURN:False:Session 过期
[2017-06-18 10:25:24] [INFO] itemcode_2251
[2017-06-18 10:25:24] [INFO] token_4SjDzX1vxyvtfi3e9GLetRcRLUCEKD1070
[2017-06-18 10:25:40] [INFO] ===XUNMA RESTURN:False:Session 过期
[2017-06-18 10:32:45] [INFO] itemcode_2251
[2017-06-18 10:32:45] [INFO] token_6B1NqEcazApavA5ksU1KlyhFZMTcvK6711
[2017-06-18 10:32:50] [INFO] ===XUNMA RESTURN:False:Session 过期
[2017-06-18 10:32:56] [INFO] itemcode_2251
[2017-06-18 10:32:56] [INFO] token_6B1NqEcazApavA5ksU1KlyhFZMTcvK6711
[2017-06-18 10:33:13] [INFO] ===XUNMA RESTURN:False:Session 过期
[2017-06-18 10:33:20] [INFO] itemcode_2251
[2017-06-18 10:33:20] [INFO] token_6B1NqEcazApavA5ksU1KlyhFZMTcvK6711
[2017-06-18 10:33:28] [INFO] ===XUNMA RESTURN:False:Session 过期
[2017-06-18 10:33:36] [INFO] itemcode_2251
[2017-06-18 10:33:36] [INFO] token_6B1NqEcazApavA5ksU1KlyhFZMTcvK6711
[2017-06-18 10:33:46] [INFO] ===XUNMA RESTURN:False:Session 过期
[2017-06-18 10:33:52] [INFO] itemcode_2251
[2017-06-18 10:33:52] [INFO] token_6B1NqEcazApavA5ksU1KlyhFZMTcvK6711
[2017-06-18 10:33:55] [INFO] ===XUNMA RESTURN:False:Session 过期
[2017-06-18 10:34:23] [INFO] itemcode_2251
[2017-06-18 10:34:23] [INFO] token_6B1NqEcazApavA5ksU1KlyhFZMTcvK6711
[2017-06-18 10:34:27] [INFO] ===XUNMA RESTURN:False:Session 过期
[2017-06-18 12:37:47] [INFO] itemcode_2251
[2017-06-18 12:37:47] [INFO] token_6B1NqEcazApavA5ksU1KlyhFZMTcvK6711
[2017-06-18 12:37:47] [INFO] ===XUNMA RESTURN:False:Session 过期
[2017-06-18 12:39:03] [INFO] itemcode_2251
[2017-06-18 12:39:03] [INFO] token_6B1NqEcazApavA5ksU1KlyhFZMTcvK6711
[2017-06-18 12:39:03] [INFO] ===XUNMA RESTURN:False:Session 过期
[2017-06-18 12:39:32] [INFO] itemcode_2251
[2017-06-18 12:39:32] [INFO] token_6B1NqEcazApavA5ksU1KlyhFZMTcvK6711
[2017-06-18 12:39:32] [INFO] ===XUNMA RESTURN:False:Session 过期
[2017-06-18 12:42:11] [INFO] itemcode_2251
[2017-06-18 12:42:11] [INFO] token_6B1NqEcazApavA5ksU1KlyhFZMTcvK6711
[2017-06-18 12:42:11] [INFO] ===XUNMA RESTURN:False:Session 过期
[2017-06-18 12:58:56] [INFO] itemcode_2251
[2017-06-18 12:58:56] [INFO] token_6B1NqEcazApavA5ksU1KlyhFZMTcvK6711
[2017-06-18 12:58:56] [INFO] ===XUNMA RESTURN:False:Session 过期
[2017-06-18 12:59:44] [INFO] itemcode_2251
[2017-06-18 12:59:44] [INFO] token_6B1NqEcazApavA5ksU1KlyhFZMTcvK6711
[2017-06-18 12:59:44] [INFO] ===XUNMA RESTURN:False:Session 过期
[2017-06-18 13:01:39] [INFO] itemcode_2251
[2017-06-18 13:01:39] [INFO] token_4SjDzX1vxyvtfi3e9GLetRcRLUCEKD1070
[2017-06-18 13:01:52] [INFO] ===XUNMA RESTURN:False:Session 过期
[2017-06-18 13:13:48] [INFO] itemcode_2251
[2017-06-18 13:13:48] [INFO] token_6B1NqEcazApavA5ksU1KlyhFZMTcvK6711
[2017-06-18 13:13:48] [INFO] ===XUNMA RESTURN:False:Session 过期
[2017-06-18 13:19:10] [INFO] itemcode_2251
[2017-06-18 13:19:10] [INFO] token_6B1NqEcazApavA5ksU1KlyhFZMTcvK6711
[2017-06-18 13:19:10] [INFO] ===XUNMA RESTURN:False:Session 过期
[2017-06-18 13:21:04] [INFO] itemcode_2251
[2017-06-18 13:21:04] [INFO] token_6B1NqEcazApavA5ksU1KlyhFZMTcvK6711
[2017-06-18 13:21:04] [INFO] ===XUNMA RESTURN:False:Session 过期
[2017-06-18 13:21:34] [INFO] itemcode_2251
[2017-06-18 13:21:34] [INFO] token_6B1NqEcazApavA5ksU1KlyhFZMTcvK6711
[2017-06-18 13:21:37] [INFO] ===XUNMA RESTURN:False:Session 过期
[2017-06-18 13:22:10] [INFO] itemcode_2251
[2017-06-18 13:22:10] [INFO] token_6B1NqEcazApavA5ksU1KlyhFZMTcvK6711
[2017-06-18 13:22:14] [ERROR] Traceback (most recent call last):
  File "/home/zunyun/workspace/TaskConsole/smsCode/client_xunma.py", line 77, in GetPhoneNumber
    response = conn.getresponse()
  File "/usr/lib/python2.7/httplib.py", line 1136, in getresponse
    response.begin()
  File "/usr/lib/python2.7/httplib.py", line 453, in begin
    version, status, reason = self._read_status()
  File "/usr/lib/python2.7/httplib.py", line 409, in _read_status
    line = self.fp.readline(_MAXLINE + 1)
  File "/usr/lib/python2.7/socket.py", line 480, in readline
    data = self._sock.recv(self._rbufsize)
error: [Errno 104] Connection reset by peer

[2017-06-18 13:22:14] [INFO] itemcode_2251
[2017-06-18 13:22:14] [INFO] token_6B1NqEcazApavA5ksU1KlyhFZMTcvK6711
[2017-06-18 13:22:14] [ERROR] Traceback (most recent call last):
  File "/home/zunyun/workspace/TaskConsole/smsCode/client_xunma.py", line 76, in GetPhoneNumber
    conn.request("GET", path)
  File "/usr/lib/python2.7/httplib.py", line 1057, in request
    self._send_request(method, url, body, headers)
  File "/usr/lib/python2.7/httplib.py", line 1097, in _send_request
    self.endheaders(body)
  File "/usr/lib/python2.7/httplib.py", line 1053, in endheaders
    self._send_output(message_body)
  File "/usr/lib/python2.7/httplib.py", line 897, in _send_output
    self.send(msg)
  File "/usr/lib/python2.7/httplib.py", line 859, in send
    self.connect()
  File "/usr/lib/python2.7/httplib.py", line 836, in connect
    self.timeout, self.source_address)
  File "/usr/lib/python2.7/socket.py", line 575, in create_connection
    raise err
error: [Errno 111] Connection refused

[2017-06-18 13:22:14] [INFO] itemcode_2251
[2017-06-18 13:22:14] [INFO] token_6B1NqEcazApavA5ksU1KlyhFZMTcvK6711
[2017-06-18 13:22:14] [ERROR] Traceback (most recent call last):
  File "/home/zunyun/workspace/TaskConsole/smsCode/client_xunma.py", line 76, in GetPhoneNumber
    conn.request("GET", path)
  File "/usr/lib/python2.7/httplib.py", line 1057, in request
    self._send_request(method, url, body, headers)
  File "/usr/lib/python2.7/httplib.py", line 1097, in _send_request
    self.endheaders(body)
  File "/usr/lib/python2.7/httplib.py", line 1053, in endheaders
    self._send_output(message_body)
  File "/usr/lib/python2.7/httplib.py", line 897, in _send_output
    self.send(msg)
  File "/usr/lib/python2.7/httplib.py", line 859, in send
    self.connect()
  File "/usr/lib/python2.7/httplib.py", line 836, in connect
    self.timeout, self.source_address)
  File "/usr/lib/python2.7/socket.py", line 575, in create_connection
    raise err
error: [Errno 111] Connection refused

[2017-06-18 13:22:14] [INFO] itemcode_2251
[2017-06-18 13:22:14] [INFO] token_6B1NqEcazApavA5ksU1KlyhFZMTcvK6711
[2017-06-18 13:22:14] [ERROR] Traceback (most recent call last):
  File "/home/zunyun/workspace/TaskConsole/smsCode/client_xunma.py", line 76, in GetPhoneNumber
    conn.request("GET", path)
  File "/usr/lib/python2.7/httplib.py", line 1057, in request
    self._send_request(method, url, body, headers)
  File "/usr/lib/python2.7/httplib.py", line 1097, in _send_request
    self.endheaders(body)
  File "/usr/lib/python2.7/httplib.py", line 1053, in endheaders
    self._send_output(message_body)
  File "/usr/lib/python2.7/httplib.py", line 897, in _send_output
    self.send(msg)
  File "/usr/lib/python2.7/httplib.py", line 859, in send
    self.connect()
  File "/usr/lib/python2.7/httplib.py", line 836, in connect
    self.timeout, self.source_address)
  File "/usr/lib/python2.7/socket.py", line 575, in create_connection
    raise err
error: [Errno 111] Connection refused

[2017-06-18 13:22:14] [INFO] itemcode_2251
[2017-06-18 13:22:14] [INFO] token_6B1NqEcazApavA5ksU1KlyhFZMTcvK6711
[2017-06-18 13:22:14] [INFO] ===XUNMA RESTURN:False:Session 过期
[2017-06-18 13:23:37] [INFO] itemcode_2251
[2017-06-18 13:23:37] [INFO] token_6B1NqEcazApavA5ksU1KlyhFZMTcvK6711
[2017-06-18 13:23:38] [INFO] ===XUNMA RESTURN:False:Session 过期
[2017-06-18 13:45:21] [INFO] itemcode_2251
[2017-06-18 13:45:21] [INFO] token_6B1NqEcazApavA5ksU1KlyhFZMTcvK6711
[2017-06-18 13:45:21] [INFO] ===XUNMA RESTURN:False:Session 过期
[2017-06-18 18:20:00] [INFO] itemcode_2251
[2017-06-18 18:20:00] [INFO] token_t3SvPHIUg68GYV7hof1aoYwzkpzMmD44
[2017-06-18 18:20:00] [INFO] ===XUNMA RESTURN:18242808950;
[2017-06-18 18:21:10] [INFO] itemcode_2251
[2017-06-18 18:21:10] [INFO] token_t3SvPHIUg68GYV7hof1aoYwzkpzMmD44
[2017-06-18 18:21:10] [INFO] ===XUNMA RESTURN:13175630643;
[2017-06-18 18:22:00] [INFO] itemcode_2251
[2017-06-18 18:22:00] [INFO] token_t3SvPHIUg68GYV7hof1aoYwzkpzMmD44
[2017-06-18 18:22:00] [INFO] ===XUNMA RESTURN:18242824176;
[2017-06-18 18:34:00] [INFO] itemcode_2251
[2017-06-18 18:35:30] [INFO] token_t3SvPHIUg68GYV7hof1aoYwzkpzMmD44
[2017-06-18 18:35:55] [INFO] ===XUNMA RESTURN:False:Session 过期
[2017-06-18 18:36:43] [INFO] itemcode_2251
[2017-06-18 18:36:43] [INFO] token_t3SvPHIUg68GYV7hof1aoYwzkpzMmD44
[2017-06-18 18:36:43] [INFO] ===XUNMA RESTURN:False:Session 过期
[2017-06-18 18:38:54] [INFO] itemcode_2251
[2017-06-18 18:39:09] [INFO] token_t3SvPHIUg68GYV7hof1aoYwzkpzMmD44
[2017-06-18 18:39:31] [INFO] ===XUNMA RESTURN:False:Session 过期
[2017-06-18 18:40:53] [INFO] itemcode_2251
[2017-06-18 18:40:53] [INFO] token_5EbxXnDgWgZl2eJNI0Jr4aT82p0Jhf29
[2017-06-18 18:40:57] [INFO] ===XUNMA RESTURN:13929687069;
[2017-06-18 18:41:43] [INFO] itemcode_2251
[2017-06-18 18:41:43] [INFO] token_5EbxXnDgWgZl2eJNI0Jr4aT82p0Jhf29
[2017-06-18 18:41:50] [INFO] ===XUNMA RESTURN:18242832615;
[2017-06-18 20:49:13] [INFO] itemcode_2251
[2017-06-18 20:49:14] [INFO] token_5EbxXnDgWgZl2eJNI0Jr4aT82p0Jhf29
[2017-06-18 20:49:33] [INFO] ===XUNMA RESTURN:False:Session 过期
[2017-06-18 20:50:17] [INFO] itemcode_2251
[2017-06-18 20:50:18] [INFO] token_5EbxXnDgWgZl2eJNI0Jr4aT82p0Jhf29
[2017-06-18 20:50:24] [INFO] ===XUNMA RESTURN:False:Session 过期
[2017-06-18 20:58:56] [INFO] itemcode_2251
[2017-06-18 20:58:57] [INFO] token_5EbxXnDgWgZl2eJNI0Jr4aT82p0Jhf29
[2017-06-18 20:59:47] [INFO] ===XUNMA RESTURN:False:Session 过期
[2017-06-18 21:07:01] [INFO] itemcode_2251
[2017-06-18 21:07:01] [INFO] token_5EbxXnDgWgZl2eJNI0Jr4aT82p0Jhf29
[2017-06-18 21:07:01] [INFO] ===XUNMA RESTURN:False:Session 过期
[2017-06-18 21:11:44] [INFO] itemcode_2251
[2017-06-18 21:11:44] [INFO] token_5EbxXnDgWgZl2eJNI0Jr4aT82p0Jhf29
[2017-06-18 21:11:44] [INFO] ===XUNMA RESTURN:False:Session 过期
[2017-06-18 21:14:54] [INFO] itemcode_2251
[2017-06-18 21:14:54] [INFO] token_5EbxXnDgWgZl2eJNI0Jr4aT82p0Jhf29
[2017-06-18 21:15:02] [INFO] ===XUNMA RESTURN:False:Session 过期
[2017-06-18 21:15:43] [INFO] itemcode_2251
[2017-06-18 21:15:43] [INFO] token_2lCJtKtTPitbcDogk8WnXFG8McWzP720
[2017-06-18 21:15:44] [INFO] ===XUNMA RESTURN:15141919784;
[2017-06-18 21:17:40] [INFO] itemcode_2251
[2017-06-18 21:17:40] [INFO] token_2lCJtKtTPitbcDogk8WnXFG8McWzP720
[2017-06-18 21:17:43] [INFO] ===XUNMA RESTURN:False:暂时没有此项目号码，请等会试试...
[2017-06-18 21:31:12] [INFO] itemcode_2251
[2017-06-18 21:31:12] [INFO] token_2lCJtKtTPitbcDogk8WnXFG8McWzP720
[2017-06-18 21:31:12] [INFO] ===XUNMA RESTURN:False:Session 过期
[2017-06-18 21:31:39] [INFO] itemcode_2251
[2017-06-18 21:31:39] [INFO] token_sNU2K8Fexftbv1LY2Nck1H4U5XqYFP75
[2017-06-18 21:31:40] [INFO] ===XUNMA RESTURN:15141919784;
[2017-06-18 21:35:05] [INFO] itemcode_2251
[2017-06-18 21:35:05] [INFO] token_sNU2K8Fexftbv1LY2Nck1H4U5XqYFP75
[2017-06-18 21:35:08] [INFO] ===XUNMA RESTURN:15141919784;
[2017-06-18 21:36:54] [INFO] itemcode_2251
[2017-06-18 21:36:54] [INFO] token_sNU2K8Fexftbv1LY2Nck1H4U5XqYFP75
[2017-06-18 21:36:55] [INFO] ===XUNMA RESTURN:15141919784;
[2017-06-18 21:39:56] [INFO] itemcode_2251
[2017-06-18 21:39:56] [INFO] token_sNU2K8Fexftbv1LY2Nck1H4U5XqYFP75
[2017-06-18 21:39:58] [INFO] ===XUNMA RESTURN:15141919784;
[2017-06-18 21:48:48] [INFO] itemcode_2251
[2017-06-18 21:48:48] [INFO] token_sNU2K8Fexftbv1LY2Nck1H4U5XqYFP75
[2017-06-18 21:48:51] [INFO] ===XUNMA RESTURN:15141919784;
[2017-06-18 21:51:18] [INFO] itemcode_2251
[2017-06-18 21:51:18] [INFO] token_sNU2K8Fexftbv1LY2Nck1H4U5XqYFP75
[2017-06-18 21:51:18] [INFO] ===XUNMA RESTURN:15141919784;
[2017-06-18 21:56:51] [INFO] itemcode_2251
[2017-06-18 21:56:51] [INFO] token_sNU2K8Fexftbv1LY2Nck1H4U5XqYFP75
[2017-06-18 21:56:52] [INFO] ===XUNMA RESTURN:15141919784;
[2017-06-18 22:10:26] [INFO] itemcode_2251
[2017-06-18 22:10:26] [INFO] token_sNU2K8Fexftbv1LY2Nck1H4U5XqYFP75
[2017-06-18 22:10:26] [INFO] ===XUNMA RESTURN:False:Session 过期
[2017-06-18 22:10:51] [INFO] itemcode_2251
[2017-06-18 22:10:51] [INFO] token_hJQdU8dMZS0J0JSOSLZe861MZMVdXR9
[2017-06-18 22:10:53] [INFO] ===XUNMA RESTURN:15141919784;
[2017-06-18 22:12:58] [INFO] itemcode_2251
[2017-06-18 22:12:58] [INFO] token_hJQdU8dMZS0J0JSOSLZe861MZMVdXR9
[2017-06-18 22:12:58] [INFO] ===XUNMA RESTURN:15992289275;
[2017-06-18 22:15:02] [INFO] itemcode_2251
[2017-06-18 22:15:02] [INFO] token_hJQdU8dMZS0J0JSOSLZe861MZMVdXR9
[2017-06-18 22:15:02] [INFO] ===XUNMA RESTURN:17092201951;
[2017-06-18 22:24:04] [INFO] itemcode_2251
[2017-06-18 22:24:04] [INFO] token_hJQdU8dMZS0J0JSOSLZe861MZMVdXR9
[2017-06-18 22:24:06] [INFO] ===XUNMA RESTURN:17092201951;
[2017-06-18 22:25:26] [INFO] itemcode_2251
[2017-06-18 22:25:26] [INFO] token_hJQdU8dMZS0J0JSOSLZe861MZMVdXR9
[2017-06-18 22:25:29] [INFO] ===XUNMA RESTURN:False:暂时没有此项目号码，请等会试试...
[2017-06-18 22:26:44] [INFO] itemcode_2251
[2017-06-18 22:26:44] [INFO] token_hJQdU8dMZS0J0JSOSLZe861MZMVdXR9
[2017-06-18 22:26:45] [INFO] ===XUNMA RESTURN:15141919784;
[2017-06-18 22:29:37] [INFO] itemcode_2251
[2017-06-18 22:29:37] [INFO] token_hJQdU8dMZS0J0JSOSLZe861MZMVdXR9
[2017-06-18 22:29:40] [INFO] ===XUNMA RESTURN:15992289275;
[2017-06-18 22:32:27] [INFO] itemcode_2251
[2017-06-18 22:32:27] [INFO] token_hJQdU8dMZS0J0JSOSLZe861MZMVdXR9
[2017-06-18 22:32:30] [INFO] ===XUNMA RESTURN:False:暂时没有此项目号码，请等会试试...
[2017-06-18 22:35:10] [INFO] itemcode_2251
[2017-06-18 22:35:10] [INFO] token_hJQdU8dMZS0J0JSOSLZe861MZMVdXR9
[2017-06-18 22:35:13] [INFO] ===XUNMA RESTURN:False:暂时没有此项目号码，请等会试试...
[2017-06-18 22:49:07] [INFO] itemcode_2251
[2017-06-18 22:49:07] [INFO] token_hJQdU8dMZS0J0JSOSLZe861MZMVdXR9
[2017-06-18 22:49:07] [INFO] ===XUNMA RESTURN:False:Session 过期
[2017-06-18 22:49:53] [INFO] itemcode_2251
[2017-06-18 22:49:53] [INFO] token_Nrqi0JdIq4ERNAWs1m9RDUHz4Wl0Jj22
[2017-06-18 22:49:55] [INFO] ===XUNMA RESTURN:13941940790;
[2017-06-18 22:54:07] [INFO] itemcode_2251
[2017-06-18 22:54:07] [INFO] token_Nrqi0JdIq4ERNAWs1m9RDUHz4Wl0Jj22
[2017-06-18 22:54:08] [INFO] ===XUNMA RESTURN:13941940790;
[2017-06-18 22:57:37] [INFO] itemcode_2251
[2017-06-18 22:57:37] [INFO] token_Nrqi0JdIq4ERNAWs1m9RDUHz4Wl0Jj22
[2017-06-18 22:57:37] [INFO] ===XUNMA RESTURN:13941940790;
[2017-06-18 23:01:28] [INFO] itemcode_2251
[2017-06-18 23:01:28] [INFO] token_Nrqi0JdIq4ERNAWs1m9RDUHz4Wl0Jj22
[2017-06-18 23:01:29] [INFO] ===XUNMA RESTURN:13941940790;
[2017-06-18 23:08:50] [INFO] itemcode_2251
[2017-06-18 23:08:50] [INFO] token_Nrqi0JdIq4ERNAWs1m9RDUHz4Wl0Jj22
[2017-06-18 23:08:52] [INFO] ===XUNMA RESTURN:13941940790;
