[2017-06-29 22:01:57] [INFO] itemcode_2251
[2017-06-29 22:01:57] [INFO] token_sFV7FdVEsjatW0Jca71MWxo0Ja8eP724
[2017-06-29 22:01:57] [INFO] ===XUNMA RESTURN:False:Session 过期
[2017-06-29 22:02:01] [INFO] itemcode_2251
[2017-06-29 22:02:01] [INFO] token_KlGzBPkBNkN7Qu9yF0JTzK2lpVKq5f8
[2017-06-29 22:02:01] [INFO] ===XUNMA RESTURN:13650330750;
[2017-06-29 22:02:30] [INFO] itemcode_2251
[2017-06-29 22:02:30] [INFO] token_KlGzBPkBNkN7Qu9yF0JTzK2lpVKq5f8
[2017-06-29 22:02:30] [INFO] ===XUNMA RESTURN:17062104015;
[2017-06-29 22:02:38] [INFO] itemcode_2251
[2017-06-29 22:02:38] [INFO] token_KlGzBPkBNkN7Qu9yF0JTzK2lpVKq5f8
[2017-06-29 22:02:38] [INFO] ===XUNMA RESTURN:17171568450;
[2017-06-29 22:02:45] [INFO] itemcode_2251
[2017-06-29 22:02:45] [INFO] token_KlGzBPkBNkN7Qu9yF0JTzK2lpVKq5f8
[2017-06-29 22:02:45] [INFO] ===XUNMA RESTURN:17076410862;
[2017-06-29 22:02:52] [INFO] itemcode_2251
[2017-06-29 22:02:52] [INFO] token_KlGzBPkBNkN7Qu9yF0JTzK2lpVKq5f8
[2017-06-29 22:02:52] [INFO] ===XUNMA RESTURN:13929688821;
[2017-06-30 10:24:12] [INFO] itemcode_2251
[2017-06-30 10:24:12] [INFO] token_1LxM0JGv8Atcrg3ohn5zDai5jVvKia36
[2017-06-30 10:24:12] [INFO] ===XUNMA RESTURN:False:余额不足，请先释放号码
[2017-06-30 10:24:15] [INFO] itemcode_2251
[2017-06-30 10:24:15] [INFO] token_1LxM0JGv8Atcrg3ohn5zDai5jVvKia36
[2017-06-30 10:24:15] [INFO] ===XUNMA RESTURN:False:余额不足，请先释放号码
[2017-06-30 10:24:18] [INFO] itemcode_2251
[2017-06-30 10:24:18] [INFO] token_1LxM0JGv8Atcrg3ohn5zDai5jVvKia36
[2017-06-30 10:24:19] [INFO] ===XUNMA RESTURN:False:余额不足，请先释放号码
[2017-06-30 10:24:22] [INFO] itemcode_2251
[2017-06-30 10:24:22] [INFO] token_1LxM0JGv8Atcrg3ohn5zDai5jVvKia36
[2017-06-30 10:24:22] [INFO] ===XUNMA RESTURN:False:余额不足，请先释放号码
[2017-06-30 10:24:25] [INFO] itemcode_2251
[2017-06-30 10:24:25] [INFO] token_1LxM0JGv8Atcrg3ohn5zDai5jVvKia36
[2017-06-30 10:24:25] [INFO] ===XUNMA RESTURN:False:余额不足，请先释放号码
[2017-06-30 10:24:28] [INFO] itemcode_2251
[2017-06-30 10:24:28] [INFO] token_1LxM0JGv8Atcrg3ohn5zDai5jVvKia36
[2017-06-30 10:24:28] [INFO] ===XUNMA RESTURN:False:余额不足，请先释放号码
[2017-06-30 10:24:31] [INFO] itemcode_2251
[2017-06-30 10:24:31] [INFO] token_1LxM0JGv8Atcrg3ohn5zDai5jVvKia36
[2017-06-30 10:24:32] [INFO] ===XUNMA RESTURN:False:余额不足，请先释放号码
[2017-06-30 10:24:35] [INFO] itemcode_2251
[2017-06-30 10:24:35] [INFO] token_1LxM0JGv8Atcrg3ohn5zDai5jVvKia36
[2017-06-30 10:24:35] [INFO] ===XUNMA RESTURN:False:余额不足，请先释放号码
[2017-06-30 10:24:38] [INFO] itemcode_2251
[2017-06-30 10:24:38] [INFO] token_1LxM0JGv8Atcrg3ohn5zDai5jVvKia36
[2017-06-30 10:24:38] [INFO] ===XUNMA RESTURN:False:余额不足，请先释放号码
[2017-06-30 10:24:41] [INFO] itemcode_2251
[2017-06-30 10:24:41] [INFO] token_1LxM0JGv8Atcrg3ohn5zDai5jVvKia36
[2017-06-30 10:24:41] [INFO] ===XUNMA RESTURN:False:余额不足，请先释放号码
[2017-06-30 10:24:44] [INFO] itemcode_2251
[2017-06-30 10:24:44] [INFO] token_1LxM0JGv8Atcrg3ohn5zDai5jVvKia36
[2017-06-30 10:24:44] [INFO] ===XUNMA RESTURN:False:余额不足，请先释放号码
[2017-06-30 10:24:47] [INFO] itemcode_2251
[2017-06-30 10:24:47] [INFO] token_1LxM0JGv8Atcrg3ohn5zDai5jVvKia36
[2017-06-30 10:24:47] [INFO] ===XUNMA RESTURN:False:余额不足，请先释放号码
[2017-06-30 10:24:50] [INFO] itemcode_2251
[2017-06-30 10:24:50] [INFO] token_1LxM0JGv8Atcrg3ohn5zDai5jVvKia36
[2017-06-30 10:24:50] [INFO] ===XUNMA RESTURN:False:余额不足，请先释放号码
[2017-06-30 10:24:53] [INFO] itemcode_2251
[2017-06-30 10:24:53] [INFO] token_1LxM0JGv8Atcrg3ohn5zDai5jVvKia36
[2017-06-30 10:24:54] [INFO] ===XUNMA RESTURN:False:余额不足，请先释放号码
[2017-06-30 10:25:11] [INFO] itemcode_2251
[2017-06-30 10:25:11] [INFO] token_1LxM0JGv8Atcrg3ohn5zDai5jVvKia36
[2017-06-30 10:25:11] [INFO] ===XUNMA RESTURN:False:余额不足，请先释放号码
[2017-06-30 10:25:14] [INFO] itemcode_2251
[2017-06-30 10:25:14] [INFO] token_1LxM0JGv8Atcrg3ohn5zDai5jVvKia36
[2017-06-30 10:25:14] [INFO] ===XUNMA RESTURN:False:余额不足，请先释放号码
[2017-06-30 10:25:17] [INFO] itemcode_2251
[2017-06-30 10:25:17] [INFO] token_1LxM0JGv8Atcrg3ohn5zDai5jVvKia36
[2017-06-30 10:25:17] [INFO] ===XUNMA RESTURN:False:余额不足，请先释放号码
[2017-06-30 10:25:20] [INFO] itemcode_2251
[2017-06-30 10:25:20] [INFO] token_1LxM0JGv8Atcrg3ohn5zDai5jVvKia36
[2017-06-30 10:25:20] [INFO] ===XUNMA RESTURN:False:余额不足，请先释放号码
[2017-06-30 10:25:23] [INFO] itemcode_2251
[2017-06-30 10:25:23] [INFO] token_1LxM0JGv8Atcrg3ohn5zDai5jVvKia36
[2017-06-30 10:25:24] [INFO] ===XUNMA RESTURN:False:余额不足，请先释放号码
[2017-06-30 10:25:27] [INFO] itemcode_2251
[2017-06-30 10:25:27] [INFO] token_1LxM0JGv8Atcrg3ohn5zDai5jVvKia36
[2017-06-30 10:25:27] [INFO] ===XUNMA RESTURN:False:余额不足，请先释放号码
[2017-06-30 10:25:30] [INFO] itemcode_2251
[2017-06-30 10:25:30] [INFO] token_1LxM0JGv8Atcrg3ohn5zDai5jVvKia36
[2017-06-30 10:25:30] [INFO] ===XUNMA RESTURN:False:余额不足，请先释放号码
[2017-06-30 10:25:33] [INFO] itemcode_2251
[2017-06-30 10:25:33] [INFO] token_1LxM0JGv8Atcrg3ohn5zDai5jVvKia36
[2017-06-30 10:25:33] [INFO] ===XUNMA RESTURN:False:余额不足，请先释放号码
[2017-06-30 10:25:36] [INFO] itemcode_2251
[2017-06-30 10:25:36] [INFO] token_1LxM0JGv8Atcrg3ohn5zDai5jVvKia36
[2017-06-30 10:25:36] [INFO] ===XUNMA RESTURN:False:余额不足，请先释放号码
[2017-06-30 10:25:39] [INFO] itemcode_2251
[2017-06-30 10:25:39] [INFO] token_1LxM0JGv8Atcrg3ohn5zDai5jVvKia36
[2017-06-30 10:25:39] [INFO] ===XUNMA RESTURN:False:余额不足，请先释放号码
[2017-06-30 10:25:42] [INFO] itemcode_2251
[2017-06-30 10:25:42] [INFO] token_1LxM0JGv8Atcrg3ohn5zDai5jVvKia36
[2017-06-30 10:25:43] [INFO] ===XUNMA RESTURN:False:余额不足，请先释放号码
[2017-06-30 10:25:46] [INFO] itemcode_2251
[2017-06-30 10:25:46] [INFO] token_1LxM0JGv8Atcrg3ohn5zDai5jVvKia36
[2017-06-30 10:25:46] [INFO] ===XUNMA RESTURN:False:余额不足，请先释放号码
[2017-06-30 10:25:49] [INFO] itemcode_2251
[2017-06-30 10:25:49] [INFO] token_1LxM0JGv8Atcrg3ohn5zDai5jVvKia36
[2017-06-30 10:25:49] [INFO] ===XUNMA RESTURN:False:余额不足，请先释放号码
[2017-06-30 10:25:52] [INFO] itemcode_2251
[2017-06-30 10:25:52] [INFO] token_1LxM0JGv8Atcrg3ohn5zDai5jVvKia36
[2017-06-30 10:25:52] [INFO] ===XUNMA RESTURN:False:余额不足，请先释放号码
[2017-06-30 10:52:05] [INFO] itemcode_2251
[2017-06-30 10:52:05] [INFO] token_1LxM0JGv8Atcrg3ohn5zDai5jVvKia36
[2017-06-30 10:52:05] [INFO] ===XUNMA RESTURN:False:Session 过期
[2017-06-30 10:52:09] [INFO] itemcode_2251
[2017-06-30 10:52:09] [INFO] token_Jwq6CAKg8pSrgGqXrPxB6iyiLn0JZF20
[2017-06-30 10:52:09] [INFO] ===XUNMA RESTURN:False:余额不足，请先释放号码
[2017-06-30 10:52:12] [INFO] itemcode_2251
[2017-06-30 10:52:12] [INFO] token_Jwq6CAKg8pSrgGqXrPxB6iyiLn0JZF20
[2017-06-30 10:52:12] [INFO] ===XUNMA RESTURN:False:余额不足，请先释放号码
[2017-06-30 10:52:15] [INFO] itemcode_2251
[2017-06-30 10:52:15] [INFO] token_Jwq6CAKg8pSrgGqXrPxB6iyiLn0JZF20
[2017-06-30 10:52:15] [INFO] ===XUNMA RESTURN:False:余额不足，请先释放号码
[2017-06-30 10:52:18] [INFO] itemcode_2251
[2017-06-30 10:52:18] [INFO] token_Jwq6CAKg8pSrgGqXrPxB6iyiLn0JZF20
[2017-06-30 10:52:18] [INFO] ===XUNMA RESTURN:False:余额不足，请先释放号码
[2017-06-30 22:37:03] [INFO] itemcode_2251
[2017-06-30 22:37:03] [INFO] token_NtZ0J4HDhXyREj1LkAOrwHKAuPDfkf73
[2017-06-30 22:37:03] [INFO] ===XUNMA RESTURN:False:Session 过期
[2017-06-30 22:37:07] [INFO] itemcode_2251
[2017-06-30 22:37:07] [INFO] token_uBw7GDx3PtPDlstnAIwSlj0JlZ5FUN46
[2017-06-30 22:37:07] [INFO] ===XUNMA RESTURN:13610992382;
[2017-06-30 22:37:17] [INFO] itemcode_2251
[2017-06-30 22:37:17] [INFO] token_uBw7GDx3PtPDlstnAIwSlj0JlZ5FUN46
[2017-06-30 22:37:17] [INFO] ===XUNMA RESTURN:17132494042;
[2017-07-06 16:46:56] [INFO] 195
[2017-07-06 16:47:08] [INFO] itemcode_2251
[2017-07-06 16:47:08] [INFO] token_ihZXYWsCW9uSfKDLVhkKahmNq1pr8x47
[2017-07-06 16:47:08] [INFO] ===XUNMA RESTURN:False:Session 过期
[2017-07-06 16:47:12] [INFO] itemcode_2251
[2017-07-06 16:47:12] [INFO] token_PrRjWfhWL636T5nvF5hA3g8gir7iUP7
[2017-07-06 16:47:12] [INFO] ===XUNMA RESTURN:15989709666;
[2017-07-06 16:47:21] [INFO] itemcode_2251
[2017-07-06 16:47:21] [INFO] token_PrRjWfhWL636T5nvF5hA3g8gir7iUP7
[2017-07-06 16:47:21] [INFO] ===XUNMA RESTURN:18242822305;
[2017-07-06 16:47:34] [INFO] itemcode_2251
[2017-07-06 16:47:34] [INFO] token_PrRjWfhWL636T5nvF5hA3g8gir7iUP7
[2017-07-06 16:47:34] [INFO] ===XUNMA RESTURN:15141910389;
[2017-07-06 16:47:42] [INFO] itemcode_2251
[2017-07-06 16:47:42] [INFO] token_PrRjWfhWL636T5nvF5hA3g8gir7iUP7
[2017-07-06 16:47:42] [INFO] ===XUNMA RESTURN:13614994654;
[2017-07-06 16:47:54] [INFO] itemcode_2251
[2017-07-06 16:47:54] [INFO] token_PrRjWfhWL636T5nvF5hA3g8gir7iUP7
[2017-07-06 16:47:54] [INFO] ===XUNMA RESTURN:18242827276;
[2017-07-06 16:48:02] [INFO] itemcode_2251
[2017-07-06 16:48:02] [INFO] token_PrRjWfhWL636T5nvF5hA3g8gir7iUP7
[2017-07-06 16:48:02] [INFO] ===XUNMA RESTURN:17136806143;
[2017-07-06 16:48:10] [INFO] itemcode_2251
[2017-07-06 16:48:10] [INFO] token_PrRjWfhWL636T5nvF5hA3g8gir7iUP7
[2017-07-06 16:48:10] [INFO] ===XUNMA RESTURN:17136805743;
[2017-07-06 16:48:18] [INFO] itemcode_2251
[2017-07-06 16:48:18] [INFO] token_PrRjWfhWL636T5nvF5hA3g8gir7iUP7
[2017-07-06 16:48:19] [INFO] ===XUNMA RESTURN:13064512707;
[2017-07-06 16:48:31] [INFO] itemcode_2251
[2017-07-06 16:48:31] [INFO] token_PrRjWfhWL636T5nvF5hA3g8gir7iUP7
[2017-07-06 16:48:31] [INFO] ===XUNMA RESTURN:17081022679;
[2017-07-06 16:48:39] [INFO] itemcode_2251
[2017-07-06 16:48:39] [INFO] token_PrRjWfhWL636T5nvF5hA3g8gir7iUP7
[2017-07-06 16:48:39] [INFO] ===XUNMA RESTURN:15989726415;
[2017-07-06 16:48:47] [INFO] itemcode_2251
[2017-07-06 16:48:47] [INFO] token_PrRjWfhWL636T5nvF5hA3g8gir7iUP7
[2017-07-06 16:48:48] [INFO] ===XUNMA RESTURN:17070032114;
[2017-07-06 16:48:56] [INFO] itemcode_2251
[2017-07-06 16:48:56] [INFO] token_PrRjWfhWL636T5nvF5hA3g8gir7iUP7
[2017-07-06 16:48:56] [INFO] ===XUNMA RESTURN:17070563909;
[2017-07-06 16:49:04] [INFO] itemcode_2251
[2017-07-06 16:49:04] [INFO] token_PrRjWfhWL636T5nvF5hA3g8gir7iUP7
[2017-07-06 16:49:04] [INFO] ===XUNMA RESTURN:15841945201;
[2017-07-06 16:49:12] [INFO] itemcode_2251
[2017-07-06 16:49:12] [INFO] token_PrRjWfhWL636T5nvF5hA3g8gir7iUP7
[2017-07-06 16:49:13] [INFO] ===XUNMA RESTURN:15904206502;
[2017-07-06 16:49:20] [INFO] itemcode_2251
[2017-07-06 16:49:20] [INFO] token_PrRjWfhWL636T5nvF5hA3g8gir7iUP7
[2017-07-06 16:49:21] [INFO] ===XUNMA RESTURN:15992241245;
[2017-07-06 16:49:33] [INFO] itemcode_2251
[2017-07-06 16:49:33] [INFO] token_PrRjWfhWL636T5nvF5hA3g8gir7iUP7
[2017-07-06 16:49:33] [INFO] ===XUNMA RESTURN:13941972686;
[2017-07-06 16:49:41] [INFO] itemcode_2251
[2017-07-06 16:49:41] [INFO] token_PrRjWfhWL636T5nvF5hA3g8gir7iUP7
[2017-07-06 16:49:41] [INFO] ===XUNMA RESTURN:14575892947;
[2017-07-06 16:49:49] [INFO] itemcode_2251
[2017-07-06 16:49:49] [INFO] token_PrRjWfhWL636T5nvF5hA3g8gir7iUP7
[2017-07-06 16:49:50] [INFO] ===XUNMA RESTURN:13591917704;
[2017-07-06 16:49:58] [INFO] itemcode_2251
[2017-07-06 16:49:58] [INFO] token_PrRjWfhWL636T5nvF5hA3g8gir7iUP7
[2017-07-06 16:49:58] [INFO] ===XUNMA RESTURN:13941994498;
[2017-07-06 16:50:06] [INFO] itemcode_2251
[2017-07-06 16:50:06] [INFO] token_PrRjWfhWL636T5nvF5hA3g8gir7iUP7
[2017-07-06 16:50:06] [INFO] ===XUNMA RESTURN:17089171264;
[2017-07-06 16:50:14] [INFO] itemcode_2251
[2017-07-06 16:50:14] [INFO] token_PrRjWfhWL636T5nvF5hA3g8gir7iUP7
[2017-07-06 16:50:14] [INFO] ===XUNMA RESTURN:17133580944;
[2017-07-06 16:50:22] [INFO] itemcode_2251
[2017-07-06 16:50:22] [INFO] token_PrRjWfhWL636T5nvF5hA3g8gir7iUP7
[2017-07-06 16:50:22] [INFO] ===XUNMA RESTURN:13094730925;
[2017-07-06 16:50:30] [INFO] itemcode_2251
[2017-07-06 16:50:30] [INFO] token_PrRjWfhWL636T5nvF5hA3g8gir7iUP7
[2017-07-06 16:50:30] [INFO] ===XUNMA RESTURN:17084116618;
[2017-07-06 16:50:38] [INFO] itemcode_2251
[2017-07-06 16:50:38] [INFO] token_PrRjWfhWL636T5nvF5hA3g8gir7iUP7
[2017-07-06 16:50:38] [INFO] ===XUNMA RESTURN:17091871641;
[2017-07-06 16:50:46] [INFO] itemcode_2251
[2017-07-06 16:50:46] [INFO] token_PrRjWfhWL636T5nvF5hA3g8gir7iUP7
[2017-07-06 16:50:46] [INFO] ===XUNMA RESTURN:17138955479;
[2017-07-06 16:50:54] [INFO] itemcode_2251
[2017-07-06 16:50:54] [INFO] token_PrRjWfhWL636T5nvF5hA3g8gir7iUP7
[2017-07-06 16:50:54] [INFO] ===XUNMA RESTURN:13941996994;
[2017-07-06 16:51:02] [INFO] itemcode_2251
[2017-07-06 16:51:02] [INFO] token_PrRjWfhWL636T5nvF5hA3g8gir7iUP7
[2017-07-06 16:51:02] [INFO] ===XUNMA RESTURN:15992295695;
[2017-07-06 16:51:10] [INFO] itemcode_2251
[2017-07-06 16:51:10] [INFO] token_PrRjWfhWL636T5nvF5hA3g8gir7iUP7
[2017-07-06 16:51:11] [INFO] ===XUNMA RESTURN:17094552980;
[2017-07-06 16:51:19] [INFO] itemcode_2251
[2017-07-06 16:51:19] [INFO] token_PrRjWfhWL636T5nvF5hA3g8gir7iUP7
[2017-07-06 16:51:19] [INFO] ===XUNMA RESTURN:13604197214;
[2017-07-06 16:51:31] [INFO] itemcode_2251
[2017-07-06 16:51:31] [INFO] token_PrRjWfhWL636T5nvF5hA3g8gir7iUP7
[2017-07-06 16:51:31] [INFO] ===XUNMA RESTURN:15875456851;
[2017-08-22 15:01:23] [INFO] 195
[2017-08-22 15:01:44] [INFO] 195
[2017-08-22 15:04:40] [INFO] 191
[2017-08-22 15:05:12] [INFO] itemcode_2251
[2017-08-22 15:05:12] [INFO] token_lzBf3jvAYOMGpEnmn3QxiuiTS1Bf0J44
[2017-08-22 15:05:12] [INFO] ===XUNMA RESTURN:False:余额不足，请先释放号码
[2017-08-22 15:05:15] [INFO] itemcode_2251
[2017-08-22 15:05:15] [INFO] token_lzBf3jvAYOMGpEnmn3QxiuiTS1Bf0J44
[2017-08-22 15:05:16] [INFO] ===XUNMA RESTURN:False:余额不足，请先释放号码
[2017-08-22 15:05:19] [INFO] itemcode_2251
[2017-08-22 15:05:19] [INFO] token_lzBf3jvAYOMGpEnmn3QxiuiTS1Bf0J44
[2017-08-26 10:37:15] [INFO] 191
[2017-08-26 10:38:47] [INFO] 191
[2017-08-26 10:48:06] [INFO] 191
[2017-08-26 10:49:15] [INFO] 191
[2017-08-26 10:49:24] [INFO] 191
[2017-08-26 10:50:01] [INFO] 191
[2017-08-26 11:01:20] [INFO] 191
[2017-08-26 11:02:08] [INFO] 191
[2017-09-13 09:52:21] [INFO] 191
[2017-09-13 09:52:52] [INFO] itemcode_2251
[2017-09-13 09:52:52] [INFO] token_mt2O8fEmCRmEXvwX5LzJzTaYqy5mkK62
[2017-09-13 09:52:53] [INFO] ===XUNMA RESTURN:False:Session 过期
[2017-09-13 09:52:57] [INFO] itemcode_2251
[2017-09-13 09:52:57] [INFO] token_pnpFigIK6OFhx6OkRWtBncTF7gzNS748
[2017-09-13 09:52:57] [INFO] ===XUNMA RESTURN:17080575966;
[2017-09-13 09:53:22] [INFO] itemcode_2251
[2017-09-13 09:53:22] [INFO] token_pnpFigIK6OFhx6OkRWtBncTF7gzNS748
[2017-09-13 09:53:23] [INFO] ===XUNMA RESTURN:17183280042;
[2017-09-13 09:53:49] [INFO] itemcode_2251
[2017-09-13 09:53:49] [INFO] token_pnpFigIK6OFhx6OkRWtBncTF7gzNS748
[2017-09-13 09:53:49] [INFO] ===XUNMA RESTURN:17187917643;
[2017-09-13 09:53:56] [INFO] itemcode_2251
[2017-09-13 09:53:56] [INFO] token_pnpFigIK6OFhx6OkRWtBncTF7gzNS748
[2017-09-13 09:53:56] [INFO] ===XUNMA RESTURN:15992253296;
[2017-09-13 09:54:58] [INFO] 191
[2017-09-13 09:55:11] [INFO] itemcode_2251
[2017-09-13 09:55:11] [INFO] token_pnpFigIK6OFhx6OkRWtBncTF7gzNS748
[2017-09-13 09:55:11] [INFO] ===XUNMA RESTURN:13059841754;
[2017-09-13 09:55:18] [INFO] itemcode_2251
[2017-09-13 09:55:18] [INFO] token_pnpFigIK6OFhx6OkRWtBncTF7gzNS748
[2017-09-13 09:55:18] [INFO] ===XUNMA RESTURN:17060135495;
[2017-09-13 09:56:19] [INFO] 191
[2017-09-13 09:56:31] [INFO] itemcode_2251
[2017-09-13 09:56:31] [INFO] token_pnpFigIK6OFhx6OkRWtBncTF7gzNS748
[2017-09-13 09:56:32] [INFO] ===XUNMA RESTURN:17072551934;
[2017-09-13 09:56:41] [INFO] itemcode_2251
[2017-09-13 09:56:41] [INFO] token_pnpFigIK6OFhx6OkRWtBncTF7gzNS748
[2017-09-13 09:56:41] [INFO] ===XUNMA RESTURN:17089614528;
[2017-09-13 09:56:48] [INFO] itemcode_2251
[2017-09-13 09:56:48] [INFO] token_pnpFigIK6OFhx6OkRWtBncTF7gzNS748
[2017-09-13 09:56:49] [INFO] ===XUNMA RESTURN:18241449193;
[2017-09-13 09:57:11] [INFO] itemcode_2251
[2017-09-13 09:57:11] [INFO] token_pnpFigIK6OFhx6OkRWtBncTF7gzNS748
[2017-09-13 09:57:11] [INFO] ===XUNMA RESTURN:17081736623;
[2017-09-13 09:57:19] [INFO] itemcode_2251
[2017-09-13 09:57:19] [INFO] token_pnpFigIK6OFhx6OkRWtBncTF7gzNS748
[2017-09-13 09:57:19] [INFO] ===XUNMA RESTURN:17080192242;
[2017-09-13 09:57:26] [INFO] itemcode_2251
[2017-09-13 09:57:26] [INFO] token_pnpFigIK6OFhx6OkRWtBncTF7gzNS748
[2017-09-13 09:57:26] [INFO] ===XUNMA RESTURN:14769368904;
[2017-09-13 09:57:40] [INFO] itemcode_2251
[2017-09-13 09:57:40] [INFO] token_pnpFigIK6OFhx6OkRWtBncTF7gzNS748
[2017-09-13 09:57:40] [INFO] ===XUNMA RESTURN:17197565547;
[2017-09-15 11:29:46] [INFO] 210
[2017-09-15 11:30:39] [INFO] 237
[2017-09-15 11:31:11] [INFO] itemcode_2251
[2017-09-15 11:31:11] [INFO] token_YdMxELyBXBxtRCHVnAIE9RI24GSrfX48
[2017-09-15 11:31:12] [INFO] ===XUNMA RESTURN:False:Session 过期
[2017-09-15 11:31:16] [INFO] itemcode_2251
[2017-09-15 11:31:16] [INFO] token_hv7DsZlXpPLNTinslEAYjSMey10JuP52
[2017-09-15 11:31:16] [INFO] ===XUNMA RESTURN:17134424950;
[2017-09-15 11:35:10] [INFO] 237
[2017-09-15 11:35:24] [INFO] itemcode_2251
[2017-09-15 11:35:24] [INFO] token_hv7DsZlXpPLNTinslEAYjSMey10JuP52
[2017-09-15 11:35:24] [INFO] ===XUNMA RESTURN:18241436761;
[2017-09-15 11:36:38] [INFO] 237
[2017-09-15 11:37:15] [INFO] itemcode_2251
[2017-09-15 11:37:15] [INFO] token_hv7DsZlXpPLNTinslEAYjSMey10JuP52
[2017-09-15 11:37:16] [INFO] ===XUNMA RESTURN:17136804373;
[2017-09-15 11:38:52] [INFO] 237
[2017-09-15 11:39:04] [INFO] itemcode_2251
[2017-09-15 11:39:04] [INFO] token_hv7DsZlXpPLNTinslEAYjSMey10JuP52
[2017-09-15 11:39:24] [ERROR] Traceback (most recent call last):
  File "/home/zunyun/workspace/TaskConsole/smsCode/client_xunma.py", line 90, in GetPhoneNumber
    conn.request("GET", path)
  File "/usr/lib/python2.7/httplib.py", line 1057, in request
    self._send_request(method, url, body, headers)
  File "/usr/lib/python2.7/httplib.py", line 1097, in _send_request
    self.endheaders(body)
  File "/usr/lib/python2.7/httplib.py", line 1053, in endheaders
    self._send_output(message_body)
  File "/usr/lib/python2.7/httplib.py", line 897, in _send_output
    self.send(msg)
  File "/usr/lib/python2.7/httplib.py", line 859, in send
    self.connect()
  File "/usr/lib/python2.7/httplib.py", line 836, in connect
    self.timeout, self.source_address)
  File "/usr/lib/python2.7/socket.py", line 557, in create_connection
    for res in getaddrinfo(host, port, 0, SOCK_STREAM):
gaierror: [Errno -3] Temporary failure in name resolution

[2017-09-15 11:39:24] [INFO] itemcode_2251
[2017-09-15 11:39:24] [INFO] token_hv7DsZlXpPLNTinslEAYjSMey10JuP52
[2017-09-15 11:39:24] [INFO] ===XUNMA RESTURN:17152569742;
[2017-09-15 11:39:49] [INFO] itemcode_2251
[2017-09-15 11:39:49] [INFO] token_hv7DsZlXpPLNTinslEAYjSMey10JuP52
[2017-09-15 11:39:49] [INFO] ===XUNMA RESTURN:13059834825;
[2017-09-15 11:39:57] [INFO] itemcode_2251
[2017-09-15 11:39:57] [INFO] token_hv7DsZlXpPLNTinslEAYjSMey10JuP52
[2017-09-15 11:39:58] [INFO] ===XUNMA RESTURN:17095710242;
[2017-09-15 11:40:11] [INFO] itemcode_2251
[2017-09-15 11:40:11] [INFO] token_hv7DsZlXpPLNTinslEAYjSMey10JuP52
[2017-09-15 11:40:11] [INFO] ===XUNMA RESTURN:17086462120;
[2017-09-15 11:40:20] [INFO] itemcode_2251
[2017-09-15 11:40:20] [INFO] token_hv7DsZlXpPLNTinslEAYjSMey10JuP52
[2017-09-15 11:40:20] [INFO] ===XUNMA RESTURN:17155943675;
[2017-09-15 11:40:28] [INFO] itemcode_2251
[2017-09-15 11:40:28] [INFO] token_hv7DsZlXpPLNTinslEAYjSMey10JuP52
[2017-09-15 11:40:29] [INFO] ===XUNMA RESTURN:15323985667;
[2017-09-15 11:40:38] [INFO] itemcode_2251
[2017-09-15 11:40:38] [INFO] token_hv7DsZlXpPLNTinslEAYjSMey10JuP52
[2017-09-15 11:40:38] [INFO] ===XUNMA RESTURN:13531429185;
[2017-09-15 11:40:46] [INFO] itemcode_2251
[2017-09-15 11:40:46] [INFO] token_hv7DsZlXpPLNTinslEAYjSMey10JuP52
[2017-09-15 11:40:47] [INFO] ===XUNMA RESTURN:13420816179;
[2017-09-15 11:41:00] [INFO] itemcode_2251
[2017-09-15 11:41:00] [INFO] token_hv7DsZlXpPLNTinslEAYjSMey10JuP52
[2017-09-15 11:41:00] [INFO] ===XUNMA RESTURN:17090388372;
[2017-09-15 11:41:09] [INFO] itemcode_2251
[2017-09-15 11:41:09] [INFO] token_hv7DsZlXpPLNTinslEAYjSMey10JuP52
[2017-09-15 11:41:09] [INFO] ===XUNMA RESTURN:13542583041;
[2017-09-15 11:41:17] [INFO] itemcode_2251
[2017-09-15 11:41:17] [INFO] token_hv7DsZlXpPLNTinslEAYjSMey10JuP52
[2017-09-15 11:41:18] [INFO] ===XUNMA RESTURN:17073075624;
[2017-09-15 11:41:26] [INFO] itemcode_2251
[2017-09-15 11:41:26] [INFO] token_hv7DsZlXpPLNTinslEAYjSMey10JuP52
[2017-09-15 11:41:26] [INFO] ===XUNMA RESTURN:17092204053;
[2017-09-15 11:41:35] [INFO] itemcode_2251
[2017-09-15 11:41:35] [INFO] token_hv7DsZlXpPLNTinslEAYjSMey10JuP52
[2017-09-15 11:41:35] [INFO] ===XUNMA RESTURN:17159163947;
[2017-09-15 11:41:43] [INFO] itemcode_2251
[2017-09-15 11:41:43] [INFO] token_hv7DsZlXpPLNTinslEAYjSMey10JuP52
[2017-09-15 11:41:44] [INFO] ===XUNMA RESTURN:17085951439;
[2017-09-15 11:41:52] [INFO] itemcode_2251
[2017-09-15 11:41:52] [INFO] token_hv7DsZlXpPLNTinslEAYjSMey10JuP52
[2017-09-15 11:41:52] [INFO] ===XUNMA RESTURN:17063890831;
[2017-09-15 11:42:20] [INFO] itemcode_2251
[2017-09-15 11:42:20] [INFO] token_hv7DsZlXpPLNTinslEAYjSMey10JuP52
[2017-09-15 11:42:21] [INFO] ===XUNMA RESTURN:17092991016;
[2017-09-15 11:42:34] [INFO] itemcode_2251
[2017-09-15 11:42:34] [INFO] token_hv7DsZlXpPLNTinslEAYjSMey10JuP52
[2017-09-15 11:42:54] [ERROR] Traceback (most recent call last):
  File "/home/zunyun/workspace/TaskConsole/smsCode/client_xunma.py", line 90, in GetPhoneNumber
    conn.request("GET", path)
  File "/usr/lib/python2.7/httplib.py", line 1057, in request
    self._send_request(method, url, body, headers)
  File "/usr/lib/python2.7/httplib.py", line 1097, in _send_request
    self.endheaders(body)
  File "/usr/lib/python2.7/httplib.py", line 1053, in endheaders
    self._send_output(message_body)
  File "/usr/lib/python2.7/httplib.py", line 897, in _send_output
    self.send(msg)
  File "/usr/lib/python2.7/httplib.py", line 859, in send
    self.connect()
  File "/usr/lib/python2.7/httplib.py", line 836, in connect
    self.timeout, self.source_address)
  File "/usr/lib/python2.7/socket.py", line 557, in create_connection
    for res in getaddrinfo(host, port, 0, SOCK_STREAM):
gaierror: [Errno -3] Temporary failure in name resolution

[2017-09-15 11:42:54] [INFO] itemcode_2251
[2017-09-15 11:42:54] [INFO] token_hv7DsZlXpPLNTinslEAYjSMey10JuP52
[2017-09-15 11:43:05] [ERROR] Traceback (most recent call last):
  File "/home/zunyun/workspace/TaskConsole/smsCode/client_xunma.py", line 90, in GetPhoneNumber
    conn.request("GET", path)
  File "/usr/lib/python2.7/httplib.py", line 1057, in request
    self._send_request(method, url, body, headers)
  File "/usr/lib/python2.7/httplib.py", line 1097, in _send_request
    self.endheaders(body)
  File "/usr/lib/python2.7/httplib.py", line 1053, in endheaders
    self._send_output(message_body)
  File "/usr/lib/python2.7/httplib.py", line 897, in _send_output
    self.send(msg)
  File "/usr/lib/python2.7/httplib.py", line 859, in send
    self.connect()
  File "/usr/lib/python2.7/httplib.py", line 836, in connect
    self.timeout, self.source_address)
  File "/usr/lib/python2.7/socket.py", line 557, in create_connection
    for res in getaddrinfo(host, port, 0, SOCK_STREAM):
gaierror: [Errno -3] Temporary failure in name resolution

[2017-09-15 11:43:05] [INFO] itemcode_2251
[2017-09-15 11:43:05] [INFO] token_hv7DsZlXpPLNTinslEAYjSMey10JuP52
[2017-09-15 11:43:05] [INFO] ===XUNMA RESTURN:17059858862;
[2017-09-15 11:43:44] [INFO] itemcode_2251
[2017-09-15 11:43:44] [INFO] token_hv7DsZlXpPLNTinslEAYjSMey10JuP52
[2017-09-15 11:43:44] [INFO] ===XUNMA RESTURN:13620144709;
[2017-09-15 11:43:53] [INFO] itemcode_2251
[2017-09-15 11:43:53] [INFO] token_hv7DsZlXpPLNTinslEAYjSMey10JuP52
[2017-09-15 11:43:53] [INFO] ===XUNMA RESTURN:17134429070;
[2017-09-15 11:44:02] [INFO] itemcode_2251
[2017-09-15 11:44:02] [INFO] token_hv7DsZlXpPLNTinslEAYjSMey10JuP52
[2017-09-15 11:44:02] [INFO] ===XUNMA RESTURN:13136439794;
[2017-09-15 11:44:11] [INFO] itemcode_2251
[2017-09-15 11:44:11] [INFO] token_hv7DsZlXpPLNTinslEAYjSMey10JuP52
[2017-09-15 11:44:11] [INFO] ===XUNMA RESTURN:15989707603;
[2017-09-15 11:44:19] [INFO] itemcode_2251
[2017-09-15 11:44:19] [INFO] token_hv7DsZlXpPLNTinslEAYjSMey10JuP52
[2017-09-15 11:44:20] [INFO] ===XUNMA RESTURN:17076084511;
[2017-09-15 11:44:28] [INFO] itemcode_2251
[2017-09-15 11:44:28] [INFO] token_hv7DsZlXpPLNTinslEAYjSMey10JuP52
[2017-09-15 11:44:28] [INFO] ===XUNMA RESTURN:17081634905;
[2017-09-15 11:44:37] [INFO] itemcode_2251
[2017-09-15 11:44:37] [INFO] token_hv7DsZlXpPLNTinslEAYjSMey10JuP52
[2017-09-15 11:44:37] [INFO] ===XUNMA RESTURN:14575765656;
[2017-09-15 11:44:45] [INFO] itemcode_2251
[2017-09-15 11:44:45] [INFO] token_hv7DsZlXpPLNTinslEAYjSMey10JuP52
[2017-09-15 11:44:46] [INFO] ===XUNMA RESTURN:17159164114;
[2017-09-15 11:44:54] [INFO] itemcode_2251
[2017-09-15 11:44:54] [INFO] token_hv7DsZlXpPLNTinslEAYjSMey10JuP52
[2017-09-15 11:44:54] [INFO] ===XUNMA RESTURN:17099090326;
[2017-09-15 11:45:03] [INFO] itemcode_2251
[2017-09-15 11:45:03] [INFO] token_hv7DsZlXpPLNTinslEAYjSMey10JuP52
[2017-09-15 11:45:03] [INFO] ===XUNMA RESTURN:17136485716;
[2017-09-15 11:45:16] [INFO] itemcode_2251
[2017-09-15 11:45:16] [INFO] token_hv7DsZlXpPLNTinslEAYjSMey10JuP52
[2017-09-15 11:45:17] [INFO] ===XUNMA RESTURN:13724837621;
[2017-09-15 11:45:25] [INFO] itemcode_2251
[2017-09-15 11:45:25] [INFO] token_hv7DsZlXpPLNTinslEAYjSMey10JuP52
[2017-09-15 11:45:25] [INFO] ===XUNMA RESTURN:17092917929;
[2017-09-15 11:45:34] [INFO] itemcode_2251
[2017-09-15 11:45:34] [INFO] token_hv7DsZlXpPLNTinslEAYjSMey10JuP52
[2017-09-15 11:45:34] [INFO] ===XUNMA RESTURN:13433107604;
[2017-09-15 11:45:43] [INFO] itemcode_2251
[2017-09-15 11:45:43] [INFO] token_hv7DsZlXpPLNTinslEAYjSMey10JuP52
[2017-09-15 11:45:43] [INFO] ===XUNMA RESTURN:17080046765;
[2017-09-15 11:45:51] [INFO] itemcode_2251
[2017-09-15 11:45:51] [INFO] token_hv7DsZlXpPLNTinslEAYjSMey10JuP52
[2017-09-15 11:45:52] [INFO] ===XUNMA RESTURN:17174612041;
[2017-09-15 11:46:05] [INFO] itemcode_2251
[2017-09-15 11:46:05] [INFO] token_hv7DsZlXpPLNTinslEAYjSMey10JuP52
[2017-09-15 11:46:05] [INFO] ===XUNMA RESTURN:17063890901;
[2017-09-15 11:46:14] [INFO] itemcode_2251
[2017-09-15 11:46:14] [INFO] token_hv7DsZlXpPLNTinslEAYjSMey10JuP52
[2017-09-15 11:46:14] [INFO] ===XUNMA RESTURN:17084163217;
[2017-09-15 11:46:23] [INFO] itemcode_2251
[2017-09-15 11:46:23] [INFO] token_hv7DsZlXpPLNTinslEAYjSMey10JuP52
[2017-09-15 11:46:23] [INFO] ===XUNMA RESTURN:18788597419;
[2017-09-15 11:46:31] [INFO] itemcode_2251
[2017-09-15 11:46:31] [INFO] token_hv7DsZlXpPLNTinslEAYjSMey10JuP52
[2017-09-15 11:46:32] [INFO] ===XUNMA RESTURN:17080572058;
[2017-09-15 11:46:40] [INFO] itemcode_2251
[2017-09-15 11:46:40] [INFO] token_hv7DsZlXpPLNTinslEAYjSMey10JuP52
[2017-09-15 11:46:40] [INFO] ===XUNMA RESTURN:15989706521;
[2017-09-15 11:46:49] [INFO] itemcode_2251
[2017-09-15 11:46:49] [INFO] token_hv7DsZlXpPLNTinslEAYjSMey10JuP52
[2017-09-15 11:46:49] [INFO] ===XUNMA RESTURN:17134429561;
[2017-09-15 11:46:57] [INFO] itemcode_2251
[2017-09-15 11:46:57] [INFO] token_hv7DsZlXpPLNTinslEAYjSMey10JuP52
[2017-09-15 11:46:58] [INFO] ===XUNMA RESTURN:13425894659;
[2017-09-15 11:47:06] [INFO] itemcode_2251
[2017-09-15 11:47:06] [INFO] token_hv7DsZlXpPLNTinslEAYjSMey10JuP52
[2017-09-15 11:47:06] [INFO] ===XUNMA RESTURN:15546089258;
[2017-09-15 11:47:15] [INFO] itemcode_2251
[2017-09-15 11:47:15] [INFO] token_hv7DsZlXpPLNTinslEAYjSMey10JuP52
[2017-09-15 11:47:15] [INFO] ===XUNMA RESTURN:17099268144;
[2017-09-15 11:47:23] [INFO] itemcode_2251
[2017-09-15 11:47:23] [INFO] token_hv7DsZlXpPLNTinslEAYjSMey10JuP52
[2017-09-15 11:47:24] [INFO] ===XUNMA RESTURN:17152567478;
[2017-09-15 11:47:31] [INFO] itemcode_2251
[2017-09-15 11:47:31] [INFO] token_hv7DsZlXpPLNTinslEAYjSMey10JuP52
[2017-09-15 11:47:31] [INFO] ===XUNMA RESTURN:17056702407;
[2017-09-15 11:47:39] [INFO] itemcode_2251
[2017-09-15 11:47:39] [INFO] token_hv7DsZlXpPLNTinslEAYjSMey10JuP52
[2017-09-15 11:47:39] [INFO] ===XUNMA RESTURN:15992274034;
[2017-09-15 11:47:47] [INFO] itemcode_2251
[2017-09-15 11:47:47] [INFO] token_hv7DsZlXpPLNTinslEAYjSMey10JuP52
[2017-09-15 11:47:48] [INFO] ===XUNMA RESTURN:15911648741;
[2017-09-15 11:47:56] [INFO] itemcode_2251
[2017-09-15 11:47:56] [INFO] token_hv7DsZlXpPLNTinslEAYjSMey10JuP52
[2017-09-15 11:47:56] [INFO] ===XUNMA RESTURN:17097973552;
[2017-09-15 11:48:04] [INFO] itemcode_2251
[2017-09-15 11:48:04] [INFO] token_hv7DsZlXpPLNTinslEAYjSMey10JuP52
[2017-09-15 11:48:04] [INFO] ===XUNMA RESTURN:17063892040;
[2017-09-15 11:48:11] [INFO] itemcode_2251
[2017-09-15 11:48:11] [INFO] token_hv7DsZlXpPLNTinslEAYjSMey10JuP52
[2017-09-15 11:48:11] [INFO] ===XUNMA RESTURN:15989725300;
[2017-09-15 11:48:19] [INFO] itemcode_2251
[2017-09-15 11:48:19] [INFO] token_hv7DsZlXpPLNTinslEAYjSMey10JuP52
[2017-09-15 11:48:19] [INFO] ===XUNMA RESTURN:17063892731;
[2017-09-15 11:48:27] [INFO] itemcode_2251
[2017-09-15 11:48:27] [INFO] token_hv7DsZlXpPLNTinslEAYjSMey10JuP52
[2017-09-15 11:48:28] [INFO] ===XUNMA RESTURN:17155941107;
[2017-09-15 11:48:36] [INFO] itemcode_2251
[2017-09-15 11:48:36] [INFO] token_hv7DsZlXpPLNTinslEAYjSMey10JuP52
[2017-09-15 11:48:36] [INFO] ===XUNMA RESTURN:17159162544;
[2017-09-15 11:48:45] [INFO] itemcode_2251
[2017-09-15 11:48:45] [INFO] token_hv7DsZlXpPLNTinslEAYjSMey10JuP52
[2017-09-15 11:48:45] [INFO] ===XUNMA RESTURN:15118707974;
[2017-09-15 11:48:52] [INFO] itemcode_2251
[2017-09-15 11:48:52] [INFO] token_hv7DsZlXpPLNTinslEAYjSMey10JuP52
[2017-09-15 11:48:53] [INFO] ===XUNMA RESTURN:17159165415;
[2017-09-15 11:49:05] [INFO] itemcode_2251
[2017-09-15 11:49:05] [INFO] token_hv7DsZlXpPLNTinslEAYjSMey10JuP52
[2017-09-15 11:49:05] [INFO] ===XUNMA RESTURN:13059841843;
[2017-09-15 11:49:13] [INFO] itemcode_2251
[2017-09-15 11:49:13] [INFO] token_hv7DsZlXpPLNTinslEAYjSMey10JuP52
[2017-09-15 11:49:13] [INFO] ===XUNMA RESTURN:13136439945;
[2017-09-15 11:49:35] [INFO] itemcode_2251
[2017-09-15 11:49:35] [INFO] token_hv7DsZlXpPLNTinslEAYjSMey10JuP52
[2017-09-15 11:49:36] [INFO] ===XUNMA RESTURN:17080201843;
[2017-09-15 11:49:44] [INFO] itemcode_2251
[2017-09-15 11:49:44] [INFO] token_hv7DsZlXpPLNTinslEAYjSMey10JuP52
[2017-09-15 11:49:44] [INFO] ===XUNMA RESTURN:15730466420;
[2017-09-15 11:49:51] [INFO] itemcode_2251
[2017-09-15 11:49:51] [INFO] token_hv7DsZlXpPLNTinslEAYjSMey10JuP52
[2017-09-15 11:49:52] [INFO] ===XUNMA RESTURN:17085402918;
[2017-09-15 11:49:59] [INFO] itemcode_2251
[2017-09-15 11:49:59] [INFO] token_hv7DsZlXpPLNTinslEAYjSMey10JuP52
[2017-09-15 11:49:59] [INFO] ===XUNMA RESTURN:13829879641;
[2017-09-15 11:50:08] [INFO] itemcode_2251
[2017-09-15 11:50:08] [INFO] token_hv7DsZlXpPLNTinslEAYjSMey10JuP52
[2017-09-15 11:50:08] [INFO] ===XUNMA RESTURN:17056702149;
[2017-09-15 11:50:20] [INFO] itemcode_2251
[2017-09-15 11:50:20] [INFO] token_hv7DsZlXpPLNTinslEAYjSMey10JuP52
[2017-09-15 11:50:21] [INFO] ===XUNMA RESTURN:17072266026;
[2017-09-15 11:50:28] [INFO] itemcode_2251
[2017-09-15 11:50:28] [INFO] token_hv7DsZlXpPLNTinslEAYjSMey10JuP52
[2017-09-15 11:50:28] [INFO] ===XUNMA RESTURN:17136989404;
[2017-09-15 11:50:36] [INFO] itemcode_2251
[2017-09-15 11:50:36] [INFO] token_hv7DsZlXpPLNTinslEAYjSMey10JuP52
[2017-09-15 11:50:37] [INFO] ===XUNMA RESTURN:15976650914;
[2017-09-15 11:50:44] [INFO] itemcode_2251
[2017-09-15 11:50:44] [INFO] token_hv7DsZlXpPLNTinslEAYjSMey10JuP52
[2017-09-15 11:50:44] [INFO] ===XUNMA RESTURN:17072313098;
[2017-09-15 11:50:53] [INFO] itemcode_2251
[2017-09-15 11:50:53] [INFO] token_hv7DsZlXpPLNTinslEAYjSMey10JuP52
[2017-09-15 11:50:53] [INFO] ===XUNMA RESTURN:17031805543;
[2017-09-15 11:51:00] [INFO] itemcode_2251
[2017-09-15 11:51:00] [INFO] token_hv7DsZlXpPLNTinslEAYjSMey10JuP52
[2017-09-15 11:51:00] [INFO] ===XUNMA RESTURN:17056702165;
[2017-09-15 11:51:09] [INFO] itemcode_2251
[2017-09-15 11:51:09] [INFO] token_hv7DsZlXpPLNTinslEAYjSMey10JuP52
[2017-09-15 11:51:14] [INFO] ===XUNMA RESTURN:17091103417;
[2017-09-15 11:51:28] [INFO] itemcode_2251
[2017-09-15 11:51:28] [INFO] token_hv7DsZlXpPLNTinslEAYjSMey10JuP52
[2017-09-15 11:51:28] [INFO] ===XUNMA RESTURN:17088185174;
[2017-09-15 11:51:35] [INFO] itemcode_2251
[2017-09-15 11:51:35] [INFO] token_hv7DsZlXpPLNTinslEAYjSMey10JuP52
[2017-09-15 11:51:36] [INFO] ===XUNMA RESTURN:17099974946;
[2017-09-15 11:51:44] [INFO] itemcode_2251
[2017-09-15 11:51:44] [INFO] token_hv7DsZlXpPLNTinslEAYjSMey10JuP52
[2017-09-15 11:51:49] [INFO] ===XUNMA RESTURN:18241448987;
[2017-09-15 11:51:57] [INFO] itemcode_2251
[2017-09-15 11:51:57] [INFO] token_hv7DsZlXpPLNTinslEAYjSMey10JuP52
[2017-09-15 11:51:57] [INFO] ===XUNMA RESTURN:17136984795;
[2017-09-15 11:52:05] [INFO] itemcode_2251
[2017-09-15 11:52:05] [INFO] token_hv7DsZlXpPLNTinslEAYjSMey10JuP52
[2017-09-15 11:52:05] [INFO] ===XUNMA RESTURN:17082433891;
[2017-09-15 11:52:14] [INFO] itemcode_2251
[2017-09-15 11:52:14] [INFO] token_hv7DsZlXpPLNTinslEAYjSMey10JuP52
[2017-09-15 11:52:14] [INFO] ===XUNMA RESTURN:17082862994;
[2017-09-15 11:52:22] [INFO] itemcode_2251
[2017-09-15 11:52:22] [INFO] token_hv7DsZlXpPLNTinslEAYjSMey10JuP52
[2017-09-15 11:52:23] [INFO] ===XUNMA RESTURN:17086469681;
[2017-09-15 11:52:30] [INFO] itemcode_2251
[2017-09-15 11:52:30] [INFO] token_hv7DsZlXpPLNTinslEAYjSMey10JuP52
[2017-09-15 11:52:30] [INFO] ===XUNMA RESTURN:17159163547;
[2017-09-15 11:52:38] [INFO] itemcode_2251
[2017-09-15 11:52:38] [INFO] token_hv7DsZlXpPLNTinslEAYjSMey10JuP52
[2017-09-15 11:52:39] [INFO] ===XUNMA RESTURN:17053391294;
[2017-09-15 11:52:48] [INFO] itemcode_2251
[2017-09-15 11:52:48] [INFO] token_hv7DsZlXpPLNTinslEAYjSMey10JuP52
[2017-09-15 11:52:48] [INFO] ===XUNMA RESTURN:17159164779;
[2017-09-15 11:52:55] [INFO] itemcode_2251
[2017-09-15 11:52:55] [INFO] token_hv7DsZlXpPLNTinslEAYjSMey10JuP52
[2017-09-15 11:52:56] [INFO] ===XUNMA RESTURN:17097972629;
[2017-09-15 11:53:04] [INFO] itemcode_2251
[2017-09-15 11:53:04] [INFO] token_hv7DsZlXpPLNTinslEAYjSMey10JuP52
[2017-09-15 11:53:04] [INFO] ===XUNMA RESTURN:17080117730;
[2017-09-15 11:53:13] [INFO] itemcode_2251
[2017-09-15 11:53:13] [INFO] token_hv7DsZlXpPLNTinslEAYjSMey10JuP52
[2017-09-15 11:53:13] [INFO] ===XUNMA RESTURN:13531404750;
[2017-09-15 11:53:21] [INFO] itemcode_2251
[2017-09-15 11:53:21] [INFO] token_hv7DsZlXpPLNTinslEAYjSMey10JuP52
[2017-09-15 11:53:21] [INFO] ===XUNMA RESTURN:17181914197;
[2017-09-15 11:53:30] [INFO] itemcode_2251
[2017-09-15 11:53:30] [INFO] token_hv7DsZlXpPLNTinslEAYjSMey10JuP52
[2017-09-15 11:53:30] [INFO] ===XUNMA RESTURN:17083363268;
[2017-09-15 11:53:38] [INFO] itemcode_2251
[2017-09-15 11:53:38] [INFO] token_hv7DsZlXpPLNTinslEAYjSMey10JuP52
[2017-09-15 11:53:39] [INFO] ===XUNMA RESTURN:17096429059;
[2017-09-15 11:53:47] [INFO] itemcode_2251
[2017-09-15 11:53:47] [INFO] token_hv7DsZlXpPLNTinslEAYjSMey10JuP52
[2017-09-15 11:53:47] [INFO] ===XUNMA RESTURN:17082915089;
[2017-09-15 11:53:56] [INFO] itemcode_2251
[2017-09-15 11:53:56] [INFO] token_hv7DsZlXpPLNTinslEAYjSMey10JuP52
[2017-09-15 11:53:56] [INFO] ===XUNMA RESTURN:17060135146;
[2017-09-15 11:54:03] [INFO] itemcode_2251
[2017-09-15 11:54:03] [INFO] token_hv7DsZlXpPLNTinslEAYjSMey10JuP52
[2017-09-15 11:54:03] [INFO] ===XUNMA RESTURN:17063890769;
[2017-09-15 11:54:12] [INFO] itemcode_2251
[2017-09-15 11:54:12] [INFO] token_hv7DsZlXpPLNTinslEAYjSMey10JuP52
[2017-09-15 11:54:12] [INFO] ===XUNMA RESTURN:18788147947;
[2017-09-15 11:54:21] [INFO] itemcode_2251
[2017-09-15 11:54:21] [INFO] token_hv7DsZlXpPLNTinslEAYjSMey10JuP52
[2017-09-15 11:54:22] [INFO] ===XUNMA RESTURN:17155943159;
[2017-09-15 11:54:30] [INFO] itemcode_2251
[2017-09-15 11:54:30] [INFO] token_hv7DsZlXpPLNTinslEAYjSMey10JuP52
[2017-09-15 11:54:30] [INFO] ===XUNMA RESTURN:17091104190;
[2017-09-15 11:54:38] [INFO] itemcode_2251
[2017-09-15 11:54:38] [INFO] token_hv7DsZlXpPLNTinslEAYjSMey10JuP52
[2017-09-15 11:54:39] [INFO] ===XUNMA RESTURN:15016566824;
[2017-09-15 11:54:46] [INFO] itemcode_2251
[2017-09-15 11:54:46] [INFO] token_hv7DsZlXpPLNTinslEAYjSMey10JuP52
[2017-09-15 11:54:46] [INFO] ===XUNMA RESTURN:17072310311;
[2017-09-15 11:54:53] [INFO] itemcode_2251
[2017-09-15 11:54:53] [INFO] token_hv7DsZlXpPLNTinslEAYjSMey10JuP52
[2017-09-15 11:54:54] [INFO] ===XUNMA RESTURN:17198241942;
[2017-09-15 11:55:02] [INFO] itemcode_2251
[2017-09-15 11:55:02] [INFO] token_hv7DsZlXpPLNTinslEAYjSMey10JuP52
[2017-09-15 11:55:02] [INFO] ===XUNMA RESTURN:17093095433;
[2017-09-15 11:55:11] [INFO] itemcode_2251
[2017-09-15 11:55:11] [INFO] token_hv7DsZlXpPLNTinslEAYjSMey10JuP52
[2017-09-15 11:55:11] [INFO] ===XUNMA RESTURN:17031805146;
[2017-09-15 11:55:18] [INFO] itemcode_2251
[2017-09-15 11:55:18] [INFO] token_hv7DsZlXpPLNTinslEAYjSMey10JuP52
[2017-09-15 11:55:18] [INFO] ===XUNMA RESTURN:17080047038;
[2017-09-15 11:55:27] [INFO] itemcode_2251
[2017-09-15 11:55:27] [INFO] token_hv7DsZlXpPLNTinslEAYjSMey10JuP52
[2017-09-15 11:55:27] [INFO] ===XUNMA RESTURN:17193680314;
[2017-09-15 11:55:34] [INFO] itemcode_2251
[2017-09-15 11:55:34] [INFO] token_hv7DsZlXpPLNTinslEAYjSMey10JuP52
[2017-09-15 11:55:35] [INFO] ===XUNMA RESTURN:17053395742;
[2017-09-15 11:55:43] [INFO] itemcode_2251
[2017-09-15 11:55:43] [INFO] token_hv7DsZlXpPLNTinslEAYjSMey10JuP52
[2017-09-15 11:55:43] [INFO] ===XUNMA RESTURN:17086683984;
[2017-09-15 11:55:52] [INFO] itemcode_2251
[2017-09-15 11:55:52] [INFO] token_hv7DsZlXpPLNTinslEAYjSMey10JuP52
[2017-09-15 11:55:52] [INFO] ===XUNMA RESTURN:13715526719;
[2017-09-15 11:56:01] [INFO] itemcode_2251
[2017-09-15 11:56:01] [INFO] token_hv7DsZlXpPLNTinslEAYjSMey10JuP52
[2017-09-15 11:56:01] [INFO] ===XUNMA RESTURN:17082912106;
