[2017-03-11 09:50:48] [INFO] ===XUNMA RESTURN:False:Session 过期
[2017-03-11 09:50:52] [INFO] ===XUNMA RESTURN:17084926020;
[2018-04-01 11:52:20] [INFO] itemcode_7581
[2018-04-01 11:52:20] [INFO] token_lqIRvdHU7z6Iw7KRYtS63zJzs0JTKj21
[2018-04-01 11:52:20] [INFO] ===XUNMA RESTURN:False:Session 过期
[2018-04-01 11:52:24] [INFO] itemcode_7581
[2018-04-01 11:52:24] [INFO] token_RlCJuG6CKFzT9DjdftYER7Nt6GUDUB78
[2018-04-01 11:52:24] [INFO] ===XUNMA RESTURN:13105847197;
[2018-04-01 11:52:43] [INFO] 开始获取验证码：13105847197, qq_contact_bind
[2018-04-01 11:52:46] [INFO] 收到消息：NOTION&单笔充值满 50元送 5%单笔充值满100元送10%自动赠送！上不封顶！-------------------------运营商选择 移动、联通或电信，不会出17号段-------------------------QQ群：153808516　-------------------------[End]MSG&7581&13105847197&【腾讯科技】7738 (手机QQ短信验证码，正在启用通讯录功能。为了保证帐号安全，请勿向他人泄漏。如非本人操作，请忽略。）[End]
[2018-04-01 11:52:46] [INFO] 切分消息：NOTION&单笔充值满 50元送 5%单笔充值满100元送10%自动赠送！上不封顶！-------------------------运营商选择 移动、联通或电信，不会出17号段-------------------------QQ群：153808516　-------------------------
[2018-04-01 11:52:46] [INFO] 切分消息：MSG&7581&13105847197&【腾讯科技】7738 (手机QQ短信验证码，正在启用通讯录功能。为了保证帐号安全，请勿向他人泄漏。如非本人操作，请忽略。）
[2018-04-01 11:52:46] [INFO] KEY: verify_code_7581_13105847197, Code: 7738
[2018-04-01 12:12:24] [INFO] itemcode_7581
[2018-04-01 12:12:24] [INFO] token_RlCJuG6CKFzT9DjdftYER7Nt6GUDUB78
[2018-04-01 12:12:25] [INFO] ===XUNMA RESTURN:False:Session 过期
[2018-04-01 12:12:36] [INFO] itemcode_7581
[2018-04-01 12:12:36] [INFO] token_hOJTxSLk8QxsiBueM5E9VScH2fD8M259
[2018-04-01 12:12:36] [INFO] ===XUNMA RESTURN:17164202046;
[2018-04-01 12:14:38] [INFO] itemcode_7581
[2018-04-01 12:14:38] [INFO] token_hOJTxSLk8QxsiBueM5E9VScH2fD8M259
[2018-04-01 12:14:39] [INFO] ===XUNMA RESTURN:13115804691;
[2018-04-01 12:15:27] [INFO] 开始获取验证码：13115804691, qq_contact_bind
[2018-04-01 12:15:30] [INFO] 收到消息：NOTION&单笔充值满 50元送 5%单笔充值满100元送10%自动赠送！上不封顶！-------------------------运营商选择 移动、联通或电信，不会出17号段-------------------------QQ群：153808516　-------------------------[End]
[2018-04-01 12:15:30] [INFO] 切分消息：NOTION&单笔充值满 50元送 5%单笔充值满100元送10%自动赠送！上不封顶！-------------------------运营商选择 移动、联通或电信，不会出17号段-------------------------QQ群：153808516　-------------------------
[2018-04-01 12:15:33] [INFO] 收到消息：MSG&7581&13115804691&【腾讯科技】4732 (手机QQ短信验证码，正在启用通讯录功能。为了保证帐号安全，请勿向他人泄漏。如非本人操作，请忽略。）[End]
[2018-04-01 12:15:33] [INFO] 切分消息：MSG&7581&13115804691&【腾讯科技】4732 (手机QQ短信验证码，正在启用通讯录功能。为了保证帐号安全，请勿向他人泄漏。如非本人操作，请忽略。）
[2018-04-01 12:15:33] [INFO] KEY: verify_code_7581_13115804691, Code: 4732
[2018-04-02 17:48:57] [INFO] itemcode_7581
[2018-04-02 17:48:57] [INFO] token_HR2KfWJQVghc94TmIBPvXhOrBnszVt77
[2018-04-02 17:48:57] [INFO] ===XUNMA RESTURN:False:Session 过期
[2018-04-02 17:49:01] [INFO] itemcode_7581
[2018-04-02 17:49:01] [INFO] token_f2SfwFlVCTR4wk7A3nU94CHRQBCegU50
[2018-04-02 17:49:01] [INFO] ===XUNMA RESTURN:15708499339;
[2018-04-02 17:49:19] [INFO] 开始获取验证码：15708499339, qq_contact_bind
[2018-04-02 17:49:23] [INFO] 收到消息：NOTION&单笔充值满 50元送 5%单笔充值满100元送10%自动赠送！上不封顶！-------------------------运营商选择 移动、联通或电信，不会出17号段-------------------------QQ群：153808516　-------------------------[End]
[2018-04-02 17:49:23] [INFO] 切分消息：NOTION&单笔充值满 50元送 5%单笔充值满100元送10%自动赠送！上不封顶！-------------------------运营商选择 移动、联通或电信，不会出17号段-------------------------QQ群：153808516　-------------------------
[2018-04-02 17:49:26] [INFO] 收到消息：MSG&7581&15708499339&【腾讯科技】2680 (手机QQ短信验证码，正在启用通讯录功能。为了保证帐号安全，请勿向他人泄漏。如非本人操作，请忽略。）[End]
[2018-04-02 17:49:26] [INFO] 切分消息：MSG&7581&15708499339&【腾讯科技】2680 (手机QQ短信验证码，正在启用通讯录功能。为了保证帐号安全，请勿向他人泄漏。如非本人操作，请忽略。）
[2018-04-02 17:49:26] [INFO] KEY: verify_code_7581_15708499339, Code: 2680
