[2017-05-12 23:53:48] [INFO] itemcode_2113
[2017-05-12 23:53:48] [INFO] token_w0J2pDWHeGeGxS2ynmhqiSp9dYr6kW1467
[2017-05-12 23:53:48] [INFO] ===XUNMA RESTURN:False:Session 过期
[2017-05-12 23:53:53] [INFO] itemcode_2113
[2017-05-12 23:53:53] [INFO] token_dBzZPCgk2GJp1BPprkTqiEjwy5nHVa3
[2017-05-12 23:53:56] [INFO] ===XUNMA RESTURN:False:项目代码错误，请核对
[2017-05-12 23:53:59] [INFO] itemcode_2113
[2017-05-12 23:53:59] [INFO] token_dBzZPCgk2GJp1BPprkTqiEjwy5nHVa3
[2017-06-18 20:56:00] [INFO] itemcode_2251
[2017-06-18 20:56:00] [INFO] token_k9GhkHF6UKgznAKWXfA9jUSUqOzc3I35
[2017-06-18 20:56:06] [INFO] ===XUNMA RESTURN:14575891650;
[2017-06-18 22:14:31] [INFO] itemcode_2251
[2017-06-18 22:14:31] [INFO] token_BKIwIJtOTJixlDXTMs26kEMrU3eIRd42
[2017-06-18 22:14:31] [INFO] ===XUNMA RESTURN:15651368837;
[2017-06-18 22:26:23] [INFO] itemcode_2251
[2017-06-18 22:26:23] [INFO] token_BKIwIJtOTJixlDXTMs26kEMrU3eIRd42
[2017-06-18 22:26:23] [INFO] ===XUNMA RESTURN:False:Session 过期
[2017-06-18 22:26:27] [INFO] itemcode_2251
[2017-06-18 22:26:27] [INFO] token_fgJX5wLZWs1oKmkoHXDPX7Wigcsa1Q40
[2017-06-18 22:26:30] [INFO] ===XUNMA RESTURN:False:暂时没有此项目号码，请等会试试...
[2017-06-18 22:28:16] [INFO] itemcode_2251
[2017-06-18 22:28:16] [INFO] token_fgJX5wLZWs1oKmkoHXDPX7Wigcsa1Q40
[2017-06-18 22:28:16] [INFO] ===XUNMA RESTURN:17089172042;
[2017-06-18 22:30:58] [INFO] itemcode_2251
[2017-06-18 22:30:58] [INFO] token_fgJX5wLZWs1oKmkoHXDPX7Wigcsa1Q40
[2017-06-18 22:30:58] [INFO] ===XUNMA RESTURN:14575896874;
[2017-06-18 22:33:42] [INFO] itemcode_2251
[2017-06-18 22:33:42] [INFO] token_fgJX5wLZWs1oKmkoHXDPX7Wigcsa1Q40
[2017-06-18 22:33:42] [INFO] ===XUNMA RESTURN:13091949761;
[2017-06-18 22:36:04] [INFO] itemcode_2251
[2017-06-18 22:36:04] [INFO] token_fgJX5wLZWs1oKmkoHXDPX7Wigcsa1Q40
[2017-06-18 22:36:05] [INFO] ===XUNMA RESTURN:13094712132;
[2017-06-18 22:37:51] [INFO] itemcode_2251
[2017-06-18 22:37:51] [INFO] token_fgJX5wLZWs1oKmkoHXDPX7Wigcsa1Q40
[2017-06-18 22:37:51] [INFO] ===XUNMA RESTURN:17138954797;
[2017-06-18 22:38:27] [INFO] itemcode_2251
[2017-06-18 22:38:27] [INFO] token_fgJX5wLZWs1oKmkoHXDPX7Wigcsa1Q40
[2017-06-18 22:38:27] [INFO] ===XUNMA RESTURN:13841960334;
[2017-06-18 23:07:44] [INFO] itemcode_2251
[2017-06-18 23:07:44] [INFO] token_fgJX5wLZWs1oKmkoHXDPX7Wigcsa1Q40
[2017-06-18 23:07:44] [INFO] ===XUNMA RESTURN:False:Session 过期
[2017-06-18 23:07:49] [INFO] itemcode_2251
[2017-06-18 23:07:49] [INFO] token_YoFZPqdrxlpbGAvohDlQdOxDy9VY7A15
[2017-06-18 23:07:52] [INFO] ===XUNMA RESTURN:False:暂时没有此项目号码，请等会试试...
[2017-06-18 23:07:55] [INFO] itemcode_2251
[2017-06-18 23:07:55] [INFO] token_YoFZPqdrxlpbGAvohDlQdOxDy9VY7A15
[2017-06-18 23:07:58] [INFO] ===XUNMA RESTURN:False:暂时没有此项目号码，请等会试试...
[2017-06-18 23:08:01] [INFO] itemcode_2251
[2017-06-18 23:08:01] [INFO] token_YoFZPqdrxlpbGAvohDlQdOxDy9VY7A15
[2017-06-18 23:08:04] [INFO] ===XUNMA RESTURN:False:暂时没有此项目号码，请等会试试...
[2017-06-18 23:08:07] [INFO] itemcode_2251
[2017-06-18 23:08:07] [INFO] token_YoFZPqdrxlpbGAvohDlQdOxDy9VY7A15
[2017-06-18 23:08:10] [INFO] ===XUNMA RESTURN:False:暂时没有此项目号码，请等会试试...
[2017-06-18 23:08:13] [INFO] itemcode_2251
[2017-06-18 23:08:13] [INFO] token_YoFZPqdrxlpbGAvohDlQdOxDy9VY7A15
[2017-06-18 23:08:16] [INFO] ===XUNMA RESTURN:False:暂时没有此项目号码，请等会试试...
[2017-06-18 23:08:19] [INFO] itemcode_2251
[2017-06-18 23:08:19] [INFO] token_YoFZPqdrxlpbGAvohDlQdOxDy9VY7A15
[2017-06-18 23:08:23] [INFO] itemcode_2251
[2017-06-18 23:08:23] [INFO] token_YoFZPqdrxlpbGAvohDlQdOxDy9VY7A15
[2017-06-18 23:08:23] [ERROR] Traceback (most recent call last):
  File "/Users/liujieyang/PycharmProjects/TaskConsole/smsCode/client_xunma.py", line 79, in GetPhoneNumber
    response = conn.getresponse()
  File "/System/Library/Frameworks/Python.framework/Versions/2.7/lib/python2.7/httplib.py", line 1132, in getresponse
    response.begin()
  File "/System/Library/Frameworks/Python.framework/Versions/2.7/lib/python2.7/httplib.py", line 453, in begin
    version, status, reason = self._read_status()
  File "/System/Library/Frameworks/Python.framework/Versions/2.7/lib/python2.7/httplib.py", line 409, in _read_status
    line = self.fp.readline(_MAXLINE + 1)
  File "/System/Library/Frameworks/Python.framework/Versions/2.7/lib/python2.7/socket.py", line 480, in readline
    data = self._sock.recv(self._rbufsize)
error: [Errno 54] Connection reset by peer

[2017-06-18 23:08:23] [INFO] itemcode_2251
[2017-06-18 23:08:23] [INFO] token_YoFZPqdrxlpbGAvohDlQdOxDy9VY7A15
[2017-06-18 23:08:23] [ERROR] Traceback (most recent call last):
  File "/Users/liujieyang/PycharmProjects/TaskConsole/smsCode/client_xunma.py", line 79, in GetPhoneNumber
    response = conn.getresponse()
  File "/System/Library/Frameworks/Python.framework/Versions/2.7/lib/python2.7/httplib.py", line 1132, in getresponse
    response.begin()
  File "/System/Library/Frameworks/Python.framework/Versions/2.7/lib/python2.7/httplib.py", line 453, in begin
    version, status, reason = self._read_status()
  File "/System/Library/Frameworks/Python.framework/Versions/2.7/lib/python2.7/httplib.py", line 409, in _read_status
    line = self.fp.readline(_MAXLINE + 1)
  File "/System/Library/Frameworks/Python.framework/Versions/2.7/lib/python2.7/socket.py", line 480, in readline
    data = self._sock.recv(self._rbufsize)
error: [Errno 54] Connection reset by peer

[2017-06-18 23:08:24] [INFO] itemcode_2251
[2017-06-18 23:08:24] [INFO] token_YoFZPqdrxlpbGAvohDlQdOxDy9VY7A15
[2017-06-18 23:08:24] [ERROR] Traceback (most recent call last):
  File "/Users/liujieyang/PycharmProjects/TaskConsole/smsCode/client_xunma.py", line 79, in GetPhoneNumber
    response = conn.getresponse()
  File "/System/Library/Frameworks/Python.framework/Versions/2.7/lib/python2.7/httplib.py", line 1132, in getresponse
    response.begin()
  File "/System/Library/Frameworks/Python.framework/Versions/2.7/lib/python2.7/httplib.py", line 453, in begin
    version, status, reason = self._read_status()
  File "/System/Library/Frameworks/Python.framework/Versions/2.7/lib/python2.7/httplib.py", line 409, in _read_status
    line = self.fp.readline(_MAXLINE + 1)
  File "/System/Library/Frameworks/Python.framework/Versions/2.7/lib/python2.7/socket.py", line 480, in readline
    data = self._sock.recv(self._rbufsize)
error: [Errno 54] Connection reset by peer

[2017-06-18 23:08:24] [INFO] itemcode_2251
[2017-06-18 23:08:24] [INFO] token_YoFZPqdrxlpbGAvohDlQdOxDy9VY7A15
[2017-06-18 23:08:24] [ERROR] Traceback (most recent call last):
  File "/Users/liujieyang/PycharmProjects/TaskConsole/smsCode/client_xunma.py", line 79, in GetPhoneNumber
    response = conn.getresponse()
  File "/System/Library/Frameworks/Python.framework/Versions/2.7/lib/python2.7/httplib.py", line 1132, in getresponse
    response.begin()
  File "/System/Library/Frameworks/Python.framework/Versions/2.7/lib/python2.7/httplib.py", line 453, in begin
    version, status, reason = self._read_status()
  File "/System/Library/Frameworks/Python.framework/Versions/2.7/lib/python2.7/httplib.py", line 409, in _read_status
    line = self.fp.readline(_MAXLINE + 1)
  File "/System/Library/Frameworks/Python.framework/Versions/2.7/lib/python2.7/socket.py", line 480, in readline
    data = self._sock.recv(self._rbufsize)
error: [Errno 54] Connection reset by peer

[2017-06-18 23:08:24] [INFO] itemcode_2251
[2017-06-18 23:08:24] [INFO] token_YoFZPqdrxlpbGAvohDlQdOxDy9VY7A15
[2017-06-18 23:08:24] [ERROR] Traceback (most recent call last):
  File "/Users/liujieyang/PycharmProjects/TaskConsole/smsCode/client_xunma.py", line 79, in GetPhoneNumber
    response = conn.getresponse()
  File "/System/Library/Frameworks/Python.framework/Versions/2.7/lib/python2.7/httplib.py", line 1132, in getresponse
    response.begin()
  File "/System/Library/Frameworks/Python.framework/Versions/2.7/lib/python2.7/httplib.py", line 453, in begin
    version, status, reason = self._read_status()
  File "/System/Library/Frameworks/Python.framework/Versions/2.7/lib/python2.7/httplib.py", line 409, in _read_status
    line = self.fp.readline(_MAXLINE + 1)
  File "/System/Library/Frameworks/Python.framework/Versions/2.7/lib/python2.7/socket.py", line 480, in readline
    data = self._sock.recv(self._rbufsize)
error: [Errno 54] Connection reset by peer

[2017-06-18 23:08:24] [INFO] itemcode_2251
[2017-06-18 23:08:24] [INFO] token_YoFZPqdrxlpbGAvohDlQdOxDy9VY7A15
[2017-06-18 23:08:24] [ERROR] Traceback (most recent call last):
  File "/Users/liujieyang/PycharmProjects/TaskConsole/smsCode/client_xunma.py", line 79, in GetPhoneNumber
    response = conn.getresponse()
  File "/System/Library/Frameworks/Python.framework/Versions/2.7/lib/python2.7/httplib.py", line 1132, in getresponse
    response.begin()
  File "/System/Library/Frameworks/Python.framework/Versions/2.7/lib/python2.7/httplib.py", line 453, in begin
    version, status, reason = self._read_status()
  File "/System/Library/Frameworks/Python.framework/Versions/2.7/lib/python2.7/httplib.py", line 409, in _read_status
    line = self.fp.readline(_MAXLINE + 1)
  File "/System/Library/Frameworks/Python.framework/Versions/2.7/lib/python2.7/socket.py", line 480, in readline
    data = self._sock.recv(self._rbufsize)
error: [Errno 54] Connection reset by peer

[2017-06-18 23:08:24] [INFO] itemcode_2251
[2017-06-18 23:08:24] [INFO] token_YoFZPqdrxlpbGAvohDlQdOxDy9VY7A15
[2017-06-18 23:08:24] [ERROR] Traceback (most recent call last):
  File "/Users/liujieyang/PycharmProjects/TaskConsole/smsCode/client_xunma.py", line 79, in GetPhoneNumber
    response = conn.getresponse()
  File "/System/Library/Frameworks/Python.framework/Versions/2.7/lib/python2.7/httplib.py", line 1132, in getresponse
    response.begin()
  File "/System/Library/Frameworks/Python.framework/Versions/2.7/lib/python2.7/httplib.py", line 453, in begin
    version, status, reason = self._read_status()
  File "/System/Library/Frameworks/Python.framework/Versions/2.7/lib/python2.7/httplib.py", line 409, in _read_status
    line = self.fp.readline(_MAXLINE + 1)
  File "/System/Library/Frameworks/Python.framework/Versions/2.7/lib/python2.7/socket.py", line 480, in readline
    data = self._sock.recv(self._rbufsize)
error: [Errno 54] Connection reset by peer

[2017-06-18 23:08:24] [INFO] itemcode_2251
[2017-06-18 23:08:24] [INFO] token_YoFZPqdrxlpbGAvohDlQdOxDy9VY7A15
[2017-06-18 23:08:24] [ERROR] Traceback (most recent call last):
  File "/Users/liujieyang/PycharmProjects/TaskConsole/smsCode/client_xunma.py", line 79, in GetPhoneNumber
    response = conn.getresponse()
  File "/System/Library/Frameworks/Python.framework/Versions/2.7/lib/python2.7/httplib.py", line 1132, in getresponse
    response.begin()
  File "/System/Library/Frameworks/Python.framework/Versions/2.7/lib/python2.7/httplib.py", line 453, in begin
    version, status, reason = self._read_status()
  File "/System/Library/Frameworks/Python.framework/Versions/2.7/lib/python2.7/httplib.py", line 409, in _read_status
    line = self.fp.readline(_MAXLINE + 1)
  File "/System/Library/Frameworks/Python.framework/Versions/2.7/lib/python2.7/socket.py", line 480, in readline
    data = self._sock.recv(self._rbufsize)
error: [Errno 54] Connection reset by peer

[2017-06-18 23:08:24] [INFO] itemcode_2251
[2017-06-18 23:08:24] [INFO] token_YoFZPqdrxlpbGAvohDlQdOxDy9VY7A15
[2017-06-18 23:08:24] [ERROR] Traceback (most recent call last):
  File "/Users/liujieyang/PycharmProjects/TaskConsole/smsCode/client_xunma.py", line 79, in GetPhoneNumber
    response = conn.getresponse()
  File "/System/Library/Frameworks/Python.framework/Versions/2.7/lib/python2.7/httplib.py", line 1132, in getresponse
    response.begin()
  File "/System/Library/Frameworks/Python.framework/Versions/2.7/lib/python2.7/httplib.py", line 453, in begin
    version, status, reason = self._read_status()
  File "/System/Library/Frameworks/Python.framework/Versions/2.7/lib/python2.7/httplib.py", line 409, in _read_status
    line = self.fp.readline(_MAXLINE + 1)
  File "/System/Library/Frameworks/Python.framework/Versions/2.7/lib/python2.7/socket.py", line 480, in readline
    data = self._sock.recv(self._rbufsize)
error: [Errno 54] Connection reset by peer

[2017-06-18 23:08:24] [INFO] itemcode_2251
[2017-06-18 23:08:24] [INFO] token_YoFZPqdrxlpbGAvohDlQdOxDy9VY7A15
[2017-06-18 23:08:24] [ERROR] Traceback (most recent call last):
  File "/Users/liujieyang/PycharmProjects/TaskConsole/smsCode/client_xunma.py", line 79, in GetPhoneNumber
    response = conn.getresponse()
  File "/System/Library/Frameworks/Python.framework/Versions/2.7/lib/python2.7/httplib.py", line 1132, in getresponse
    response.begin()
  File "/System/Library/Frameworks/Python.framework/Versions/2.7/lib/python2.7/httplib.py", line 453, in begin
    version, status, reason = self._read_status()
  File "/System/Library/Frameworks/Python.framework/Versions/2.7/lib/python2.7/httplib.py", line 409, in _read_status
    line = self.fp.readline(_MAXLINE + 1)
  File "/System/Library/Frameworks/Python.framework/Versions/2.7/lib/python2.7/socket.py", line 480, in readline
    data = self._sock.recv(self._rbufsize)
error: [Errno 54] Connection reset by peer

[2017-06-18 23:08:24] [INFO] itemcode_2251
[2017-06-18 23:08:24] [INFO] token_YoFZPqdrxlpbGAvohDlQdOxDy9VY7A15
[2017-06-18 23:08:24] [ERROR] Traceback (most recent call last):
  File "/Users/liujieyang/PycharmProjects/TaskConsole/smsCode/client_xunma.py", line 79, in GetPhoneNumber
    response = conn.getresponse()
  File "/System/Library/Frameworks/Python.framework/Versions/2.7/lib/python2.7/httplib.py", line 1132, in getresponse
    response.begin()
  File "/System/Library/Frameworks/Python.framework/Versions/2.7/lib/python2.7/httplib.py", line 453, in begin
    version, status, reason = self._read_status()
  File "/System/Library/Frameworks/Python.framework/Versions/2.7/lib/python2.7/httplib.py", line 409, in _read_status
    line = self.fp.readline(_MAXLINE + 1)
  File "/System/Library/Frameworks/Python.framework/Versions/2.7/lib/python2.7/socket.py", line 480, in readline
    data = self._sock.recv(self._rbufsize)
error: [Errno 54] Connection reset by peer

[2017-06-18 23:08:24] [INFO] itemcode_2251
[2017-06-18 23:08:24] [INFO] token_YoFZPqdrxlpbGAvohDlQdOxDy9VY7A15
[2017-06-18 23:08:24] [ERROR] Traceback (most recent call last):
  File "/Users/liujieyang/PycharmProjects/TaskConsole/smsCode/client_xunma.py", line 79, in GetPhoneNumber
    response = conn.getresponse()
  File "/System/Library/Frameworks/Python.framework/Versions/2.7/lib/python2.7/httplib.py", line 1132, in getresponse
    response.begin()
  File "/System/Library/Frameworks/Python.framework/Versions/2.7/lib/python2.7/httplib.py", line 453, in begin
    version, status, reason = self._read_status()
  File "/System/Library/Frameworks/Python.framework/Versions/2.7/lib/python2.7/httplib.py", line 409, in _read_status
    line = self.fp.readline(_MAXLINE + 1)
  File "/System/Library/Frameworks/Python.framework/Versions/2.7/lib/python2.7/socket.py", line 480, in readline
    data = self._sock.recv(self._rbufsize)
error: [Errno 54] Connection reset by peer

[2017-06-18 23:08:24] [INFO] itemcode_2251
[2017-06-18 23:08:24] [INFO] token_YoFZPqdrxlpbGAvohDlQdOxDy9VY7A15
[2017-06-18 23:08:24] [ERROR] Traceback (most recent call last):
  File "/Users/liujieyang/PycharmProjects/TaskConsole/smsCode/client_xunma.py", line 79, in GetPhoneNumber
    response = conn.getresponse()
  File "/System/Library/Frameworks/Python.framework/Versions/2.7/lib/python2.7/httplib.py", line 1132, in getresponse
    response.begin()
  File "/System/Library/Frameworks/Python.framework/Versions/2.7/lib/python2.7/httplib.py", line 453, in begin
    version, status, reason = self._read_status()
  File "/System/Library/Frameworks/Python.framework/Versions/2.7/lib/python2.7/httplib.py", line 409, in _read_status
    line = self.fp.readline(_MAXLINE + 1)
  File "/System/Library/Frameworks/Python.framework/Versions/2.7/lib/python2.7/socket.py", line 480, in readline
    data = self._sock.recv(self._rbufsize)
error: [Errno 54] Connection reset by peer

[2017-06-18 23:08:24] [INFO] itemcode_2251
[2017-06-18 23:08:24] [INFO] token_YoFZPqdrxlpbGAvohDlQdOxDy9VY7A15
[2017-06-18 23:08:24] [ERROR] Traceback (most recent call last):
  File "/Users/liujieyang/PycharmProjects/TaskConsole/smsCode/client_xunma.py", line 79, in GetPhoneNumber
    response = conn.getresponse()
  File "/System/Library/Frameworks/Python.framework/Versions/2.7/lib/python2.7/httplib.py", line 1132, in getresponse
    response.begin()
  File "/System/Library/Frameworks/Python.framework/Versions/2.7/lib/python2.7/httplib.py", line 453, in begin
    version, status, reason = self._read_status()
  File "/System/Library/Frameworks/Python.framework/Versions/2.7/lib/python2.7/httplib.py", line 409, in _read_status
    line = self.fp.readline(_MAXLINE + 1)
  File "/System/Library/Frameworks/Python.framework/Versions/2.7/lib/python2.7/socket.py", line 480, in readline
    data = self._sock.recv(self._rbufsize)
error: [Errno 54] Connection reset by peer

[2017-06-18 23:08:24] [INFO] itemcode_2251
[2017-06-18 23:08:24] [INFO] token_YoFZPqdrxlpbGAvohDlQdOxDy9VY7A15
[2017-06-18 23:08:27] [INFO] ===XUNMA RESTURN:False:暂时没有此项目号码，请等会试试...
[2017-06-18 23:08:30] [INFO] itemcode_2251
[2017-06-18 23:08:30] [INFO] token_YoFZPqdrxlpbGAvohDlQdOxDy9VY7A15
[2017-06-18 23:08:33] [INFO] ===XUNMA RESTURN:False:暂时没有此项目号码，请等会试试...
[2017-06-18 23:08:36] [INFO] itemcode_2251
[2017-06-18 23:08:36] [INFO] token_YoFZPqdrxlpbGAvohDlQdOxDy9VY7A15
[2017-06-18 23:08:39] [INFO] ===XUNMA RESTURN:False:暂时没有此项目号码，请等会试试...
[2017-06-18 23:08:42] [INFO] itemcode_2251
[2017-06-18 23:08:42] [INFO] token_YoFZPqdrxlpbGAvohDlQdOxDy9VY7A15
[2017-06-18 23:08:48] [INFO] itemcode_2251
[2017-06-18 23:08:48] [INFO] token_YoFZPqdrxlpbGAvohDlQdOxDy9VY7A15
[2017-06-18 23:08:48] [ERROR] Traceback (most recent call last):
  File "/Users/liujieyang/PycharmProjects/TaskConsole/smsCode/client_xunma.py", line 79, in GetPhoneNumber
    response = conn.getresponse()
  File "/System/Library/Frameworks/Python.framework/Versions/2.7/lib/python2.7/httplib.py", line 1132, in getresponse
    response.begin()
  File "/System/Library/Frameworks/Python.framework/Versions/2.7/lib/python2.7/httplib.py", line 453, in begin
    version, status, reason = self._read_status()
  File "/System/Library/Frameworks/Python.framework/Versions/2.7/lib/python2.7/httplib.py", line 409, in _read_status
    line = self.fp.readline(_MAXLINE + 1)
  File "/System/Library/Frameworks/Python.framework/Versions/2.7/lib/python2.7/socket.py", line 480, in readline
    data = self._sock.recv(self._rbufsize)
error: [Errno 54] Connection reset by peer

[2017-06-18 23:08:48] [INFO] itemcode_2251
[2017-06-18 23:08:48] [INFO] token_YoFZPqdrxlpbGAvohDlQdOxDy9VY7A15
[2017-06-18 23:08:48] [ERROR] Traceback (most recent call last):
  File "/Users/liujieyang/PycharmProjects/TaskConsole/smsCode/client_xunma.py", line 79, in GetPhoneNumber
    response = conn.getresponse()
  File "/System/Library/Frameworks/Python.framework/Versions/2.7/lib/python2.7/httplib.py", line 1132, in getresponse
    response.begin()
  File "/System/Library/Frameworks/Python.framework/Versions/2.7/lib/python2.7/httplib.py", line 453, in begin
    version, status, reason = self._read_status()
  File "/System/Library/Frameworks/Python.framework/Versions/2.7/lib/python2.7/httplib.py", line 409, in _read_status
    line = self.fp.readline(_MAXLINE + 1)
  File "/System/Library/Frameworks/Python.framework/Versions/2.7/lib/python2.7/socket.py", line 480, in readline
    data = self._sock.recv(self._rbufsize)
error: [Errno 54] Connection reset by peer

[2017-06-18 23:08:48] [INFO] itemcode_2251
[2017-06-18 23:08:48] [INFO] token_YoFZPqdrxlpbGAvohDlQdOxDy9VY7A15
[2017-06-18 23:08:48] [ERROR] Traceback (most recent call last):
  File "/Users/liujieyang/PycharmProjects/TaskConsole/smsCode/client_xunma.py", line 79, in GetPhoneNumber
    response = conn.getresponse()
  File "/System/Library/Frameworks/Python.framework/Versions/2.7/lib/python2.7/httplib.py", line 1132, in getresponse
    response.begin()
  File "/System/Library/Frameworks/Python.framework/Versions/2.7/lib/python2.7/httplib.py", line 453, in begin
    version, status, reason = self._read_status()
  File "/System/Library/Frameworks/Python.framework/Versions/2.7/lib/python2.7/httplib.py", line 409, in _read_status
    line = self.fp.readline(_MAXLINE + 1)
  File "/System/Library/Frameworks/Python.framework/Versions/2.7/lib/python2.7/socket.py", line 480, in readline
    data = self._sock.recv(self._rbufsize)
error: [Errno 54] Connection reset by peer

[2017-06-18 23:08:48] [INFO] itemcode_2251
[2017-06-18 23:08:48] [INFO] token_YoFZPqdrxlpbGAvohDlQdOxDy9VY7A15
[2017-06-18 23:08:48] [ERROR] Traceback (most recent call last):
  File "/Users/liujieyang/PycharmProjects/TaskConsole/smsCode/client_xunma.py", line 79, in GetPhoneNumber
    response = conn.getresponse()
  File "/System/Library/Frameworks/Python.framework/Versions/2.7/lib/python2.7/httplib.py", line 1132, in getresponse
    response.begin()
  File "/System/Library/Frameworks/Python.framework/Versions/2.7/lib/python2.7/httplib.py", line 453, in begin
    version, status, reason = self._read_status()
  File "/System/Library/Frameworks/Python.framework/Versions/2.7/lib/python2.7/httplib.py", line 409, in _read_status
    line = self.fp.readline(_MAXLINE + 1)
  File "/System/Library/Frameworks/Python.framework/Versions/2.7/lib/python2.7/socket.py", line 480, in readline
    data = self._sock.recv(self._rbufsize)
error: [Errno 54] Connection reset by peer

[2017-06-18 23:08:48] [INFO] itemcode_2251
[2017-06-18 23:08:48] [INFO] token_YoFZPqdrxlpbGAvohDlQdOxDy9VY7A15
[2017-06-18 23:08:51] [INFO] ===XUNMA RESTURN:False:暂时没有此项目号码，请等会试试...
[2017-06-18 23:08:54] [INFO] itemcode_2251
[2017-06-18 23:08:54] [INFO] token_YoFZPqdrxlpbGAvohDlQdOxDy9VY7A15
[2017-06-18 23:08:57] [INFO] ===XUNMA RESTURN:False:暂时没有此项目号码，请等会试试...
[2017-06-18 23:09:02] [INFO] itemcode_2251
[2017-06-18 23:09:02] [INFO] token_YoFZPqdrxlpbGAvohDlQdOxDy9VY7A15
[2017-06-18 23:09:02] [INFO] ===XUNMA RESTURN:14575891650;
[2017-06-18 23:09:02] [INFO] itemcode_2251
[2017-06-18 23:09:02] [INFO] token_YoFZPqdrxlpbGAvohDlQdOxDy9VY7A15
[2017-06-18 23:09:05] [INFO] ===XUNMA RESTURN:False:暂时没有此项目号码，请等会试试...
[2017-06-18 23:09:08] [INFO] itemcode_2251
[2017-06-18 23:09:08] [INFO] token_YoFZPqdrxlpbGAvohDlQdOxDy9VY7A15
[2017-06-18 23:09:11] [INFO] ===XUNMA RESTURN:False:暂时没有此项目号码，请等会试试...
[2017-06-18 23:09:14] [INFO] itemcode_2251
[2017-06-18 23:09:14] [INFO] token_YoFZPqdrxlpbGAvohDlQdOxDy9VY7A15
[2017-06-18 23:09:17] [INFO] ===XUNMA RESTURN:False:暂时没有此项目号码，请等会试试...
[2017-06-18 23:09:20] [INFO] itemcode_2251
[2017-06-18 23:09:20] [INFO] token_YoFZPqdrxlpbGAvohDlQdOxDy9VY7A15
[2017-06-18 23:09:23] [INFO] ===XUNMA RESTURN:False:暂时没有此项目号码，请等会试试...
[2017-06-18 23:09:27] [INFO] itemcode_2251
[2017-06-18 23:09:27] [INFO] token_YoFZPqdrxlpbGAvohDlQdOxDy9VY7A15
[2017-06-18 23:09:30] [INFO] ===XUNMA RESTURN:False:暂时没有此项目号码，请等会试试...
[2017-06-18 23:09:33] [INFO] itemcode_2251
[2017-06-18 23:09:33] [INFO] token_YoFZPqdrxlpbGAvohDlQdOxDy9VY7A15
[2017-06-18 23:09:41] [INFO] itemcode_2251
[2017-06-18 23:09:41] [INFO] token_YoFZPqdrxlpbGAvohDlQdOxDy9VY7A15
[2017-06-18 23:09:41] [INFO] ===XUNMA RESTURN:13923920985;
[2017-06-18 23:09:41] [INFO] itemcode_2251
[2017-06-18 23:09:41] [INFO] token_YoFZPqdrxlpbGAvohDlQdOxDy9VY7A15
[2017-06-18 23:09:44] [INFO] ===XUNMA RESTURN:False:暂时没有此项目号码，请等会试试...
[2017-06-18 23:09:47] [INFO] itemcode_2251
[2017-06-18 23:09:47] [INFO] token_YoFZPqdrxlpbGAvohDlQdOxDy9VY7A15
[2017-06-18 23:20:08] [INFO] itemcode_2251
[2017-06-18 23:20:08] [INFO] token_YoFZPqdrxlpbGAvohDlQdOxDy9VY7A15
[2017-06-18 23:20:08] [INFO] ===XUNMA RESTURN:False:Session 过期
[2017-06-18 23:20:27] [INFO] itemcode_2251
[2017-06-18 23:20:27] [INFO] token_YoFZPqdrxlpbGAvohDlQdOxDy9VY7A15
[2017-06-18 23:20:27] [INFO] ===XUNMA RESTURN:False:Session 过期
[2017-06-18 23:20:32] [INFO] itemcode_2251
[2017-06-18 23:20:32] [INFO] token_YoFZPqdrxlpbGAvohDlQdOxDy9VY7A15
[2017-06-18 23:20:32] [INFO] ===XUNMA RESTURN:False:Session 过期
[2017-06-18 23:20:36] [INFO] itemcode_2251
[2017-06-18 23:20:36] [INFO] token_YoFZPqdrxlpbGAvohDlQdOxDy9VY7A15
[2017-06-18 23:20:36] [INFO] ===XUNMA RESTURN:False:Session 过期
[2017-06-18 23:20:52] [INFO] itemcode_2251
[2017-06-18 23:20:52] [INFO] token_YoFZPqdrxlpbGAvohDlQdOxDy9VY7A15
[2017-06-18 23:20:52] [INFO] ===XUNMA RESTURN:False:Session 过期
[2017-06-18 23:21:02] [INFO] itemcode_2251
[2017-06-18 23:21:02] [INFO] token_YoFZPqdrxlpbGAvohDlQdOxDy9VY7A15
[2017-06-18 23:21:02] [INFO] ===XUNMA RESTURN:False:Session 过期
[2017-06-18 23:21:59] [INFO] itemcode_2251
[2017-06-18 23:21:59] [INFO] token_YoFZPqdrxlpbGAvohDlQdOxDy9VY7A15
[2017-06-18 23:22:00] [INFO] ===XUNMA RESTURN:False:Session 过期
