[2017-09-30 09:18:20] [INFO] ===SERVER RESTURN:0|系统没有找到此号码
[2017-09-30 09:18:23] [INFO] ===SERVER RESTURN:0|系统没有找到此号码
[2017-09-30 09:18:27] [INFO] ===SERVER RESTURN:0|系统没有找到此号码
[2017-09-30 09:18:30] [INFO] ===SERVER RESTURN:0|系统没有找到此号码
[2017-09-30 09:18:33] [INFO] ===SERVER RESTURN:0|系统没有找到此号码
[2017-09-30 09:18:36] [INFO] ===SERVER RESTURN:0|系统没有找到此号码
[2017-09-30 09:18:40] [INFO] ===SERVER RESTURN:0|系统没有找到此号码
[2017-09-30 09:18:43] [INFO] ===SERVER RESTURN:0|系统没有找到此号码
[2017-09-30 09:18:46] [INFO] ===SERVER RESTURN:0|系统没有找到此号码
[2017-09-30 09:18:49] [INFO] ===SERVER RESTURN:0|系统没有找到此号码
[2017-09-30 09:18:53] [INFO] ===SERVER RESTURN:0|系统没有找到此号码
[2017-09-30 09:18:56] [INFO] ===SERVER RESTURN:0|系统没有找到此号码
[2017-09-30 09:18:59] [INFO] ===SERVER RESTURN:0|系统没有找到此号码
[2017-09-30 09:19:02] [INFO] ===SERVER RESTURN:0|系统没有找到此号码
[2017-09-30 09:19:05] [INFO] ===SERVER RESTURN:0|系统没有找到此号码
[2017-09-30 09:19:09] [INFO] ===SERVER RESTURN:0|系统没有找到此号码
[2017-09-30 09:19:12] [INFO] ===SERVER RESTURN:0|系统没有找到此号码
[2017-09-30 09:19:15] [INFO] ===SERVER RESTURN:0|系统没有找到此号码
[2017-09-30 09:19:18] [INFO] ===SERVER RESTURN:0|系统没有找到此号码
[2017-09-30 09:19:22] [INFO] ===SERVER RESTURN:0|系统没有找到此号码
[2017-09-30 09:19:25] [INFO] ===SERVER RESTURN:0|系统没有找到此号码
[2017-09-30 09:19:28] [INFO] ===SERVER RESTURN:0|系统没有找到此号码
[2017-09-30 09:19:31] [INFO] ===SERVER RESTURN:0|系统没有找到此号码
[2017-09-30 09:24:47] [INFO] ===SERVER RESTURN:0|系统没有找到此号码
[2017-09-30 09:25:20] [INFO] timed out
[2017-09-30 09:25:20] [INFO] ===SERVER RESTURN:0|系统没有找到此号码
[2017-09-30 09:25:23] [INFO] ===SERVER RESTURN:0|系统没有找到此号码
[2017-09-30 09:25:27] [INFO] ===SERVER RESTURN:0|系统没有找到此号码
[2017-09-30 09:25:30] [INFO] ===SERVER RESTURN:0|系统没有找到此号码
[2017-09-30 09:25:33] [INFO] ===SERVER RESTURN:0|系统没有找到此号码
[2017-09-30 09:25:37] [INFO] ===SERVER RESTURN:0|系统没有找到此号码
[2017-09-30 09:25:40] [INFO] ===SERVER RESTURN:0|系统没有找到此号码
[2017-09-30 09:25:43] [INFO] ===SERVER RESTURN:0|系统没有找到此号码
[2017-09-30 09:25:46] [INFO] ===SERVER RESTURN:0|系统没有找到此号码
[2017-09-30 09:25:50] [INFO] ===SERVER RESTURN:0|系统没有找到此号码
[2017-09-30 09:25:53] [INFO] ===SERVER RESTURN:0|系统没有找到此号码
[2017-09-30 09:25:56] [INFO] ===SERVER RESTURN:0|系统没有找到此号码
[2017-09-30 09:25:59] [INFO] ===SERVER RESTURN:0|系统没有找到此号码
[2017-09-30 09:26:03] [INFO] ===SERVER RESTURN:0|系统没有找到此号码
[2017-09-30 09:26:06] [INFO] ===SERVER RESTURN:0|系统没有找到此号码
[2017-09-30 09:26:09] [INFO] ===SERVER RESTURN:0|系统没有找到此号码
[2017-09-30 09:26:12] [INFO] ===SERVER RESTURN:0|系统没有找到此号码
[2017-09-30 09:26:15] [INFO] ===SERVER RESTURN:0|系统没有找到此号码
[2017-09-30 09:26:19] [INFO] ===SERVER RESTURN:0|系统没有找到此号码
[2017-09-30 09:26:22] [INFO] ===SERVER RESTURN:0|系统没有找到此号码
[2017-09-30 09:26:25] [INFO] ===SERVER RESTURN:0|系统没有找到此号码
[2017-09-30 09:26:28] [INFO] ===SERVER RESTURN:0|系统没有找到此号码
[2017-09-30 09:26:32] [INFO] ===SERVER RESTURN:0|系统没有找到此号码
[2017-09-30 09:26:35] [INFO] ===SERVER RESTURN:0|系统没有找到此号码
[2017-09-30 09:26:39] [INFO] ===SERVER RESTURN:0|系统没有找到此号码
[2017-09-30 09:26:42] [INFO] ===SERVER RESTURN:0|系统没有找到此号码
[2017-09-30 09:26:45] [INFO] ===SERVER RESTURN:0|系统没有找到此号码
[2017-09-30 09:26:49] [INFO] ===SERVER RESTURN:0|系统没有找到此号码
[2017-09-30 09:26:52] [INFO] ===SERVER RESTURN:0|系统没有找到此号码
[2017-09-30 09:26:55] [INFO] ===SERVER RESTURN:0|系统没有找到此号码
[2017-09-30 09:26:58] [INFO] ===SERVER RESTURN:0|系统没有找到此号码
[2017-09-30 09:27:02] [INFO] ===SERVER RESTURN:0|系统没有找到此号码
[2017-09-30 09:27:05] [INFO] ===SERVER RESTURN:0|系统没有找到此号码
[2017-09-30 09:27:08] [INFO] ===SERVER RESTURN:0|系统没有找到此号码
[2017-09-30 09:27:11] [INFO] ===SERVER RESTURN:0|系统没有找到此号码
[2017-09-30 09:27:15] [INFO] ===SERVER RESTURN:0|系统没有找到此号码
[2017-09-30 09:27:18] [INFO] ===SERVER RESTURN:0|系统没有找到此号码
[2017-09-30 09:27:21] [INFO] ===SERVER RESTURN:0|系统没有找到此号码
[2017-09-30 09:27:24] [INFO] ===SERVER RESTURN:0|系统没有找到此号码
[2017-09-30 09:27:28] [INFO] ===SERVER RESTURN:0|系统没有找到此号码
[2017-09-30 09:27:31] [INFO] ===SERVER RESTURN:0|系统没有找到此号码
[2017-09-30 09:27:34] [INFO] ===SERVER RESTURN:0|系统没有找到此号码
[2017-09-30 09:27:37] [INFO] ===SERVER RESTURN:0|系统没有找到此号码
[2017-09-30 09:27:41] [INFO] ===SERVER RESTURN:0|系统没有找到此号码
[2017-09-30 09:27:44] [INFO] ===SERVER RESTURN:0|系统没有找到此号码
[2017-09-30 09:27:47] [INFO] ===SERVER RESTURN:0|系统没有找到此号码
[2017-09-30 09:27:50] [INFO] ===SERVER RESTURN:0|系统没有找到此号码
[2017-09-30 09:27:53] [INFO] ===SERVER RESTURN:0|系统没有找到此号码
[2017-09-30 09:27:57] [INFO] ===SERVER RESTURN:0|系统没有找到此号码
[2017-09-30 09:29:25] [INFO] ===SERVER RESTURN:0|系统没有找到此号码
[2017-09-30 09:29:29] [INFO] ===SERVER RESTURN:0|系统没有找到此号码
[2017-09-30 09:29:32] [INFO] ===SERVER RESTURN:0|系统没有找到此号码
[2017-09-30 09:29:35] [INFO] ===SERVER RESTURN:0|系统没有找到此号码
[2017-09-30 09:29:38] [INFO] ===SERVER RESTURN:0|系统没有找到此号码
[2017-09-30 09:29:42] [INFO] ===SERVER RESTURN:0|系统没有找到此号码
[2017-09-30 09:29:46] [INFO] ===SERVER RESTURN:0|系统没有找到此号码
[2017-09-30 11:27:44] [INFO] ===SERVER RESTURN:0|系统没有找到此号码
[2017-09-30 11:27:52] [INFO] ===SERVER RESTURN:0|系统没有找到此号码
[2017-09-30 11:27:55] [INFO] ===SERVER RESTURN:0|系统没有找到此号码
[2017-09-30 11:27:58] [INFO] ===SERVER RESTURN:0|系统没有找到此号码
[2017-09-30 11:28:02] [INFO] ===SERVER RESTURN:0|系统没有找到此号码
[2017-09-30 11:28:05] [INFO] ===SERVER RESTURN:0|系统没有找到此号码
[2017-09-30 11:28:08] [INFO] ===SERVER RESTURN:0|系统没有找到此号码
[2017-09-30 11:28:11] [INFO] ===SERVER RESTURN:0|系统没有找到此号码
[2017-09-30 11:28:14] [INFO] ===SERVER RESTURN:0|系统没有找到此号码
[2017-09-30 11:28:18] [INFO] ===SERVER RESTURN:0|系统没有找到此号码
[2017-09-30 11:28:21] [INFO] ===SERVER RESTURN:0|系统没有找到此号码
[2017-09-30 11:28:24] [INFO] ===SERVER RESTURN:0|系统没有找到此号码
[2017-09-30 11:28:27] [INFO] ===SERVER RESTURN:0|系统没有找到此号码
[2017-09-30 11:28:31] [INFO] ===SERVER RESTURN:0|系统没有找到此号码
[2017-09-30 11:28:34] [INFO] ===SERVER RESTURN:0|系统没有找到此号码
[2017-09-30 11:28:37] [INFO] ===SERVER RESTURN:0|系统没有找到此号码
[2017-09-30 11:28:40] [INFO] ===SERVER RESTURN:0|系统没有找到此号码
[2017-09-30 11:28:44] [INFO] ===SERVER RESTURN:0|系统没有找到此号码
[2017-09-30 11:28:48] [INFO] ===SERVER RESTURN:0|系统没有找到此号码
[2017-09-30 11:28:51] [INFO] ===SERVER RESTURN:0|系统没有找到此号码
[2017-09-30 11:28:55] [INFO] ===SERVER RESTURN:0|系统没有找到此号码
[2017-09-30 11:29:03] [INFO] ===SERVER RESTURN:0|系统没有找到此号码
[2017-09-30 11:29:07] [INFO] ===SERVER RESTURN:0|系统没有找到此号码
[2017-09-30 11:29:11] [INFO] ===SERVER RESTURN:0|系统没有找到此号码
[2017-09-30 11:29:14] [INFO] ===SERVER RESTURN:0|系统没有找到此号码
[2017-09-30 11:29:17] [INFO] ===SERVER RESTURN:0|系统没有找到此号码
[2017-09-30 11:29:20] [INFO] ===SERVER RESTURN:0|系统没有找到此号码
[2017-09-30 11:29:24] [INFO] ===SERVER RESTURN:0|系统没有找到此号码
[2017-09-30 11:29:27] [INFO] ===SERVER RESTURN:0|系统没有找到此号码
[2017-09-30 11:29:30] [INFO] ===SERVER RESTURN:0|系统没有找到此号码
[2017-09-30 11:29:33] [INFO] ===SERVER RESTURN:0|系统没有找到此号码
[2017-09-30 11:29:37] [INFO] ===SERVER RESTURN:0|系统没有找到此号码
[2017-09-30 11:29:40] [INFO] ===SERVER RESTURN:0|系统没有找到此号码
[2017-09-30 11:29:43] [INFO] ===SERVER RESTURN:0|系统没有找到此号码
[2017-09-30 11:29:46] [INFO] ===SERVER RESTURN:0|系统没有找到此号码
[2017-09-30 11:29:50] [INFO] ===SERVER RESTURN:0|系统没有找到此号码
[2017-09-30 11:29:54] [INFO] ===SERVER RESTURN:0|系统没有找到此号码
[2017-09-30 11:29:57] [INFO] ===SERVER RESTURN:0|系统没有找到此号码
[2017-09-30 11:30:01] [INFO] ===SERVER RESTURN:0|系统没有找到此号码
[2017-09-30 11:30:05] [INFO] ===SERVER RESTURN:0|系统没有找到此号码
[2017-09-30 11:30:08] [INFO] ===SERVER RESTURN:0|系统没有找到此号码
[2017-09-30 11:30:11] [INFO] ===SERVER RESTURN:0|系统没有找到此号码
[2017-09-30 11:30:15] [INFO] ===SERVER RESTURN:0|系统没有找到此号码
[2017-09-30 11:30:18] [INFO] ===SERVER RESTURN:0|系统没有找到此号码
[2017-09-30 11:30:21] [INFO] ===SERVER RESTURN:0|系统没有找到此号码
[2017-09-30 11:30:25] [INFO] ===SERVER RESTURN:0|系统没有找到此号码
[2017-09-30 11:30:28] [INFO] ===SERVER RESTURN:0|系统没有找到此号码
[2017-09-30 11:30:32] [INFO] ===SERVER RESTURN:0|系统没有找到此号码
[2017-09-30 11:30:36] [INFO] ===SERVER RESTURN:0|系统没有找到此号码
[2017-09-30 11:30:39] [INFO] ===SERVER RESTURN:0|系统没有找到此号码
[2017-09-30 11:30:42] [INFO] ===SERVER RESTURN:0|系统没有找到此号码
[2017-09-30 11:30:46] [INFO] ===SERVER RESTURN:0|系统没有找到此号码
[2017-09-30 11:30:49] [INFO] ===SERVER RESTURN:0|系统没有找到此号码
[2017-09-30 11:30:52] [INFO] ===SERVER RESTURN:0|系统没有找到此号码
[2017-09-30 11:30:55] [INFO] ===SERVER RESTURN:0|系统没有找到此号码
[2017-09-30 11:30:58] [INFO] ===SERVER RESTURN:0|系统没有找到此号码
[2017-09-30 11:31:02] [INFO] ===SERVER RESTURN:0|系统没有找到此号码
[2017-09-30 11:31:05] [INFO] ===SERVER RESTURN:0|系统没有找到此号码
[2017-09-30 11:31:08] [INFO] ===SERVER RESTURN:0|系统没有找到此号码
[2017-09-30 11:31:41] [INFO] ===SERVER RESTURN:0|系统没有找到此号码
[2017-09-30 11:31:48] [INFO] ===SERVER RESTURN:0|系统没有找到此号码
[2017-09-30 11:31:51] [INFO] ===SERVER RESTURN:0|系统没有找到此号码
[2017-09-30 11:31:54] [INFO] ===SERVER RESTURN:0|系统没有找到此号码
[2017-09-30 11:31:57] [INFO] ===SERVER RESTURN:0|系统没有找到此号码
[2017-09-30 11:32:00] [INFO] ===SERVER RESTURN:0|系统没有找到此号码
[2017-09-30 11:36:16] [INFO] ===SERVER RESTURN:0|系统没有找到此号码
[2017-09-30 11:39:32] [INFO] ===SERVER RESTURN:0|系统没有找到此号码
[2017-09-30 11:39:54] [INFO] ===SERVER RESTURN:0|系统没有找到此号码
[2017-09-30 11:40:08] [INFO] ===SERVER RESTURN:0|系统没有找到此号码
[2017-09-30 11:40:43] [INFO] ===SERVER RESTURN:0|系统没有找到此号码
[2017-09-30 11:40:58] [INFO] ===SERVER RESTURN:0|系统没有找到此号码
[2017-09-30 11:41:09] [INFO] ===SERVER RESTURN:0|系统没有找到此号码
[2017-09-30 11:41:25] [INFO] ===SERVER RESTURN:0|系统没有找到此号码
[2017-09-30 11:41:40] [INFO] ===SERVER RESTURN:0|系统没有找到此号码
[2017-09-30 11:41:50] [INFO] ===SERVER RESTURN:0|系统没有找到此号码
[2017-09-30 11:41:53] [INFO] ===SERVER RESTURN:0|系统没有找到此号码
[2017-09-30 11:41:56] [INFO] ===SERVER RESTURN:0|系统没有找到此号码
[2017-09-30 11:42:00] [INFO] ===SERVER RESTURN:0|系统没有找到此号码
[2017-09-30 11:42:08] [INFO] ===SERVER RESTURN:0|系统没有找到此号码
[2017-09-30 11:42:11] [INFO] ===SERVER RESTURN:0|系统没有找到此号码
[2017-09-30 11:42:14] [INFO] ===SERVER RESTURN:0|系统没有找到此号码
[2017-09-30 11:42:18] [INFO] ===SERVER RESTURN:0|系统没有找到此号码
[2017-09-30 11:42:21] [INFO] ===SERVER RESTURN:0|系统没有找到此号码
[2017-09-30 11:42:24] [INFO] ===SERVER RESTURN:0|系统没有找到此号码
[2017-09-30 11:42:27] [INFO] ===SERVER RESTURN:0|系统没有找到此号码
[2017-09-30 11:42:32] [INFO] ===SERVER RESTURN:0|系统没有找到此号码
[2017-09-30 11:42:35] [INFO] ===SERVER RESTURN:0|系统没有找到此号码
[2017-09-30 11:42:38] [INFO] ===SERVER RESTURN:0|系统没有找到此号码
[2017-09-30 11:42:42] [INFO] ===SERVER RESTURN:0|系统没有找到此号码
[2017-09-30 11:42:45] [INFO] ===SERVER RESTURN:0|系统没有找到此号码
[2017-09-30 11:42:48] [INFO] ===SERVER RESTURN:0|系统没有找到此号码
[2017-09-30 11:42:51] [INFO] ===SERVER RESTURN:0|系统没有找到此号码
[2017-09-30 11:42:56] [INFO] ===SERVER RESTURN:0|系统没有找到此号码
[2017-09-30 11:42:59] [INFO] ===SERVER RESTURN:0|系统没有找到此号码
[2017-09-30 11:43:02] [INFO] ===SERVER RESTURN:0|系统没有找到此号码
[2017-09-30 11:43:05] [INFO] ===SERVER RESTURN:0|系统没有找到此号码
[2017-09-30 11:58:04] [INFO] ===SERVER RESTURN:0|系统没有找到此号码
[2017-09-30 11:58:08] [INFO] ===SERVER RESTURN:0|系统没有找到此号码
[2017-09-30 11:58:11] [INFO] ===SERVER RESTURN:0|系统没有找到此号码
[2017-09-30 11:58:15] [INFO] ===SERVER RESTURN:0|系统没有找到此号码
[2017-09-30 11:58:18] [INFO] ===SERVER RESTURN:0|系统没有找到此号码
[2017-09-30 11:58:23] [INFO] ===SERVER RESTURN:0|系统没有找到此号码
[2017-09-30 11:58:26] [INFO] ===SERVER RESTURN:0|系统没有找到此号码
[2017-09-30 11:58:30] [INFO] ===SERVER RESTURN:0|系统没有找到此号码
[2017-09-30 11:58:33] [INFO] ===SERVER RESTURN:0|系统没有找到此号码
[2017-09-30 11:58:36] [INFO] ===SERVER RESTURN:0|系统没有找到此号码
[2017-09-30 11:58:39] [INFO] ===SERVER RESTURN:0|系统没有找到此号码
[2017-09-30 11:58:43] [INFO] ===SERVER RESTURN:0|系统没有找到此号码
[2017-09-30 11:58:46] [INFO] ===SERVER RESTURN:0|系统没有找到此号码
[2017-09-30 11:58:49] [INFO] ===SERVER RESTURN:0|系统没有找到此号码
[2017-09-30 11:58:54] [INFO] ===SERVER RESTURN:0|系统没有找到此号码
[2017-09-30 11:58:58] [INFO] ===SERVER RESTURN:0|系统没有找到此号码
[2017-09-30 11:59:01] [INFO] ===SERVER RESTURN:0|系统没有找到此号码
[2017-09-30 11:59:05] [INFO] ===SERVER RESTURN:0|系统没有找到此号码
[2017-09-30 11:59:09] [INFO] ===SERVER RESTURN:0|系统没有找到此号码
[2017-09-30 11:59:17] [INFO] ===SERVER RESTURN:0|系统没有找到此号码
[2017-09-30 11:59:20] [INFO] ===SERVER RESTURN:0|系统没有找到此号码
[2017-09-30 11:59:23] [INFO] ===SERVER RESTURN:0|系统没有找到此号码
[2017-09-30 11:59:27] [INFO] ===SERVER RESTURN:0|系统没有找到此号码
[2017-09-30 11:59:32] [INFO] ===SERVER RESTURN:0|系统没有找到此号码
[2017-09-30 11:59:35] [INFO] ===SERVER RESTURN:0|系统没有找到此号码
[2017-09-30 11:59:43] [INFO] ===SERVER RESTURN:0|系统没有找到此号码
[2017-09-30 11:59:46] [INFO] ===SERVER RESTURN:0|系统没有找到此号码
[2017-09-30 11:59:49] [INFO] ===SERVER RESTURN:0|系统没有找到此号码
[2017-09-30 11:59:55] [INFO] ===SERVER RESTURN:0|系统没有找到此号码
[2017-09-30 11:59:58] [INFO] ===SERVER RESTURN:0|系统没有找到此号码
[2017-09-30 12:02:00] [INFO] ===SERVER RESTURN:0|系统没有找到此号码
[2017-09-30 12:02:05] [INFO] ===SERVER RESTURN:0|系统没有找到此号码
[2017-09-30 12:02:08] [INFO] ===SERVER RESTURN:0|系统没有找到此号码
[2017-09-30 12:02:12] [INFO] ===SERVER RESTURN:0|系统没有找到此号码
[2017-09-30 12:02:16] [INFO] ===SERVER RESTURN:0|系统没有找到此号码
[2017-09-30 12:02:19] [INFO] ===SERVER RESTURN:0|系统没有找到此号码
[2017-09-30 12:02:22] [INFO] ===SERVER RESTURN:0|系统没有找到此号码
[2017-09-30 12:02:25] [INFO] ===SERVER RESTURN:0|系统没有找到此号码
[2017-09-30 12:02:29] [INFO] ===SERVER RESTURN:0|系统没有找到此号码
[2017-09-30 12:02:32] [INFO] ===SERVER RESTURN:0|系统没有找到此号码
[2017-09-30 12:02:37] [INFO] ===SERVER RESTURN:0|系统没有找到此号码
[2017-09-30 12:02:41] [INFO] ===SERVER RESTURN:0|系统没有找到此号码
[2017-09-30 12:02:44] [INFO] ===SERVER RESTURN:0|系统没有找到此号码
[2017-09-30 12:02:47] [INFO] ===SERVER RESTURN:0|系统没有找到此号码
[2017-09-30 12:02:51] [INFO] ===SERVER RESTURN:0|系统没有找到此号码
[2017-09-30 12:02:54] [INFO] ===SERVER RESTURN:0|系统没有找到此号码
[2017-09-30 12:02:57] [INFO] ===SERVER RESTURN:0|系统没有找到此号码
[2017-09-30 12:03:00] [INFO] ===SERVER RESTURN:0|系统没有找到此号码
[2017-09-30 12:03:04] [INFO] ===SERVER RESTURN:0|系统没有找到此号码
[2017-09-30 12:03:08] [INFO] ===SERVER RESTURN:0|系统没有找到此号码
[2017-09-30 12:03:11] [INFO] ===SERVER RESTURN:0|系统没有找到此号码
[2017-09-30 12:03:15] [INFO] ===SERVER RESTURN:0|系统没有找到此号码
[2017-09-30 12:03:18] [INFO] ===SERVER RESTURN:0|系统没有找到此号码
[2017-09-30 12:03:22] [INFO] ===SERVER RESTURN:0|系统没有找到此号码
[2017-09-30 12:03:25] [INFO] ===SERVER RESTURN:0|系统没有找到此号码
[2017-09-30 12:03:30] [INFO] ===SERVER RESTURN:0|系统没有找到此号码
[2017-09-30 12:03:36] [INFO] ===SERVER RESTURN:0|系统没有找到此号码
[2017-09-30 12:03:44] [INFO] ===SERVER RESTURN:0|系统没有找到此号码
[2017-09-30 12:03:51] [INFO] ===SERVER RESTURN:0|系统没有找到此号码
[2017-09-30 12:03:55] [INFO] ===SERVER RESTURN:0|系统没有找到此号码
[2017-09-30 12:21:29] [INFO] ===SERVER RESTURN:0|系统没有找到此号码
[2017-09-30 12:21:37] [INFO] ===SERVER RESTURN:0|系统没有找到此号码
[2017-09-30 12:21:42] [INFO] ===SERVER RESTURN:0|系统没有找到此号码
[2017-09-30 12:21:46] [INFO] ===SERVER RESTURN:0|系统没有找到此号码
[2017-09-30 12:21:51] [INFO] ===SERVER RESTURN:0|系统没有找到此号码
[2017-09-30 12:22:00] [INFO] ===SERVER RESTURN:0|系统没有找到此号码
[2017-09-30 12:22:03] [INFO] ===SERVER RESTURN:0|系统没有找到此号码
[2017-09-30 12:22:06] [INFO] ===SERVER RESTURN:0|系统没有找到此号码
[2017-09-30 12:22:11] [INFO] ===SERVER RESTURN:0|系统没有找到此号码
[2017-09-30 12:22:14] [INFO] ===SERVER RESTURN:0|系统没有找到此号码
[2017-09-30 12:22:20] [INFO] ===SERVER RESTURN:0|系统没有找到此号码
[2017-09-30 12:22:30] [INFO] ===SERVER RESTURN:0|系统没有找到此号码
[2017-09-30 12:22:33] [INFO] ===SERVER RESTURN:0|系统没有找到此号码
[2017-09-30 12:22:37] [INFO] ===SERVER RESTURN:0|系统没有找到此号码
[2017-09-30 12:22:40] [INFO] ===SERVER RESTURN:0|系统没有找到此号码
[2017-09-30 12:22:43] [INFO] ===SERVER RESTURN:0|系统没有找到此号码
[2017-09-30 12:22:46] [INFO] ===SERVER RESTURN:0|系统没有找到此号码
[2017-09-30 12:22:50] [INFO] ===SERVER RESTURN:0|系统没有找到此号码
[2017-09-30 12:22:53] [INFO] ===SERVER RESTURN:0|系统没有找到此号码
[2017-09-30 12:22:56] [INFO] ===SERVER RESTURN:0|系统没有找到此号码
[2017-09-30 12:23:00] [INFO] ===SERVER RESTURN:0|系统没有找到此号码
[2017-09-30 12:23:05] [INFO] ===SERVER RESTURN:0|系统没有找到此号码
[2017-09-30 12:23:08] [INFO] ===SERVER RESTURN:0|系统没有找到此号码
[2017-09-30 12:23:16] [INFO] ===SERVER RESTURN:0|系统没有找到此号码
[2017-09-30 12:23:20] [INFO] ===SERVER RESTURN:0|系统没有找到此号码
[2017-09-30 12:23:24] [INFO] ===SERVER RESTURN:0|系统没有找到此号码
[2017-09-30 12:23:39] [INFO] ===SERVER RESTURN:0|系统没有找到此号码
[2017-09-30 12:23:52] [INFO] ===SERVER RESTURN:0|系统没有找到此号码
[2017-09-30 12:23:57] [INFO] ===SERVER RESTURN:0|系统没有找到此号码
<<<<<<< HEAD
=======
[2017-09-30 17:05:43] [INFO] ===SERVER RESTURN:1|17087620693
[2017-09-30 17:07:22] [INFO] ===SERVER RESTURN:1|17072281930
[2017-09-30 17:08:41] [ERROR] <!DOCTYPE html>
<!--[if lt IE 7]> <html class="no-js ie6 oldie" lang="en-US"> <![endif]-->
<!--[if IE 7]>    <html class="no-js ie7 oldie" lang="en-US"> <![endif]-->
<!--[if IE 8]>    <html class="no-js ie8 oldie" lang="en-US"> <![endif]-->
<!--[if gt IE 8]><!--> <html class="no-js" lang="en-US"> <!--<![endif]-->
<head>


<meta http-equiv="set-cookie" content="cf_use_ob=0; expires=Sat, 30-Sep-17 09:09:11 GMT; path=/">


<title>api.hellotrue.com | 502: 无效网关</title>
<meta charset="UTF-8" />
<meta http-equiv="Content-Type" content="text/html; charset=UTF-8" />
<meta http-equiv="X-UA-Compatible" content="IE=Edge,chrome=1" />
<meta name="robots" content="noindex, nofollow" />
<meta name="viewport" content="width=device-width,initial-scale=1,maximum-scale=1" />
<link rel="stylesheet" id="yjs_styles-css" href="/cdn-cgi/styles/baidu.errors.css" type="text/css" media="screen,projection" />
<!--[if lt IE 9]><link rel="stylesheet" id='yjs_styles-ie-css' href="/cdn-cgi/styles/baidu.errors.ie.css" type="text/css" media="screen,projection" /><![endif]-->
<style type="text/css">body{margin:0;padding:0}</style>
<!--[if lte IE 9]><script type="text/javascript" src="/cdn-cgi/scripts/jquery.min.js"></script><![endif]-->
<!--[if gte IE 10]><!--><script type="text/javascript" src="/cdn-cgi/scripts/zepto.min.js"></script><!--<![endif]-->
<script type="text/javascript" src="/cdn-cgi/scripts/baidu.common.js"></script>

</head>
<body>
<div id="yjs-wrapper">

    <div id="yjs-error-banner">
<div class="yjs-wrapper">
  <div class="yjs-error-actions">
    <a href="#" onclick="document.cookie='cf_use_ob=0;path=/';window.location.reload();return false;" class="yjs-btn yjs-btn-success" data-translate="retry_for_live">刷新重试</a>
  </div>
  <div class="yjs-error-header-desc">
    <h4 data-translate="cached_copy">无效网关</h4>
    <p class="yjs-details">
      <span data-translate="no_cache_available"><p>源站返回502(Bad gateway)错误</p></span>
    </p>
  </div>
</div>
</div>

    <div id="yjs-error-details" class="yjs-error-details-wrapper">
       <!-- /.status-display -->
        <div class="yjs-wrapper yjs-error-overview">
            <h1>
              <span class="yjs-error-type" data-translate="error">Error</span>
              <span class="yjs-error-code">502</span>
              <small style="font-size:15px;white-space:nowrap"> -- Event ID: 3a6609bf90c7338b</small>
            </h1>
            <p id="js_help_link">如果您是网站管理员，点击查看<a href="http://anquan.baidu.com/bbs/forum.php?mod=viewthread&tid=371363&page=1&extra=" target="_blank">如何修复</a>。如需网站监控，可以使用<a href="http://ce.baidu.com/check?url=api.hellotrue.com" title="点击进入百度云观测，进行网站体检" target="_blank">百度云观测</a>。</p>
        </div><!-- /.error-overview -->

        <div class="yjs-section yjs-highlight yjs-status-display">
            <div class="yjs-wrapper">
                <div class="yjs-columns cols-3">
                  
<div id="yjs-browser-status" class="yjs-column yjs-status-item yjs-browser-status ">
  <div class="yjs-icon-error-container">
    <i class="yjs-icon yjs-icon-browser"></i>
    <i class="yjs-icon-status yjs-icon-ok"></i>
  </div>
  <span class="yjs-status-desc" data-translate="browser_desc">您的浏览器</span>
  <h3 class="yjs-status-name" data-translate="browser_label"></h3>
  <span class="yjs-status-label" data-translate="browser_status_label">工作正常</span>
</div>

<div id="yjs-yunjiasu-status" class="yjs-column yjs-status-item yjs-yunjiasu-status ">
  <div class="yjs-icon-error-container">
    <i class="yjs-icon yjs-icon-cloud"></i>
    <i class="yjs-icon-status yjs-icon-ok"></i>
  </div>
  <span class="yjs-status-desc" data-translate="cloud_desc">百度云加速</span>
  <h3 class="yjs-status-name" data-translate="cloud_label"></h3>
  <span class="yjs-status-label" data-translate="cloud_status_label">工作正常</span>
</div>

<div id="yjs-host-status" class="yjs-column yjs-status-item yjs-host-status yjs-error-source">
  <div class="yjs-icon-error-container">
    <i class="yjs-icon yjs-icon-server"></i>
    <i class="yjs-icon-status yjs-icon-error"></i>
  </div>
  <span class="yjs-status-desc" data-translate="server_desc">api.hellotrue.com</span>
  <h3 class="yjs-status-name" data-translate="server_label"></h3>
  <span class="yjs-status-label" data-translate="server_status_label">错误</span>
</div>

                </div>
            </div>
        </div><!-- /.status-display -->

        <!--div class="yjs-section yjs-wrapper">
            <div class="yjs-columns two">
                <div class="yjs-column">
                    <h2 data-translate="what_happened">问题描述</h2>
                    <p>源站返回502(Bad gateway)错误</p>
                </div>

                <div class="yjs-column">
                    <h2 data-translate="what_can_i_do">应对方案</h2>
                    <p data-translate="try_again_in_a_few">请几分钟后重试</p>
                </div>
            </div>
        </div><!-- /.section -->

        <div class="yjs-error-footer yjs-wrapper">
  <p>
    <span class="yjs-footer-item">云加速 Event ID: <strong>3a6609bf90c7338b</strong></span>
    <span class="yjs-footer-separator">&bull;</span>
    <span class="yjs-footer-item"><span data-translate="your_ip">你的IP</span>: 36.149.28.153</span>
    <span class="yjs-footer-separator">&bull;</span>
    <span class="yjs-footer-item"><a data-orig-proto="http" data-orig-ref="anquan.baidu.com/bbs/forum.php?mod=viewthread&tid=371363&page=1&extra=" id="support_link" data-translate="help" target="_blank">帮助中心</a></span>
    <span class="yjs-footer-separator">&bull;</span>
    <span class="yjs-footer-item"><span data-translate="performance_security_by"></span> <a data-orig-proto="http" data-orig-ref="su.baidu.com" id="yunjiasu_link" target="_blank">百度云加速</a></span>
  </p>
</div><!-- /.error-footer -->


    </div><!-- /#yjs-error-details -->
</div><!-- /#yjs-wrapper -->
<!-- test js execute or not -->
<script async type="text/javascript">
    var img = document.createElement('img');
    img.src = 'http://static.su.baidu.com/static/app/ver-3.6.14/upload/su.png?r=' + Math.random();
    document.body.appendChild(img);
</script>

<iframe id="ifr_suframe" src="/cdn-cgi/yjs/ifr_suframe.html" style="display: none">
</iframe>

[2017-09-30 17:09:01] [INFO] ===SERVER RESTURN:1|17158869159
[2017-09-30 17:48:27] [INFO] ===SERVER RESTURN:1|14773454349
[2017-09-30 18:15:22] [INFO] ===SERVER RESTURN:1|14773454349
>>>>>>> 1ae2255b882f35594558b2caec910dbdd47444ad
