[2017-10-20 20:14:35] [INFO] itemcode_7581
[2017-10-20 20:14:35] [INFO] token_rUGcaOdXS6qIRVY94RpIPRrxsU45zw21
[2017-10-20 20:14:35] [INFO] ===XUNMA RESTURN:False:Session 过期
[2017-10-20 20:14:39] [INFO] itemcode_7581
[2017-10-20 20:14:39] [INFO] token_7NXpO3schMowBdal7NFlrh6xnoLYzM70
[2017-10-20 20:14:39] [INFO] ===XUNMA RESTURN:17031012150;
[2017-10-20 20:14:52] [INFO] 开始获取验证码：17031012150, qq_contact_bind
[2017-10-20 20:14:55] [INFO] 收到消息：NOTION&单笔充值满 50元送 5%单笔充值满100元送10%自动赠送！上不封顶！-------------------------运营商选择  移动、联通或电信，不会出17号段-------------------------平台号码收到短信扣费,收不到短信不会扣费。[End]
[2017-10-20 20:14:55] [INFO] 切分消息：NOTION&单笔充值满 50元送 5%单笔充值满100元送10%自动赠送！上不封顶！-------------------------运营商选择  移动、联通或电信，不会出17号段-------------------------平台号码收到短信扣费,收不到短信不会扣费。
[2017-10-20 20:14:58] [INFO] 收到消息：Null
[2017-10-20 20:14:58] [INFO] 切分消息：Null
[2017-10-20 20:15:01] [INFO] 收到消息：Null
[2017-10-20 20:15:01] [INFO] 切分消息：Null
[2017-10-20 20:15:04] [INFO] 收到消息：Null
[2017-10-20 20:15:04] [INFO] 切分消息：Null
[2017-10-20 20:15:07] [INFO] 收到消息：Null
[2017-10-20 20:15:07] [INFO] 切分消息：Null
[2017-10-20 20:15:11] [INFO] 收到消息：Null
[2017-10-20 20:15:11] [INFO] 切分消息：Null
[2017-10-20 20:15:14] [INFO] 收到消息：Null
[2017-10-20 20:15:14] [INFO] 切分消息：Null
[2017-10-20 20:15:17] [INFO] 收到消息：Null
[2017-10-20 20:15:17] [INFO] 切分消息：Null
[2017-10-20 20:15:20] [INFO] 收到消息：Null
[2017-10-20 20:15:20] [INFO] 切分消息：Null
[2017-10-20 20:15:23] [INFO] 收到消息：Null
[2017-10-20 20:15:23] [INFO] 切分消息：Null
[2017-10-20 20:15:26] [INFO] 收到消息：Null
[2017-10-20 20:15:26] [INFO] 切分消息：Null
[2017-10-20 20:15:29] [INFO] 收到消息：MSG&7581&17031012150&【腾讯科技】3376 (手机QQ短信验证码，正在启用通讯录功能。为了保证帐号安全，请勿向他人泄漏。如非本人操作，请忽略。）[End]
[2017-10-20 20:15:29] [INFO] 切分消息：MSG&7581&17031012150&【腾讯科技】3376 (手机QQ短信验证码，正在启用通讯录功能。为了保证帐号安全，请勿向他人泄漏。如非本人操作，请忽略。）
[2017-10-20 20:15:29] [INFO] KEY: verify_code_7581_17031012150, Code: 3376
[2017-10-22 19:10:44] [INFO] itemcode_7581
[2017-10-22 19:10:44] [INFO] token_xbqGtGkCPWU3f7pM6moS9hHovcXerb26
[2017-10-22 19:10:44] [INFO] ===XUNMA RESTURN:17056160772;
[2017-10-22 19:10:58] [INFO] 开始获取验证码：17056160772, qq_contact_bind
[2017-10-22 19:11:01] [INFO] 收到消息：NOTION&单笔充值满 50元送 5%单笔充值满100元送10%自动赠送！上不封顶！-------------------------运营商选择  移动、联通或电信，不会出17号段-------------------------平台号码收到短信扣费,收不到短信不会扣费。[End]
[2017-10-22 19:11:01] [INFO] 切分消息：NOTION&单笔充值满 50元送 5%单笔充值满100元送10%自动赠送！上不封顶！-------------------------运营商选择  移动、联通或电信，不会出17号段-------------------------平台号码收到短信扣费,收不到短信不会扣费。
[2017-10-22 19:11:04] [INFO] 收到消息：Null
[2017-10-22 19:11:04] [INFO] 切分消息：Null
[2017-10-22 19:11:07] [INFO] 收到消息：MSG&7581&17056160772&【腾讯科技】1844 (手机QQ短信验证码，正在启用通讯录功能。为了保证帐号安全，请勿向他人泄漏。如非本人操作，请忽略。）[End]
[2017-10-22 19:11:07] [INFO] 切分消息：MSG&7581&17056160772&【腾讯科技】1844 (手机QQ短信验证码，正在启用通讯录功能。为了保证帐号安全，请勿向他人泄漏。如非本人操作，请忽略。）
[2017-10-22 19:11:07] [INFO] KEY: verify_code_7581_17056160772, Code: 1844
[2018-08-14 12:16:55] [INFO] itemcode_7581
[2018-08-14 12:16:55] [INFO] token_a3kGNMLfP13pYnRzxjgpZzIroenl1Z25
[2018-08-14 12:16:55] [INFO] ===XUNMA RESTURN:18728423002;18708115024;18708111948;18702835423;18702835317;18708121075;18482382512;18702836509;18728401005;18708132291;18702836338;18482381522;18708122001;18708117023;18482339334;18702836853;18702835644;18702835417;18702834172;18482399722;18702820894;18482395783;18482397317;18708128543;18702805917;18482395970;18702814249;18702819855;18702800144;18702803836;18702800832;18702818614;18702809508;18702804134;18482397844;18482398955;18702801469;18702814159;18482399942;18482397020;18482397072;18702814840;18702820341;18482398742;18702821552;18702825675;18702824355;18702828990;18702821440;18702829227;18702830919;18702830948;18702835433;18702835863;18702820466;18702820551;18702834835;18702835981;18702834762;18702821101;18702821034;18702819242;18702804985;18482395467;18702817583;18702812506;18482396159;18482395935;18702816887;18482395758;18702818167;18702816368;18702803751;18482386592;18482386593;18702806450;18702807623;18702815900;18702819514;18702800920;18702821132;18482399502;18702814847;18702827382;18702824479;18702803681;18702809543;18482397372;18702816786;18702814344;18702803487;18702802317;18702817605;18702803829;18482399868;18702831087;18702803632;18482355636;18702802646;18702804379;
[2018-08-14 12:19:28] [INFO] itemcode_7581
[2018-08-14 12:19:28] [INFO] token_a3kGNMLfP13pYnRzxjgpZzIroenl1Z25
[2018-08-14 12:19:29] [INFO] ===XUNMA RESTURN:13458478336;13458472776;13458742804;13408212974;13458478201;13458819284;13458473194;13458743085;13458474632;13458744221;13408214417;13440094971;13440094031;13440092473;13458744535;13458810746;13440092141;13458740927;13458474732;13458476544;13458474352;13458748193;13458474127;13408214064;13440092054;13458473455;13458747228;13440094431;13458748087;13458474542;13458476834;13458743176;13458746681;13458474014;13440098384;13440099242;13458817024;13458746387;13458748622;13458476296;13440097437;13458747731;13408216324;13440095489;13458748072;13458746527;13458810824;13458478023;13440095425;13458815044;13458742809;13458473971;13458744004;13408218394;13440096482;13458819546;13440095784;13458478186;13419296246;13458814026;13408214979;13458474950;13458748141;13458749183;13440094556;13408213404;13440090342;13458474196;13408214724;13440096245;13458479979;13458475514;13458744050;13458470896;13458811145;13458748236;13458474665;13440094603;13440092943;13458740446;13440095149;13440093343;13458814518;13458749950;13458810842;13458740902;13458811426;13408214144;13458811483;13458473634;13458811749;17163561354;17086001304;17071356774;17081743374;17169024490;17096434294;17071304615;17169024240;17169024614;
[2018-08-14 12:24:44] [INFO] itemcode_7581
[2018-08-14 12:24:44] [INFO] token_a3kGNMLfP13pYnRzxjgpZzIroenl1Z25
[2018-08-14 12:24:44] [INFO] ===XUNMA RESTURN:17132989413;17132989437;17132985741;17132985497;17132985747;17132985764;17132985674;17132985684;17132985541;17132985694;17132984295;17132985534;17132985604;17132989419;17132989420;17132989423;17132985834;17132985514;17132989408;17132989431;17132989462;17132989424;17132989457;17132989430;17132989465;17132985746;17132989436;17132985774;17132980224;17132985824;17132989469;17132989472;17132985749;17132985743;17132985754;17132985495;17132989416;17132985634;17132985640;17132985641;17132985504;17132984249;17132989425;17132989426;17087376024;17132989450;17132989442;17132989497;17132985493;17132985494;17132985814;17132985745;17132985784;17132985794;17132985804;17132985664;17132985647;17132985584;17132985748;17132984270;17132985649;17132985594;17132985624;17132985643;17155026491;17155026462;17155026547;17155026498;17155026546;17155026453;17155026487;17155026499;17155026468;17155026524;17155026494;17155026490;17155026476;17155026479;17155026460;17155026475;17155026461;17155026474;17155026496;17155026694;17155026484;17155026504;17155026554;17155026540;17155026584;17155024196;17155026548;17155026492;17155026472;17155026488;17155026477;17155026470;17155026459;17155026481;17155026542;17155026514;
[2018-08-14 12:28:58] [INFO] itemcode_7581
[2018-08-14 12:28:58] [INFO] token_a3kGNMLfP13pYnRzxjgpZzIroenl1Z25
[2018-08-14 12:28:58] [INFO] ===XUNMA RESTURN:17163103419;17163102964;17163102949;17163102947;17163103148;17163103164;17163103264;17163103354;17163103346;17163103343;17163103304;17163103415;17163103414;17163103412;17163103403;17163103408;17163103349;17163103348;17163103347;17163103341;17163103340;17163103324;17163103284;17163103274;17163103142;17163103204;17163103364;17163103342;17163103314;17163103294;17163103413;17163103094;17163103064;17163103243;17163103194;17163103184;17163103410;17163103406;17163103407;17163103402;17163103401;17163103374;17163103420;17163103384;17163103409;17163103134;17163103147;17163103174;17163103042;17163103154;17163103140;17163103249;17163103248;17163103247;17163103241;17163103246;17163103245;17163103242;17163103240;17163103224;17163103214;17163102846;17163102845;17163102843;17163102842;17163103045;17163103041;17163102841;17163103034;17163103054;17163103049;17163103047;17163103145;17163103143;17163103141;17163103124;17163103114;17163103104;17163102840;17163102847;17163102848;17163102942;17163102945;17163102946;17163102941;17163102940;17163102934;17163103043;17163103014;17163102924;17163103024;17163102948;17163103149;17163102994;17163102884;17163102914;17163102904;17163102894;17163102874;17163102864;
[2018-08-14 12:30:10] [INFO] 开始获取验证码：17163103419, qq_contact_bind
[2018-08-14 12:30:13] [INFO] 收到消息：NOTION&单笔充值满 50元送 5%单笔充值满100元送10%自动赠送！上不封顶！-------------------------运营商选择 移动、联通或电信，不会出17号段-------------------------QQ：1219665767　-------------------------[End]
[2018-08-14 12:30:13] [INFO] 切分消息：NOTION&单笔充值满 50元送 5%单笔充值满100元送10%自动赠送！上不封顶！-------------------------运营商选择 移动、联通或电信，不会出17号段-------------------------QQ：1219665767　-------------------------
[2018-08-14 12:30:16] [INFO] 收到消息：Null
[2018-08-14 12:30:16] [INFO] 切分消息：Null
[2018-08-14 12:30:19] [INFO] 收到消息：Null
[2018-08-14 12:30:19] [INFO] 切分消息：Null
[2018-08-14 12:30:23] [INFO] 收到消息：Null
[2018-08-14 12:30:23] [INFO] 切分消息：Null
[2018-08-14 12:30:26] [INFO] 收到消息：Null
[2018-08-14 12:30:26] [INFO] 切分消息：Null
[2018-08-14 12:30:29] [INFO] 收到消息：Null
[2018-08-14 12:30:29] [INFO] 切分消息：Null
[2018-08-14 12:30:32] [INFO] 收到消息：MSG&7581&17163103419&【腾讯科技】0732（手机营业厅短信验证码，正在绑定手机营业厅。为了保证账号安全，请勿向他人泄露。如非本人操作，请忽略。）[End]
[2018-08-14 12:30:32] [INFO] 切分消息：MSG&7581&17163103419&【腾讯科技】0732（手机营业厅短信验证码，正在绑定手机营业厅。为了保证账号安全，请勿向他人泄露。如非本人操作，请忽略。）
[2018-08-14 12:30:32] [INFO] KEY: verify_code_7581_17163103419, Code: 0732
