[2017-08-05 19:55:33] [INFO] itemcode_7581
[2017-08-05 19:55:33] [INFO] token_keQxKCYXrm6erWj2j3jM8riy2sG0Ji70
[2017-08-05 19:55:33] [INFO] ===XUNMA RESTURN:15992293828;
[2017-08-05 19:59:16] [INFO] itemcode_7581
[2017-08-05 19:59:16] [INFO] token_keQxKCYXrm6erWj2j3jM8riy2sG0Ji70
[2017-08-05 19:59:16] [INFO] ===XUNMA RESTURN:17031000912;
[2017-08-05 20:04:53] [INFO] itemcode_7581
[2017-08-05 20:04:53] [INFO] token_keQxKCYXrm6erWj2j3jM8riy2sG0Ji70
[2017-08-05 20:04:53] [INFO] ===XUNMA RESTURN:False:余额不足，请先释放号码
[2017-08-05 20:04:56] [INFO] itemcode_7581
[2017-08-05 20:04:56] [INFO] token_keQxKCYXrm6erWj2j3jM8riy2sG0Ji70
[2017-08-05 20:04:56] [INFO] ===XUNMA RESTURN:False:余额不足，请先释放号码
[2017-08-05 20:04:59] [INFO] itemcode_7581
[2017-08-05 20:04:59] [INFO] token_keQxKCYXrm6erWj2j3jM8riy2sG0Ji70
[2017-08-05 20:04:59] [INFO] ===XUNMA RESTURN:False:余额不足，请先释放号码
[2017-08-05 20:05:03] [INFO] itemcode_7581
[2017-08-05 20:05:03] [INFO] token_keQxKCYXrm6erWj2j3jM8riy2sG0Ji70
[2017-08-05 20:05:08] [INFO] ===XUNMA RESTURN:False:余额不足，请先释放号码
[2017-08-05 20:05:11] [INFO] itemcode_7581
[2017-08-05 20:05:11] [INFO] token_keQxKCYXrm6erWj2j3jM8riy2sG0Ji70
[2017-08-05 20:05:11] [INFO] ===XUNMA RESTURN:False:余额不足，请先释放号码
[2017-08-05 20:05:14] [INFO] itemcode_7581
[2017-08-05 20:05:14] [INFO] token_keQxKCYXrm6erWj2j3jM8riy2sG0Ji70
[2017-08-05 20:05:14] [INFO] ===XUNMA RESTURN:False:余额不足，请先释放号码
[2017-08-05 20:05:17] [INFO] itemcode_7581
[2017-08-05 20:05:17] [INFO] token_keQxKCYXrm6erWj2j3jM8riy2sG0Ji70
[2017-08-05 20:05:18] [INFO] ===XUNMA RESTURN:False:余额不足，请先释放号码
[2017-08-05 20:05:21] [INFO] itemcode_7581
[2017-08-05 20:05:21] [INFO] token_keQxKCYXrm6erWj2j3jM8riy2sG0Ji70
[2017-08-05 20:05:21] [INFO] ===XUNMA RESTURN:False:余额不足，请先释放号码
[2017-08-05 20:05:24] [INFO] itemcode_7581
[2017-08-05 20:05:24] [INFO] token_keQxKCYXrm6erWj2j3jM8riy2sG0Ji70
[2017-08-05 20:05:24] [INFO] ===XUNMA RESTURN:False:余额不足，请先释放号码
[2017-08-05 20:05:27] [INFO] itemcode_7581
[2017-08-05 20:05:27] [INFO] token_keQxKCYXrm6erWj2j3jM8riy2sG0Ji70
[2017-08-05 20:05:27] [INFO] ===XUNMA RESTURN:False:余额不足，请先释放号码
[2017-08-05 20:05:30] [INFO] itemcode_7581
[2017-08-05 20:05:30] [INFO] token_keQxKCYXrm6erWj2j3jM8riy2sG0Ji70
[2017-08-05 20:05:31] [INFO] ===XUNMA RESTURN:False:余额不足，请先释放号码
[2017-08-05 20:05:34] [INFO] itemcode_7581
[2017-08-05 20:05:34] [INFO] token_keQxKCYXrm6erWj2j3jM8riy2sG0Ji70
[2017-08-05 20:05:34] [INFO] ===XUNMA RESTURN:False:余额不足，请先释放号码
[2017-08-05 20:05:37] [INFO] itemcode_7581
[2017-08-05 20:05:37] [INFO] token_keQxKCYXrm6erWj2j3jM8riy2sG0Ji70
[2017-08-05 20:05:37] [INFO] ===XUNMA RESTURN:False:余额不足，请先释放号码
[2017-08-05 20:05:40] [INFO] itemcode_7581
[2017-08-05 20:05:40] [INFO] token_keQxKCYXrm6erWj2j3jM8riy2sG0Ji70
[2017-08-05 20:05:40] [INFO] ===XUNMA RESTURN:False:余额不足，请先释放号码
[2017-08-05 20:05:43] [INFO] itemcode_7581
[2017-08-05 20:05:43] [INFO] token_keQxKCYXrm6erWj2j3jM8riy2sG0Ji70
[2017-08-05 20:05:44] [INFO] ===XUNMA RESTURN:False:余额不足，请先释放号码
[2017-08-05 20:05:47] [INFO] itemcode_7581
[2017-08-05 20:05:47] [INFO] token_keQxKCYXrm6erWj2j3jM8riy2sG0Ji70
[2017-08-05 20:05:47] [INFO] ===XUNMA RESTURN:False:余额不足，请先释放号码
[2017-08-05 20:05:50] [INFO] itemcode_7581
[2017-08-05 20:05:50] [INFO] token_keQxKCYXrm6erWj2j3jM8riy2sG0Ji70
[2017-08-05 20:05:50] [INFO] ===XUNMA RESTURN:False:余额不足，请先释放号码
[2017-08-05 20:05:53] [INFO] itemcode_7581
[2017-08-05 20:05:53] [INFO] token_keQxKCYXrm6erWj2j3jM8riy2sG0Ji70
[2017-08-05 20:05:53] [INFO] ===XUNMA RESTURN:False:余额不足，请先释放号码
[2017-08-05 20:05:56] [INFO] itemcode_7581
[2017-08-05 20:05:56] [INFO] token_keQxKCYXrm6erWj2j3jM8riy2sG0Ji70
[2017-08-05 20:05:57] [INFO] ===XUNMA RESTURN:False:余额不足，请先释放号码
[2017-08-05 20:06:00] [INFO] itemcode_7581
[2017-08-05 20:06:00] [INFO] token_keQxKCYXrm6erWj2j3jM8riy2sG0Ji70
[2017-08-05 20:06:00] [INFO] ===XUNMA RESTURN:False:余额不足，请先释放号码
[2017-08-05 20:06:03] [INFO] itemcode_7581
[2017-08-05 20:06:03] [INFO] token_keQxKCYXrm6erWj2j3jM8riy2sG0Ji70
[2017-08-05 20:06:03] [INFO] ===XUNMA RESTURN:False:余额不足，请先释放号码
[2017-08-05 20:06:06] [INFO] itemcode_7581
[2017-08-05 20:06:06] [INFO] token_keQxKCYXrm6erWj2j3jM8riy2sG0Ji70
[2017-08-05 20:06:06] [INFO] ===XUNMA RESTURN:False:余额不足，请先释放号码
[2017-08-05 20:06:09] [INFO] itemcode_7581
[2017-08-05 20:06:09] [INFO] token_keQxKCYXrm6erWj2j3jM8riy2sG0Ji70
[2017-08-05 20:06:10] [INFO] ===XUNMA RESTURN:False:余额不足，请先释放号码
[2017-08-05 20:06:13] [INFO] itemcode_7581
[2017-08-05 20:06:13] [INFO] token_keQxKCYXrm6erWj2j3jM8riy2sG0Ji70
[2017-08-05 20:06:13] [INFO] ===XUNMA RESTURN:False:余额不足，请先释放号码
[2017-08-05 20:06:16] [INFO] itemcode_7581
[2017-08-05 20:06:16] [INFO] token_keQxKCYXrm6erWj2j3jM8riy2sG0Ji70
[2017-08-05 20:06:16] [INFO] ===XUNMA RESTURN:False:余额不足，请先释放号码
[2017-08-05 20:06:19] [INFO] itemcode_7581
[2017-08-05 20:06:19] [INFO] token_keQxKCYXrm6erWj2j3jM8riy2sG0Ji70
[2017-08-05 20:06:19] [INFO] ===XUNMA RESTURN:False:余额不足，请先释放号码
[2017-08-05 20:06:22] [INFO] itemcode_7581
[2017-08-05 20:06:22] [INFO] token_keQxKCYXrm6erWj2j3jM8riy2sG0Ji70
[2017-08-05 20:06:23] [INFO] ===XUNMA RESTURN:False:余额不足，请先释放号码
[2017-08-05 20:06:26] [INFO] itemcode_7581
[2017-08-05 20:06:26] [INFO] token_keQxKCYXrm6erWj2j3jM8riy2sG0Ji70
[2017-08-05 20:06:26] [INFO] ===XUNMA RESTURN:False:余额不足，请先释放号码
[2017-08-05 20:06:29] [INFO] itemcode_7581
[2017-08-05 20:06:29] [INFO] token_keQxKCYXrm6erWj2j3jM8riy2sG0Ji70
[2017-08-05 20:06:29] [INFO] ===XUNMA RESTURN:False:余额不足，请先释放号码
[2017-08-05 20:06:32] [INFO] itemcode_7581
[2017-08-05 20:06:32] [INFO] token_keQxKCYXrm6erWj2j3jM8riy2sG0Ji70
[2017-08-05 20:06:32] [INFO] ===XUNMA RESTURN:False:余额不足，请先释放号码
[2017-08-05 21:18:49] [INFO] itemcode_7581
[2017-08-05 21:18:49] [INFO] token_keQxKCYXrm6erWj2j3jM8riy2sG0Ji70
[2017-08-05 21:18:49] [INFO] ===XUNMA RESTURN:False:Session 过期
[2017-08-05 21:18:53] [INFO] itemcode_7581
[2017-08-05 21:18:53] [INFO] token_kUqtAcKcJFTrhvA9LkG6I583KEeWPS48
[2017-08-06 10:54:15] [INFO] itemcode_7581
[2017-08-06 10:54:15] [INFO] token_kUqtAcKcJFTrhvA9LkG6I583KEeWPS48
[2017-08-06 10:54:16] [INFO] ===XUNMA RESTURN:False:Session 过期
[2017-08-06 10:54:20] [INFO] itemcode_7581
[2017-08-06 10:54:20] [INFO] token_wfE6ClkbRO9QWVAsHgfEbOej4qnUkz32
[2017-08-06 10:54:20] [INFO] ===XUNMA RESTURN:17094076696;
[2017-08-06 10:54:55] [INFO] 开始获取验证码：17094076696, qq_contact_bind
[2017-08-06 10:54:58] [INFO] 收到消息：NOTION&单笔充值满 50元送 5%单笔充值满100元送10%自动赠送！上不封顶！-------------------------运营商选择  移动、联通或电信，不会出17号段-------------------------平台号码收到短信扣费,收不到短信不会扣费。[End]MSG&7581&17094076696&7405（手机营业厅短信验证码，正在绑定手机营业厅。为了保证账号安全，请勿向他人泄露。如非本人操作，请忽略。）【腾讯科技】[End]
[2017-08-06 10:54:58] [INFO] 切分消息：NOTION&单笔充值满 50元送 5%单笔充值满100元送10%自动赠送！上不封顶！-------------------------运营商选择  移动、联通或电信，不会出17号段-------------------------平台号码收到短信扣费,收不到短信不会扣费。
[2017-08-06 10:54:58] [INFO] 切分消息：MSG&7581&17094076696&7405（手机营业厅短信验证码，正在绑定手机营业厅。为了保证账号安全，请勿向他人泄露。如非本人操作，请忽略。）【腾讯科技】
[2017-08-06 10:54:58] [INFO] KEY: verify_code_7581_17094076696, Code: 7405
